1NUMBER OF BEAM       NUMBER OF BEAM        APPROXIMATE NUMBER    AVERAGE TIME USED     TIME LEFT (RESERVED   NUMBER OF STARS
 PARTICLES HANDLED    PARTICLES LEFT        OF BEAM PARTICLES     BY A BEAM PARTICLE     10000.0 SECONDS      CREATED
                                            THAT CAN STILL BE                           FOR PRINTOUT)
                                            HANDLED

 NEXT SEEDS: FC9715E       0       0       0       0       0   11A89       4       0       0
          1               1999999               1999999             0.0000000E+00         1.0000000E+30                 0       
 NEXT SEEDS: FC971E0       0       0       0       0       0   11A89       4       0       0
      40000               1960000               1960000             2.5721097E-05         1.0000000E+30                 0       
 NEXT SEEDS:101A0FD3       0       0       0       0       0   11A89       4       0       0
      80000               1920000               1920000             2.5946063E-05         1.0000000E+30                 0       
 NEXT SEEDS:106BA9E9       0       0       0       0       0   11A89       4       0       0
     120000               1880000               1880000             2.5387812E-05         1.0000000E+30                 0       
 NEXT SEEDS:10BC6C2A       0       0       0       0       0   11A89       4       0       0
     160000               1840000               1840000             2.5077444E-05         1.0000000E+30                 0       
 NEXT SEEDS:110CFC55       0       0       0       0       0   11A89       4       0       0
     200000               1800000               1800000             2.4941211E-05         1.0000000E+30                 0       
 NEXT SEEDS:115E0040       0       0       0       0       0   11A89       4       0       0
     240000               1760000               1760000             2.4771237E-05         1.0000000E+30                 0       
 NEXT SEEDS:11AD1793       0       0       0       0       0   11A89       4       0       0
     280000               1720000               1720000             2.4671251E-05         1.0000000E+30                 0       
 NEXT SEEDS:11FD7E37       0       0       0       0       0   11A89       4       0       0
     320000               1680000               1680000             2.4718118E-05         1.0000000E+30                 0       
 NEXT SEEDS:12508F41       0       0       0       0       0   11A89       4       0       0
     360000               1640000               1640000             2.4690692E-05         1.0000000E+30                 0       
 NEXT SEEDS:12A1F7B3       0       0       0       0       0   11A89       4       0       0
     400000               1600000               1600000             2.4646256E-05         1.0000000E+30                 0       
 NEXT SEEDS:12F2CCC2       0       0       0       0       0   11A89       4       0       0
     440000               1560000               1560000             2.4630347E-05         1.0000000E+30                 0       
 NEXT SEEDS:134440F3       0       0       0       0       0   11A89       4       0       0
     480000               1520000               1520000             2.4562935E-05         1.0000000E+30                 0       
 NEXT SEEDS:1393878A       0       0       0       0       0   11A89       4       0       0
     520000               1480000               1480000             2.4511660E-05         1.0000000E+30                 0       
 NEXT SEEDS:13E29649       0       0       0       0       0   11A89       4       0       0
     560000               1440000               1440000             2.4501634E-05         1.0000000E+30                 0       
 NEXT SEEDS:143346A4       0       0       0       0       0   11A89       4       0       0
     600000               1400000               1400000             2.4451284E-05         1.0000000E+30                 0       
 NEXT SEEDS:1482843F       0       0       0       0       0   11A89       4       0       0
     640000               1360000               1360000             2.4433786E-05         1.0000000E+30                 0       
 NEXT SEEDS:14D344DE       0       0       0       0       0   11A89       4       0       0
     680000               1320000               1320000             2.4444813E-05         1.0000000E+30                 0       
 NEXT SEEDS:1524DEBD       0       0       0       0       0   11A89       4       0       0
     720000               1280000               1280000             2.4892049E-05         1.0000000E+30                 0       
 NEXT SEEDS:157716EE       0       0       0       0       0   11A89       4       0       0
     760000               1240000               1240000             2.5561905E-05         1.0000000E+30                 0       
 NEXT SEEDS:15C9DBA9       0       0       0       0       0   11A89       4       0       0
     800000               1200000               1200000             2.5526121E-05         1.0000000E+30                 0       
 NEXT SEEDS:161AB88E       0       0       0       0       0   11A89       4       0       0
     840000               1160000               1160000             2.5540166E-05         1.0000000E+30                 0       
 NEXT SEEDS:166B4202       0       0       0       0       0   11A89       4       0       0
     880000               1120000               1120000             2.5604062E-05         1.0000000E+30                 0       
 NEXT SEEDS:16BC5296       0       0       0       0       0   11A89       4       0       0
     920000               1080000               1080000             2.5609151E-05         1.0000000E+30                 0       
 NEXT SEEDS:170BE339       0       0       0       0       0   11A89       4       0       0
     960000               1040000               1040000             2.5552366E-05         1.0000000E+30                 0       
 NEXT SEEDS:175C7FDC       0       0       0       0       0   11A89       4       0       0
    1000000               1000000               1000000             2.5898064E-05         1.0000000E+30                 0       
 NEXT SEEDS:17ADDE6A       0       0       0       0       0   11A89       4       0       0
    1040000                960000                960000             2.6068152E-05         1.0000000E+30                 0       
 NEXT SEEDS:17FFA0C1       0       0       0       0       0   11A89       4       0       0
    1080000                920000                920000             2.6490416E-05         1.0000000E+30                 0       
 NEXT SEEDS:185088E4       0       0       0       0       0   11A89       4       0       0
  *** Eveneu: no downsc. group selected, cusngl, rsngl, igpr ***  0.99999994
  0.99999994 248
    1120000                880000                880000             2.6740578E-05         1.0000000E+30                 0       
 NEXT SEEDS:189F3540       0       0       0       0       0   11A89       4       0       0
    1160000                840000                840000             2.6795927E-05         1.0000000E+30                 0       
 NEXT SEEDS:18F0F75E       0       0       0       0       0   11A89       4       0       0
    1200000                800000                800000             2.6963402E-05         1.0000000E+30                 0       
 NEXT SEEDS:1940DA5C       0       0       0       0       0   11A89       4       0       0
    1240000                760000                760000             2.7250696E-05         1.0000000E+30                 0       
 NEXT SEEDS:1990ABB8       0       0       0       0       0   11A89       4       0       0
    1280000                720000                720000             2.7233359E-05         1.0000000E+30                 0       
 NEXT SEEDS:19E1CCD5       0       0       0       0       0   11A89       4       0       0
    1320000                680000                680000             2.7180718E-05         1.0000000E+30                 0       
 NEXT SEEDS:1A3390DE       0       0       0       0       0   11A89       4       0       0
    1360000                640000                640000             2.7168664E-05         1.0000000E+30                 0       
 NEXT SEEDS:1A82CFFF       0       0       0       0       0   11A89       4       0       0
    1400000                600000                600000             2.7130876E-05         1.0000000E+30                 0       
 NEXT SEEDS:1AD3BE49       0       0       0       0       0   11A89       4       0       0
    1440000                560000                560000             2.7422916E-05         1.0000000E+30                 0       
 NEXT SEEDS:1B24525F       0       0       0       0       0   11A89       4       0       0
    1480000                520000                520000             2.7740378E-05         1.0000000E+30                 0       
 NEXT SEEDS:1B75B7E7       0       0       0       0       0   11A89       4       0       0
    1520000                480000                480000             2.8043762E-05         1.0000000E+30                 0       
 NEXT SEEDS:1BC663C3       0       0       0       0       0   11A89       4       0       0
    1560000                440000                440000             2.8030995E-05         1.0000000E+30                 0       
 NEXT SEEDS:1C19FCB3       0       0       0       0       0   11A89       4       0       0
    1600000                400000                400000             2.8000743E-05         1.0000000E+30                 0       
 NEXT SEEDS:1C69F30E       0       0       0       0       0   11A89       4       0       0
    1640000                360000                360000             2.8016472E-05         1.0000000E+30                 0       
 NEXT SEEDS:1CBB9E8B       0       0       0       0       0   11A89       4       0       0
    1680000                320000                320000             2.7971343E-05         1.0000000E+30                 0       
 NEXT SEEDS:1D0CC449       0       0       0       0       0   11A89       4       0       0
    1720000                280000                280000             2.7890527E-05         1.0000000E+30                 0       
 NEXT SEEDS:1D5DA630       0       0       0       0       0   11A89       4       0       0
    1760000                240000                240000             2.8144017E-05         1.0000000E+30                 0       
 NEXT SEEDS:1DAE7802       0       0       0       0       0   11A89       4       0       0
    1800000                200000                200000             2.8166273E-05         1.0000000E+30                 0       
 NEXT SEEDS:1DFEEF02       0       0       0       0       0   11A89       4       0       0
    1840000                160000                160000             2.8096817E-05         1.0000000E+30                 0       
 NEXT SEEDS:1E4FC294       0       0       0       0       0   11A89       4       0       0
    1880000                120000                120000             2.8082965E-05         1.0000000E+30                 0       
 NEXT SEEDS:1EA03A58       0       0       0       0       0   11A89       4       0       0
    1920000                 80000                 80000             2.8025426E-05         1.0000000E+30                 0       
 NEXT SEEDS:1EF05D6D       0       0       0       0       0   11A89       4       0       0
    1960000                 40000                 40000             2.7972278E-05         1.0000000E+30                 0       
 NEXT SEEDS:1F3FF659       0       0       0       0       0   11A89       4       0       0
    1999950                    50                    50             2.7896957E-05         1.0000000E+30                 0       
 NEXT SEEDS:1F907AA6       0       0       0       0       0   11A89       4       0       0
    1999951                    49                    49             2.7897443E-05         1.0000000E+30                 0       
 NEXT SEEDS:1F907AF2       0       0       0       0       0   11A89       4       0       0
    1999952                    48                    48             2.7897429E-05         1.0000000E+30                 0       
 NEXT SEEDS:1F907B06       0       0       0       0       0   11A89       4       0       0
    1999953                    47                    47             2.7897415E-05         1.0000000E+30                 0       
 NEXT SEEDS:1F907BC5       0       0       0       0       0   11A89       4       0       0
    1999954                    46                    46             2.7897401E-05         1.0000000E+30                 0       
 NEXT SEEDS:1F907BE5       0       0       0       0       0   11A89       4       0       0
    1999955                    45                    45             2.7897387E-05         1.0000000E+30                 0       
 NEXT SEEDS:1F907BFC       0       0       0       0       0   11A89       4       0       0
    1999956                    44                    44             2.7897373E-05         1.0000000E+30                 0       
 NEXT SEEDS:1F907C25       0       0       0       0       0   11A89       4       0       0
    1999957                    43                    43             2.7897359E-05         1.0000000E+30                 0       
 NEXT SEEDS:1F907C4C       0       0       0       0       0   11A89       4       0       0
    1999958                    42                    42             2.7897345E-05         1.0000000E+30                 0       
 NEXT SEEDS:1F907C68       0       0       0       0       0   11A89       4       0       0
    1999959                    41                    41             2.7897331E-05         1.0000000E+30                 0       
 NEXT SEEDS:1F907C8F       0       0       0       0       0   11A89       4       0       0
    1999960                    40                    40             2.7897317E-05         1.0000000E+30                 0       
 NEXT SEEDS:1F907CB2       0       0       0       0       0   11A89       4       0       0
    1999961                    39                    39             2.7897303E-05         1.0000000E+30                 0       
 NEXT SEEDS:1F907CCD       0       0       0       0       0   11A89       4       0       0
    1999962                    38                    38             2.7897289E-05         1.0000000E+30                 0       
 NEXT SEEDS:1F907D06       0       0       0       0       0   11A89       4       0       0
    1999963                    37                    37             2.7897275E-05         1.0000000E+30                 0       
 NEXT SEEDS:1F907D1A       0       0       0       0       0   11A89       4       0       0
    1999964                    36                    36             2.7897261E-05         1.0000000E+30                 0       
 NEXT SEEDS:1F907D26       0       0       0       0       0   11A89       4       0       0
    1999965                    35                    35             2.7897247E-05         1.0000000E+30                 0       
 NEXT SEEDS:1F907D32       0       0       0       0       0   11A89       4       0       0
    1999966                    34                    34             2.7897233E-05         1.0000000E+30                 0       
 NEXT SEEDS:1F907D5A       0       0       0       0       0   11A89       4       0       0
    1999967                    33                    33             2.7897219E-05         1.0000000E+30                 0       
 NEXT SEEDS:1F907E0D       0       0       0       0       0   11A89       4       0       0
    1999968                    32                    32             2.7897205E-05         1.0000000E+30                 0       
 NEXT SEEDS:1F907E53       0       0       0       0       0   11A89       4       0       0
    1999969                    31                    31             2.7897191E-05         1.0000000E+30                 0       
 NEXT SEEDS:1F907EB2       0       0       0       0       0   11A89       4       0       0
    1999970                    30                    30             2.7897177E-05         1.0000000E+30                 0       
 NEXT SEEDS:1F907F4A       0       0       0       0       0   11A89       4       0       0
    1999971                    29                    29             2.7897663E-05         1.0000000E+30                 0       
 NEXT SEEDS:1F908508       0       0       0       0       0   11A89       4       0       0
    1999972                    28                    28             2.7897649E-05         1.0000000E+30                 0       
 NEXT SEEDS:1F908539       0       0       0       0       0   11A89       4       0       0
    1999973                    27                    27             2.7897635E-05         1.0000000E+30                 0       
 NEXT SEEDS:1F908819       0       0       0       0       0   11A89       4       0       0
    1999974                    26                    26             2.7897621E-05         1.0000000E+30                 0       
 NEXT SEEDS:1F908899       0       0       0       0       0   11A89       4       0       0
    1999975                    25                    25             2.7897607E-05         1.0000000E+30                 0       
 NEXT SEEDS:1F9088A0       0       0       0       0       0   11A89       4       0       0
    1999976                    24                    24             2.7897594E-05         1.0000000E+30                 0       
 NEXT SEEDS:1F908922       0       0       0       0       0   11A89       4       0       0
    1999977                    23                    23             2.7897580E-05         1.0000000E+30                 0       
 NEXT SEEDS:1F908943       0       0       0       0       0   11A89       4       0       0
    1999978                    22                    22             2.7897566E-05         1.0000000E+30                 0       
 NEXT SEEDS:1F90894F       0       0       0       0       0   11A89       4       0       0
    1999979                    21                    21             2.7897552E-05         1.0000000E+30                 0       
 NEXT SEEDS:1F9089DF       0       0       0       0       0   11A89       4       0       0
    1999980                    20                    20             2.7897538E-05         1.0000000E+30                 0       
 NEXT SEEDS:1F908B43       0       0       0       0       0   11A89       4       0       0
    1999981                    19                    19             2.7897524E-05         1.0000000E+30                 0       
 NEXT SEEDS:1F908B63       0       0       0       0       0   11A89       4       0       0
    1999982                    18                    18             2.7897510E-05         1.0000000E+30                 0       
 NEXT SEEDS:1F908B96       0       0       0       0       0   11A89       4       0       0
    1999983                    17                    17             2.7897496E-05         1.0000000E+30                 0       
 NEXT SEEDS:1F908BC2       0       0       0       0       0   11A89       4       0       0
    1999984                    16                    16             2.7897482E-05         1.0000000E+30                 0       
 NEXT SEEDS:1F908CB8       0       0       0       0       0   11A89       4       0       0
    1999985                    15                    15             2.7897468E-05         1.0000000E+30                 0       
 NEXT SEEDS:1F908D06       0       0       0       0       0   11A89       4       0       0
    1999986                    14                    14             2.7897454E-05         1.0000000E+30                 0       
 NEXT SEEDS:1F908D14       0       0       0       0       0   11A89       4       0       0
    1999987                    13                    13             2.7897440E-05         1.0000000E+30                 0       
 NEXT SEEDS:1F908DDB       0       0       0       0       0   11A89       4       0       0
    1999988                    12                    12             2.7897426E-05         1.0000000E+30                 0       
 NEXT SEEDS:1F908DEA       0       0       0       0       0   11A89       4       0       0
    1999989                    11                    11             2.7897412E-05         1.0000000E+30                 0       
 NEXT SEEDS:1F908E4B       0       0       0       0       0   11A89       4       0       0
    1999990                    10                    10             2.7897398E-05         1.0000000E+30                 0       
 NEXT SEEDS:1F908E7F       0       0       0       0       0   11A89       4       0       0
    1999991                     9                     9             2.7897384E-05         1.0000000E+30                 0       
 NEXT SEEDS:1F908E9B       0       0       0       0       0   11A89       4       0       0
    1999992                     8                     8             2.7897370E-05         1.0000000E+30                 0       
 NEXT SEEDS:1F908EA9       0       0       0       0       0   11A89       4       0       0
    1999993                     7                     7             2.7897356E-05         1.0000000E+30                 0       
 NEXT SEEDS:1F908F0E       0       0       0       0       0   11A89       4       0       0
    1999994                     6                     6             2.7897342E-05         1.0000000E+30                 0       
 NEXT SEEDS:1F908FC5       0       0       0       0       0   11A89       4       0       0
    1999995                     5                     5             2.7897329E-05         1.0000000E+30                 0       
 NEXT SEEDS:1F908FEF       0       0       0       0       0   11A89       4       0       0
    1999996                     4                     4             2.7897315E-05         1.0000000E+30                 0       
 NEXT SEEDS:1F90900A       0       0       0       0       0   11A89       4       0       0
    1999997                     3                     3             2.7897301E-05         1.0000000E+30                 0       
 NEXT SEEDS:1F90904E       0       0       0       0       0   11A89       4       0       0
    1999998                     2                     2             2.7897287E-05         1.0000000E+30                 0       
 NEXT SEEDS:1F9095C9       0       0       0       0       0   11A89       4       0       0
    1999999                     1                     1             2.7897273E-05         1.0000000E+30                 0       
 NEXT SEEDS:1F9095E4       0       0       0       0       0   11A89       4       0       0
    2000000                     0                     1             2.7897259E-05         1.0000000E+30                 0       
 NEXT SEEDS:1F909618       0       0       0       0       0   11A89       4       0       0
