1NUMBER OF BEAM       NUMBER OF BEAM        APPROXIMATE NUMBER    AVERAGE TIME USED     TIME LEFT (RESERVED   NUMBER OF STARS
 PARTICLES HANDLED    PARTICLES LEFT        OF BEAM PARTICLES     BY A BEAM PARTICLE     10000.0 SECONDS      CREATED
                                            THAT CAN STILL BE                           FOR PRINTOUT)
                                            HANDLED

 NEXT SEEDS:1F909618       0       0       0       0       0   11A89       4       0       0
          1               1999999               1999999             0.0000000E+00         1.0000000E+30                 0       
 NEXT SEEDS:1F9096B8       0       0       0       0       0   11A89       4       0       0
      40000               1960000               1960000             4.1343701E-05         1.0000000E+30                 0       
 NEXT SEEDS:1FE0D1B6       0       0       0       0       0   11A89       4       0       0
      80000               1920000               1920000             3.3044976E-05         1.0000000E+30                 0       
 NEXT SEEDS:2031277D       0       0       0       0       0   11A89       4       0       0
     120000               1880000               1880000             3.0220397E-05         1.0000000E+30                 0       
 NEXT SEEDS:20826762       0       0       0       0       0   11A89       4       0       0
     160000               1840000               1840000             3.0514103E-05         1.0000000E+30                 0       
 NEXT SEEDS:20D3BD52       0       0       0       0       0   11A89       4       0       0
     200000               1800000               1800000             3.2650037E-05         1.0000000E+30                 0       
 NEXT SEEDS:21249660       0       0       0       0       0   11A89       4       0       0
     240000               1760000               1760000             3.1366062E-05         1.0000000E+30                 0       
 NEXT SEEDS:217616B6       0       0       0       0       0   11A89       4       0       0
     280000               1720000               1720000             3.0373955E-05         1.0000000E+30                 0       
 NEXT SEEDS:21C5F002       0       0       0       0       0   11A89       4       0       0
     320000               1680000               1680000             3.0079800E-05         1.0000000E+30                 0       
 NEXT SEEDS:2216C3A7       0       0       0       0       0   11A89       4       0       0
     360000               1640000               1640000             2.9728813E-05         1.0000000E+30                 0       
 NEXT SEEDS:226A330C       0       0       0       0       0   11A89       4       0       0
     400000               1600000               1600000             2.9228053E-05         1.0000000E+30                 0       
 NEXT SEEDS:22BB63AA       0       0       0       0       0   11A89       4       0       0
     440000               1560000               1560000             2.8777443E-05         1.0000000E+30                 0       
 NEXT SEEDS:230C004E       0       0       0       0       0   11A89       4       0       0
     480000               1520000               1520000             2.8422761E-05         1.0000000E+30                 0       
 NEXT SEEDS:235D9012       0       0       0       0       0   11A89       4       0       0
     520000               1480000               1480000             2.8107265E-05         1.0000000E+30                 0       
 NEXT SEEDS:23AE6108       0       0       0       0       0   11A89       4       0       0
     560000               1440000               1440000             2.8931315E-05         1.0000000E+30                 0       
 NEXT SEEDS:23FCFC65       0       0       0       0       0   11A89       4       0       0
     600000               1400000               1400000             2.8663975E-05         1.0000000E+30                 0       
 NEXT SEEDS:244D3F8F       0       0       0       0       0   11A89       4       0       0
     640000               1360000               1360000             2.8517538E-05         1.0000000E+30                 0       
 NEXT SEEDS:249F442F       0       0       0       0       0   11A89       4       0       0
     680000               1320000               1320000             2.9180858E-05         1.0000000E+30                 0       
 NEXT SEEDS:24EF6BB5       0       0       0       0       0   11A89       4       0       0
     720000               1280000               1280000             2.9859349E-05         1.0000000E+30                 0       
 NEXT SEEDS:254068E9       0       0       0       0       0   11A89       4       0       0
     760000               1240000               1240000             2.9844146E-05         1.0000000E+30                 0       
 NEXT SEEDS:25920F35       0       0       0       0       0   11A89       4       0       0
     800000               1200000               1200000             2.9744227E-05         1.0000000E+30                 0       
 NEXT SEEDS:25E2FF5F       0       0       0       0       0   11A89       4       0       0
     840000               1160000               1160000             2.9714530E-05         1.0000000E+30                 0       
 NEXT SEEDS:26349CF4       0       0       0       0       0   11A89       4       0       0
     880000               1120000               1120000             2.9745477E-05         1.0000000E+30                 0       
 NEXT SEEDS:26844E1E       0       0       0       0       0   11A89       4       0       0
     920000               1080000               1080000             3.0025870E-05         1.0000000E+30                 0       
 NEXT SEEDS:26D49517       0       0       0       0       0   11A89       4       0       0
     960000               1040000               1040000             2.9818382E-05         1.0000000E+30                 0       
 NEXT SEEDS:27259602       0       0       0       0       0   11A89       4       0       0
    1000000               1000000               1000000             2.9621496E-05         1.0000000E+30                 0       
 NEXT SEEDS:27755E98       0       0       0       0       0   11A89       4       0       0
    1040000                960000                960000             2.9552238E-05         1.0000000E+30                 0       
 NEXT SEEDS:27C6A9FB       0       0       0       0       0   11A89       4       0       0
    1080000                920000                920000             2.9437191E-05         1.0000000E+30                 0       
 NEXT SEEDS:2817E492       0       0       0       0       0   11A89       4       0       0
    1120000                880000                880000             2.9255375E-05         1.0000000E+30                 0       
 NEXT SEEDS:2868C380       0       0       0       0       0   11A89       4       0       0
    1160000                840000                840000             2.9091268E-05         1.0000000E+30                 0       
 NEXT SEEDS:28B98965       0       0       0       0       0   11A89       4       0       0
    1200000                800000                800000             2.9529678E-05         1.0000000E+30                 0       
 NEXT SEEDS:2909FB19       0       0       0       0       0   11A89       4       0       0
  *** Eveneu: no downsc. group selected, cusngl, rsngl, igpr ***  0.99999994
  1. 244
    1240000                760000                760000             2.9505999E-05         1.0000000E+30                 0       
 NEXT SEEDS:2959D083       0       0       0       0       0   11A89       4       0       0
    1280000                720000                720000             2.9619716E-05         1.0000000E+30                 0       
 NEXT SEEDS:29A93340       0       0       0       0       0   11A89       4       0       0
    1320000                680000                680000             2.9893940E-05         1.0000000E+30                 0       
 NEXT SEEDS:29F99A47       0       0       0       0       0   11A89       4       0       0
    1360000                640000                640000             2.9769739E-05         1.0000000E+30                 0       
 NEXT SEEDS:2A496E9A       0       0       0       0       0   11A89       4       0       0
    1400000                600000                600000             2.9679060E-05         1.0000000E+30                 0       
 NEXT SEEDS:2A99048F       0       0       0       0       0   11A89       4       0       0
    1440000                560000                560000             2.9608693E-05         1.0000000E+30                 0       
 NEXT SEEDS:2AE9AE74       0       0       0       0       0   11A89       4       0       0
    1480000                520000                520000             2.9516459E-05         1.0000000E+30                 0       
 NEXT SEEDS:2B3B1769       0       0       0       0       0   11A89       4       0       0
    1520000                480000                480000             2.9388954E-05         1.0000000E+30                 0       
 NEXT SEEDS:2B8C5C32       0       0       0       0       0   11A89       4       0       0
    1560000                440000                440000             2.9269269E-05         1.0000000E+30                 0       
 NEXT SEEDS:2BDE356A       0       0       0       0       0   11A89       4       0       0
    1600000                400000                400000             2.9153069E-05         1.0000000E+30                 0       
 NEXT SEEDS:2C2FD0FD       0       0       0       0       0   11A89       4       0       0
    1640000                360000                360000             2.9158372E-05         1.0000000E+30                 0       
 NEXT SEEDS:2C7F7430       0       0       0       0       0   11A89       4       0       0
    1680000                320000                320000             2.9340182E-05         1.0000000E+30                 0       
 NEXT SEEDS:2CCFD0D9       0       0       0       0       0   11A89       4       0       0
    1720000                280000                280000             2.9240321E-05         1.0000000E+30                 0       
 NEXT SEEDS:2D2196CC       0       0       0       0       0   11A89       4       0       0
    1760000                240000                240000             2.9373944E-05         1.0000000E+30                 0       
 NEXT SEEDS:2D7240F9       0       0       0       0       0   11A89       4       0       0
    1800000                200000                200000             2.9470519E-05         1.0000000E+30                 0       
 NEXT SEEDS:2DC2FA3D       0       0       0       0       0   11A89       4       0       0
    1840000                160000                160000             2.9410747E-05         1.0000000E+30                 0       
 NEXT SEEDS:2E156A92       0       0       0       0       0   11A89       4       0       0
    1880000                120000                120000             2.9347666E-05         1.0000000E+30                 0       
 NEXT SEEDS:2E65AF7F       0       0       0       0       0   11A89       4       0       0
    1920000                 80000                 80000             2.9297629E-05         1.0000000E+30                 0       
 NEXT SEEDS:2EB7C34B       0       0       0       0       0   11A89       4       0       0
    1960000                 40000                 40000             2.9236372E-05         1.0000000E+30                 0       
 NEXT SEEDS:2F098EA8       0       0       0       0       0   11A89       4       0       0
    1999950                    50                    50             2.9140298E-05         1.0000000E+30                 0       
 NEXT SEEDS:2F5A2FD1       0       0       0       0       0   11A89       4       0       0
    1999951                    49                    49             2.9140283E-05         1.0000000E+30                 0       
 NEXT SEEDS:2F5A2FE0       0       0       0       0       0   11A89       4       0       0
    1999952                    48                    48             2.9140269E-05         1.0000000E+30                 0       
 NEXT SEEDS:2F5A305F       0       0       0       0       0   11A89       4       0       0
    1999953                    47                    47             2.9140754E-05         1.0000000E+30                 0       
 NEXT SEEDS:2F5A3080       0       0       0       0       0   11A89       4       0       0
    1999954                    46                    46             2.9140739E-05         1.0000000E+30                 0       
 NEXT SEEDS:2F5A309C       0       0       0       0       0   11A89       4       0       0
    1999955                    45                    45             2.9141226E-05         1.0000000E+30                 0       
 NEXT SEEDS:2F5A30CB       0       0       0       0       0   11A89       4       0       0
    1999956                    44                    44             2.9141212E-05         1.0000000E+30                 0       
 NEXT SEEDS:2F5A3101       0       0       0       0       0   11A89       4       0       0
    1999957                    43                    43             2.9141197E-05         1.0000000E+30                 0       
 NEXT SEEDS:2F5A3118       0       0       0       0       0   11A89       4       0       0
    1999958                    42                    42             2.9141183E-05         1.0000000E+30                 0       
 NEXT SEEDS:2F5A3189       0       0       0       0       0   11A89       4       0       0
    1999959                    41                    41             2.9141168E-05         1.0000000E+30                 0       
 NEXT SEEDS:2F5A31D0       0       0       0       0       0   11A89       4       0       0
    1999960                    40                    40             2.9141153E-05         1.0000000E+30                 0       
 NEXT SEEDS:2F5A31F6       0       0       0       0       0   11A89       4       0       0
    1999961                    39                    39             2.9141139E-05         1.0000000E+30                 0       
 NEXT SEEDS:2F5A32A0       0       0       0       0       0   11A89       4       0       0
    1999962                    38                    38             2.9141124E-05         1.0000000E+30                 0       
 NEXT SEEDS:2F5A3335       0       0       0       0       0   11A89       4       0       0
    1999963                    37                    37             2.9141110E-05         1.0000000E+30                 0       
 NEXT SEEDS:2F5A33B6       0       0       0       0       0   11A89       4       0       0
    1999964                    36                    36             2.9141095E-05         1.0000000E+30                 0       
 NEXT SEEDS:2F5A3459       0       0       0       0       0   11A89       4       0       0
    1999965                    35                    35             2.9141081E-05         1.0000000E+30                 0       
 NEXT SEEDS:2F5A346D       0       0       0       0       0   11A89       4       0       0
    1999966                    34                    34             2.9141066E-05         1.0000000E+30                 0       
 NEXT SEEDS:2F5A34FE       0       0       0       0       0   11A89       4       0       0
    1999967                    33                    33             2.9141051E-05         1.0000000E+30                 0       
 NEXT SEEDS:2F5A3512       0       0       0       0       0   11A89       4       0       0
    1999968                    32                    32             2.9141037E-05         1.0000000E+30                 0       
 NEXT SEEDS:2F5A3546       0       0       0       0       0   11A89       4       0       0
    1999969                    31                    31             2.9141022E-05         1.0000000E+30                 0       
 NEXT SEEDS:2F5A35D3       0       0       0       0       0   11A89       4       0       0
    1999970                    30                    30             2.9141008E-05         1.0000000E+30                 0       
 NEXT SEEDS:2F5A3633       0       0       0       0       0   11A89       4       0       0
    1999971                    29                    29             2.9141993E-05         1.0000000E+30                 0       
 NEXT SEEDS:2F5A36DC       0       0       0       0       0   11A89       4       0       0
    1999972                    28                    28             2.9141978E-05         1.0000000E+30                 0       
 NEXT SEEDS:2F5A36F0       0       0       0       0       0   11A89       4       0       0
    1999973                    27                    27             2.9141964E-05         1.0000000E+30                 0       
 NEXT SEEDS:2F5A3743       0       0       0       0       0   11A89       4       0       0
    1999974                    26                    26             2.9142449E-05         1.0000000E+30                 0       
 NEXT SEEDS:2F5A3E92       0       0       0       0       0   11A89       4       0       0
    1999975                    25                    25             2.9142434E-05         1.0000000E+30                 0       
 NEXT SEEDS:2F5A3EC3       0       0       0       0       0   11A89       4       0       0
    1999976                    24                    24             2.9142420E-05         1.0000000E+30                 0       
 NEXT SEEDS:2F5A3F86       0       0       0       0       0   11A89       4       0       0
    1999977                    23                    23             2.9142405E-05         1.0000000E+30                 0       
 NEXT SEEDS:2F5A3FA2       0       0       0       0       0   11A89       4       0       0
    1999978                    22                    22             2.9142390E-05         1.0000000E+30                 0       
 NEXT SEEDS:2F5A3FC9       0       0       0       0       0   11A89       4       0       0
    1999979                    21                    21             2.9142376E-05         1.0000000E+30                 0       
 NEXT SEEDS:2F5A4033       0       0       0       0       0   11A89       4       0       0
    1999980                    20                    20             2.9142361E-05         1.0000000E+30                 0       
 NEXT SEEDS:2F5A403F       0       0       0       0       0   11A89       4       0       0
    1999981                    19                    19             2.9142347E-05         1.0000000E+30                 0       
 NEXT SEEDS:2F5A4053       0       0       0       0       0   11A89       4       0       0
    1999982                    18                    18             2.9142332E-05         1.0000000E+30                 0       
 NEXT SEEDS:2F5A4079       0       0       0       0       0   11A89       4       0       0
    1999983                    17                    17             2.9142318E-05         1.0000000E+30                 0       
 NEXT SEEDS:2F5A40D1       0       0       0       0       0   11A89       4       0       0
    1999984                    16                    16             2.9142303E-05         1.0000000E+30                 0       
 NEXT SEEDS:2F5A4105       0       0       0       0       0   11A89       4       0       0
    1999985                    15                    15             2.9142288E-05         1.0000000E+30                 0       
 NEXT SEEDS:2F5A412E       0       0       0       0       0   11A89       4       0       0
    1999986                    14                    14             2.9142274E-05         1.0000000E+30                 0       
 NEXT SEEDS:2F5A4C01       0       0       0       0       0   11A89       4       0       0
    1999987                    13                    13             2.9142259E-05         1.0000000E+30                 0       
 NEXT SEEDS:2F5A4C0D       0       0       0       0       0   11A89       4       0       0
    1999988                    12                    12             2.9142245E-05         1.0000000E+30                 0       
 NEXT SEEDS:2F5A50BF       0       0       0       0       0   11A89       4       0       0
    1999989                    11                    11             2.9142230E-05         1.0000000E+30                 0       
 NEXT SEEDS:2F5A53E5       0       0       0       0       0   11A89       4       0       0
    1999990                    10                    10             2.9142216E-05         1.0000000E+30                 0       
 NEXT SEEDS:2F5A5435       0       0       0       0       0   11A89       4       0       0
    1999991                     9                     9             2.9142201E-05         1.0000000E+30                 0       
 NEXT SEEDS:2F5A544B       0       0       0       0       0   11A89       4       0       0
    1999992                     8                     8             2.9142186E-05         1.0000000E+30                 0       
 NEXT SEEDS:2F5A5457       0       0       0       0       0   11A89       4       0       0
    1999993                     7                     7             2.9142172E-05         1.0000000E+30                 0       
 NEXT SEEDS:2F5A5510       0       0       0       0       0   11A89       4       0       0
    1999994                     6                     6             2.9142157E-05         1.0000000E+30                 0       
 NEXT SEEDS:2F5A559B       0       0       0       0       0   11A89       4       0       0
    1999995                     5                     5             2.9142143E-05         1.0000000E+30                 0       
 NEXT SEEDS:2F5A5618       0       0       0       0       0   11A89       4       0       0
    1999996                     4                     4             2.9142128E-05         1.0000000E+30                 0       
 NEXT SEEDS:2F5A5642       0       0       0       0       0   11A89       4       0       0
    1999997                     3                     3             2.9142114E-05         1.0000000E+30                 0       
 NEXT SEEDS:2F5A56B7       0       0       0       0       0   11A89       4       0       0
    1999998                     2                     2             2.9142099E-05         1.0000000E+30                 0       
 NEXT SEEDS:2F5A56CD       0       0       0       0       0   11A89       4       0       0
    1999999                     1                     1             2.9142084E-05         1.0000000E+30                 0       
 NEXT SEEDS:2F5A56E1       0       0       0       0       0   11A89       4       0       0
    2000000                     0                     1             2.9142070E-05         1.0000000E+30                 0       
 NEXT SEEDS:2F5A56ED       0       0       0       0       0   11A89       4       0       0
