1NUMBER OF BEAM       NUMBER OF BEAM        APPROXIMATE NUMBER    AVERAGE TIME USED     TIME LEFT (RESERVED   NUMBER OF STARS
 PARTICLES HANDLED    PARTICLES LEFT        OF BEAM PARTICLES     BY A BEAM PARTICLE     10000.0 SECONDS      CREATED
                                            THAT CAN STILL BE                           FOR PRINTOUT)
                                            HANDLED

 NEXT SEEDS:       0       0       0       0       0       0   11A89       4       0       0
          1               1999999               1999999             0.0000000E+00         1.0000000E+30                 0       
 NEXT SEEDS:      47       0       0       0       0       0   11A89       4       0       0
      40000               1960000               1960000             2.5271153E-05         1.0000000E+30                 0       
 NEXT SEEDS:  51CA60       0       0       0       0       0   11A89       4       0       0
      80000               1920000               1920000             2.4846226E-05         1.0000000E+30                 0       
 NEXT SEEDS:  A31227       0       0       0       0       0   11A89       4       0       0
     120000               1880000               1880000             2.4796232E-05         1.0000000E+30                 0       
 NEXT SEEDS:  F498C1       0       0       0       0       0   11A89       4       0       0
     160000               1840000               1840000             2.4721247E-05         1.0000000E+30                 0       
 NEXT SEEDS: 1455125       0       0       0       0       0   11A89       4       0       0
     200000               1800000               1800000             2.4756236E-05         1.0000000E+30                 0       
 NEXT SEEDS: 196D2BD       0       0       0       0       0   11A89       4       0       0
     240000               1760000               1760000             2.4671253E-05         1.0000000E+30                 0       
 NEXT SEEDS: 1E667AB       0       0       0       0       0   11A89       4       0       0
     280000               1720000               1720000             2.4696248E-05         1.0000000E+30                 0       
 NEXT SEEDS: 23837B8       0       0       0       0       0   11A89       4       0       0
     320000               1680000               1680000             2.4680623E-05         1.0000000E+30                 0       
 NEXT SEEDS: 28932B0       0       0       0       0       0   11A89       4       0       0
     360000               1640000               1640000             2.4676802E-05         1.0000000E+30                 0       
 NEXT SEEDS: 2DA537B       0       0       0       0       0   11A89       4       0       0
     400000               1600000               1600000             2.4653752E-05         1.0000000E+30                 0       
 NEXT SEEDS: 329BDEF       0       0       0       0       0   11A89       4       0       0
     440000               1560000               1560000             2.4621259E-05         1.0000000E+30                 0       
 NEXT SEEDS: 3798A2D       0       0       0       0       0   11A89       4       0       0
     480000               1520000               1520000             2.4667082E-05         1.0000000E+30                 0       
 NEXT SEEDS: 3CC6504       0       0       0       0       0   11A89       4       0       0
     520000               1480000               1480000             2.4598182E-05         1.0000000E+30                 0       
 NEXT SEEDS: 41A0B54       0       0       0       0       0   11A89       4       0       0
     560000               1440000               1440000             2.4642684E-05         1.0000000E+30                 0       
 NEXT SEEDS: 46CF062       0       0       0       0       0   11A89       4       0       0
     600000               1400000               1400000             2.4641255E-05         1.0000000E+30                 0       
 NEXT SEEDS: 4BE0C40       0       0       0       0       0   11A89       4       0       0
     640000               1360000               1360000             2.4641566E-05         1.0000000E+30                 0       
 NEXT SEEDS: 50F7955       0       0       0       0       0   11A89       4       0       0
     680000               1320000               1320000             2.4605082E-05         1.0000000E+30                 0       
 NEXT SEEDS: 55F22E4       0       0       0       0       0   11A89       4       0       0
     720000               1280000               1280000             2.4626813E-05         1.0000000E+30                 0       
 NEXT SEEDS: 5B12755       0       0       0       0       0   11A89       4       0       0
     760000               1240000               1240000             2.4643623E-05         1.0000000E+30                 0       
 NEXT SEEDS: 60306F2       0       0       0       0       0   11A89       4       0       0
     800000               1200000               1200000             2.4642504E-05         1.0000000E+30                 0       
 NEXT SEEDS: 653430B       0       0       0       0       0   11A89       4       0       0
     840000               1160000               1160000             2.4645064E-05         1.0000000E+30                 0       
 NEXT SEEDS: 6A3ED46       0       0       0       0       0   11A89       4       0       0
     880000               1120000               1120000             2.4633755E-05         1.0000000E+30                 0       
 NEXT SEEDS: 6F402C0       0       0       0       0       0   11A89       4       0       0
     920000               1080000               1080000             2.4620169E-05         1.0000000E+30                 0       
 NEXT SEEDS: 742DAA2       0       0       0       0       0   11A89       4       0       0
     960000               1040000               1040000             2.4635838E-05         1.0000000E+30                 0       
 NEXT SEEDS: 7953FE8       0       0       0       0       0   11A89       4       0       0
    1000000               1000000               1000000             2.4655252E-05         1.0000000E+30                 0       
 NEXT SEEDS: 7E6C5F6       0       0       0       0       0   11A89       4       0       0
    1040000                960000                960000             2.4639523E-05         1.0000000E+30                 0       
 NEXT SEEDS: 8358E48       0       0       0       0       0   11A89       4       0       0
    1080000                920000                920000             2.4654585E-05         1.0000000E+30                 0       
 NEXT SEEDS: 88723C7       0       0       0       0       0   11A89       4       0       0
    1120000                880000                880000             2.4665895E-05         1.0000000E+30                 0       
 NEXT SEEDS: 8D91A15       0       0       0       0       0   11A89       4       0       0
    1160000                840000                840000             2.4680730E-05         1.0000000E+30                 0       
 NEXT SEEDS: 92C2357       0       0       0       0       0   11A89       4       0       0
    1200000                800000                800000             2.4667083E-05         1.0000000E+30                 0       
 NEXT SEEDS: 97BF05F       0       0       0       0       0   11A89       4       0       0
    1240000                760000                760000             2.4675281E-05         1.0000000E+30                 0       
 NEXT SEEDS: 9CD5D8B       0       0       0       0       0   11A89       4       0       0
    1280000                720000                720000             2.4673594E-05         1.0000000E+30                 0       
 NEXT SEEDS: A1D3D20       0       0       0       0       0   11A89       4       0       0
    1320000                680000                680000             2.4666706E-05         1.0000000E+30                 0       
 NEXT SEEDS: A6CBF9B       0       0       0       0       0   11A89       4       0       0
    1360000                640000                640000             2.4642578E-05         1.0000000E+30                 0       
 NEXT SEEDS: ABB30F7       0       0       0       0       0   11A89       4       0       0
    1400000                600000                600000             2.4762664E-05         1.0000000E+30                 0       
 NEXT SEEDS: B0A773A       0       0       0       0       0   11A89       4       0       0
    1440000                560000                560000             2.5218389E-05         1.0000000E+30                 0       
 NEXT SEEDS: B5DAB47       0       0       0       0       0   11A89       4       0       0
    1480000                520000                520000             2.5217789E-05         1.0000000E+30                 0       
 NEXT SEEDS: BAF1F1F       0       0       0       0       0   11A89       4       0       0
    1520000                480000                480000             2.5597425E-05         1.0000000E+30                 0       
 NEXT SEEDS: C00E46C       0       0       0       0       0   11A89       4       0       0
    1560000                440000                440000             2.6060782E-05         1.0000000E+30                 0       
 NEXT SEEDS: C50E0F3       0       0       0       0       0   11A89       4       0       0
    1600000                400000                400000             2.6439105E-05         1.0000000E+30                 0       
 NEXT SEEDS: CA377D9       0       0       0       0       0   11A89       4       0       0
    1640000                360000                360000             2.6614246E-05         1.0000000E+30                 0       
 NEXT SEEDS: CF34C7F       0       0       0       0       0   11A89       4       0       0
    1680000                320000                320000             2.7109569E-05         1.0000000E+30                 0       
 NEXT SEEDS: D457966       0       0       0       0       0   11A89       4       0       0
    1720000                280000                280000             2.7623126E-05         1.0000000E+30                 0       
 NEXT SEEDS: D95E969       0       0       0       0       0   11A89       4       0       0
    1760000                240000                240000             2.7819634E-05         1.0000000E+30                 0       
 NEXT SEEDS: DE7D69B       0       0       0       0       0   11A89       4       0       0
    1800000                200000                200000             2.7845767E-05         1.0000000E+30                 0       
 NEXT SEEDS: E36C92A       0       0       0       0       0   11A89       4       0       0
    1840000                160000                160000             2.7904996E-05         1.0000000E+30                 0       
 NEXT SEEDS: E870C9F       0       0       0       0       0   11A89       4       0       0
    1880000                120000                120000             2.8221774E-05         1.0000000E+30                 0       
 NEXT SEEDS: ED72F72       0       0       0       0       0   11A89       4       0       0
    1920000                 80000                 80000             2.8204567E-05         1.0000000E+30                 0       
 NEXT SEEDS: F28C8D8       0       0       0       0       0   11A89       4       0       0
    1960000                 40000                 40000             2.8131439E-05         1.0000000E+30                 0       
 NEXT SEEDS: F786E6D       0       0       0       0       0   11A89       4       0       0
    1999950                    50                    50             2.8129927E-05         1.0000000E+30                 0       
 NEXT SEEDS: FC95710       0       0       0       0       0   11A89       4       0       0
    1999951                    49                    49             2.8129913E-05         1.0000000E+30                 0       
 NEXT SEEDS: FC95758       0       0       0       0       0   11A89       4       0       0
    1999952                    48                    48             2.8129898E-05         1.0000000E+30                 0       
 NEXT SEEDS: FC9576E       0       0       0       0       0   11A89       4       0       0
    1999953                    47                    47             2.8129884E-05         1.0000000E+30                 0       
 NEXT SEEDS: FC957CB       0       0       0       0       0   11A89       4       0       0
    1999954                    46                    46             2.8129870E-05         1.0000000E+30                 0       
 NEXT SEEDS: FC957E9       0       0       0       0       0   11A89       4       0       0
    1999955                    45                    45             2.8129856E-05         1.0000000E+30                 0       
 NEXT SEEDS: FC95805       0       0       0       0       0   11A89       4       0       0
    1999956                    44                    44             2.8129842E-05         1.0000000E+30                 0       
 NEXT SEEDS: FC95869       0       0       0       0       0   11A89       4       0       0
    1999957                    43                    43             2.8129828E-05         1.0000000E+30                 0       
 NEXT SEEDS: FC95911       0       0       0       0       0   11A89       4       0       0
    1999958                    42                    42             2.8129814E-05         1.0000000E+30                 0       
 NEXT SEEDS: FC95953       0       0       0       0       0   11A89       4       0       0
    1999959                    41                    41             2.8129800E-05         1.0000000E+30                 0       
 NEXT SEEDS: FC959D2       0       0       0       0       0   11A89       4       0       0
    1999960                    40                    40             2.8129786E-05         1.0000000E+30                 0       
 NEXT SEEDS: FC959FD       0       0       0       0       0   11A89       4       0       0
    1999961                    39                    39             2.8129772E-05         1.0000000E+30                 0       
 NEXT SEEDS: FC960A3       0       0       0       0       0   11A89       4       0       0
    1999962                    38                    38             2.8129758E-05         1.0000000E+30                 0       
 NEXT SEEDS: FC960B2       0       0       0       0       0   11A89       4       0       0
    1999963                    37                    37             2.8129744E-05         1.0000000E+30                 0       
 NEXT SEEDS: FC960EF       0       0       0       0       0   11A89       4       0       0
    1999964                    36                    36             2.8129730E-05         1.0000000E+30                 0       
 NEXT SEEDS: FC96119       0       0       0       0       0   11A89       4       0       0
    1999965                    35                    35             2.8130215E-05         1.0000000E+30                 0       
 NEXT SEEDS: FC961C0       0       0       0       0       0   11A89       4       0       0
    1999966                    34                    34             2.8130201E-05         1.0000000E+30                 0       
 NEXT SEEDS: FC961CF       0       0       0       0       0   11A89       4       0       0
    1999967                    33                    33             2.8130187E-05         1.0000000E+30                 0       
 NEXT SEEDS: FC96256       0       0       0       0       0   11A89       4       0       0
    1999968                    32                    32             2.8130173E-05         1.0000000E+30                 0       
 NEXT SEEDS: FC96281       0       0       0       0       0   11A89       4       0       0
    1999969                    31                    31             2.8130159E-05         1.0000000E+30                 0       
 NEXT SEEDS: FC962A0       0       0       0       0       0   11A89       4       0       0
    1999970                    30                    30             2.8130145E-05         1.0000000E+30                 0       
 NEXT SEEDS: FC962B9       0       0       0       0       0   11A89       4       0       0
    1999971                    29                    29             2.8130131E-05         1.0000000E+30                 0       
 NEXT SEEDS: FC96368       0       0       0       0       0   11A89       4       0       0
    1999972                    28                    28             2.8130117E-05         1.0000000E+30                 0       
 NEXT SEEDS: FC96374       0       0       0       0       0   11A89       4       0       0
    1999973                    27                    27             2.8130103E-05         1.0000000E+30                 0       
 NEXT SEEDS: FC9638A       0       0       0       0       0   11A89       4       0       0
    1999974                    26                    26             2.8130089E-05         1.0000000E+30                 0       
 NEXT SEEDS: FC96396       0       0       0       0       0   11A89       4       0       0
    1999975                    25                    25             2.8130075E-05         1.0000000E+30                 0       
 NEXT SEEDS: FC9643C       0       0       0       0       0   11A89       4       0       0
    1999976                    24                    24             2.8130061E-05         1.0000000E+30                 0       
 NEXT SEEDS: FC9657A       0       0       0       0       0   11A89       4       0       0
    1999977                    23                    23             2.8130047E-05         1.0000000E+30                 0       
 NEXT SEEDS: FC9659A       0       0       0       0       0   11A89       4       0       0
    1999978                    22                    22             2.8130033E-05         1.0000000E+30                 0       
 NEXT SEEDS: FC965A6       0       0       0       0       0   11A89       4       0       0
    1999979                    21                    21             2.8130018E-05         1.0000000E+30                 0       
 NEXT SEEDS: FC96767       0       0       0       0       0   11A89       4       0       0
    1999980                    20                    20             2.8130004E-05         1.0000000E+30                 0       
 NEXT SEEDS: FC9677B       0       0       0       0       0   11A89       4       0       0
    1999981                    19                    19             2.8129990E-05         1.0000000E+30                 0       
 NEXT SEEDS: FC9678F       0       0       0       0       0   11A89       4       0       0
    1999982                    18                    18             2.8129976E-05         1.0000000E+30                 0       
 NEXT SEEDS: FC96A28       0       0       0       0       0   11A89       4       0       0
    1999983                    17                    17             2.8129962E-05         1.0000000E+30                 0       
 NEXT SEEDS: FC96A52       0       0       0       0       0   11A89       4       0       0
    1999984                    16                    16             2.8129948E-05         1.0000000E+30                 0       
 NEXT SEEDS: FC96B0E       0       0       0       0       0   11A89       4       0       0
    1999985                    15                    15             2.8129934E-05         1.0000000E+30                 0       
 NEXT SEEDS: FC96B34       0       0       0       0       0   11A89       4       0       0
    1999986                    14                    14             2.8129920E-05         1.0000000E+30                 0       
 NEXT SEEDS: FC96BAC       0       0       0       0       0   11A89       4       0       0
    1999987                    13                    13             2.8129906E-05         1.0000000E+30                 0       
 NEXT SEEDS: FC96C41       0       0       0       0       0   11A89       4       0       0
    1999988                    12                    12             2.8129892E-05         1.0000000E+30                 0       
 NEXT SEEDS: FC96C4D       0       0       0       0       0   11A89       4       0       0
    1999989                    11                    11             2.8129878E-05         1.0000000E+30                 0       
 NEXT SEEDS: FC96CB7       0       0       0       0       0   11A89       4       0       0
    1999990                    10                    10             2.8129864E-05         1.0000000E+30                 0       
 NEXT SEEDS: FC96CCE       0       0       0       0       0   11A89       4       0       0
    1999991                     9                     9             2.8129850E-05         1.0000000E+30                 0       
 NEXT SEEDS: FC96CFA       0       0       0       0       0   11A89       4       0       0
    1999992                     8                     8             2.8129836E-05         1.0000000E+30                 0       
 NEXT SEEDS: FC96D1B       0       0       0       0       0   11A89       4       0       0
    1999993                     7                     7             2.8129822E-05         1.0000000E+30                 0       
 NEXT SEEDS: FC96D4F       0       0       0       0       0   11A89       4       0       0
    1999994                     6                     6             2.8129807E-05         1.0000000E+30                 0       
 NEXT SEEDS: FC96D65       0       0       0       0       0   11A89       4       0       0
    1999995                     5                     5             2.8129793E-05         1.0000000E+30                 0       
 NEXT SEEDS: FC96D6C       0       0       0       0       0   11A89       4       0       0
    1999996                     4                     4             2.8129779E-05         1.0000000E+30                 0       
 NEXT SEEDS: FC96DA6       0       0       0       0       0   11A89       4       0       0
    1999997                     3                     3             2.8129765E-05         1.0000000E+30                 0       
 NEXT SEEDS: FC96DBC       0       0       0       0       0   11A89       4       0       0
    1999998                     2                     2             2.8129751E-05         1.0000000E+30                 0       
 NEXT SEEDS: FC97117       0       0       0       0       0   11A89       4       0       0
    1999999                     1                     1             2.8129737E-05         1.0000000E+30                 0       
 NEXT SEEDS: FC97126       0       0       0       0       0   11A89       4       0       0
    2000000                     0                     1             2.8129723E-05         1.0000000E+30                 0       
 NEXT SEEDS: FC9715E       0       0       0       0       0   11A89       4       0       0
