1NUMBER OF BEAM       NUMBER OF BEAM        APPROXIMATE NUMBER    AVERAGE TIME USED     TIME LEFT (RESERVED   NUMBER OF STARS
 PARTICLES HANDLED    PARTICLES LEFT        OF BEAM PARTICLES     BY A BEAM PARTICLE     10000.0 SECONDS      CREATED
                                            THAT CAN STILL BE                           FOR PRINTOUT)
                                            HANDLED

 NEXT SEEDS:1D6E9FC7       0       0       0       0       0   11A85       4       0       0
          1               1999999               1999999             0.0000000E+00         1.0000000E+30                 0       
 NEXT SEEDS:1D6EA01A       0       0       0       0       0   11A85       4       0       0
      40000               1960000               1960000             2.2671556E-05         1.0000000E+30                 0       
 NEXT SEEDS:1DB84623       0       0       0       0       0   11A85       4       0       0
      80000               1920000               1920000             2.9270554E-05         1.0000000E+30                 0       
 NEXT SEEDS:1E029339       0       0       0       0       0   11A85       4       0       0
     120000               1880000               1880000             2.9678818E-05         1.0000000E+30                 0       
 NEXT SEEDS:1E4D0780       0       0       0       0       0   11A85       4       0       0
     160000               1840000               1840000             2.8158221E-05         1.0000000E+30                 0       
 NEXT SEEDS:1E987022       0       0       0       0       0   11A85       4       0       0
     200000               1800000               1800000             2.7495821E-05         1.0000000E+30                 0       
 NEXT SEEDS:1EE494A8       0       0       0       0       0   11A85       4       0       0
     240000               1760000               1760000             2.7141704E-05         1.0000000E+30                 0       
 NEXT SEEDS:1F2F8663       0       0       0       0       0   11A85       4       0       0
     280000               1720000               1720000             2.6888767E-05         1.0000000E+30                 0       
 NEXT SEEDS:1F7A7D89       0       0       0       0       0   11A85       4       0       0
     320000               1680000               1680000             2.8695638E-05         1.0000000E+30                 0       
 NEXT SEEDS:1FC618F7       0       0       0       0       0   11A85       4       0       0
     360000               1640000               1640000             2.8101284E-05         1.0000000E+30                 0       
 NEXT SEEDS:20120565       0       0       0       0       0   11A85       4       0       0
     400000               1600000               1600000             2.7603303E-05         1.0000000E+30                 0       
 NEXT SEEDS:205CCE62       0       0       0       0       0   11A85       4       0       0
     440000               1560000               1560000             2.7554901E-05         1.0000000E+30                 0       
 NEXT SEEDS:20A9CC7B       0       0       0       0       0   11A85       4       0       0
     480000               1520000               1520000             2.8516498E-05         1.0000000E+30                 0       
 NEXT SEEDS:20F401A4       0       0       0       0       0   11A85       4       0       0
     520000               1480000               1480000             2.8291852E-05         1.0000000E+30                 0       
 NEXT SEEDS:213EDC7A       0       0       0       0       0   11A85       4       0       0
     560000               1440000               1440000             2.7917183E-05         1.0000000E+30                 0       
 NEXT SEEDS:2188B8BB       0       0       0       0       0   11A85       4       0       0
     600000               1400000               1400000             2.7737451E-05         1.0000000E+30                 0       
 NEXT SEEDS:21D46DB9       0       0       0       0       0   11A85       4       0       0
  *** Eveneu: no downsc. group selected, cusngl, rsngl, igpr ***  1.  1. 243
     640000               1360000               1360000             2.7516129E-05         1.0000000E+30                 0       
 NEXT SEEDS:221E1EBF       0       0       0       0       0   11A85       4       0       0
     680000               1320000               1320000             2.7351724E-05         1.0000000E+30                 0       
 NEXT SEEDS:2269913E       0       0       0       0       0   11A85       4       0       0
     720000               1280000               1280000             2.7118099E-05         1.0000000E+30                 0       
 NEXT SEEDS:22B483BE       0       0       0       0       0   11A85       4       0       0
     760000               1240000               1240000             2.6903804E-05         1.0000000E+30                 0       
 NEXT SEEDS:23001FAA       0       0       0       0       0   11A85       4       0       0
     800000               1200000               1200000             2.6697192E-05         1.0000000E+30                 0       
 NEXT SEEDS:234B6FDE       0       0       0       0       0   11A85       4       0       0
     840000               1160000               1160000             2.6526918E-05         1.0000000E+30                 0       
 NEXT SEEDS:2396B89F       0       0       0       0       0   11A85       4       0       0
     880000               1120000               1120000             2.7136783E-05         1.0000000E+30                 0       
 NEXT SEEDS:23E3D962       0       0       0       0       0   11A85       4       0       0
     920000               1080000               1080000             2.6970900E-05         1.0000000E+30                 0       
 NEXT SEEDS:242F9E55       0       0       0       0       0   11A85       4       0       0
     960000               1040000               1040000             2.6855291E-05         1.0000000E+30                 0       
 NEXT SEEDS:247BBEC5       0       0       0       0       0   11A85       4       0       0
    1000000               1000000               1000000             2.7341844E-05         1.0000000E+30                 0       
 NEXT SEEDS:24C675A2       0       0       0       0       0   11A85       4       0       0
    1040000                960000                960000             2.7717900E-05         1.0000000E+30                 0       
 NEXT SEEDS:2512386F       0       0       0       0       0   11A85       4       0       0
    1080000                920000                920000             2.7855949E-05         1.0000000E+30                 0       
 NEXT SEEDS:255FB1E4       0       0       0       0       0   11A85       4       0       0
    1120000                880000                880000             2.7811842E-05         1.0000000E+30                 0       
 NEXT SEEDS:25AACF8F       0       0       0       0       0   11A85       4       0       0
    1160000                840000                840000             2.7735438E-05         1.0000000E+30                 0       
 NEXT SEEDS:25F5C20A       0       0       0       0       0   11A85       4       0       0
    1200000                800000                800000             2.7834935E-05         1.0000000E+30                 0       
 NEXT SEEDS:264047DC       0       0       0       0       0   11A85       4       0       0
    1240000                760000                760000             2.8082021E-05         1.0000000E+30                 0       
 NEXT SEEDS:268BD800       0       0       0       0       0   11A85       4       0       0
    1280000                720000                720000             2.7953563E-05         1.0000000E+30                 0       
 NEXT SEEDS:26D928B1       0       0       0       0       0   11A85       4       0       0
    1320000                680000                680000             2.7803350E-05         1.0000000E+30                 0       
 NEXT SEEDS:272314CA       0       0       0       0       0   11A85       4       0       0
    1360000                640000                640000             2.7760484E-05         1.0000000E+30                 0       
 NEXT SEEDS:276E976B       0       0       0       0       0   11A85       4       0       0
    1400000                600000                600000             2.7639368E-05         1.0000000E+30                 0       
 NEXT SEEDS:27B8AC53       0       0       0       0       0   11A85       4       0       0
    1440000                560000                560000             2.7544423E-05         1.0000000E+30                 0       
 NEXT SEEDS:2803CD5C       0       0       0       0       0   11A85       4       0       0
    1480000                520000                520000             2.7421506E-05         1.0000000E+30                 0       
 NEXT SEEDS:284FA4AE       0       0       0       0       0   11A85       4       0       0
    1520000                480000                480000             2.7409650E-05         1.0000000E+30                 0       
 NEXT SEEDS:289BA8FA       0       0       0       0       0   11A85       4       0       0
    1560000                440000                440000             2.7784879E-05         1.0000000E+30                 0       
 NEXT SEEDS:28E6046A       0       0       0       0       0   11A85       4       0       0
    1600000                400000                400000             2.7683917E-05         1.0000000E+30                 0       
 NEXT SEEDS:2931FDD9       0       0       0       0       0   11A85       4       0       0
    1640000                360000                360000             2.7881737E-05         1.0000000E+30                 0       
 NEXT SEEDS:297CED44       0       0       0       0       0   11A85       4       0       0
    1680000                320000                320000             2.8027288E-05         1.0000000E+30                 0       
 NEXT SEEDS:29C6541E       0       0       0       0       0   11A85       4       0       0
    1720000                280000                280000             2.7934126E-05         1.0000000E+30                 0       
 NEXT SEEDS:2A111441       0       0       0       0       0   11A85       4       0       0
    1760000                240000                240000             2.7889510E-05         1.0000000E+30                 0       
 NEXT SEEDS:2A5C77AD       0       0       0       0       0   11A85       4       0       0
    1800000                200000                200000             2.7842989E-05         1.0000000E+30                 0       
 NEXT SEEDS:2AA7CBE1       0       0       0       0       0   11A85       4       0       0
    1840000                160000                160000             2.7781647E-05         1.0000000E+30                 0       
 NEXT SEEDS:2AF3964B       0       0       0       0       0   11A85       4       0       0
    1880000                120000                120000             2.7684620E-05         1.0000000E+30                 0       
 NEXT SEEDS:2B40D29E       0       0       0       0       0   11A85       4       0       0
    1920000                 80000                 80000             2.7578098E-05         1.0000000E+30                 0       
 NEXT SEEDS:2B8A510D       0       0       0       0       0   11A85       4       0       0
    1960000                 40000                 40000             2.7494289E-05         1.0000000E+30                 0       
 NEXT SEEDS:2BD86483       0       0       0       0       0   11A85       4       0       0
    1999950                    50                    50             2.7406518E-05         1.0000000E+30                 0       
 NEXT SEEDS:2C23F9C6       0       0       0       0       0   11A85       4       0       0
    1999951                    49                    49             2.7406504E-05         1.0000000E+30                 0       
 NEXT SEEDS:2C23F9DF       0       0       0       0       0   11A85       4       0       0
    1999952                    48                    48             2.7406491E-05         1.0000000E+30                 0       
 NEXT SEEDS:2C23FA03       0       0       0       0       0   11A85       4       0       0
    1999953                    47                    47             2.7406477E-05         1.0000000E+30                 0       
 NEXT SEEDS:2C23FA17       0       0       0       0       0   11A85       4       0       0
    1999954                    46                    46             2.7406463E-05         1.0000000E+30                 0       
 NEXT SEEDS:2C23FA2E       0       0       0       0       0   11A85       4       0       0
    1999955                    45                    45             2.7406450E-05         1.0000000E+30                 0       
 NEXT SEEDS:2C23FA8E       0       0       0       0       0   11A85       4       0       0
    1999956                    44                    44             2.7406436E-05         1.0000000E+30                 0       
 NEXT SEEDS:2C23FAA2       0       0       0       0       0   11A85       4       0       0
    1999957                    43                    43             2.7406422E-05         1.0000000E+30                 0       
 NEXT SEEDS:2C23FAF9       0       0       0       0       0   11A85       4       0       0
    1999958                    42                    42             2.7406409E-05         1.0000000E+30                 0       
 NEXT SEEDS:2C23FB51       0       0       0       0       0   11A85       4       0       0
    1999959                    41                    41             2.7406395E-05         1.0000000E+30                 0       
 NEXT SEEDS:2C23FC22       0       0       0       0       0   11A85       4       0       0
    1999960                    40                    40             2.7406381E-05         1.0000000E+30                 0       
 NEXT SEEDS:2C23FC51       0       0       0       0       0   11A85       4       0       0
    1999961                    39                    39             2.7406367E-05         1.0000000E+30                 0       
 NEXT SEEDS:2C23FD17       0       0       0       0       0   11A85       4       0       0
    1999962                    38                    38             2.7406354E-05         1.0000000E+30                 0       
 NEXT SEEDS:2C23FD50       0       0       0       0       0   11A85       4       0       0
    1999963                    37                    37             2.7406340E-05         1.0000000E+30                 0       
 NEXT SEEDS:2C23FD7C       0       0       0       0       0   11A85       4       0       0
    1999964                    36                    36             2.7406326E-05         1.0000000E+30                 0       
 NEXT SEEDS:2C23FDB3       0       0       0       0       0   11A85       4       0       0
    1999965                    35                    35             2.7406313E-05         1.0000000E+30                 0       
 NEXT SEEDS:2C23FDFB       0       0       0       0       0   11A85       4       0       0
    1999966                    34                    34             2.7406299E-05         1.0000000E+30                 0       
 NEXT SEEDS:2C23FE47       0       0       0       0       0   11A85       4       0       0
    1999967                    33                    33             2.7406285E-05         1.0000000E+30                 0       
 NEXT SEEDS:2C23FE56       0       0       0       0       0   11A85       4       0       0
    1999968                    32                    32             2.7406272E-05         1.0000000E+30                 0       
 NEXT SEEDS:2C23FF19       0       0       0       0       0   11A85       4       0       0
    1999969                    31                    31             2.7406258E-05         1.0000000E+30                 0       
 NEXT SEEDS:2C240007       0       0       0       0       0   11A85       4       0       0
    1999970                    30                    30             2.7406244E-05         1.0000000E+30                 0       
 NEXT SEEDS:2C24002B       0       0       0       0       0   11A85       4       0       0
    1999971                    29                    29             2.7406230E-05         1.0000000E+30                 0       
 NEXT SEEDS:2C240047       0       0       0       0       0   11A85       4       0       0
    1999972                    28                    28             2.7406217E-05         1.0000000E+30                 0       
 NEXT SEEDS:2C24008C       0       0       0       0       0   11A85       4       0       0
    1999973                    27                    27             2.7406203E-05         1.0000000E+30                 0       
 NEXT SEEDS:2C24015E       0       0       0       0       0   11A85       4       0       0
    1999974                    26                    26             2.7406189E-05         1.0000000E+30                 0       
 NEXT SEEDS:2C240165       0       0       0       0       0   11A85       4       0       0
    1999975                    25                    25             2.7406176E-05         1.0000000E+30                 0       
 NEXT SEEDS:2C24016C       0       0       0       0       0   11A85       4       0       0
    1999976                    24                    24             2.7406662E-05         1.0000000E+30                 0       
 NEXT SEEDS:2C240207       0       0       0       0       0   11A85       4       0       0
    1999977                    23                    23             2.7406648E-05         1.0000000E+30                 0       
 NEXT SEEDS:2C240213       0       0       0       0       0   11A85       4       0       0
    1999978                    22                    22             2.7406634E-05         1.0000000E+30                 0       
 NEXT SEEDS:2C240280       0       0       0       0       0   11A85       4       0       0
    1999979                    21                    21             2.7406621E-05         1.0000000E+30                 0       
 NEXT SEEDS:2C24029C       0       0       0       0       0   11A85       4       0       0
    1999980                    20                    20             2.7406607E-05         1.0000000E+30                 0       
 NEXT SEEDS:2C2402B0       0       0       0       0       0   11A85       4       0       0
    1999981                    19                    19             2.7406593E-05         1.0000000E+30                 0       
 NEXT SEEDS:2C24030A       0       0       0       0       0   11A85       4       0       0
    1999982                    18                    18             2.7406579E-05         1.0000000E+30                 0       
 NEXT SEEDS:2C240352       0       0       0       0       0   11A85       4       0       0
    1999983                    17                    17             2.7406566E-05         1.0000000E+30                 0       
 NEXT SEEDS:2C24036B       0       0       0       0       0   11A85       4       0       0
    1999984                    16                    16             2.7406552E-05         1.0000000E+30                 0       
 NEXT SEEDS:2C240421       0       0       0       0       0   11A85       4       0       0
    1999985                    15                    15             2.7406538E-05         1.0000000E+30                 0       
 NEXT SEEDS:2C24042D       0       0       0       0       0   11A85       4       0       0
    1999986                    14                    14             2.7406525E-05         1.0000000E+30                 0       
 NEXT SEEDS:2C24043B       0       0       0       0       0   11A85       4       0       0
    1999987                    13                    13             2.7406511E-05         1.0000000E+30                 0       
 NEXT SEEDS:2C24051F       0       0       0       0       0   11A85       4       0       0
    1999988                    12                    12             2.7406497E-05         1.0000000E+30                 0       
 NEXT SEEDS:2C240538       0       0       0       0       0   11A85       4       0       0
    1999989                    11                    11             2.7406483E-05         1.0000000E+30                 0       
 NEXT SEEDS:2C240556       0       0       0       0       0   11A85       4       0       0
    1999990                    10                    10             2.7406470E-05         1.0000000E+30                 0       
 NEXT SEEDS:2C240564       0       0       0       0       0   11A85       4       0       0
    1999991                     9                     9             2.7407457E-05         1.0000000E+30                 0       
 NEXT SEEDS:2C2408AB       0       0       0       0       0   11A85       4       0       0
    1999992                     8                     8             2.7407444E-05         1.0000000E+30                 0       
 NEXT SEEDS:2C2408E6       0       0       0       0       0   11A85       4       0       0
    1999993                     7                     7             2.7407930E-05         1.0000000E+30                 0       
 NEXT SEEDS:2C24091D       0       0       0       0       0   11A85       4       0       0
    1999994                     6                     6             2.7407916E-05         1.0000000E+30                 0       
 NEXT SEEDS:2C240929       0       0       0       0       0   11A85       4       0       0
    1999995                     5                     5             2.7407902E-05         1.0000000E+30                 0       
 NEXT SEEDS:2C240A67       0       0       0       0       0   11A85       4       0       0
    1999996                     4                     4             2.7407889E-05         1.0000000E+30                 0       
 NEXT SEEDS:2C240B00       0       0       0       0       0   11A85       4       0       0
    1999997                     3                     3             2.7407875E-05         1.0000000E+30                 0       
 NEXT SEEDS:2C240BA8       0       0       0       0       0   11A85       4       0       0
    1999998                     2                     2             2.7407861E-05         1.0000000E+30                 0       
 NEXT SEEDS:2C240BF3       0       0       0       0       0   11A85       4       0       0
    1999999                     1                     1             2.7407848E-05         1.0000000E+30                 0       
 NEXT SEEDS:2C240BFF       0       0       0       0       0   11A85       4       0       0
    2000000                     0                     1             2.7407834E-05         1.0000000E+30                 0       
 NEXT SEEDS:2C240CCA       0       0       0       0       0   11A85       4       0       0
