1NUMBER OF BEAM       NUMBER OF BEAM        APPROXIMATE NUMBER    AVERAGE TIME USED     TIME LEFT (RESERVED   NUMBER OF STARS
 PARTICLES HANDLED    PARTICLES LEFT        OF BEAM PARTICLES     BY A BEAM PARTICLE     10000.0 SECONDS      CREATED
                                            THAT CAN STILL BE                           FOR PRINTOUT)
                                            HANDLED

 NEXT SEEDS: EB64E07       0       0       0       0       0   11A85       4       0       0
          1               1999999               1999999             0.0000000E+00         1.0000000E+30                 0       
 NEXT SEEDS: EB64EA6       0       0       0       0       0   11A85       4       0       0
      40000               1960000               1960000             2.5446129E-05         1.0000000E+30                 0       
 NEXT SEEDS: F00A87F       0       0       0       0       0   11A85       4       0       0
      80000               1920000               1920000             3.3207452E-05         1.0000000E+30                 0       
 NEXT SEEDS: F4A913F       0       0       0       0       0   11A85       4       0       0
     120000               1880000               1880000             3.1061939E-05         1.0000000E+30                 0       
 NEXT SEEDS: F965F2C       0       0       0       0       0   11A85       4       0       0
     160000               1840000               1840000             2.9264304E-05         1.0000000E+30                 0       
 NEXT SEEDS: FE189B2       0       0       0       0       0   11A85       4       0       0
     200000               1800000               1800000             2.9030588E-05         1.0000000E+30                 0       
 NEXT SEEDS:102D6154       0       0       0       0       0   11A85       4       0       0
     240000               1760000               1760000             2.8099893E-05         1.0000000E+30                 0       
 NEXT SEEDS:10779AF2       0       0       0       0       0   11A85       4       0       0
     280000               1720000               1720000             2.7577950E-05         1.0000000E+30                 0       
 NEXT SEEDS:10C3421A       0       0       0       0       0   11A85       4       0       0
     320000               1680000               1680000             2.6983397E-05         1.0000000E+30                 0       
 NEXT SEEDS:110D00B8       0       0       0       0       0   11A85       4       0       0
     360000               1640000               1640000             2.6573736E-05         1.0000000E+30                 0       
 NEXT SEEDS:1159950B       0       0       0       0       0   11A85       4       0       0
     400000               1600000               1600000             2.6238509E-05         1.0000000E+30                 0       
 NEXT SEEDS:11A61954       0       0       0       0       0   11A85       4       0       0
     440000               1560000               1560000             2.5961964E-05         1.0000000E+30                 0       
 NEXT SEEDS:11F19C8C       0       0       0       0       0   11A85       4       0       0
     480000               1520000               1520000             2.5700260E-05         1.0000000E+30                 0       
 NEXT SEEDS:123C3530       0       0       0       0       0   11A85       4       0       0
     520000               1480000               1480000             2.5469205E-05         1.0000000E+30                 0       
 NEXT SEEDS:12863999       0       0       0       0       0   11A85       4       0       0
     560000               1440000               1440000             2.5272942E-05         1.0000000E+30                 0       
 NEXT SEEDS:12D04338       0       0       0       0       0   11A85       4       0       0
     600000               1400000               1400000             2.5132844E-05         1.0000000E+30                 0       
 NEXT SEEDS:131BFB9C       0       0       0       0       0   11A85       4       0       0
     640000               1360000               1360000             2.5008697E-05         1.0000000E+30                 0       
 NEXT SEEDS:13681C54       0       0       0       0       0   11A85       4       0       0
     680000               1320000               1320000             2.4888864E-05         1.0000000E+30                 0       
 NEXT SEEDS:13B33086       0       0       0       0       0   11A85       4       0       0
     720000               1280000               1280000             2.4796230E-05         1.0000000E+30                 0       
 NEXT SEEDS:13FFC3A3       0       0       0       0       0   11A85       4       0       0
     760000               1240000               1240000             2.4698875E-05         1.0000000E+30                 0       
 NEXT SEEDS:1449F330       0       0       0       0       0   11A85       4       0       0
     800000               1200000               1200000             2.4588762E-05         1.0000000E+30                 0       
 NEXT SEEDS:1493EED0       0       0       0       0       0   11A85       4       0       0
     840000               1160000               1160000             2.4527223E-05         1.0000000E+30                 0       
 NEXT SEEDS:14DFDC6B       0       0       0       0       0   11A85       4       0       0
     880000               1120000               1120000             2.4475824E-05         1.0000000E+30                 0       
 NEXT SEEDS:152CA56C       0       0       0       0       0   11A85       4       0       0
     920000               1080000               1080000             2.4413679E-05         1.0000000E+30                 0       
 NEXT SEEDS:157875AF       0       0       0       0       0   11A85       4       0       0
     960000               1040000               1040000             2.4921211E-05         1.0000000E+30                 0       
 NEXT SEEDS:15C43F4E       0       0       0       0       0   11A85       4       0       0
  *** Eveneu: no downsc. group selected, cusngl, rsngl, igpr ***  0.999999881
  0.999999881 249
    1000000               1000000               1000000             2.5101183E-05         1.0000000E+30                 0       
 NEXT SEEDS:160F6BEB       0       0       0       0       0   11A85       4       0       0
    1040000                960000                960000             2.5039462E-05         1.0000000E+30                 0       
 NEXT SEEDS:165B276F       0       0       0       0       0   11A85       4       0       0
    1080000                920000                920000             2.5021195E-05         1.0000000E+30                 0       
 NEXT SEEDS:16A670B6       0       0       0       0       0   11A85       4       0       0
    1120000                880000                880000             2.5030125E-05         1.0000000E+30                 0       
 NEXT SEEDS:16F18459       0       0       0       0       0   11A85       4       0       0
    1160000                840000                840000             2.5024643E-05         1.0000000E+30                 0       
 NEXT SEEDS:173DA7B6       0       0       0       0       0   11A85       4       0       0
    1200000                800000                800000             2.4972870E-05         1.0000000E+30                 0       
 NEXT SEEDS:178A5AA5       0       0       0       0       0   11A85       4       0       0
    1240000                760000                760000             2.5201815E-05         1.0000000E+30                 0       
 NEXT SEEDS:17D71512       0       0       0       0       0   11A85       4       0       0
    1280000                720000                720000             2.5397702E-05         1.0000000E+30                 0       
 NEXT SEEDS:1823F05A       0       0       0       0       0   11A85       4       0       0
    1320000                680000                680000             2.5772596E-05         1.0000000E+30                 0       
 NEXT SEEDS:18700CAC       0       0       0       0       0   11A85       4       0       0
    1360000                640000                640000             2.6066625E-05         1.0000000E+30                 0       
 NEXT SEEDS:18BB046D       0       0       0       0       0   11A85       4       0       0
    1400000                600000                600000             2.6083177E-05         1.0000000E+30                 0       
 NEXT SEEDS:1906CACA       0       0       0       0       0   11A85       4       0       0
    1440000                560000                560000             2.6169633E-05         1.0000000E+30                 0       
 NEXT SEEDS:19526821       0       0       0       0       0   11A85       4       0       0
    1480000                520000                520000             2.6495296E-05         1.0000000E+30                 0       
 NEXT SEEDS:199E1B83       0       0       0       0       0   11A85       4       0       0
    1520000                480000                480000             2.6470319E-05         1.0000000E+30                 0       
 NEXT SEEDS:19E77EB4       0       0       0       0       0   11A85       4       0       0
    1560000                440000                440000             2.6390219E-05         1.0000000E+30                 0       
 NEXT SEEDS:1A338F3A       0       0       0       0       0   11A85       4       0       0
    1600000                400000                400000             2.6391613E-05         1.0000000E+30                 0       
 NEXT SEEDS:1A7E2166       0       0       0       0       0   11A85       4       0       0
    1640000                360000                360000             2.6350872E-05         1.0000000E+30                 0       
 NEXT SEEDS:1AC9CAAA       0       0       0       0       0   11A85       4       0       0
    1680000                320000                320000             2.6453122E-05         1.0000000E+30                 0       
 NEXT SEEDS:1B13880B       0       0       0       0       0   11A85       4       0       0
    1720000                280000                280000             2.6729656E-05         1.0000000E+30                 0       
 NEXT SEEDS:1B5F4431       0       0       0       0       0   11A85       4       0       0
    1760000                240000                240000             2.7096448E-05         1.0000000E+30                 0       
 NEXT SEEDS:1BABD622       0       0       0       0       0   11A85       4       0       0
    1800000                200000                200000             2.7028113E-05         1.0000000E+30                 0       
 NEXT SEEDS:1BF7B397       0       0       0       0       0   11A85       4       0       0
    1840000                160000                160000             2.7025239E-05         1.0000000E+30                 0       
 NEXT SEEDS:1C42748D       0       0       0       0       0   11A85       4       0       0
    1880000                120000                120000             2.7035783E-05         1.0000000E+30                 0       
 NEXT SEEDS:1C8D8169       0       0       0       0       0   11A85       4       0       0
    1920000                 80000                 80000             2.6975067E-05         1.0000000E+30                 0       
 NEXT SEEDS:1CD9042F       0       0       0       0       0   11A85       4       0       0
    1960000                 40000                 40000             2.6924989E-05         1.0000000E+30                 0       
 NEXT SEEDS:1D241C4D       0       0       0       0       0   11A85       4       0       0
    1999950                    50                    50             2.6843591E-05         1.0000000E+30                 0       
 NEXT SEEDS:1D6E929B       0       0       0       0       0   11A85       4       0       0
    1999951                    49                    49             2.6843577E-05         1.0000000E+30                 0       
 NEXT SEEDS:1D6E92A7       0       0       0       0       0   11A85       4       0       0
    1999952                    48                    48             2.6843564E-05         1.0000000E+30                 0       
 NEXT SEEDS:1D6E92D5       0       0       0       0       0   11A85       4       0       0
    1999953                    47                    47             2.6843550E-05         1.0000000E+30                 0       
 NEXT SEEDS:1D6E92F8       0       0       0       0       0   11A85       4       0       0
    1999954                    46                    46             2.6843537E-05         1.0000000E+30                 0       
 NEXT SEEDS:1D6E9304       0       0       0       0       0   11A85       4       0       0
    1999955                    45                    45             2.6843524E-05         1.0000000E+30                 0       
 NEXT SEEDS:1D6E9310       0       0       0       0       0   11A85       4       0       0
    1999956                    44                    44             2.6843510E-05         1.0000000E+30                 0       
 NEXT SEEDS:1D6E932F       0       0       0       0       0   11A85       4       0       0
    1999957                    43                    43             2.6843497E-05         1.0000000E+30                 0       
 NEXT SEEDS:1D6E9336       0       0       0       0       0   11A85       4       0       0
    1999958                    42                    42             2.6843483E-05         1.0000000E+30                 0       
 NEXT SEEDS:1D6E935E       0       0       0       0       0   11A85       4       0       0
    1999959                    41                    41             2.6843470E-05         1.0000000E+30                 0       
 NEXT SEEDS:1D6E93F2       0       0       0       0       0   11A85       4       0       0
    1999960                    40                    40             2.6843456E-05         1.0000000E+30                 0       
 NEXT SEEDS:1D6E9408       0       0       0       0       0   11A85       4       0       0
    1999961                    39                    39             2.6843443E-05         1.0000000E+30                 0       
 NEXT SEEDS:1D6E9527       0       0       0       0       0   11A85       4       0       0
    1999962                    38                    38             2.6843929E-05         1.0000000E+30                 0       
 NEXT SEEDS:1D6E985C       0       0       0       0       0   11A85       4       0       0
    1999963                    37                    37             2.6843916E-05         1.0000000E+30                 0       
 NEXT SEEDS:1D6E986B       0       0       0       0       0   11A85       4       0       0
    1999964                    36                    36             2.6843903E-05         1.0000000E+30                 0       
 NEXT SEEDS:1D6E98A9       0       0       0       0       0   11A85       4       0       0
    1999965                    35                    35             2.6843889E-05         1.0000000E+30                 0       
 NEXT SEEDS:1D6E98B5       0       0       0       0       0   11A85       4       0       0
    1999966                    34                    34             2.6843876E-05         1.0000000E+30                 0       
 NEXT SEEDS:1D6E98C4       0       0       0       0       0   11A85       4       0       0
    1999967                    33                    33             2.6843862E-05         1.0000000E+30                 0       
 NEXT SEEDS:1D6E98D3       0       0       0       0       0   11A85       4       0       0
    1999968                    32                    32             2.6843849E-05         1.0000000E+30                 0       
 NEXT SEEDS:1D6E9916       0       0       0       0       0   11A85       4       0       0
    1999969                    31                    31             2.6843835E-05         1.0000000E+30                 0       
 NEXT SEEDS:1D6E9952       0       0       0       0       0   11A85       4       0       0
    1999970                    30                    30             2.6843822E-05         1.0000000E+30                 0       
 NEXT SEEDS:1D6E9959       0       0       0       0       0   11A85       4       0       0
    1999971                    29                    29             2.6843809E-05         1.0000000E+30                 0       
 NEXT SEEDS:1D6E9970       0       0       0       0       0   11A85       4       0       0
    1999972                    28                    28             2.6843795E-05         1.0000000E+30                 0       
 NEXT SEEDS:1D6E9AD9       0       0       0       0       0   11A85       4       0       0
    1999973                    27                    27             2.6843782E-05         1.0000000E+30                 0       
 NEXT SEEDS:1D6E9AED       0       0       0       0       0   11A85       4       0       0
    1999974                    26                    26             2.6843768E-05         1.0000000E+30                 0       
 NEXT SEEDS:1D6E9B77       0       0       0       0       0   11A85       4       0       0
    1999975                    25                    25             2.6843755E-05         1.0000000E+30                 0       
 NEXT SEEDS:1D6E9B85       0       0       0       0       0   11A85       4       0       0
    1999976                    24                    24             2.6843741E-05         1.0000000E+30                 0       
 NEXT SEEDS:1D6E9B91       0       0       0       0       0   11A85       4       0       0
    1999977                    23                    23             2.6843728E-05         1.0000000E+30                 0       
 NEXT SEEDS:1D6E9BBB       0       0       0       0       0   11A85       4       0       0
    1999978                    22                    22             2.6843715E-05         1.0000000E+30                 0       
 NEXT SEEDS:1D6E9BC2       0       0       0       0       0   11A85       4       0       0
    1999979                    21                    21             2.6843701E-05         1.0000000E+30                 0       
 NEXT SEEDS:1D6E9BCE       0       0       0       0       0   11A85       4       0       0
    1999980                    20                    20             2.6844187E-05         1.0000000E+30                 0       
 NEXT SEEDS:1D6E9C40       0       0       0       0       0   11A85       4       0       0
    1999981                    19                    19             2.6844174E-05         1.0000000E+30                 0       
 NEXT SEEDS:1D6E9C4C       0       0       0       0       0   11A85       4       0       0
    1999982                    18                    18             2.6844161E-05         1.0000000E+30                 0       
 NEXT SEEDS:1D6E9CB6       0       0       0       0       0   11A85       4       0       0
    1999983                    17                    17             2.6844147E-05         1.0000000E+30                 0       
 NEXT SEEDS:1D6E9CCD       0       0       0       0       0   11A85       4       0       0
    1999984                    16                    16             2.6844134E-05         1.0000000E+30                 0       
 NEXT SEEDS:1D6E9CDC       0       0       0       0       0   11A85       4       0       0
    1999985                    15                    15             2.6844120E-05         1.0000000E+30                 0       
 NEXT SEEDS:1D6E9CF4       0       0       0       0       0   11A85       4       0       0
    1999986                    14                    14             2.6844107E-05         1.0000000E+30                 0       
 NEXT SEEDS:1D6E9D15       0       0       0       0       0   11A85       4       0       0
    1999987                    13                    13             2.6844094E-05         1.0000000E+30                 0       
 NEXT SEEDS:1D6E9D4D       0       0       0       0       0   11A85       4       0       0
    1999988                    12                    12             2.6844080E-05         1.0000000E+30                 0       
 NEXT SEEDS:1D6E9D8E       0       0       0       0       0   11A85       4       0       0
    1999989                    11                    11             2.6844566E-05         1.0000000E+30                 0       
 NEXT SEEDS:1D6E9DB2       0       0       0       0       0   11A85       4       0       0
    1999990                    10                    10             2.6844553E-05         1.0000000E+30                 0       
 NEXT SEEDS:1D6E9DBE       0       0       0       0       0   11A85       4       0       0
    1999991                     9                     9             2.6844540E-05         1.0000000E+30                 0       
 NEXT SEEDS:1D6E9DD6       0       0       0       0       0   11A85       4       0       0
    1999992                     8                     8             2.6844526E-05         1.0000000E+30                 0       
 NEXT SEEDS:1D6E9DE5       0       0       0       0       0   11A85       4       0       0
    1999993                     7                     7             2.6844513E-05         1.0000000E+30                 0       
 NEXT SEEDS:1D6E9E5A       0       0       0       0       0   11A85       4       0       0
    1999994                     6                     6             2.6844499E-05         1.0000000E+30                 0       
 NEXT SEEDS:1D6E9E6E       0       0       0       0       0   11A85       4       0       0
    1999995                     5                     5             2.6844486E-05         1.0000000E+30                 0       
 NEXT SEEDS:1D6E9F1A       0       0       0       0       0   11A85       4       0       0
    1999996                     4                     4             2.6844472E-05         1.0000000E+30                 0       
 NEXT SEEDS:1D6E9F2E       0       0       0       0       0   11A85       4       0       0
    1999997                     3                     3             2.6844459E-05         1.0000000E+30                 0       
 NEXT SEEDS:1D6E9F44       0       0       0       0       0   11A85       4       0       0
    1999998                     2                     2             2.6844446E-05         1.0000000E+30                 0       
 NEXT SEEDS:1D6E9F70       0       0       0       0       0   11A85       4       0       0
    1999999                     1                     1             2.6844432E-05         1.0000000E+30                 0       
 NEXT SEEDS:1D6E9F91       0       0       0       0       0   11A85       4       0       0
    2000000                     0                     1             2.6844918E-05         1.0000000E+30                 0       
 NEXT SEEDS:1D6E9FC7       0       0       0       0       0   11A85       4       0       0
