1NUMBER OF BEAM       NUMBER OF BEAM        APPROXIMATE NUMBER    AVERAGE TIME USED     TIME LEFT (RESERVED   NUMBER OF STARS
 PARTICLES HANDLED    PARTICLES LEFT        OF BEAM PARTICLES     BY A BEAM PARTICLE     10000.0 SECONDS      CREATED
                                            THAT CAN STILL BE                           FOR PRINTOUT)
                                            HANDLED

 NEXT SEEDS:       0       0       0       0       0       0   11A85       4       0       0
          1               1999999               1999999             0.0000000E+00         1.0000000E+30                 0       
 NEXT SEEDS:     570       0       0       0       0       0   11A85       4       0       0
      40000               1960000               1960000             2.3496425E-05         1.0000000E+30                 0       
 NEXT SEEDS:  4AA877       0       0       0       0       0   11A85       4       0       0
      80000               1920000               1920000             2.3133987E-05         1.0000000E+30                 0       
 NEXT SEEDS:  940F4E       0       0       0       0       0   11A85       4       0       0
     120000               1880000               1880000             2.2979844E-05         1.0000000E+30                 0       
 NEXT SEEDS:  DE4406       0       0       0       0       0   11A85       4       0       0
     160000               1840000               1840000             2.2984007E-05         1.0000000E+30                 0       
 NEXT SEEDS: 1294AB7       0       0       0       0       0   11A85       4       0       0
     200000               1800000               1800000             2.2976511E-05         1.0000000E+30                 0       
 NEXT SEEDS: 1745B79       0       0       0       0       0   11A85       4       0       0
     240000               1760000               1760000             2.3009004E-05         1.0000000E+30                 0       
 NEXT SEEDS: 1C0172B       0       0       0       0       0   11A85       4       0       0
     280000               1720000               1720000             2.2967940E-05         1.0000000E+30                 0       
 NEXT SEEDS: 20AA0C4       0       0       0       0       0   11A85       4       0       0
     320000               1680000               1680000             2.2946511E-05         1.0000000E+30                 0       
 NEXT SEEDS: 254B374       0       0       0       0       0   11A85       4       0       0
     360000               1640000               1640000             2.2968731E-05         1.0000000E+30                 0       
 NEXT SEEDS: 2A00885       0       0       0       0       0   11A85       4       0       0
     400000               1600000               1600000             2.3006502E-05         1.0000000E+30                 0       
 NEXT SEEDS: 2EC36D1       0       0       0       0       0   11A85       4       0       0
     440000               1560000               1560000             2.3023773E-05         1.0000000E+30                 0       
 NEXT SEEDS: 337E349       0       0       0       0       0   11A85       4       0       0
     480000               1520000               1520000             2.2994420E-05         1.0000000E+30                 0       
 NEXT SEEDS: 38186C6       0       0       0       0       0   11A85       4       0       0
     520000               1480000               1480000             2.2986890E-05         1.0000000E+30                 0       
 NEXT SEEDS: 3CBD68D       0       0       0       0       0   11A85       4       0       0
     560000               1440000               1440000             2.2989362E-05         1.0000000E+30                 0       
 NEXT SEEDS: 4164DF9       0       0       0       0       0   11A85       4       0       0
     600000               1400000               1400000             2.2999837E-05         1.0000000E+30                 0       
 NEXT SEEDS: 46253AF       0       0       0       0       0   11A85       4       0       0
     640000               1360000               1360000             2.2984005E-05         1.0000000E+30                 0       
 NEXT SEEDS: 4AD173E       0       0       0       0       0   11A85       4       0       0
     680000               1320000               1320000             2.2995032E-05         1.0000000E+30                 0       
 NEXT SEEDS: 4F876C7       0       0       0       0       0   11A85       4       0       0
     720000               1280000               1280000             2.2981228E-05         1.0000000E+30                 0       
 NEXT SEEDS: 5432FAB       0       0       0       0       0   11A85       4       0       0
     760000               1240000               1240000             2.2982033E-05         1.0000000E+30                 0       
 NEXT SEEDS: 58EBB7E       0       0       0       0       0   11A85       4       0       0
     800000               1200000               1200000             2.3006502E-05         1.0000000E+30                 0       
 NEXT SEEDS: 5DB2F53       0       0       0       0       0   11A85       4       0       0
     840000               1160000               1160000             2.3003647E-05         1.0000000E+30                 0       
 NEXT SEEDS: 6267713       0       0       0       0       0   11A85       4       0       0
     880000               1120000               1120000             2.3028318E-05         1.0000000E+30                 0       
 NEXT SEEDS: 673777D       0       0       0       0       0   11A85       4       0       0
     920000               1080000               1080000             2.3031281E-05         1.0000000E+30                 0       
 NEXT SEEDS: 6BF33E7       0       0       0       0       0   11A85       4       0       0
     960000               1040000               1040000             2.3040247E-05         1.0000000E+30                 0       
 NEXT SEEDS: 70B5CCE       0       0       0       0       0   11A85       4       0       0
    1000000               1000000               1000000             2.3035498E-05         1.0000000E+30                 0       
 NEXT SEEDS: 755C9D0       0       0       0       0       0   11A85       4       0       0
    1040000                960000                960000             2.3039767E-05         1.0000000E+30                 0       
 NEXT SEEDS: 7A19CE4       0       0       0       0       0   11A85       4       0       0
    1080000                920000                920000             2.3045570E-05         1.0000000E+30                 0       
 NEXT SEEDS: 7ED8F89       0       0       0       0       0   11A85       4       0       0
    1120000                880000                880000             2.3048282E-05         1.0000000E+30                 0       
 NEXT SEEDS: 8398CD9       0       0       0       0       0   11A85       4       0       0
    1160000                840000                840000             2.3051668E-05         1.0000000E+30                 0       
 NEXT SEEDS: 884FB63       0       0       0       0       0   11A85       4       0       0
    1200000                800000                800000             2.3049830E-05         1.0000000E+30                 0       
 NEXT SEEDS: 8D00ED0       0       0       0       0       0   11A85       4       0       0
    1240000                760000                760000             2.3053753E-05         1.0000000E+30                 0       
 NEXT SEEDS: 91BADBF       0       0       0       0       0   11A85       4       0       0
    1280000                720000                720000             2.3058994E-05         1.0000000E+30                 0       
 NEXT SEEDS: 9682143       0       0       0       0       0   11A85       4       0       0
    1320000                680000                680000             2.3063162E-05         1.0000000E+30                 0       
 NEXT SEEDS: 9B4C7E9       0       0       0       0       0   11A85       4       0       0
    1360000                640000                640000             2.3077375E-05         1.0000000E+30                 0       
 NEXT SEEDS: A01EC29       0       0       0       0       0   11A85       4       0       0
    1400000                600000                600000             2.3075778E-05         1.0000000E+30                 0       
 NEXT SEEDS: A4D6C36       0       0       0       0       0   11A85       4       0       0
    1440000                560000                560000             2.3068716E-05         1.0000000E+30                 0       
 NEXT SEEDS: A97FD3F       0       0       0       0       0   11A85       4       0       0
    1480000                520000                520000             2.3067440E-05         1.0000000E+30                 0       
 NEXT SEEDS: AE422E1       0       0       0       0       0   11A85       4       0       0
    1520000                480000                480000             2.3280015E-05         1.0000000E+30                 0       
 NEXT SEEDS: B2FA405       0       0       0       0       0   11A85       4       0       0
    1560000                440000                440000             2.3619487E-05         1.0000000E+30                 0       
 NEXT SEEDS: B7C23C9       0       0       0       0       0   11A85       4       0       0
    1600000                400000                400000             2.3608285E-05         1.0000000E+30                 0       
 NEXT SEEDS: BC68F2D       0       0       0       0       0   11A85       4       0       0
    1640000                360000                360000             2.3871982E-05         1.0000000E+30                 0       
 NEXT SEEDS: C12046C       0       0       0       0       0   11A85       4       0       0
    1680000                320000                320000             2.4317137E-05         1.0000000E+30                 0       
 NEXT SEEDS: C5C085A       0       0       0       0       0   11A85       4       0       0
    1720000                280000                280000             2.4585798E-05         1.0000000E+30                 0       
 NEXT SEEDS: CA6E4EE       0       0       0       0       0   11A85       4       0       0
    1760000                240000                240000             2.4808729E-05         1.0000000E+30                 0       
 NEXT SEEDS: CF29F87       0       0       0       0       0   11A85       4       0       0
    1800000                200000                200000             2.5171728E-05         1.0000000E+30                 0       
 NEXT SEEDS: D3D3D61       0       0       0       0       0   11A85       4       0       0
    1840000                160000                160000             2.5579263E-05         1.0000000E+30                 0       
 NEXT SEEDS: D899598       0       0       0       0       0   11A85       4       0       0
    1880000                120000                120000             2.5887553E-05         1.0000000E+30                 0       
 NEXT SEEDS: DD4D165       0       0       0       0       0   11A85       4       0       0
    1920000                 80000                 80000             2.5905958E-05         1.0000000E+30                 0       
 NEXT SEEDS: E20945A       0       0       0       0       0   11A85       4       0       0
    1960000                 40000                 40000             2.5938403E-05         1.0000000E+30                 0       
 NEXT SEEDS: E6B117D       0       0       0       0       0   11A85       4       0       0
    1999950                    50                    50             2.6007697E-05         1.0000000E+30                 0       
 NEXT SEEDS: EB63C09       0       0       0       0       0   11A85       4       0       0
    1999951                    49                    49             2.6007684E-05         1.0000000E+30                 0       
 NEXT SEEDS: EB63C1D       0       0       0       0       0   11A85       4       0       0
    1999952                    48                    48             2.6007671E-05         1.0000000E+30                 0       
 NEXT SEEDS: EB63C29       0       0       0       0       0   11A85       4       0       0
    1999953                    47                    47             2.6007658E-05         1.0000000E+30                 0       
 NEXT SEEDS: EB63C35       0       0       0       0       0   11A85       4       0       0
    1999954                    46                    46             2.6007645E-05         1.0000000E+30                 0       
 NEXT SEEDS: EB63C49       0       0       0       0       0   11A85       4       0       0
    1999955                    45                    45             2.6007632E-05         1.0000000E+30                 0       
 NEXT SEEDS: EB63C97       0       0       0       0       0   11A85       4       0       0
    1999956                    44                    44             2.6007619E-05         1.0000000E+30                 0       
 NEXT SEEDS: EB63D0E       0       0       0       0       0   11A85       4       0       0
    1999957                    43                    43             2.6007606E-05         1.0000000E+30                 0       
 NEXT SEEDS: EB63D98       0       0       0       0       0   11A85       4       0       0
    1999958                    42                    42             2.6007593E-05         1.0000000E+30                 0       
 NEXT SEEDS: EB63DA4       0       0       0       0       0   11A85       4       0       0
    1999959                    41                    41             2.6007580E-05         1.0000000E+30                 0       
 NEXT SEEDS: EB63DB0       0       0       0       0       0   11A85       4       0       0
    1999960                    40                    40             2.6008067E-05         1.0000000E+30                 0       
 NEXT SEEDS: EB63DC7       0       0       0       0       0   11A85       4       0       0
    1999961                    39                    39             2.6008054E-05         1.0000000E+30                 0       
 NEXT SEEDS: EB63DF3       0       0       0       0       0   11A85       4       0       0
    1999962                    38                    38             2.6008041E-05         1.0000000E+30                 0       
 NEXT SEEDS: EB63E53       0       0       0       0       0   11A85       4       0       0
    1999963                    37                    37             2.6008028E-05         1.0000000E+30                 0       
 NEXT SEEDS: EB63E6F       0       0       0       0       0   11A85       4       0       0
    1999964                    36                    36             2.6008015E-05         1.0000000E+30                 0       
 NEXT SEEDS: EB63E7E       0       0       0       0       0   11A85       4       0       0
    1999965                    35                    35             2.6008002E-05         1.0000000E+30                 0       
 NEXT SEEDS: EB63ED4       0       0       0       0       0   11A85       4       0       0
    1999966                    34                    34             2.6007989E-05         1.0000000E+30                 0       
 NEXT SEEDS: EB63F94       0       0       0       0       0   11A85       4       0       0
    1999967                    33                    33             2.6007976E-05         1.0000000E+30                 0       
 NEXT SEEDS: EB63FB3       0       0       0       0       0   11A85       4       0       0
    1999968                    32                    32             2.6007963E-05         1.0000000E+30                 0       
 NEXT SEEDS: EB63FF0       0       0       0       0       0   11A85       4       0       0
    1999969                    31                    31             2.6007950E-05         1.0000000E+30                 0       
 NEXT SEEDS: EB64089       0       0       0       0       0   11A85       4       0       0
    1999970                    30                    30             2.6007937E-05         1.0000000E+30                 0       
 NEXT SEEDS: EB640D1       0       0       0       0       0   11A85       4       0       0
    1999971                    29                    29             2.6007924E-05         1.0000000E+30                 0       
 NEXT SEEDS: EB640F9       0       0       0       0       0   11A85       4       0       0
    1999972                    28                    28             2.6007911E-05         1.0000000E+30                 0       
 NEXT SEEDS: EB6413E       0       0       0       0       0   11A85       4       0       0
    1999973                    27                    27             2.6007898E-05         1.0000000E+30                 0       
 NEXT SEEDS: EB64495       0       0       0       0       0   11A85       4       0       0
    1999974                    26                    26             2.6007885E-05         1.0000000E+30                 0       
 NEXT SEEDS: EB644A3       0       0       0       0       0   11A85       4       0       0
    1999975                    25                    25             2.6007872E-05         1.0000000E+30                 0       
 NEXT SEEDS: EB644CD       0       0       0       0       0   11A85       4       0       0
    1999976                    24                    24             2.6007859E-05         1.0000000E+30                 0       
 NEXT SEEDS: EB644E1       0       0       0       0       0   11A85       4       0       0
    1999977                    23                    23             2.6007846E-05         1.0000000E+30                 0       
 NEXT SEEDS: EB644F5       0       0       0       0       0   11A85       4       0       0
    1999978                    22                    22             2.6007833E-05         1.0000000E+30                 0       
 NEXT SEEDS: EB64533       0       0       0       0       0   11A85       4       0       0
    1999979                    21                    21             2.6007820E-05         1.0000000E+30                 0       
 NEXT SEEDS: EB6455B       0       0       0       0       0   11A85       4       0       0
    1999980                    20                    20             2.6007807E-05         1.0000000E+30                 0       
 NEXT SEEDS: EB645AB       0       0       0       0       0   11A85       4       0       0
    1999981                    19                    19             2.6007794E-05         1.0000000E+30                 0       
 NEXT SEEDS: EB645D2       0       0       0       0       0   11A85       4       0       0
    1999982                    18                    18             2.6007781E-05         1.0000000E+30                 0       
 NEXT SEEDS: EB64608       0       0       0       0       0   11A85       4       0       0
    1999983                    17                    17             2.6007768E-05         1.0000000E+30                 0       
 NEXT SEEDS: EB6462E       0       0       0       0       0   11A85       4       0       0
    1999984                    16                    16             2.6007755E-05         1.0000000E+30                 0       
 NEXT SEEDS: EB64923       0       0       0       0       0   11A85       4       0       0
    1999985                    15                    15             2.6007742E-05         1.0000000E+30                 0       
 NEXT SEEDS: EB64966       0       0       0       0       0   11A85       4       0       0
    1999986                    14                    14             2.6007729E-05         1.0000000E+30                 0       
 NEXT SEEDS: EB6499B       0       0       0       0       0   11A85       4       0       0
    1999987                    13                    13             2.6007716E-05         1.0000000E+30                 0       
 NEXT SEEDS: EB64A72       0       0       0       0       0   11A85       4       0       0
    1999988                    12                    12             2.6007703E-05         1.0000000E+30                 0       
 NEXT SEEDS: EB64A90       0       0       0       0       0   11A85       4       0       0
    1999989                    11                    11             2.6007690E-05         1.0000000E+30                 0       
 NEXT SEEDS: EB64AB2       0       0       0       0       0   11A85       4       0       0
    1999990                    10                    10             2.6007677E-05         1.0000000E+30                 0       
 NEXT SEEDS: EB64C22       0       0       0       0       0   11A85       4       0       0
    1999991                     9                     9             2.6008163E-05         1.0000000E+30                 0       
 NEXT SEEDS: EB64C31       0       0       0       0       0   11A85       4       0       0
    1999992                     8                     8             2.6008150E-05         1.0000000E+30                 0       
 NEXT SEEDS: EB64C59       0       0       0       0       0   11A85       4       0       0
    1999993                     7                     7             2.6008137E-05         1.0000000E+30                 0       
 NEXT SEEDS: EB64C70       0       0       0       0       0   11A85       4       0       0
    1999994                     6                     6             2.6008124E-05         1.0000000E+30                 0       
 NEXT SEEDS: EB64CDA       0       0       0       0       0   11A85       4       0       0
    1999995                     5                     5             2.6008111E-05         1.0000000E+30                 0       
 NEXT SEEDS: EB64CE6       0       0       0       0       0   11A85       4       0       0
    1999996                     4                     4             2.6008098E-05         1.0000000E+30                 0       
 NEXT SEEDS: EB64CFE       0       0       0       0       0   11A85       4       0       0
    1999997                     3                     3             2.6008085E-05         1.0000000E+30                 0       
 NEXT SEEDS: EB64D6F       0       0       0       0       0   11A85       4       0       0
    1999998                     2                     2             2.6008072E-05         1.0000000E+30                 0       
 NEXT SEEDS: EB64DC0       0       0       0       0       0   11A85       4       0       0
    1999999                     1                     1             2.6008059E-05         1.0000000E+30                 0       
 NEXT SEEDS: EB64DCC       0       0       0       0       0   11A85       4       0       0
    2000000                     0                     1             2.6008046E-05         1.0000000E+30                 0       
 NEXT SEEDS: EB64E07       0       0       0       0       0   11A85       4       0       0
