1NUMBER OF BEAM       NUMBER OF BEAM        APPROXIMATE NUMBER    AVERAGE TIME USED     TIME LEFT (RESERVED   NUMBER OF STARS
 PARTICLES HANDLED    PARTICLES LEFT        OF BEAM PARTICLES     BY A BEAM PARTICLE     10000.0 SECONDS      CREATED
                                            THAT CAN STILL BE                           FOR PRINTOUT)
                                            HANDLED

 NEXT SEEDS:       0       0       0       0       0       0   11A84       4       0       0
          1               1999999               1999999             0.0000000E+00         1.0000000E+30                 0       
 NEXT SEEDS:       C       0       0       0       0       0   11A84       4       0       0
      40000               1960000               1960000             2.0721853E-05         1.0000000E+30                 0       
 NEXT SEEDS:  46557B       0       0       0       0       0   11A84       4       0       0
      80000               1920000               1920000             2.0609361E-05         1.0000000E+30                 0       
 NEXT SEEDS:  8BE42A       0       0       0       0       0   11A84       4       0       0
     120000               1880000               1880000             2.0605203E-05         1.0000000E+30                 0       
 NEXT SEEDS:  D1EA7B       0       0       0       0       0   11A84       4       0       0
     160000               1840000               1840000             2.0565620E-05         1.0000000E+30                 0       
 NEXT SEEDS: 117A597       0       0       0       0       0   11A84       4       0       0
  *** Eveneu: no downsc. group selected, cusngl, rsngl, igpr ***  1.  1. 243
     200000               1800000               1800000             2.0521882E-05         1.0000000E+30                 0       
 NEXT SEEDS: 15D18B0       0       0       0       0       0   11A84       4       0       0
     240000               1760000               1760000             2.0505216E-05         1.0000000E+30                 0       
 NEXT SEEDS: 1A34A44       0       0       0       0       0   11A84       4       0       0
     280000               1720000               1720000             2.0514735E-05         1.0000000E+30                 0       
 NEXT SEEDS: 1E911C0       0       0       0       0       0   11A84       4       0       0
     320000               1680000               1680000             2.0506255E-05         1.0000000E+30                 0       
 NEXT SEEDS: 22FB2F7       0       0       0       0       0   11A84       4       0       0
     360000               1640000               1640000             2.0471887E-05         1.0000000E+30                 0       
 NEXT SEEDS: 274A9B4       0       0       0       0       0   11A84       4       0       0
     400000               1600000               1600000             2.0456890E-05         1.0000000E+30                 0       
 NEXT SEEDS: 2B9FF4A       0       0       0       0       0   11A84       4       0       0
     440000               1560000               1560000             2.0474160E-05         1.0000000E+30                 0       
 NEXT SEEDS: 30057F4       0       0       0       0       0   11A84       4       0       0
     480000               1520000               1520000             2.0482303E-05         1.0000000E+30                 0       
 NEXT SEEDS: 34738FE       0       0       0       0       0   11A84       4       0       0
     520000               1480000               1480000             2.0477655E-05         1.0000000E+30                 0       
 NEXT SEEDS: 38D7BDD       0       0       0       0       0   11A84       4       0       0
     560000               1440000               1440000             2.0471887E-05         1.0000000E+30                 0       
 NEXT SEEDS: 3D2FCB9       0       0       0       0       0   11A84       4       0       0
     600000               1400000               1400000             2.0460222E-05         1.0000000E+30                 0       
 NEXT SEEDS: 4185F2E       0       0       0       0       0   11A84       4       0       0
     640000               1360000               1360000             2.0468763E-05         1.0000000E+30                 0       
 NEXT SEEDS: 45FBA70       0       0       0       0       0   11A84       4       0       0
     680000               1320000               1320000             2.0474827E-05         1.0000000E+30                 0       
 NEXT SEEDS: 4A694C1       0       0       0       0       0   11A84       4       0       0
     720000               1280000               1280000             2.0482996E-05         1.0000000E+30                 0       
 NEXT SEEDS: 4ED7B40       0       0       0       0       0   11A84       4       0       0
     760000               1240000               1240000             2.0487676E-05         1.0000000E+30                 0       
 NEXT SEEDS: 5342399       0       0       0       0       0   11A84       4       0       0
     800000               1200000               1200000             2.0479386E-05         1.0000000E+30                 0       
 NEXT SEEDS: 579F6EB       0       0       0       0       0   11A84       4       0       0
     840000               1160000               1160000             2.0469507E-05         1.0000000E+30                 0       
 NEXT SEEDS: 5BFE149       0       0       0       0       0   11A84       4       0       0
     880000               1120000               1120000             2.0487795E-05         1.0000000E+30                 0       
 NEXT SEEDS: 607144D       0       0       0       0       0   11A84       4       0       0
  *** Eveneu: no downsc. group selected, cusngl, rsngl, igpr ***  0.99999994
  1. 244
     920000               1080000               1080000             2.0489276E-05         1.0000000E+30                 0       
 NEXT SEEDS: 64E3761       0       0       0       0       0   11A84       4       0       0
     960000               1040000               1040000             2.0478136E-05         1.0000000E+30                 0       
 NEXT SEEDS: 693DB76       0       0       0       0       0   11A84       4       0       0
    1000000               1000000               1000000             2.0491885E-05         1.0000000E+30                 0       
 NEXT SEEDS: 6DAAE26       0       0       0       0       0   11A84       4       0       0
  *** Eveneu: no downsc. group selected, cusngl, rsngl, igpr ***  0.99999994
  0.99999994 244
    1040000                960000                960000             2.0481501E-05         1.0000000E+30                 0       
 NEXT SEEDS: 71FD063       0       0       0       0       0   11A84       4       0       0
    1080000                920000                920000             2.0477442E-05         1.0000000E+30                 0       
 NEXT SEEDS: 765B9A6       0       0       0       0       0   11A84       4       0       0
    1120000                880000                880000             2.0487956E-05         1.0000000E+30                 0       
 NEXT SEEDS: 7AD21E4       0       0       0       0       0   11A84       4       0       0
    1160000                840000                840000             2.0489126E-05         1.0000000E+30                 0       
 NEXT SEEDS: 7F3BF4D       0       0       0       0       0   11A84       4       0       0
    1200000                800000                800000             2.0501883E-05         1.0000000E+30                 0       
 NEXT SEEDS: 83AD75A       0       0       0       0       0   11A84       4       0       0
    1240000                760000                760000             2.0496884E-05         1.0000000E+30                 0       
 NEXT SEEDS: 880D844       0       0       0       0       0   11A84       4       0       0
    1280000                720000                720000             2.0490635E-05         1.0000000E+30                 0       
 NEXT SEEDS: 8C6B216       0       0       0       0       0   11A84       4       0       0
    1320000                680000                680000             2.0480220E-05         1.0000000E+30                 0       
 NEXT SEEDS: 90C375D       0       0       0       0       0   11A84       4       0       0
    1360000                640000                640000             2.0481444E-05         1.0000000E+30                 0       
 NEXT SEEDS: 952570C       0       0       0       0       0   11A84       4       0       0
    1400000                600000                600000             2.0476173E-05         1.0000000E+30                 0       
 NEXT SEEDS: 99824F4       0       0       0       0       0   11A84       4       0       0
    1440000                560000                560000             2.0477444E-05         1.0000000E+30                 0       
 NEXT SEEDS: 9DF23CA       0       0       0       0       0   11A84       4       0       0
    1480000                520000                520000             2.0476617E-05         1.0000000E+30                 0       
 NEXT SEEDS: A252D75       0       0       0       0       0   11A84       4       0       0
    1520000                480000                480000             2.0473862E-05         1.0000000E+30                 0       
 NEXT SEEDS: A6B934B       0       0       0       0       0   11A84       4       0       0
    1560000                440000                440000             2.0464836E-05         1.0000000E+30                 0       
 NEXT SEEDS: AB09C77       0       0       0       0       0   11A84       4       0       0
    1600000                400000                400000             2.0464390E-05         1.0000000E+30                 0       
 NEXT SEEDS: AF68C95       0       0       0       0       0   11A84       4       0       0
  *** Eveneu: no downsc. group selected, cusngl, rsngl, igpr ***  0.99999994
  0.99999994 248
    1640000                360000                360000             2.0468231E-05         1.0000000E+30                 0       
 NEXT SEEDS: B3CA011       0       0       0       0       0   11A84       4       0       0
    1680000                320000                320000             2.0582585E-05         1.0000000E+30                 0       
 NEXT SEEDS: B829FDE       0       0       0       0       0   11A84       4       0       0
    1720000                280000                280000             2.0951467E-05         1.0000000E+30                 0       
 NEXT SEEDS: BC8DF64       0       0       0       0       0   11A84       4       0       0
    1760000                240000                240000             2.0946815E-05         1.0000000E+30                 0       
 NEXT SEEDS: C0E9326       0       0       0       0       0   11A84       4       0       0
    1800000                200000                200000             2.0994030E-05         1.0000000E+30                 0       
 NEXT SEEDS: C55B3A5       0       0       0       0       0   11A84       4       0       0
    1840000                160000                160000             2.1397833E-05         1.0000000E+30                 0       
 NEXT SEEDS: C9AC3A6       0       0       0       0       0   11A84       4       0       0
    1880000                120000                120000             2.1645114E-05         1.0000000E+30                 0       
 NEXT SEEDS: CE08C8B       0       0       0       0       0   11A84       4       0       0
    1920000                 80000                 80000             2.1918543E-05         1.0000000E+30                 0       
 NEXT SEEDS: D2696C5       0       0       0       0       0   11A84       4       0       0
    1960000                 40000                 40000             2.2044608E-05         1.0000000E+30                 0       
 NEXT SEEDS: D6C76E0       0       0       0       0       0   11A84       4       0       0
    1999950                    50                    50             2.2357661E-05         1.0000000E+30                 0       
 NEXT SEEDS: DB23295       0       0       0       0       0   11A84       4       0       0
    1999951                    49                    49             2.2357649E-05         1.0000000E+30                 0       
 NEXT SEEDS: DB232B4       0       0       0       0       0   11A84       4       0       0
    1999952                    48                    48             2.2357638E-05         1.0000000E+30                 0       
 NEXT SEEDS: DB23327       0       0       0       0       0   11A84       4       0       0
    1999953                    47                    47             2.2357627E-05         1.0000000E+30                 0       
 NEXT SEEDS: DB2334D       0       0       0       0       0   11A84       4       0       0
    1999954                    46                    46             2.2357616E-05         1.0000000E+30                 0       
 NEXT SEEDS: DB2336E       0       0       0       0       0   11A84       4       0       0
    1999955                    45                    45             2.2357605E-05         1.0000000E+30                 0       
 NEXT SEEDS: DB233A0       0       0       0       0       0   11A84       4       0       0
    1999956                    44                    44             2.2357594E-05         1.0000000E+30                 0       
 NEXT SEEDS: DB2342F       0       0       0       0       0   11A84       4       0       0
    1999957                    43                    43             2.2357582E-05         1.0000000E+30                 0       
 NEXT SEEDS: DB2350C       0       0       0       0       0   11A84       4       0       0
    1999958                    42                    42             2.2357571E-05         1.0000000E+30                 0       
 NEXT SEEDS: DB23520       0       0       0       0       0   11A84       4       0       0
    1999959                    41                    41             2.2357560E-05         1.0000000E+30                 0       
 NEXT SEEDS: DB2359C       0       0       0       0       0   11A84       4       0       0
    1999960                    40                    40             2.2358049E-05         1.0000000E+30                 0       
 NEXT SEEDS: DB235CA       0       0       0       0       0   11A84       4       0       0
    1999961                    39                    39             2.2358037E-05         1.0000000E+30                 0       
 NEXT SEEDS: DB235DE       0       0       0       0       0   11A84       4       0       0
    1999962                    38                    38             2.2358026E-05         1.0000000E+30                 0       
 NEXT SEEDS: DB23659       0       0       0       0       0   11A84       4       0       0
    1999963                    37                    37             2.2358015E-05         1.0000000E+30                 0       
 NEXT SEEDS: DB23679       0       0       0       0       0   11A84       4       0       0
    1999964                    36                    36             2.2358004E-05         1.0000000E+30                 0       
 NEXT SEEDS: DB23688       0       0       0       0       0   11A84       4       0       0
    1999965                    35                    35             2.2357993E-05         1.0000000E+30                 0       
 NEXT SEEDS: DB236C5       0       0       0       0       0   11A84       4       0       0
    1999966                    34                    34             2.2357981E-05         1.0000000E+30                 0       
 NEXT SEEDS: DB23780       0       0       0       0       0   11A84       4       0       0
    1999967                    33                    33             2.2357970E-05         1.0000000E+30                 0       
 NEXT SEEDS: DB2378E       0       0       0       0       0   11A84       4       0       0
    1999968                    32                    32             2.2357959E-05         1.0000000E+30                 0       
 NEXT SEEDS: DB237B2       0       0       0       0       0   11A84       4       0       0
    1999969                    31                    31             2.2357948E-05         1.0000000E+30                 0       
 NEXT SEEDS: DB23808       0       0       0       0       0   11A84       4       0       0
    1999970                    30                    30             2.2357937E-05         1.0000000E+30                 0       
 NEXT SEEDS: DB23867       0       0       0       0       0   11A84       4       0       0
    1999971                    29                    29             2.2358425E-05         1.0000000E+30                 0       
 NEXT SEEDS: DB238FF       0       0       0       0       0   11A84       4       0       0
    1999972                    28                    28             2.2358414E-05         1.0000000E+30                 0       
 NEXT SEEDS: DB2399B       0       0       0       0       0   11A84       4       0       0
    1999973                    27                    27             2.2358403E-05         1.0000000E+30                 0       
 NEXT SEEDS: DB23A0D       0       0       0       0       0   11A84       4       0       0
    1999974                    26                    26             2.2358892E-05         1.0000000E+30                 0       
 NEXT SEEDS: DB23AA4       0       0       0       0       0   11A84       4       0       0
    1999975                    25                    25             2.2358880E-05         1.0000000E+30                 0       
 NEXT SEEDS: DB23AC3       0       0       0       0       0   11A84       4       0       0
    1999976                    24                    24             2.2359369E-05         1.0000000E+30                 0       
 NEXT SEEDS: DB23AE4       0       0       0       0       0   11A84       4       0       0
    1999977                    23                    23             2.2359358E-05         1.0000000E+30                 0       
 NEXT SEEDS: DB23AF2       0       0       0       0       0   11A84       4       0       0
    1999978                    22                    22             2.2359347E-05         1.0000000E+30                 0       
 NEXT SEEDS: DB23B29       0       0       0       0       0   11A84       4       0       0
    1999979                    21                    21             2.2359835E-05         1.0000000E+30                 0       
 NEXT SEEDS: DB23B35       0       0       0       0       0   11A84       4       0       0
    1999980                    20                    20             2.2359824E-05         1.0000000E+30                 0       
 NEXT SEEDS: DB23B66       0       0       0       0       0   11A84       4       0       0
    1999981                    19                    19             2.2359813E-05         1.0000000E+30                 0       
 NEXT SEEDS: DB23B72       0       0       0       0       0   11A84       4       0       0
    1999982                    18                    18             2.2359802E-05         1.0000000E+30                 0       
 NEXT SEEDS: DB23CC4       0       0       0       0       0   11A84       4       0       0
    1999983                    17                    17             2.2359790E-05         1.0000000E+30                 0       
 NEXT SEEDS: DB23CD8       0       0       0       0       0   11A84       4       0       0
    1999984                    16                    16             2.2359779E-05         1.0000000E+30                 0       
 NEXT SEEDS: DB23CFE       0       0       0       0       0   11A84       4       0       0
    1999985                    15                    15             2.2359768E-05         1.0000000E+30                 0       
 NEXT SEEDS: DB23D44       0       0       0       0       0   11A84       4       0       0
    1999986                    14                    14             2.2359757E-05         1.0000000E+30                 0       
 NEXT SEEDS: DB23E64       0       0       0       0       0   11A84       4       0       0
    1999987                    13                    13             2.2360745E-05         1.0000000E+30                 0       
 NEXT SEEDS: DB23F09       0       0       0       0       0   11A84       4       0       0
    1999988                    12                    12             2.2360734E-05         1.0000000E+30                 0       
 NEXT SEEDS: DB23F47       0       0       0       0       0   11A84       4       0       0
    1999989                    11                    11             2.2360723E-05         1.0000000E+30                 0       
 NEXT SEEDS: DB23F91       0       0       0       0       0   11A84       4       0       0
    1999990                    10                    10             2.2360712E-05         1.0000000E+30                 0       
 NEXT SEEDS: DB23FBD       0       0       0       0       0   11A84       4       0       0
    1999991                     9                     9             2.2360700E-05         1.0000000E+30                 0       
 NEXT SEEDS: DB23FC9       0       0       0       0       0   11A84       4       0       0
    1999992                     8                     8             2.2360689E-05         1.0000000E+30                 0       
 NEXT SEEDS: DB240A6       0       0       0       0       0   11A84       4       0       0
    1999993                     7                     7             2.2360678E-05         1.0000000E+30                 0       
 NEXT SEEDS: DB24244       0       0       0       0       0   11A84       4       0       0
    1999994                     6                     6             2.2360667E-05         1.0000000E+30                 0       
 NEXT SEEDS: DB24281       0       0       0       0       0   11A84       4       0       0
    1999995                     5                     5             2.2360656E-05         1.0000000E+30                 0       
 NEXT SEEDS: DB2429F       0       0       0       0       0   11A84       4       0       0
    1999996                     4                     4             2.2360644E-05         1.0000000E+30                 0       
 NEXT SEEDS: DB243BB       0       0       0       0       0   11A84       4       0       0
    1999997                     3                     3             2.2360633E-05         1.0000000E+30                 0       
 NEXT SEEDS: DB24401       0       0       0       0       0   11A84       4       0       0
    1999998                     2                     2             2.2360622E-05         1.0000000E+30                 0       
 NEXT SEEDS: DB24472       0       0       0       0       0   11A84       4       0       0
    1999999                     1                     1             2.2360611E-05         1.0000000E+30                 0       
 NEXT SEEDS: DB24496       0       0       0       0       0   11A84       4       0       0
    2000000                     0                     1             2.2360600E-05         1.0000000E+30                 0       
 NEXT SEEDS: DB244B2       0       0       0       0       0   11A84       4       0       0
