1NUMBER OF BEAM       NUMBER OF BEAM        APPROXIMATE NUMBER    AVERAGE TIME USED     TIME LEFT (RESERVED   NUMBER OF STARS
 PARTICLES HANDLED    PARTICLES LEFT        OF BEAM PARTICLES     BY A BEAM PARTICLE     10000.0 SECONDS      CREATED
                                            THAT CAN STILL BE                           FOR PRINTOUT)
                                            HANDLED

 NEXT SEEDS:1B65F84B       0       0       0       0       0   11A84       4       0       0
          1               1999999               1999999             0.0000000E+00         1.0000000E+30                 0       
 NEXT SEEDS:1B65F852       0       0       0       0       0   11A84       4       0       0
      40000               1960000               1960000             2.1546721E-05         1.0000000E+30                 0       
 NEXT SEEDS:1BABB47C       0       0       0       0       0   11A84       4       0       0
      80000               1920000               1920000             2.7670789E-05         1.0000000E+30                 0       
 NEXT SEEDS:1BF1796B       0       0       0       0       0   11A84       4       0       0
     120000               1880000               1880000             2.8129057E-05         1.0000000E+30                 0       
 NEXT SEEDS:1C3764E2       0       0       0       0       0   11A84       4       0       0
     160000               1840000               1840000             2.6733437E-05         1.0000000E+30                 0       
 NEXT SEEDS:1C7F5527       0       0       0       0       0   11A84       4       0       0
     200000               1800000               1800000             2.5806077E-05         1.0000000E+30                 0       
 NEXT SEEDS:1CC3BC53       0       0       0       0       0   11A84       4       0       0
     240000               1760000               1760000             2.5625271E-05         1.0000000E+30                 0       
 NEXT SEEDS:1D098F79       0       0       0       0       0   11A84       4       0       0
     280000               1720000               1720000             2.5306867E-05         1.0000000E+30                 0       
 NEXT SEEDS:1D4F2298       0       0       0       0       0   11A84       4       0       0
     320000               1680000               1680000             2.4908714E-05         1.0000000E+30                 0       
 NEXT SEEDS:1D963815       0       0       0       0       0   11A84       4       0       0
     360000               1640000               1640000             2.4990645E-05         1.0000000E+30                 0       
 NEXT SEEDS:1DDC8370       0       0       0       0       0   11A84       4       0       0
     400000               1600000               1600000             2.6350993E-05         1.0000000E+30                 0       
 NEXT SEEDS:1E238C21       0       0       0       0       0   11A84       4       0       0
     440000               1560000               1560000             2.5993775E-05         1.0000000E+30                 0       
 NEXT SEEDS:1E6A618E       0       0       0       0       0   11A84       4       0       0
     480000               1520000               1520000             2.5671100E-05         1.0000000E+30                 0       
 NEXT SEEDS:1EB0824C       0       0       0       0       0   11A84       4       0       0
     520000               1480000               1480000             2.5638411E-05         1.0000000E+30                 0       
 NEXT SEEDS:1EF68FD3       0       0       0       0       0   11A84       4       0       0
     560000               1440000               1440000             2.5417565E-05         1.0000000E+30                 0       
 NEXT SEEDS:1F3ED755       0       0       0       0       0   11A84       4       0       0
     600000               1400000               1400000             2.5646101E-05         1.0000000E+30                 0       
 NEXT SEEDS:1F851F8A       0       0       0       0       0   11A84       4       0       0
     640000               1360000               1360000             2.6239761E-05         1.0000000E+30                 0       
 NEXT SEEDS:1FCC18A8       0       0       0       0       0   11A84       4       0       0
     680000               1320000               1320000             2.5978402E-05         1.0000000E+30                 0       
 NEXT SEEDS:2010A74C       0       0       0       0       0   11A84       4       0       0
     720000               1280000               1280000             2.5743309E-05         1.0000000E+30                 0       
 NEXT SEEDS:2055BB73       0       0       0       0       0   11A84       4       0       0
     760000               1240000               1240000             2.5723720E-05         1.0000000E+30                 0       
 NEXT SEEDS:209C1125       0       0       0       0       0   11A84       4       0       0
     800000               1200000               1200000             2.6274754E-05         1.0000000E+30                 0       
 NEXT SEEDS:20E0C0DF       0       0       0       0       0   11A84       4       0       0
     840000               1160000               1160000             2.6263865E-05         1.0000000E+30                 0       
 NEXT SEEDS:2127BB87       0       0       0       0       0   11A84       4       0       0
     880000               1120000               1120000             2.6093760E-05         1.0000000E+30                 0       
 NEXT SEEDS:216F1F37       0       0       0       0       0   11A84       4       0       0
     920000               1080000               1080000             2.5950402E-05         1.0000000E+30                 0       
 NEXT SEEDS:21B4F2C7       0       0       0       0       0   11A84       4       0       0
     960000               1040000               1040000             2.5886690E-05         1.0000000E+30                 0       
 NEXT SEEDS:21FC689D       0       0       0       0       0   11A84       4       0       0
    1000000               1000000               1000000             2.5787080E-05         1.0000000E+30                 0       
 NEXT SEEDS:224233EB       0       0       0       0       0   11A84       4       0       0
    1040000                960000                960000             2.5650908E-05         1.0000000E+30                 0       
 NEXT SEEDS:2289BBB0       0       0       0       0       0   11A84       4       0       0
    1080000                920000                920000             2.5510936E-05         1.0000000E+30                 0       
 NEXT SEEDS:22D05426       0       0       0       0       0   11A84       4       0       0
    1120000                880000                880000             2.5387212E-05         1.0000000E+30                 0       
 NEXT SEEDS:23178EF1       0       0       0       0       0   11A84       4       0       0
    1160000                840000                840000             2.5253059E-05         1.0000000E+30                 0       
 NEXT SEEDS:235CE125       0       0       0       0       0   11A84       4       0       0
    1200000                800000                800000             2.5342814E-05         1.0000000E+30                 0       
 NEXT SEEDS:23A4F1A7       0       0       0       0       0   11A84       4       0       0
    1240000                760000                760000             2.5570306E-05         1.0000000E+30                 0       
 NEXT SEEDS:23EB44B6       0       0       0       0       0   11A84       4       0       0
    1280000                720000                720000             2.5452381E-05         1.0000000E+30                 0       
 NEXT SEEDS:2430B0E1       0       0       0       0       0   11A84       4       0       0
    1320000                680000                680000             2.5543085E-05         1.0000000E+30                 0       
 NEXT SEEDS:247681DD       0       0       0       0       0   11A84       4       0       0
    1360000                640000                640000             2.5775494E-05         1.0000000E+30                 0       
 NEXT SEEDS:24BC0869       0       0       0       0       0   11A84       4       0       0
    1400000                600000                600000             2.6116744E-05         1.0000000E+30                 0       
 NEXT SEEDS:25021B82       0       0       0       0       0   11A84       4       0       0
    1440000                560000                560000             2.6102283E-05         1.0000000E+30                 0       
 NEXT SEEDS:2547FE0B       0       0       0       0       0   11A84       4       0       0
    1480000                520000                520000             2.6082521E-05         1.0000000E+30                 0       
 NEXT SEEDS:258E32AB       0       0       0       0       0   11A84       4       0       0
    1520000                480000                480000             2.6023019E-05         1.0000000E+30                 0       
 NEXT SEEDS:25D375D7       0       0       0       0       0   11A84       4       0       0
    1560000                440000                440000             2.6100520E-05         1.0000000E+30                 0       
 NEXT SEEDS:261A7296       0       0       0       0       0   11A84       4       0       0
    1600000                400000                400000             2.6294129E-05         1.0000000E+30                 0       
 NEXT SEEDS:265F8A62       0       0       0       0       0   11A84       4       0       0
    1640000                360000                360000             2.6234426E-05         1.0000000E+30                 0       
 NEXT SEEDS:26A55C35       0       0       0       0       0   11A84       4       0       0
    1680000                320000                320000             2.6131741E-05         1.0000000E+30                 0       
 NEXT SEEDS:26EAC8CC       0       0       0       0       0   11A84       4       0       0
    1720000                280000                280000             2.6066968E-05         1.0000000E+30                 0       
 NEXT SEEDS:2730CDFF       0       0       0       0       0   11A84       4       0       0
    1760000                240000                240000             2.6009683E-05         1.0000000E+30                 0       
 NEXT SEEDS:27762C0F       0       0       0       0       0   11A84       4       0       0
    1800000                200000                200000             2.5954943E-05         1.0000000E+30                 0       
 NEXT SEEDS:27BC5EB7       0       0       0       0       0   11A84       4       0       0
    1840000                160000                160000             2.5858025E-05         1.0000000E+30                 0       
 NEXT SEEDS:2800BFE7       0       0       0       0       0   11A84       4       0       0
    1880000                120000                120000             2.5768955E-05         1.0000000E+30                 0       
 NEXT SEEDS:28461DA2       0       0       0       0       0   11A84       4       0       0
    1920000                 80000                 80000             2.5954387E-05         1.0000000E+30                 0       
 NEXT SEEDS:288DA06F       0       0       0       0       0   11A84       4       0       0
    1960000                 40000                 40000             2.6098584E-05         1.0000000E+30                 0       
 NEXT SEEDS:28D3759C       0       0       0       0       0   11A84       4       0       0
    1999950                    50                    50             2.6020695E-05         1.0000000E+30                 0       
 NEXT SEEDS:291A17B8       0       0       0       0       0   11A84       4       0       0
    1999951                    49                    49             2.6020682E-05         1.0000000E+30                 0       
 NEXT SEEDS:291A17BF       0       0       0       0       0   11A84       4       0       0
    1999952                    48                    48             2.6020669E-05         1.0000000E+30                 0       
 NEXT SEEDS:291A17C6       0       0       0       0       0   11A84       4       0       0
    1999953                    47                    47             2.6021155E-05         1.0000000E+30                 0       
 NEXT SEEDS:291A27D2       0       0       0       0       0   11A84       4       0       0
    1999954                    46                    46             2.6021142E-05         1.0000000E+30                 0       
 NEXT SEEDS:291A27F2       0       0       0       0       0   11A84       4       0       0
    1999955                    45                    45             2.6021129E-05         1.0000000E+30                 0       
 NEXT SEEDS:291A2818       0       0       0       0       0   11A84       4       0       0
    1999956                    44                    44             2.6021116E-05         1.0000000E+30                 0       
 NEXT SEEDS:291A286B       0       0       0       0       0   11A84       4       0       0
    1999957                    43                    43             2.6021103E-05         1.0000000E+30                 0       
 NEXT SEEDS:291A2908       0       0       0       0       0   11A84       4       0       0
    1999958                    42                    42             2.6021090E-05         1.0000000E+30                 0       
 NEXT SEEDS:291A2932       0       0       0       0       0   11A84       4       0       0
    1999959                    41                    41             2.6021077E-05         1.0000000E+30                 0       
 NEXT SEEDS:291A2BDE       0       0       0       0       0   11A84       4       0       0
    1999960                    40                    40             2.6021064E-05         1.0000000E+30                 0       
 NEXT SEEDS:291A2D99       0       0       0       0       0   11A84       4       0       0
    1999961                    39                    39             2.6021051E-05         1.0000000E+30                 0       
 NEXT SEEDS:291A2DBA       0       0       0       0       0   11A84       4       0       0
    1999962                    38                    38             2.6021038E-05         1.0000000E+30                 0       
 NEXT SEEDS:291A2DF5       0       0       0       0       0   11A84       4       0       0
    1999963                    37                    37             2.6021025E-05         1.0000000E+30                 0       
 NEXT SEEDS:291A2E97       0       0       0       0       0   11A84       4       0       0
    1999964                    36                    36             2.6021012E-05         1.0000000E+30                 0       
 NEXT SEEDS:291A2EAD       0       0       0       0       0   11A84       4       0       0
    1999965                    35                    35             2.6020999E-05         1.0000000E+30                 0       
 NEXT SEEDS:291A2EB9       0       0       0       0       0   11A84       4       0       0
    1999966                    34                    34             2.6020986E-05         1.0000000E+30                 0       
 NEXT SEEDS:291A2ED3       0       0       0       0       0   11A84       4       0       0
    1999967                    33                    33             2.6020973E-05         1.0000000E+30                 0       
 NEXT SEEDS:291A2EFE       0       0       0       0       0   11A84       4       0       0
    1999968                    32                    32             2.6020960E-05         1.0000000E+30                 0       
 NEXT SEEDS:291A2F0D       0       0       0       0       0   11A84       4       0       0
    1999969                    31                    31             2.6020947E-05         1.0000000E+30                 0       
 NEXT SEEDS:291A2F47       0       0       0       0       0   11A84       4       0       0
    1999970                    30                    30             2.6020934E-05         1.0000000E+30                 0       
 NEXT SEEDS:291A2F6D       0       0       0       0       0   11A84       4       0       0
    1999971                    29                    29             2.6020921E-05         1.0000000E+30                 0       
 NEXT SEEDS:291A2FE3       0       0       0       0       0   11A84       4       0       0
    1999972                    28                    28             2.6020908E-05         1.0000000E+30                 0       
 NEXT SEEDS:291A2FF3       0       0       0       0       0   11A84       4       0       0
    1999973                    27                    27             2.6020895E-05         1.0000000E+30                 0       
 NEXT SEEDS:291A3009       0       0       0       0       0   11A84       4       0       0
    1999974                    26                    26             2.6020882E-05         1.0000000E+30                 0       
 NEXT SEEDS:291A3095       0       0       0       0       0   11A84       4       0       0
    1999975                    25                    25             2.6020869E-05         1.0000000E+30                 0       
 NEXT SEEDS:291A3102       0       0       0       0       0   11A84       4       0       0
    1999976                    24                    24             2.6020856E-05         1.0000000E+30                 0       
 NEXT SEEDS:291A310E       0       0       0       0       0   11A84       4       0       0
    1999977                    23                    23             2.6021343E-05         1.0000000E+30                 0       
 NEXT SEEDS:291A319A       0       0       0       0       0   11A84       4       0       0
    1999978                    22                    22             2.6021330E-05         1.0000000E+30                 0       
 NEXT SEEDS:291A31C8       0       0       0       0       0   11A84       4       0       0
    1999979                    21                    21             2.6021317E-05         1.0000000E+30                 0       
 NEXT SEEDS:291A31F1       0       0       0       0       0   11A84       4       0       0
    1999980                    20                    20             2.6021304E-05         1.0000000E+30                 0       
 NEXT SEEDS:291A31FD       0       0       0       0       0   11A84       4       0       0
    1999981                    19                    19             2.6021291E-05         1.0000000E+30                 0       
 NEXT SEEDS:291A323E       0       0       0       0       0   11A84       4       0       0
    1999982                    18                    18             2.6021278E-05         1.0000000E+30                 0       
 NEXT SEEDS:291A3274       0       0       0       0       0   11A84       4       0       0
    1999983                    17                    17             2.6021265E-05         1.0000000E+30                 0       
 NEXT SEEDS:291A3280       0       0       0       0       0   11A84       4       0       0
    1999984                    16                    16             2.6021252E-05         1.0000000E+30                 0       
 NEXT SEEDS:291A3298       0       0       0       0       0   11A84       4       0       0
    1999985                    15                    15             2.6021239E-05         1.0000000E+30                 0       
 NEXT SEEDS:291A3359       0       0       0       0       0   11A84       4       0       0
    1999986                    14                    14             2.6021226E-05         1.0000000E+30                 0       
 NEXT SEEDS:291A33BD       0       0       0       0       0   11A84       4       0       0
    1999987                    13                    13             2.6021213E-05         1.0000000E+30                 0       
 NEXT SEEDS:291A344A       0       0       0       0       0   11A84       4       0       0
    1999988                    12                    12             2.6021200E-05         1.0000000E+30                 0       
 NEXT SEEDS:291A34C4       0       0       0       0       0   11A84       4       0       0
    1999989                    11                    11             2.6021187E-05         1.0000000E+30                 0       
 NEXT SEEDS:291A34D8       0       0       0       0       0   11A84       4       0       0
    1999990                    10                    10             2.6021174E-05         1.0000000E+30                 0       
 NEXT SEEDS:291A34FC       0       0       0       0       0   11A84       4       0       0
    1999991                     9                     9             2.6021161E-05         1.0000000E+30                 0       
 NEXT SEEDS:291A3513       0       0       0       0       0   11A84       4       0       0
    1999992                     8                     8             2.6021148E-05         1.0000000E+30                 0       
 NEXT SEEDS:291A352F       0       0       0       0       0   11A84       4       0       0
    1999993                     7                     7             2.6021135E-05         1.0000000E+30                 0       
 NEXT SEEDS:291A3577       0       0       0       0       0   11A84       4       0       0
    1999994                     6                     6             2.6021122E-05         1.0000000E+30                 0       
 NEXT SEEDS:291A361C       0       0       0       0       0   11A84       4       0       0
    1999995                     5                     5             2.6021109E-05         1.0000000E+30                 0       
 NEXT SEEDS:291A362B       0       0       0       0       0   11A84       4       0       0
    1999996                     4                     4             2.6021096E-05         1.0000000E+30                 0       
 NEXT SEEDS:291A36DE       0       0       0       0       0   11A84       4       0       0
    1999997                     3                     3             2.6021083E-05         1.0000000E+30                 0       
 NEXT SEEDS:291A37D0       0       0       0       0       0   11A84       4       0       0
    1999998                     2                     2             2.6021070E-05         1.0000000E+30                 0       
 NEXT SEEDS:291A37FA       0       0       0       0       0   11A84       4       0       0
    1999999                     1                     1             2.6021057E-05         1.0000000E+30                 0       
 NEXT SEEDS:291A3826       0       0       0       0       0   11A84       4       0       0
    2000000                     0                     1             2.6021044E-05         1.0000000E+30                 0       
 NEXT SEEDS:291A3888       0       0       0       0       0   11A84       4       0       0
