1NUMBER OF BEAM       NUMBER OF BEAM        APPROXIMATE NUMBER    AVERAGE TIME USED     TIME LEFT (RESERVED   NUMBER OF STARS
 PARTICLES HANDLED    PARTICLES LEFT        OF BEAM PARTICLES     BY A BEAM PARTICLE     10000.0 SECONDS      CREATED
                                            THAT CAN STILL BE                           FOR PRINTOUT)
                                            HANDLED

 NEXT SEEDS: DB244B2       0       0       0       0       0   11A84       4       0       0
          1               1999999               1999999             0.0000000E+00         1.0000000E+30                 0       
 NEXT SEEDS: DB24579       0       0       0       0       0   11A84       4       0       0
      40000               1960000               1960000             3.1695175E-05         1.0000000E+30                 0       
 NEXT SEEDS: DF8725E       0       0       0       0       0   11A84       4       0       0
      80000               1920000               1920000             2.6920897E-05         1.0000000E+30                 0       
 NEXT SEEDS: E3E5225       0       0       0       0       0   11A84       4       0       0
     120000               1880000               1880000             2.5229490E-05         1.0000000E+30                 0       
 NEXT SEEDS: E83F6D1       0       0       0       0       0   11A84       4       0       0
     160000               1840000               1840000             2.6508465E-05         1.0000000E+30                 0       
 NEXT SEEDS: ECAC29C       0       0       0       0       0   11A84       4       0       0
     200000               1800000               1800000             2.8885605E-05         1.0000000E+30                 0       
 NEXT SEEDS: F1223E2       0       0       0       0       0   11A84       4       0       0
     240000               1760000               1760000             2.8520662E-05         1.0000000E+30                 0       
 NEXT SEEDS: F57F232       0       0       0       0       0   11A84       4       0       0
     280000               1720000               1720000             2.9788329E-05         1.0000000E+30                 0       
 NEXT SEEDS: F9E3ACD       0       0       0       0       0   11A84       4       0       0
     320000               1680000               1680000             2.9248677E-05         1.0000000E+30                 0       
 NEXT SEEDS: FE4B193       0       0       0       0       0   11A84       4       0       0
     360000               1640000               1640000             2.8501221E-05         1.0000000E+30                 0       
 NEXT SEEDS:1029BB00       0       0       0       0       0   11A84       4       0       0
     400000               1600000               1600000             2.8293196E-05         1.0000000E+30                 0       
 NEXT SEEDS:10702B48       0       0       0       0       0   11A84       4       0       0
     440000               1560000               1560000             2.7791228E-05         1.0000000E+30                 0       
 NEXT SEEDS:10B630DF       0       0       0       0       0   11A84       4       0       0
  *** Eveneu: no downsc. group selected, cusngl, rsngl, igpr ***  0.999999881
  0.999999881 249
     480000               1520000               1520000             2.7377086E-05         1.0000000E+30                 0       
 NEXT SEEDS:10FC4246       0       0       0       0       0   11A84       4       0       0
     520000               1480000               1480000             2.6953595E-05         1.0000000E+30                 0       
 NEXT SEEDS:11426462       0       0       0       0       0   11A84       4       0       0
     560000               1440000               1440000             2.6592385E-05         1.0000000E+30                 0       
 NEXT SEEDS:1188D174       0       0       0       0       0   11A84       4       0       0
     600000               1400000               1400000             2.6289337E-05         1.0000000E+30                 0       
 NEXT SEEDS:11CFC361       0       0       0       0       0   11A84       4       0       0
     640000               1360000               1360000             2.5996048E-05         1.0000000E+30                 0       
 NEXT SEEDS:1215852A       0       0       0       0       0   11A84       4       0       0
     680000               1320000               1320000             2.5760789E-05         1.0000000E+30                 0       
 NEXT SEEDS:125C7014       0       0       0       0       0   11A84       4       0       0
     720000               1280000               1280000             2.5543338E-05         1.0000000E+30                 0       
 NEXT SEEDS:12A2CC2D       0       0       0       0       0   11A84       4       0       0
     760000               1240000               1240000             2.5348777E-05         1.0000000E+30                 0       
 NEXT SEEDS:12E90134       0       0       0       0       0   11A84       4       0       0
     800000               1200000               1200000             2.5189920E-05         1.0000000E+30                 0       
 NEXT SEEDS:1330745D       0       0       0       0       0   11A84       4       0       0
     840000               1160000               1160000             2.5041431E-05         1.0000000E+30                 0       
 NEXT SEEDS:13772414       0       0       0       0       0   11A84       4       0       0
     880000               1120000               1120000             2.4904167E-05         1.0000000E+30                 0       
 NEXT SEEDS:13BDDE86       0       0       0       0       0   11A84       4       0       0
     920000               1080000               1080000             2.4775580E-05         1.0000000E+30                 0       
 NEXT SEEDS:140411DE       0       0       0       0       0   11A84       4       0       0
     960000               1040000               1040000             2.4651460E-05         1.0000000E+30                 0       
 NEXT SEEDS:144A2AB2       0       0       0       0       0   11A84       4       0       0
    1000000               1000000               1000000             2.4548268E-05         1.0000000E+30                 0       
 NEXT SEEDS:1490A440       0       0       0       0       0   11A84       4       0       0
    1040000                960000                960000             2.4440515E-05         1.0000000E+30                 0       
 NEXT SEEDS:14D65AE0       0       0       0       0       0   11A84       4       0       0
    1080000                920000                920000             2.4338892E-05         1.0000000E+30                 0       
 NEXT SEEDS:151C8EAB       0       0       0       0       0   11A84       4       0       0
    1120000                880000                880000             2.4248100E-05         1.0000000E+30                 0       
 NEXT SEEDS:15628253       0       0       0       0       0   11A84       4       0       0
    1160000                840000                840000             2.4153223E-05         1.0000000E+30                 0       
 NEXT SEEDS:15A793F9       0       0       0       0       0   11A84       4       0       0
    1200000                800000                800000             2.4494610E-05         1.0000000E+30                 0       
 NEXT SEEDS:15ED777D       0       0       0       0       0   11A84       4       0       0
    1240000                760000                760000             2.4650285E-05         1.0000000E+30                 0       
 NEXT SEEDS:163209B1       0       0       0       0       0   11A84       4       0       0
    1280000                720000                720000             2.4581418E-05         1.0000000E+30                 0       
 NEXT SEEDS:1678A280       0       0       0       0       0   11A84       4       0       0
    1320000                680000                680000             2.4510667E-05         1.0000000E+30                 0       
 NEXT SEEDS:16BE21D7       0       0       0       0       0   11A84       4       0       0
    1360000                640000                640000             2.4523477E-05         1.0000000E+30                 0       
 NEXT SEEDS:1703EFC6       0       0       0       0       0   11A84       4       0       0
    1400000                600000                600000             2.4485564E-05         1.0000000E+30                 0       
 NEXT SEEDS:1748F2F8       0       0       0       0       0   11A84       4       0       0
    1440000                560000                560000             2.4426842E-05         1.0000000E+30                 0       
 NEXT SEEDS:178FA4ED       0       0       0       0       0   11A84       4       0       0
    1480000                520000                520000             2.4342921E-05         1.0000000E+30                 0       
 NEXT SEEDS:17D46010       0       0       0       0       0   11A84       4       0       0
    1520000                480000                480000             2.4720584E-05         1.0000000E+30                 0       
 NEXT SEEDS:181A750D       0       0       0       0       0   11A84       4       0       0
    1560000                440000                440000             2.4652662E-05         1.0000000E+30                 0       
 NEXT SEEDS:186089A9       0       0       0       0       0   11A84       4       0       0
    1600000                400000                400000             2.5233038E-05         1.0000000E+30                 0       
 NEXT SEEDS:18A65FE8       0       0       0       0       0   11A84       4       0       0
    1640000                360000                360000             2.5250428E-05         1.0000000E+30                 0       
 NEXT SEEDS:18EDAA68       0       0       0       0       0   11A84       4       0       0
    1680000                320000                320000             2.5197954E-05         1.0000000E+30                 0       
 NEXT SEEDS:1933ECAD       0       0       0       0       0   11A84       4       0       0
    1720000                280000                280000             2.5433924E-05         1.0000000E+30                 0       
 NEXT SEEDS:197B2395       0       0       0       0       0   11A84       4       0       0
    1760000                240000                240000             2.5592132E-05         1.0000000E+30                 0       
 NEXT SEEDS:19C2B6EF       0       0       0       0       0   11A84       4       0       0
    1800000                200000                200000             2.5527230E-05         1.0000000E+30                 0       
 NEXT SEEDS:1A088E56       0       0       0       0       0   11A84       4       0       0
    1840000                160000                160000             2.5460803E-05         1.0000000E+30                 0       
 NEXT SEEDS:1A4E66AC       0       0       0       0       0   11A84       4       0       0
    1880000                120000                120000             2.5445600E-05         1.0000000E+30                 0       
 NEXT SEEDS:1A93C83C       0       0       0       0       0   11A84       4       0       0
    1920000                 80000                 80000             2.5406554E-05         1.0000000E+30                 0       
 NEXT SEEDS:1ADA73BC       0       0       0       0       0   11A84       4       0       0
    1960000                 40000                 40000             2.5513978E-05         1.0000000E+30                 0       
 NEXT SEEDS:1B20713D       0       0       0       0       0   11A84       4       0       0
    1999950                    50                    50             2.5729232E-05         1.0000000E+30                 0       
 NEXT SEEDS:1B65D81E       0       0       0       0       0   11A84       4       0       0
    1999951                    49                    49             2.5729219E-05         1.0000000E+30                 0       
 NEXT SEEDS:1B65D832       0       0       0       0       0   11A84       4       0       0
    1999952                    48                    48             2.5729206E-05         1.0000000E+30                 0       
 NEXT SEEDS:1B65D893       0       0       0       0       0   11A84       4       0       0
    1999953                    47                    47             2.5729193E-05         1.0000000E+30                 0       
 NEXT SEEDS:1B65D89F       0       0       0       0       0   11A84       4       0       0
    1999954                    46                    46             2.5729680E-05         1.0000000E+30                 0       
 NEXT SEEDS:1B65D8C5       0       0       0       0       0   11A84       4       0       0
    1999955                    45                    45             2.5729667E-05         1.0000000E+30                 0       
 NEXT SEEDS:1B65D8D1       0       0       0       0       0   11A84       4       0       0
    1999956                    44                    44             2.5729654E-05         1.0000000E+30                 0       
 NEXT SEEDS:1B65D8DD       0       0       0       0       0   11A84       4       0       0
    1999957                    43                    43             2.5729641E-05         1.0000000E+30                 0       
 NEXT SEEDS:1B65D8E9       0       0       0       0       0   11A84       4       0       0
    1999958                    42                    42             2.5729628E-05         1.0000000E+30                 0       
 NEXT SEEDS:1B65D8F5       0       0       0       0       0   11A84       4       0       0
    1999959                    41                    41             2.5729616E-05         1.0000000E+30                 0       
 NEXT SEEDS:1B65DAB6       0       0       0       0       0   11A84       4       0       0
    1999960                    40                    40             2.5729603E-05         1.0000000E+30                 0       
 NEXT SEEDS:1B65DB6E       0       0       0       0       0   11A84       4       0       0
    1999961                    39                    39             2.5729590E-05         1.0000000E+30                 0       
 NEXT SEEDS:1B65DC9F       0       0       0       0       0   11A84       4       0       0
    1999962                    38                    38             2.5729577E-05         1.0000000E+30                 0       
 NEXT SEEDS:1B65DCAB       0       0       0       0       0   11A84       4       0       0
    1999963                    37                    37             2.5730064E-05         1.0000000E+30                 0       
 NEXT SEEDS:1B65DCF3       0       0       0       0       0   11A84       4       0       0
    1999964                    36                    36             2.5730051E-05         1.0000000E+30                 0       
 NEXT SEEDS:1B65DCFF       0       0       0       0       0   11A84       4       0       0
    1999965                    35                    35             2.5730038E-05         1.0000000E+30                 0       
 NEXT SEEDS:1B65DD0B       0       0       0       0       0   11A84       4       0       0
    1999966                    34                    34             2.5730025E-05         1.0000000E+30                 0       
 NEXT SEEDS:1B65DD50       0       0       0       0       0   11A84       4       0       0
    1999967                    33                    33             2.5730012E-05         1.0000000E+30                 0       
 NEXT SEEDS:1B65DD5F       0       0       0       0       0   11A84       4       0       0
    1999968                    32                    32             2.5729999E-05         1.0000000E+30                 0       
 NEXT SEEDS:1B65DDE3       0       0       0       0       0   11A84       4       0       0
    1999969                    31                    31             2.5729987E-05         1.0000000E+30                 0       
 NEXT SEEDS:1B65DEB3       0       0       0       0       0   11A84       4       0       0
    1999970                    30                    30             2.5729974E-05         1.0000000E+30                 0       
 NEXT SEEDS:1B65DEBF       0       0       0       0       0   11A84       4       0       0
    1999971                    29                    29             2.5729961E-05         1.0000000E+30                 0       
 NEXT SEEDS:1B65DEF3       0       0       0       0       0   11A84       4       0       0
    1999972                    28                    28             2.5729948E-05         1.0000000E+30                 0       
 NEXT SEEDS:1B65DF17       0       0       0       0       0   11A84       4       0       0
    1999973                    27                    27             2.5729935E-05         1.0000000E+30                 0       
 NEXT SEEDS:1B65DF67       0       0       0       0       0   11A84       4       0       0
    1999974                    26                    26             2.5729922E-05         1.0000000E+30                 0       
 NEXT SEEDS:1B65DF73       0       0       0       0       0   11A84       4       0       0
    1999975                    25                    25             2.5729909E-05         1.0000000E+30                 0       
 NEXT SEEDS:1B65DF7F       0       0       0       0       0   11A84       4       0       0
    1999976                    24                    24             2.5729897E-05         1.0000000E+30                 0       
 NEXT SEEDS:1B65DFA5       0       0       0       0       0   11A84       4       0       0
    1999977                    23                    23             2.5729884E-05         1.0000000E+30                 0       
 NEXT SEEDS:1B65DFE1       0       0       0       0       0   11A84       4       0       0
    1999978                    22                    22             2.5730371E-05         1.0000000E+30                 0       
 NEXT SEEDS:1B65E018       0       0       0       0       0   11A84       4       0       0
    1999979                    21                    21             2.5730358E-05         1.0000000E+30                 0       
 NEXT SEEDS:1B65E134       0       0       0       0       0   11A84       4       0       0
    1999980                    20                    20             2.5730345E-05         1.0000000E+30                 0       
 NEXT SEEDS:1B65E162       0       0       0       0       0   11A84       4       0       0
    1999981                    19                    19             2.5730332E-05         1.0000000E+30                 0       
 NEXT SEEDS:1B65E1C4       0       0       0       0       0   11A84       4       0       0
    1999982                    18                    18             2.5730319E-05         1.0000000E+30                 0       
 NEXT SEEDS:1B65E1CB       0       0       0       0       0   11A84       4       0       0
    1999983                    17                    17             2.5730306E-05         1.0000000E+30                 0       
 NEXT SEEDS:1B65E1DF       0       0       0       0       0   11A84       4       0       0
    1999984                    16                    16             2.5730293E-05         1.0000000E+30                 0       
 NEXT SEEDS:1B65E280       0       0       0       0       0   11A84       4       0       0
    1999985                    15                    15             2.5730280E-05         1.0000000E+30                 0       
 NEXT SEEDS:1B65E311       0       0       0       0       0   11A84       4       0       0
    1999986                    14                    14             2.5730268E-05         1.0000000E+30                 0       
 NEXT SEEDS:1B65E33C       0       0       0       0       0   11A84       4       0       0
    1999987                    13                    13             2.5730255E-05         1.0000000E+30                 0       
 NEXT SEEDS:1B65E374       0       0       0       0       0   11A84       4       0       0
    1999988                    12                    12             2.5730242E-05         1.0000000E+30                 0       
 NEXT SEEDS:1B65E37B       0       0       0       0       0   11A84       4       0       0
    1999989                    11                    11             2.5730229E-05         1.0000000E+30                 0       
 NEXT SEEDS:1B65E3B5       0       0       0       0       0   11A84       4       0       0
    1999990                    10                    10             2.5730216E-05         1.0000000E+30                 0       
 NEXT SEEDS:1B65E3C6       0       0       0       0       0   11A84       4       0       0
    1999991                     9                     9             2.5730203E-05         1.0000000E+30                 0       
 NEXT SEEDS:1B65E3E8       0       0       0       0       0   11A84       4       0       0
    1999992                     8                     8             2.5730190E-05         1.0000000E+30                 0       
 NEXT SEEDS:1B65E406       0       0       0       0       0   11A84       4       0       0
    1999993                     7                     7             2.5730178E-05         1.0000000E+30                 0       
 NEXT SEEDS:1B65E459       0       0       0       0       0   11A84       4       0       0
    1999994                     6                     6             2.5730165E-05         1.0000000E+30                 0       
 NEXT SEEDS:1B65E489       0       0       0       0       0   11A84       4       0       0
    1999995                     5                     5             2.5730152E-05         1.0000000E+30                 0       
 NEXT SEEDS:1B65E495       0       0       0       0       0   11A84       4       0       0
    1999996                     4                     4             2.5730639E-05         1.0000000E+30                 0       
 NEXT SEEDS:1B65E4D6       0       0       0       0       0   11A84       4       0       0
    1999997                     3                     3             2.5730626E-05         1.0000000E+30                 0       
 NEXT SEEDS:1B65EC8B       0       0       0       0       0   11A84       4       0       0
    1999998                     2                     2             2.5730613E-05         1.0000000E+30                 0       
 NEXT SEEDS:1B65F1CB       0       0       0       0       0   11A84       4       0       0
    1999999                     1                     1             2.5730600E-05         1.0000000E+30                 0       
 NEXT SEEDS:1B65F825       0       0       0       0       0   11A84       4       0       0
    2000000                     0                     1             2.5730587E-05         1.0000000E+30                 0       
 NEXT SEEDS:1B65F84B       0       0       0       0       0   11A84       4       0       0
