1NUMBER OF BEAM       NUMBER OF BEAM        APPROXIMATE NUMBER    AVERAGE TIME USED     TIME LEFT (RESERVED   NUMBER OF STARS
 PARTICLES HANDLED    PARTICLES LEFT        OF BEAM PARTICLES     BY A BEAM PARTICLE     10000.0 SECONDS      CREATED
                                            THAT CAN STILL BE                           FOR PRINTOUT)
                                            HANDLED

 NEXT SEEDS:22F5452A       0       0       0       0       0   11A82       4       0       0
          1               1999999               1999999             0.0000000E+00         1.0000000E+30                 0       
 NEXT SEEDS:22F5456A       0       0       0       0       0   11A82       4       0       0
      40000               1960000               1960000             2.8520679E-05         1.0000000E+30                 0       
 NEXT SEEDS:2330C958       0       0       0       0       0   11A82       4       0       0
      80000               1920000               1920000             2.8058237E-05         1.0000000E+30                 0       
 NEXT SEEDS:236CBB79       0       0       0       0       0   11A82       4       0       0
     120000               1880000               1880000             2.5187838E-05         1.0000000E+30                 0       
 NEXT SEEDS:23A87070       0       0       0       0       0   11A82       4       0       0
     160000               1840000               1840000             2.3665151E-05         1.0000000E+30                 0       
 NEXT SEEDS:23E2FC18       0       0       0       0       0   11A82       4       0       0
     200000               1800000               1800000             2.3206470E-05         1.0000000E+30                 0       
 NEXT SEEDS:241CD623       0       0       0       0       0   11A82       4       0       0
     240000               1760000               1760000             2.2696549E-05         1.0000000E+30                 0       
 NEXT SEEDS:24583821       0       0       0       0       0   11A82       4       0       0
     280000               1720000               1720000             2.2389455E-05         1.0000000E+30                 0       
 NEXT SEEDS:2493607D       0       0       0       0       0   11A82       4       0       0
     320000               1680000               1680000             2.1984158E-05         1.0000000E+30                 0       
 NEXT SEEDS:24CE5AB3       0       0       0       0       0   11A82       4       0       0
     360000               1640000               1640000             2.1680039E-05         1.0000000E+30                 0       
 NEXT SEEDS:250A10F9       0       0       0       0       0   11A82       4       0       0
     400000               1600000               1600000             2.2004155E-05         1.0000000E+30                 0       
 NEXT SEEDS:25463990       0       0       0       0       0   11A82       4       0       0
     440000               1560000               1560000             2.3310092E-05         1.0000000E+30                 0       
 NEXT SEEDS:25824156       0       0       0       0       0   11A82       4       0       0
     480000               1520000               1520000             2.3004835E-05         1.0000000E+30                 0       
 NEXT SEEDS:25BDC3B8       0       0       0       0       0   11A82       4       0       0
     520000               1480000               1480000             2.3133022E-05         1.0000000E+30                 0       
 NEXT SEEDS:25FA87BF       0       0       0       0       0   11A82       4       0       0
     560000               1440000               1440000             2.4015993E-05         1.0000000E+30                 0       
 NEXT SEEDS:2636E04F       0       0       0       0       0   11A82       4       0       0
     600000               1400000               1400000             2.3954691E-05         1.0000000E+30                 0       
 NEXT SEEDS:26735AAB       0       0       0       0       0   11A82       4       0       0
     640000               1360000               1360000             2.3746390E-05         1.0000000E+30                 0       
 NEXT SEEDS:26B008FD       0       0       0       0       0   11A82       4       0       0
     680000               1320000               1320000             2.3630230E-05         1.0000000E+30                 0       
 NEXT SEEDS:26EB82FE       0       0       0       0       0   11A82       4       0       0
     720000               1280000               1280000             2.3521424E-05         1.0000000E+30                 0       
 NEXT SEEDS:2726A492       0       0       0       0       0   11A82       4       0       0
     760000               1240000               1240000             2.3372764E-05         1.0000000E+30                 0       
 NEXT SEEDS:2761891D       0       0       0       0       0   11A82       4       0       0
     800000               1200000               1200000             2.3193973E-05         1.0000000E+30                 0       
 NEXT SEEDS:279DE903       0       0       0       0       0   11A82       4       0       0
     840000               1160000               1160000             2.3006027E-05         1.0000000E+30                 0       
 NEXT SEEDS:27D90069       0       0       0       0       0   11A82       4       0       0
     880000               1120000               1120000             2.2832893E-05         1.0000000E+30                 0       
 NEXT SEEDS:2814DEA3       0       0       0       0       0   11A82       4       0       0
     920000               1080000               1080000             2.2697638E-05         1.0000000E+30                 0       
 NEXT SEEDS:28520F03       0       0       0       0       0   11A82       4       0       0
     960000               1040000               1040000             2.2531991E-05         1.0000000E+30                 0       
 NEXT SEEDS:288C6148       0       0       0       0       0   11A82       4       0       0
    1000000               1000000               1000000             2.2924515E-05         1.0000000E+30                 0       
 NEXT SEEDS:28C85183       0       0       0       0       0   11A82       4       0       0
    1040000                960000                960000             2.2968625E-05         1.0000000E+30                 0       
 NEXT SEEDS:29022E12       0       0       0       0       0   11A82       4       0       0
    1080000                920000                920000             2.2854858E-05         1.0000000E+30                 0       
 NEXT SEEDS:293EB86A       0       0       0       0       0   11A82       4       0       0
    1120000                880000                880000             2.2968829E-05         1.0000000E+30                 0       
 NEXT SEEDS:297AC8BE       0       0       0       0       0   11A82       4       0       0
    1160000                840000                840000             2.3299045E-05         1.0000000E+30                 0       
 NEXT SEEDS:29B64236       0       0       0       0       0   11A82       4       0       0
    1200000                800000                800000             2.3207304E-05         1.0000000E+30                 0       
 NEXT SEEDS:29F207D5       0       0       0       0       0   11A82       4       0       0
    1240000                760000                760000             2.3127936E-05         1.0000000E+30                 0       
 NEXT SEEDS:2A2DDDF5       0       0       0       0       0   11A82       4       0       0
    1280000                720000                720000             2.3059775E-05         1.0000000E+30                 0       
 NEXT SEEDS:2A69DE6D       0       0       0       0       0   11A82       4       0       0
    1320000                680000                680000             2.3005594E-05         1.0000000E+30                 0       
 NEXT SEEDS:2AA47156       0       0       0       0       0   11A82       4       0       0
    1360000                640000                640000             2.2944306E-05         1.0000000E+30                 0       
 NEXT SEEDS:2AE053AC       0       0       0       0       0   11A82       4       0       0
    1400000                600000                600000             2.2843671E-05         1.0000000E+30                 0       
 NEXT SEEDS:2B1C0304       0       0       0       0       0   11A82       4       0       0
    1440000                560000                560000             2.2772232E-05         1.0000000E+30                 0       
 NEXT SEEDS:2B587AAC       0       0       0       0       0   11A82       4       0       0
    1480000                520000                520000             2.3103919E-05         1.0000000E+30                 0       
 NEXT SEEDS:2B9396F5       0       0       0       0       0   11A82       4       0       0
    1520000                480000                480000             2.3091227E-05         1.0000000E+30                 0       
 NEXT SEEDS:2BCEC168       0       0       0       0       0   11A82       4       0       0
    1560000                440000                440000             2.3009321E-05         1.0000000E+30                 0       
 NEXT SEEDS:2C0B2F16       0       0       0       0       0   11A82       4       0       0
    1600000                400000                400000             2.2920267E-05         1.0000000E+30                 0       
 NEXT SEEDS:2C4667D3       0       0       0       0       0   11A82       4       0       0
    1640000                360000                360000             2.2914809E-05         1.0000000E+30                 0       
 NEXT SEEDS:2C82AA22       0       0       0       0       0   11A82       4       0       0
    1680000                320000                320000             2.2844146E-05         1.0000000E+30                 0       
 NEXT SEEDS:2CBD9DE1       0       0       0       0       0   11A82       4       0       0
    1720000                280000                280000             2.2795373E-05         1.0000000E+30                 0       
 NEXT SEEDS:2CF9662D       0       0       0       0       0   11A82       4       0       0
    1760000                240000                240000             2.2906177E-05         1.0000000E+30                 0       
 NEXT SEEDS:2D33BFED       0       0       0       0       0   11A82       4       0       0
    1800000                200000                200000             2.2994837E-05         1.0000000E+30                 0       
 NEXT SEEDS:2D6EE524       0       0       0       0       0   11A82       4       0       0
    1840000                160000                160000             2.2910648E-05         1.0000000E+30                 0       
 NEXT SEEDS:2DAA27AF       0       0       0       0       0   11A82       4       0       0
    1880000                120000                120000             2.3021500E-05         1.0000000E+30                 0       
 NEXT SEEDS:2DE741FE       0       0       0       0       0   11A82       4       0       0
    1920000                 80000                 80000             2.3203243E-05         1.0000000E+30                 0       
 NEXT SEEDS:2E22E90C       0       0       0       0       0   11A82       4       0       0
    1960000                 40000                 40000             2.3147502E-05         1.0000000E+30                 0       
 NEXT SEEDS:2E5E154D       0       0       0       0       0   11A82       4       0       0
    1999950                    50                    50             2.3107564E-05         1.0000000E+30                 0       
 NEXT SEEDS:2E9A7542       0       0       0       0       0   11A82       4       0       0
    1999951                    49                    49             2.3107552E-05         1.0000000E+30                 0       
 NEXT SEEDS:2E9A7597       0       0       0       0       0   11A82       4       0       0
    1999952                    48                    48             2.3107541E-05         1.0000000E+30                 0       
 NEXT SEEDS:2E9A75A3       0       0       0       0       0   11A82       4       0       0
    1999953                    47                    47             2.3107529E-05         1.0000000E+30                 0       
 NEXT SEEDS:2E9A7621       0       0       0       0       0   11A82       4       0       0
    1999954                    46                    46             2.3107518E-05         1.0000000E+30                 0       
 NEXT SEEDS:2E9A7665       0       0       0       0       0   11A82       4       0       0
    1999955                    45                    45             2.3107506E-05         1.0000000E+30                 0       
 NEXT SEEDS:2E9A7692       0       0       0       0       0   11A82       4       0       0
    1999956                    44                    44             2.3107495E-05         1.0000000E+30                 0       
 NEXT SEEDS:2E9A76B9       0       0       0       0       0   11A82       4       0       0
    1999957                    43                    43             2.3107483E-05         1.0000000E+30                 0       
 NEXT SEEDS:2E9A76D0       0       0       0       0       0   11A82       4       0       0
    1999958                    42                    42             2.3107472E-05         1.0000000E+30                 0       
 NEXT SEEDS:2E9A76DC       0       0       0       0       0   11A82       4       0       0
    1999959                    41                    41             2.3107460E-05         1.0000000E+30                 0       
 NEXT SEEDS:2E9A76EA       0       0       0       0       0   11A82       4       0       0
    1999960                    40                    40             2.3107448E-05         1.0000000E+30                 0       
 NEXT SEEDS:2E9A773E       0       0       0       0       0   11A82       4       0       0
    1999961                    39                    39             2.3107437E-05         1.0000000E+30                 0       
 NEXT SEEDS:2E9A774A       0       0       0       0       0   11A82       4       0       0
    1999962                    38                    38             2.3107425E-05         1.0000000E+30                 0       
 NEXT SEEDS:2E9A779C       0       0       0       0       0   11A82       4       0       0
    1999963                    37                    37             2.3107414E-05         1.0000000E+30                 0       
 NEXT SEEDS:2E9A77B0       0       0       0       0       0   11A82       4       0       0
    1999964                    36                    36             2.3107904E-05         1.0000000E+30                 0       
 NEXT SEEDS:2E9A77BC       0       0       0       0       0   11A82       4       0       0
    1999965                    35                    35             2.3107892E-05         1.0000000E+30                 0       
 NEXT SEEDS:2E9A780D       0       0       0       0       0   11A82       4       0       0
    1999966                    34                    34             2.3107881E-05         1.0000000E+30                 0       
 NEXT SEEDS:2E9A7834       0       0       0       0       0   11A82       4       0       0
    1999967                    33                    33             2.3107869E-05         1.0000000E+30                 0       
 NEXT SEEDS:2E9A7853       0       0       0       0       0   11A82       4       0       0
    1999968                    32                    32             2.3107858E-05         1.0000000E+30                 0       
 NEXT SEEDS:2E9A7983       0       0       0       0       0   11A82       4       0       0
    1999969                    31                    31             2.3107846E-05         1.0000000E+30                 0       
 NEXT SEEDS:2E9A7997       0       0       0       0       0   11A82       4       0       0
    1999970                    30                    30             2.3107835E-05         1.0000000E+30                 0       
 NEXT SEEDS:2E9A79EC       0       0       0       0       0   11A82       4       0       0
    1999971                    29                    29             2.3107823E-05         1.0000000E+30                 0       
 NEXT SEEDS:2E9A79F8       0       0       0       0       0   11A82       4       0       0
    1999972                    28                    28             2.3107811E-05         1.0000000E+30                 0       
 NEXT SEEDS:2E9A7A04       0       0       0       0       0   11A82       4       0       0
    1999973                    27                    27             2.3107800E-05         1.0000000E+30                 0       
 NEXT SEEDS:2E9A7A10       0       0       0       0       0   11A82       4       0       0
    1999974                    26                    26             2.3107788E-05         1.0000000E+30                 0       
 NEXT SEEDS:2E9A7A1C       0       0       0       0       0   11A82       4       0       0
    1999975                    25                    25             2.3107777E-05         1.0000000E+30                 0       
 NEXT SEEDS:2E9A7ADD       0       0       0       0       0   11A82       4       0       0
    1999976                    24                    24             2.3107765E-05         1.0000000E+30                 0       
 NEXT SEEDS:2E9A7B58       0       0       0       0       0   11A82       4       0       0
    1999977                    23                    23             2.3107754E-05         1.0000000E+30                 0       
 NEXT SEEDS:2E9A7B64       0       0       0       0       0   11A82       4       0       0
    1999978                    22                    22             2.3107742E-05         1.0000000E+30                 0       
 NEXT SEEDS:2E9A7B6B       0       0       0       0       0   11A82       4       0       0
    1999979                    21                    21             2.3107731E-05         1.0000000E+30                 0       
 NEXT SEEDS:2E9A7BE4       0       0       0       0       0   11A82       4       0       0
    1999980                    20                    20             2.3107719E-05         1.0000000E+30                 0       
 NEXT SEEDS:2E9A7C12       0       0       0       0       0   11A82       4       0       0
    1999981                    19                    19             2.3107707E-05         1.0000000E+30                 0       
 NEXT SEEDS:2E9A7C19       0       0       0       0       0   11A82       4       0       0
    1999982                    18                    18             2.3107696E-05         1.0000000E+30                 0       
 NEXT SEEDS:2E9A7C48       0       0       0       0       0   11A82       4       0       0
    1999983                    17                    17             2.3107684E-05         1.0000000E+30                 0       
 NEXT SEEDS:2E9A7C5C       0       0       0       0       0   11A82       4       0       0
    1999984                    16                    16             2.3107673E-05         1.0000000E+30                 0       
 NEXT SEEDS:2E9A7C68       0       0       0       0       0   11A82       4       0       0
    1999985                    15                    15             2.3108161E-05         1.0000000E+30                 0       
 NEXT SEEDS:2E9A875F       0       0       0       0       0   11A82       4       0       0
    1999986                    14                    14             2.3108149E-05         1.0000000E+30                 0       
 NEXT SEEDS:2E9A8773       0       0       0       0       0   11A82       4       0       0
    1999987                    13                    13             2.3108138E-05         1.0000000E+30                 0       
 NEXT SEEDS:2E9A8838       0       0       0       0       0   11A82       4       0       0
    1999988                    12                    12             2.3108126E-05         1.0000000E+30                 0       
 NEXT SEEDS:2E9A8844       0       0       0       0       0   11A82       4       0       0
    1999989                    11                    11             2.3108115E-05         1.0000000E+30                 0       
 NEXT SEEDS:2E9A8868       0       0       0       0       0   11A82       4       0       0
    1999990                    10                    10             2.3108103E-05         1.0000000E+30                 0       
 NEXT SEEDS:2E9A88BA       0       0       0       0       0   11A82       4       0       0
    1999991                     9                     9             2.3108092E-05         1.0000000E+30                 0       
 NEXT SEEDS:2E9A88D6       0       0       0       0       0   11A82       4       0       0
    1999992                     8                     8             2.3108080E-05         1.0000000E+30                 0       
 NEXT SEEDS:2E9A892B       0       0       0       0       0   11A82       4       0       0
    1999993                     7                     7             2.3108069E-05         1.0000000E+30                 0       
 NEXT SEEDS:2E9A8947       0       0       0       0       0   11A82       4       0       0
    1999994                     6                     6             2.3108057E-05         1.0000000E+30                 0       
 NEXT SEEDS:2E9A8963       0       0       0       0       0   11A82       4       0       0
    1999995                     5                     5             2.3108545E-05         1.0000000E+30                 0       
 NEXT SEEDS:2E9A896F       0       0       0       0       0   11A82       4       0       0
    1999996                     4                     4             2.3108534E-05         1.0000000E+30                 0       
 NEXT SEEDS:2E9A897B       0       0       0       0       0   11A82       4       0       0
    1999997                     3                     3             2.3108522E-05         1.0000000E+30                 0       
 NEXT SEEDS:2E9A89D3       0       0       0       0       0   11A82       4       0       0
    1999998                     2                     2             2.3108510E-05         1.0000000E+30                 0       
 NEXT SEEDS:2E9A8C61       0       0       0       0       0   11A82       4       0       0
    1999999                     1                     1             2.3108499E-05         1.0000000E+30                 0       
 NEXT SEEDS:2E9A8C70       0       0       0       0       0   11A82       4       0       0
    2000000                     0                     1             2.3108487E-05         1.0000000E+30                 0       
 NEXT SEEDS:2E9A8CA9       0       0       0       0       0   11A82       4       0       0
