1NUMBER OF BEAM       NUMBER OF BEAM        APPROXIMATE NUMBER    AVERAGE TIME USED     TIME LEFT (RESERVED   NUMBER OF STARS
 PARTICLES HANDLED    PARTICLES LEFT        OF BEAM PARTICLES     BY A BEAM PARTICLE     10000.0 SECONDS      CREATED
                                            THAT CAN STILL BE                           FOR PRINTOUT)
                                            HANDLED

 NEXT SEEDS:       0       0       0       0       0       0   11A82       4       0       0
          1               1999999               1999999             0.0000000E+00         1.0000000E+30                 0       
 NEXT SEEDS:       C       0       0       0       0       0   11A82       4       0       0
      40000               1960000               1960000             1.9672024E-05         1.0000000E+30                 0       
 NEXT SEEDS:  3B5290       0       0       0       0       0   11A82       4       0       0
      80000               1920000               1920000             1.9622022E-05         1.0000000E+30                 0       
 NEXT SEEDS:  76C7AC       0       0       0       0       0   11A82       4       0       0
     120000               1880000               1880000             1.9638681E-05         1.0000000E+30                 0       
 NEXT SEEDS:  B36ECD       0       0       0       0       0   11A82       4       0       0
     160000               1840000               1840000             1.9447044E-05         1.0000000E+30                 0       
 NEXT SEEDS:  EC9654       0       0       0       0       0   11A82       4       0       0
     200000               1800000               1800000             1.9427049E-05         1.0000000E+30                 0       
 NEXT SEEDS: 1289AF6       0       0       0       0       0   11A82       4       0       0
     240000               1760000               1760000             1.9409547E-05         1.0000000E+30                 0       
 NEXT SEEDS: 163CE17       0       0       0       0       0   11A82       4       0       0
     280000               1720000               1720000             1.9332775E-05         1.0000000E+30                 0       
 NEXT SEEDS: 19E2F9E       0       0       0       0       0   11A82       4       0       0
     320000               1680000               1680000             1.9347058E-05         1.0000000E+30                 0       
 NEXT SEEDS: 1D9D09D       0       0       0       0       0   11A82       4       0       0
     360000               1640000               1640000             1.9327618E-05         1.0000000E+30                 0       
 NEXT SEEDS: 214D100       0       0       0       0       0   11A82       4       0       0
     400000               1600000               1600000             1.9314564E-05         1.0000000E+30                 0       
 NEXT SEEDS: 25098C4       0       0       0       0       0   11A82       4       0       0
     440000               1560000               1560000             1.9340243E-05         1.0000000E+30                 0       
 NEXT SEEDS: 28CCC1B       0       0       0       0       0   11A82       4       0       0
     480000               1520000               1520000             1.9367889E-05         1.0000000E+30                 0       
 NEXT SEEDS: 2C940FD       0       0       0       0       0   11A82       4       0       0
     520000               1480000               1480000             1.9352826E-05         1.0000000E+30                 0       
 NEXT SEEDS: 3042F47       0       0       0       0       0   11A82       4       0       0
     560000               1440000               1440000             1.9347057E-05         1.0000000E+30                 0       
 NEXT SEEDS: 33FF942       0       0       0       0       0   11A82       4       0       0
     600000               1400000               1400000             1.9358723E-05         1.0000000E+30                 0       
 NEXT SEEDS: 37C533A       0       0       0       0       0   11A82       4       0       0
     640000               1360000               1360000             1.9348621E-05         1.0000000E+30                 0       
 NEXT SEEDS: 3B7479E       0       0       0       0       0   11A82       4       0       0
     680000               1320000               1320000             1.9352940E-05         1.0000000E+30                 0       
 NEXT SEEDS: 3F35E93       0       0       0       0       0   11A82       4       0       0
     720000               1280000               1280000             1.9351225E-05         1.0000000E+30                 0       
 NEXT SEEDS: 42F42DD       0       0       0       0       0   11A82       4       0       0
     760000               1240000               1240000             1.9347060E-05         1.0000000E+30                 0       
 NEXT SEEDS: 46AECD3       0       0       0       0       0   11A82       4       0       0
     800000               1200000               1200000             1.9335811E-05         1.0000000E+30                 0       
 NEXT SEEDS: 4A5F5C9       0       0       0       0       0   11A82       4       0       0
     840000               1160000               1160000             1.9343487E-05         1.0000000E+30                 0       
 NEXT SEEDS: 4E1C729       0       0       0       0       0   11A82       4       0       0
     880000               1120000               1120000             1.9358422E-05         1.0000000E+30                 0       
 NEXT SEEDS: 51EA027       0       0       0       0       0   11A82       4       0       0
     920000               1080000               1080000             1.9367709E-05         1.0000000E+30                 0       
 NEXT SEEDS: 55A6DDB       0       0       0       0       0   11A82       4       0       0
     960000               1040000               1040000             1.9372055E-05         1.0000000E+30                 0       
 NEXT SEEDS: 596C2B1       0       0       0       0       0   11A82       4       0       0
    1000000               1000000               1000000             1.9375055E-05         1.0000000E+30                 0       
 NEXT SEEDS: 5D2124F       0       0       0       0       0   11A82       4       0       0
    1040000                960000                960000             1.9379746E-05         1.0000000E+30                 0       
 NEXT SEEDS: 60EB1AB       0       0       0       0       0   11A82       4       0       0
    1080000                920000                920000             1.9371129E-05         1.0000000E+30                 0       
 NEXT SEEDS: 64A4B39       0       0       0       0       0   11A82       4       0       0
    1120000                880000                880000             1.9373841E-05         1.0000000E+30                 0       
 NEXT SEEDS: 6864C42       0       0       0       0       0   11A82       4       0       0
    1160000                840000                840000             1.9370330E-05         1.0000000E+30                 0       
 NEXT SEEDS: 6C1DC57       0       0       0       0       0   11A82       4       0       0
    1200000                800000                800000             1.9370389E-05         1.0000000E+30                 0       
 NEXT SEEDS: 6FDDD9A       0       0       0       0       0   11A82       4       0       0
    1240000                760000                760000             1.9364798E-05         1.0000000E+30                 0       
 NEXT SEEDS: 738A0AE       0       0       0       0       0   11A82       4       0       0
    1280000                720000                720000             1.9374399E-05         1.0000000E+30                 0       
 NEXT SEEDS: 7758960       0       0       0       0       0   11A82       4       0       0
    1320000                680000                680000             1.9373570E-05         1.0000000E+30                 0       
 NEXT SEEDS: 7B1650E       0       0       0       0       0   11A82       4       0       0
    1360000                640000                640000             1.9369850E-05         1.0000000E+30                 0       
 NEXT SEEDS: 7ECAFE8       0       0       0       0       0   11A82       4       0       0
    1400000                600000                600000             1.9372056E-05         1.0000000E+30                 0       
 NEXT SEEDS: 828E4E4       0       0       0       0       0   11A82       4       0       0
    1440000                560000                560000             1.9370665E-05         1.0000000E+30                 0       
 NEXT SEEDS: 864C90E       0       0       0       0       0   11A82       4       0       0
    1480000                520000                520000             1.9366649E-05         1.0000000E+30                 0       
 NEXT SEEDS: 8A1951E       0       0       0       0       0   11A82       4       0       0
    1520000                480000                480000             1.9365477E-05         1.0000000E+30                 0       
 NEXT SEEDS: 8DE3DBE       0       0       0       0       0   11A82       4       0       0
    1560000                440000                440000             1.9369491E-05         1.0000000E+30                 0       
 NEXT SEEDS: 91A5689       0       0       0       0       0   11A82       4       0       0
    1600000                400000                400000             1.9371429E-05         1.0000000E+30                 0       
 NEXT SEEDS: 955F022       0       0       0       0       0   11A82       4       0       0
    1640000                360000                360000             1.9365958E-05         1.0000000E+30                 0       
 NEXT SEEDS: 9915DE6       0       0       0       0       0   11A82       4       0       0
    1680000                320000                320000             1.9361937E-05         1.0000000E+30                 0       
 NEXT SEEDS: 9CCE04C       0       0       0       0       0   11A82       4       0       0
    1720000                280000                280000             1.9369729E-05         1.0000000E+30                 0       
 NEXT SEEDS: A0924C4       0       0       0       0       0   11A82       4       0       0
    1760000                240000                240000             1.9368079E-05         1.0000000E+30                 0       
 NEXT SEEDS: A44AF7E       0       0       0       0       0   11A82       4       0       0
    1800000                200000                200000             1.9659234E-05         1.0000000E+30                 0       
 NEXT SEEDS: A811AB7       0       0       0       0       0   11A82       4       0       0
    1840000                160000                160000             1.9832311E-05         1.0000000E+30                 0       
 NEXT SEEDS: ABCA8C3       0       0       0       0       0   11A82       4       0       0
    1880000                120000                120000             1.9822519E-05         1.0000000E+30                 0       
 NEXT SEEDS: AF83128       0       0       0       0       0   11A82       4       0       0
    1920000                 80000                 80000             1.9955821E-05         1.0000000E+30                 0       
 NEXT SEEDS: B3273C8       0       0       0       0       0   11A82       4       0       0
    1960000                 40000                 40000             2.0324971E-05         1.0000000E+30                 0       
 NEXT SEEDS: B6ECC25       0       0       0       0       0   11A82       4       0       0
    1999950                    50                    50             2.0503395E-05         1.0000000E+30                 0       
 NEXT SEEDS: BA9DFC1       0       0       0       0       0   11A82       4       0       0
    1999951                    49                    49             2.0503385E-05         1.0000000E+30                 0       
 NEXT SEEDS: BA9E18C       0       0       0       0       0   11A82       4       0       0
    1999952                    48                    48             2.0503375E-05         1.0000000E+30                 0       
 NEXT SEEDS: BA9E198       0       0       0       0       0   11A82       4       0       0
    1999953                    47                    47             2.0503365E-05         1.0000000E+30                 0       
 NEXT SEEDS: BA9E1AE       0       0       0       0       0   11A82       4       0       0
    1999954                    46                    46             2.0503354E-05         1.0000000E+30                 0       
 NEXT SEEDS: BA9E1E2       0       0       0       0       0   11A82       4       0       0
    1999955                    45                    45             2.0503344E-05         1.0000000E+30                 0       
 NEXT SEEDS: BA9E1EE       0       0       0       0       0   11A82       4       0       0
    1999956                    44                    44             2.0503334E-05         1.0000000E+30                 0       
 NEXT SEEDS: BA9E21A       0       0       0       0       0   11A82       4       0       0
    1999957                    43                    43             2.0503324E-05         1.0000000E+30                 0       
 NEXT SEEDS: BA9E245       0       0       0       0       0   11A82       4       0       0
    1999958                    42                    42             2.0503313E-05         1.0000000E+30                 0       
 NEXT SEEDS: BA9E29A       0       0       0       0       0   11A82       4       0       0
    1999959                    41                    41             2.0503303E-05         1.0000000E+30                 0       
 NEXT SEEDS: BA9E2A1       0       0       0       0       0   11A82       4       0       0
    1999960                    40                    40             2.0503293E-05         1.0000000E+30                 0       
 NEXT SEEDS: BA9E2B0       0       0       0       0       0   11A82       4       0       0
    1999961                    39                    39             2.0503283E-05         1.0000000E+30                 0       
 NEXT SEEDS: BA9E2D8       0       0       0       0       0   11A82       4       0       0
    1999962                    38                    38             2.0503272E-05         1.0000000E+30                 0       
 NEXT SEEDS: BA9E340       0       0       0       0       0   11A82       4       0       0
    1999963                    37                    37             2.0503262E-05         1.0000000E+30                 0       
 NEXT SEEDS: BA9E360       0       0       0       0       0   11A82       4       0       0
    1999964                    36                    36             2.0503252E-05         1.0000000E+30                 0       
 NEXT SEEDS: BA9E3B7       0       0       0       0       0   11A82       4       0       0
    1999965                    35                    35             2.0503242E-05         1.0000000E+30                 0       
 NEXT SEEDS: BA9E41F       0       0       0       0       0   11A82       4       0       0
    1999966                    34                    34             2.0503731E-05         1.0000000E+30                 0       
 NEXT SEEDS: BA9E445       0       0       0       0       0   11A82       4       0       0
    1999967                    33                    33             2.0503721E-05         1.0000000E+30                 0       
 NEXT SEEDS: BA9E6A1       0       0       0       0       0   11A82       4       0       0
    1999968                    32                    32             2.0503711E-05         1.0000000E+30                 0       
 NEXT SEEDS: BA9E6AD       0       0       0       0       0   11A82       4       0       0
    1999969                    31                    31             2.0503700E-05         1.0000000E+30                 0       
 NEXT SEEDS: BA9E6DD       0       0       0       0       0   11A82       4       0       0
    1999970                    30                    30             2.0503690E-05         1.0000000E+30                 0       
 NEXT SEEDS: BA9E7F4       0       0       0       0       0   11A82       4       0       0
    1999971                    29                    29             2.0503680E-05         1.0000000E+30                 0       
 NEXT SEEDS: BA9E800       0       0       0       0       0   11A82       4       0       0
    1999972                    28                    28             2.0503669E-05         1.0000000E+30                 0       
 NEXT SEEDS: BA9E81E       0       0       0       0       0   11A82       4       0       0
    1999973                    27                    27             2.0503659E-05         1.0000000E+30                 0       
 NEXT SEEDS: BA9E878       0       0       0       0       0   11A82       4       0       0
    1999974                    26                    26             2.0503649E-05         1.0000000E+30                 0       
 NEXT SEEDS: BA9E88C       0       0       0       0       0   11A82       4       0       0
    1999975                    25                    25             2.0503639E-05         1.0000000E+30                 0       
 NEXT SEEDS: BA9E8DD       0       0       0       0       0   11A82       4       0       0
    1999976                    24                    24             2.0503628E-05         1.0000000E+30                 0       
 NEXT SEEDS: BA9E906       0       0       0       0       0   11A82       4       0       0
    1999977                    23                    23             2.0504118E-05         1.0000000E+30                 0       
 NEXT SEEDS: BA9E946       0       0       0       0       0   11A82       4       0       0
    1999978                    22                    22             2.0504108E-05         1.0000000E+30                 0       
 NEXT SEEDS: BA9E94D       0       0       0       0       0   11A82       4       0       0
    1999979                    21                    21             2.0504097E-05         1.0000000E+30                 0       
 NEXT SEEDS: BA9E9AF       0       0       0       0       0   11A82       4       0       0
    1999980                    20                    20             2.0504087E-05         1.0000000E+30                 0       
 NEXT SEEDS: BA9EA3C       0       0       0       0       0   11A82       4       0       0
    1999981                    19                    19             2.0504077E-05         1.0000000E+30                 0       
 NEXT SEEDS: BA9EA5B       0       0       0       0       0   11A82       4       0       0
    1999982                    18                    18             2.0504067E-05         1.0000000E+30                 0       
 NEXT SEEDS: BA9EA79       0       0       0       0       0   11A82       4       0       0
    1999983                    17                    17             2.0504056E-05         1.0000000E+30                 0       
 NEXT SEEDS: BA9EAAA       0       0       0       0       0   11A82       4       0       0
    1999984                    16                    16             2.0504046E-05         1.0000000E+30                 0       
 NEXT SEEDS: BA9EAB1       0       0       0       0       0   11A82       4       0       0
    1999985                    15                    15             2.0504538E-05         1.0000000E+30                 0       
 NEXT SEEDS: BA9EAE7       0       0       0       0       0   11A82       4       0       0
    1999986                    14                    14             2.0504527E-05         1.0000000E+30                 0       
 NEXT SEEDS: BA9EB1D       0       0       0       0       0   11A82       4       0       0
    1999987                    13                    13             2.0504517E-05         1.0000000E+30                 0       
 NEXT SEEDS: BA9EB87       0       0       0       0       0   11A82       4       0       0
    1999988                    12                    12             2.0504507E-05         1.0000000E+30                 0       
 NEXT SEEDS: BA9EB93       0       0       0       0       0   11A82       4       0       0
    1999989                    11                    11             2.0504497E-05         1.0000000E+30                 0       
 NEXT SEEDS: BA9EBA7       0       0       0       0       0   11A82       4       0       0
    1999990                    10                    10             2.0504486E-05         1.0000000E+30                 0       
 NEXT SEEDS: BA9EBB5       0       0       0       0       0   11A82       4       0       0
    1999991                     9                     9             2.0504476E-05         1.0000000E+30                 0       
 NEXT SEEDS: BA9EBE1       0       0       0       0       0   11A82       4       0       0
    1999992                     8                     8             2.0504466E-05         1.0000000E+30                 0       
 NEXT SEEDS: BA9ED7B       0       0       0       0       0   11A82       4       0       0
    1999993                     7                     7             2.0504456E-05         1.0000000E+30                 0       
 NEXT SEEDS: BA9ED82       0       0       0       0       0   11A82       4       0       0
    1999994                     6                     6             2.0504445E-05         1.0000000E+30                 0       
 NEXT SEEDS: BA9EE1F       0       0       0       0       0   11A82       4       0       0
    1999995                     5                     5             2.0504435E-05         1.0000000E+30                 0       
 NEXT SEEDS: BA9EE3D       0       0       0       0       0   11A82       4       0       0
    1999996                     4                     4             2.0504425E-05         1.0000000E+30                 0       
 NEXT SEEDS: BA9EE59       0       0       0       0       0   11A82       4       0       0
    1999997                     3                     3             2.0504914E-05         1.0000000E+30                 0       
 NEXT SEEDS: BA9EE6D       0       0       0       0       0   11A82       4       0       0
    1999998                     2                     2             2.0504904E-05         1.0000000E+30                 0       
 NEXT SEEDS: BA9EEC7       0       0       0       0       0   11A82       4       0       0
    1999999                     1                     1             2.0504894E-05         1.0000000E+30                 0       
 NEXT SEEDS: BA9EEF5       0       0       0       0       0   11A82       4       0       0
    2000000                     0                     1             2.0504884E-05         1.0000000E+30                 0       
 NEXT SEEDS: BA9EF23       0       0       0       0       0   11A82       4       0       0
