1NUMBER OF BEAM       NUMBER OF BEAM        APPROXIMATE NUMBER    AVERAGE TIME USED     TIME LEFT (RESERVED   NUMBER OF STARS
 PARTICLES HANDLED    PARTICLES LEFT        OF BEAM PARTICLES     BY A BEAM PARTICLE     10000.0 SECONDS      CREATED
                                            THAT CAN STILL BE                           FOR PRINTOUT)
                                            HANDLED

 NEXT SEEDS: BA9EF23       0       0       0       0       0   11A82       4       0       0
          1               1999999               1999999             0.0000000E+00         1.0000000E+30                 0       
 NEXT SEEDS: BA9EF2F       0       0       0       0       0   11A82       4       0       0
      40000               1960000               1960000             2.1471751E-05         1.0000000E+30                 0       
 NEXT SEEDS: BE58384       0       0       0       0       0   11A82       4       0       0
      80000               1920000               1920000             2.2171634E-05         1.0000000E+30                 0       
 NEXT SEEDS: C20D4A7       0       0       0       0       0   11A82       4       0       0
     120000               1880000               1880000             2.3513091E-05         1.0000000E+30                 0       
 NEXT SEEDS: C5C7F2D       0       0       0       0       0   11A82       4       0       0
     160000               1840000               1840000             2.5571111E-05         1.0000000E+30                 0       
 NEXT SEEDS: C981688       0       0       0       0       0   11A82       4       0       0
     200000               1800000               1800000             2.4101341E-05         1.0000000E+30                 0       
 NEXT SEEDS: CD361BB       0       0       0       0       0   11A82       4       0       0
  *** Eveneu: no downsc. group selected, cusngl, rsngl, igpr ***  0.999999881
  0.999999881 249
     240000               1760000               1760000             2.3146484E-05         1.0000000E+30                 0       
 NEXT SEEDS: D0E9E89       0       0       0       0       0   11A82       4       0       0
     280000               1720000               1720000             2.2410878E-05         1.0000000E+30                 0       
 NEXT SEEDS: D494B26       0       0       0       0       0   11A82       4       0       0
     320000               1680000               1680000             2.2737168E-05         1.0000000E+30                 0       
 NEXT SEEDS: D85D67E       0       0       0       0       0   11A82       4       0       0
     360000               1640000               1640000             2.4046343E-05         1.0000000E+30                 0       
 NEXT SEEDS: DC1C35F       0       0       0       0       0   11A82       4       0       0
     400000               1600000               1600000             2.3566419E-05         1.0000000E+30                 0       
 NEXT SEEDS: DFDE839       0       0       0       0       0   11A82       4       0       0
     440000               1560000               1560000             2.4296306E-05         1.0000000E+30                 0       
 NEXT SEEDS: E3A892F       0       0       0       0       0   11A82       4       0       0
     480000               1520000               1520000             2.4431702E-05         1.0000000E+30                 0       
 NEXT SEEDS: E756048       0       0       0       0       0   11A82       4       0       0
     520000               1480000               1480000             2.4204013E-05         1.0000000E+30                 0       
 NEXT SEEDS: EB0D028       0       0       0       0       0   11A82       4       0       0
     560000               1440000               1440000             2.3835663E-05         1.0000000E+30                 0       
 NEXT SEEDS: EED216B       0       0       0       0       0   11A82       4       0       0
  *** Eveneu: no downsc. group selected, cusngl, rsngl, igpr ***  0.999999881
  0.99999994 249
     600000               1400000               1400000             2.3694732E-05         1.0000000E+30                 0       
 NEXT SEEDS: F290E3A       0       0       0       0       0   11A82       4       0       0
     640000               1360000               1360000             2.3415191E-05         1.0000000E+30                 0       
 NEXT SEEDS: F63A843       0       0       0       0       0   11A82       4       0       0
     680000               1320000               1320000             2.3197943E-05         1.0000000E+30                 0       
 NEXT SEEDS: F9FD5D9       0       0       0       0       0   11A82       4       0       0
     720000               1280000               1280000             2.2906240E-05         1.0000000E+30                 0       
 NEXT SEEDS: FDB4360       0       0       0       0       0   11A82       4       0       0
     760000               1240000               1240000             2.2639980E-05         1.0000000E+30                 0       
 NEXT SEEDS:10153828       0       0       0       0       0   11A82       4       0       0
     800000               1200000               1200000             2.2410343E-05         1.0000000E+30                 0       
 NEXT SEEDS:10501E2D       0       0       0       0       0   11A82       4       0       0
     840000               1160000               1160000             2.2207338E-05         1.0000000E+30                 0       
 NEXT SEEDS:108C5194       0       0       0       0       0   11A82       4       0       0
     880000               1120000               1120000             2.2035287E-05         1.0000000E+30                 0       
 NEXT SEEDS:10C7FC80       0       0       0       0       0   11A82       4       0       0
     920000               1080000               1080000             2.1855373E-05         1.0000000E+30                 0       
 NEXT SEEDS:1102B02D       0       0       0       0       0   11A82       4       0       0
     960000               1040000               1040000             2.1685245E-05         1.0000000E+30                 0       
 NEXT SEEDS:113D682A       0       0       0       0       0   11A82       4       0       0
    1000000               1000000               1000000             2.1536726E-05         1.0000000E+30                 0       
 NEXT SEEDS:11790632       0       0       0       0       0   11A82       4       0       0
    1040000                960000                960000             2.1400593E-05         1.0000000E+30                 0       
 NEXT SEEDS:11B493D8       0       0       0       0       0   11A82       4       0       0
    1080000                920000                920000             2.1273619E-05         1.0000000E+30                 0       
 NEXT SEEDS:11EF566C       0       0       0       0       0   11A82       4       0       0
    1120000                880000                880000             2.1164641E-05         1.0000000E+30                 0       
 NEXT SEEDS:122C58C7       0       0       0       0       0   11A82       4       0       0
    1160000                840000                840000             2.1056283E-05         1.0000000E+30                 0       
 NEXT SEEDS:1267BAD8       0       0       0       0       0   11A82       4       0       0
    1200000                800000                800000             2.0975145E-05         1.0000000E+30                 0       
 NEXT SEEDS:12A5807F       0       0       0       0       0   11A82       4       0       0
    1240000                760000                760000             2.0870214E-05         1.0000000E+30                 0       
 NEXT SEEDS:12E0806E       0       0       0       0       0   11A82       4       0       0
    1280000                720000                720000             2.0780434E-05         1.0000000E+30                 0       
 NEXT SEEDS:131BFE0B       0       0       0       0       0   11A82       4       0       0
    1320000                680000                680000             2.0699127E-05         1.0000000E+30                 0       
 NEXT SEEDS:13582970       0       0       0       0       0   11A82       4       0       0
    1360000                640000                640000             2.0617453E-05         1.0000000E+30                 0       
 NEXT SEEDS:13929DAD       0       0       0       0       0   11A82       4       0       0
    1400000                600000                600000             2.0541877E-05         1.0000000E+30                 0       
 NEXT SEEDS:13CE3C3C       0       0       0       0       0   11A82       4       0       0
    1440000                560000                560000             2.0465638E-05         1.0000000E+30                 0       
 NEXT SEEDS:14093B61       0       0       0       0       0   11A82       4       0       0
    1480000                520000                520000             2.0395549E-05         1.0000000E+30                 0       
 NEXT SEEDS:14441FC3       0       0       0       0       0   11A82       4       0       0
    1520000                480000                480000             2.0334408E-05         1.0000000E+30                 0       
 NEXT SEEDS:147F1BA4       0       0       0       0       0   11A82       4       0       0
    1560000                440000                440000             2.0436638E-05         1.0000000E+30                 0       
 NEXT SEEDS:14BA498F       0       0       0       0       0   11A82       4       0       0
    1600000                400000                400000             2.0745596E-05         1.0000000E+30                 0       
 NEXT SEEDS:14F76087       0       0       0       0       0   11A82       4       0       0
    1640000                360000                360000             2.0693197E-05         1.0000000E+30                 0       
 NEXT SEEDS:15339508       0       0       0       0       0   11A82       4       0       0
    1680000                320000                320000             2.0630198E-05         1.0000000E+30                 0       
 NEXT SEEDS:156E7819       0       0       0       0       0   11A82       4       0       0
    1720000                280000                280000             2.0584081E-05         1.0000000E+30                 0       
 NEXT SEEDS:15A96A02       0       0       0       0       0   11A82       4       0       0
    1760000                240000                240000             2.0595164E-05         1.0000000E+30                 0       
 NEXT SEEDS:15E556B6       0       0       0       0       0   11A82       4       0       0
    1800000                200000                200000             2.0554097E-05         1.0000000E+30                 0       
 NEXT SEEDS:16208462       0       0       0       0       0   11A82       4       0       0
    1840000                160000                160000             2.0532748E-05         1.0000000E+30                 0       
 NEXT SEEDS:165C6EA7       0       0       0       0       0   11A82       4       0       0
    1880000                120000                120000             2.0481994E-05         1.0000000E+30                 0       
 NEXT SEEDS:1697DD29       0       0       0       0       0   11A82       4       0       0
    1920000                 80000                 80000             2.0493238E-05         1.0000000E+30                 0       
 NEXT SEEDS:16D2C15F       0       0       0       0       0   11A82       4       0       0
    1960000                 40000                 40000             2.0706546E-05         1.0000000E+30                 0       
 NEXT SEEDS:170E9ECA       0       0       0       0       0   11A82       4       0       0
    1999950                    50                    50             2.0657876E-05         1.0000000E+30                 0       
 NEXT SEEDS:1749C2C6       0       0       0       0       0   11A82       4       0       0
    1999951                    49                    49             2.0657865E-05         1.0000000E+30                 0       
 NEXT SEEDS:1749C2DC       0       0       0       0       0   11A82       4       0       0
    1999952                    48                    48             2.0657855E-05         1.0000000E+30                 0       
 NEXT SEEDS:1749C2E8       0       0       0       0       0   11A82       4       0       0
    1999953                    47                    47             2.0657845E-05         1.0000000E+30                 0       
 NEXT SEEDS:1749C2EF       0       0       0       0       0   11A82       4       0       0
    1999954                    46                    46             2.0657834E-05         1.0000000E+30                 0       
 NEXT SEEDS:1749C3A2       0       0       0       0       0   11A82       4       0       0
    1999955                    45                    45             2.0657824E-05         1.0000000E+30                 0       
 NEXT SEEDS:1749C3B6       0       0       0       0       0   11A82       4       0       0
    1999956                    44                    44             2.0657814E-05         1.0000000E+30                 0       
 NEXT SEEDS:1749C3CC       0       0       0       0       0   11A82       4       0       0
    1999957                    43                    43             2.0657804E-05         1.0000000E+30                 0       
 NEXT SEEDS:1749C45F       0       0       0       0       0   11A82       4       0       0
    1999958                    42                    42             2.0657793E-05         1.0000000E+30                 0       
 NEXT SEEDS:1749C4B2       0       0       0       0       0   11A82       4       0       0
    1999959                    41                    41             2.0658283E-05         1.0000000E+30                 0       
 NEXT SEEDS:1749C4C8       0       0       0       0       0   11A82       4       0       0
    1999960                    40                    40             2.0658272E-05         1.0000000E+30                 0       
 NEXT SEEDS:1749C4DC       0       0       0       0       0   11A82       4       0       0
    1999961                    39                    39             2.0658262E-05         1.0000000E+30                 0       
 NEXT SEEDS:1749C520       0       0       0       0       0   11A82       4       0       0
    1999962                    38                    38             2.0658252E-05         1.0000000E+30                 0       
 NEXT SEEDS:1749C53C       0       0       0       0       0   11A82       4       0       0
    1999963                    37                    37             2.0658241E-05         1.0000000E+30                 0       
 NEXT SEEDS:1749C55A       0       0       0       0       0   11A82       4       0       0
    1999964                    36                    36             2.0658231E-05         1.0000000E+30                 0       
 NEXT SEEDS:1749C576       0       0       0       0       0   11A82       4       0       0
    1999965                    35                    35             2.0658221E-05         1.0000000E+30                 0       
 NEXT SEEDS:1749C68B       0       0       0       0       0   11A82       4       0       0
    1999966                    34                    34             2.0658210E-05         1.0000000E+30                 0       
 NEXT SEEDS:1749C6D1       0       0       0       0       0   11A82       4       0       0
    1999967                    33                    33             2.0658200E-05         1.0000000E+30                 0       
 NEXT SEEDS:1749C6DD       0       0       0       0       0   11A82       4       0       0
    1999968                    32                    32             2.0658190E-05         1.0000000E+30                 0       
 NEXT SEEDS:1749C74C       0       0       0       0       0   11A82       4       0       0
    1999969                    31                    31             2.0658179E-05         1.0000000E+30                 0       
 NEXT SEEDS:1749C772       0       0       0       0       0   11A82       4       0       0
    1999970                    30                    30             2.0658169E-05         1.0000000E+30                 0       
 NEXT SEEDS:1749C7F0       0       0       0       0       0   11A82       4       0       0
    1999971                    29                    29             2.0658159E-05         1.0000000E+30                 0       
 NEXT SEEDS:1749C808       0       0       0       0       0   11A82       4       0       0
    1999972                    28                    28             2.0658148E-05         1.0000000E+30                 0       
 NEXT SEEDS:1749C814       0       0       0       0       0   11A82       4       0       0
    1999973                    27                    27             2.0658138E-05         1.0000000E+30                 0       
 NEXT SEEDS:1749C8C0       0       0       0       0       0   11A82       4       0       0
    1999974                    26                    26             2.0658128E-05         1.0000000E+30                 0       
 NEXT SEEDS:1749C8D6       0       0       0       0       0   11A82       4       0       0
    1999975                    25                    25             2.0658117E-05         1.0000000E+30                 0       
 NEXT SEEDS:1749C93C       0       0       0       0       0   11A82       4       0       0
    1999976                    24                    24             2.0658107E-05         1.0000000E+30                 0       
 NEXT SEEDS:1749C998       0       0       0       0       0   11A82       4       0       0
    1999977                    23                    23             2.0658097E-05         1.0000000E+30                 0       
 NEXT SEEDS:1749C9E9       0       0       0       0       0   11A82       4       0       0
    1999978                    22                    22             2.0658086E-05         1.0000000E+30                 0       
 NEXT SEEDS:1749CA2C       0       0       0       0       0   11A82       4       0       0
    1999979                    21                    21             2.0658076E-05         1.0000000E+30                 0       
 NEXT SEEDS:1749CA72       0       0       0       0       0   11A82       4       0       0
    1999980                    20                    20             2.0658066E-05         1.0000000E+30                 0       
 NEXT SEEDS:1749CAB0       0       0       0       0       0   11A82       4       0       0
    1999981                    19                    19             2.0658055E-05         1.0000000E+30                 0       
 NEXT SEEDS:1749CACF       0       0       0       0       0   11A82       4       0       0
    1999982                    18                    18             2.0658045E-05         1.0000000E+30                 0       
 NEXT SEEDS:1749CB04       0       0       0       0       0   11A82       4       0       0
    1999983                    17                    17             2.0658035E-05         1.0000000E+30                 0       
 NEXT SEEDS:1749CB32       0       0       0       0       0   11A82       4       0       0
    1999984                    16                    16             2.0658024E-05         1.0000000E+30                 0       
 NEXT SEEDS:1749CB70       0       0       0       0       0   11A82       4       0       0
    1999985                    15                    15             2.0658014E-05         1.0000000E+30                 0       
 NEXT SEEDS:1749CC00       0       0       0       0       0   11A82       4       0       0
    1999986                    14                    14             2.0658004E-05         1.0000000E+30                 0       
 NEXT SEEDS:1749CC14       0       0       0       0       0   11A82       4       0       0
    1999987                    13                    13             2.0657993E-05         1.0000000E+30                 0       
 NEXT SEEDS:1749CC30       0       0       0       0       0   11A82       4       0       0
    1999988                    12                    12             2.0658483E-05         1.0000000E+30                 0       
 NEXT SEEDS:1749CC5C       0       0       0       0       0   11A82       4       0       0
    1999989                    11                    11             2.0658472E-05         1.0000000E+30                 0       
 NEXT SEEDS:1749CC9A       0       0       0       0       0   11A82       4       0       0
    1999990                    10                    10             2.0658462E-05         1.0000000E+30                 0       
 NEXT SEEDS:1749CCE0       0       0       0       0       0   11A82       4       0       0
    1999991                     9                     9             2.0658452E-05         1.0000000E+30                 0       
 NEXT SEEDS:1749CD48       0       0       0       0       0   11A82       4       0       0
    1999992                     8                     8             2.0658441E-05         1.0000000E+30                 0       
 NEXT SEEDS:1749D386       0       0       0       0       0   11A82       4       0       0
    1999993                     7                     7             2.0658431E-05         1.0000000E+30                 0       
 NEXT SEEDS:1749D41D       0       0       0       0       0   11A82       4       0       0
    1999994                     6                     6             2.0658421E-05         1.0000000E+30                 0       
 NEXT SEEDS:1749D466       0       0       0       0       0   11A82       4       0       0
    1999995                     5                     5             2.0658910E-05         1.0000000E+30                 0       
 NEXT SEEDS:1749D472       0       0       0       0       0   11A82       4       0       0
    1999996                     4                     4             2.0658900E-05         1.0000000E+30                 0       
 NEXT SEEDS:1749D481       0       0       0       0       0   11A82       4       0       0
    1999997                     3                     3             2.0658890E-05         1.0000000E+30                 0       
 NEXT SEEDS:1749D4A5       0       0       0       0       0   11A82       4       0       0
    1999998                     2                     2             2.0658879E-05         1.0000000E+30                 0       
 NEXT SEEDS:1749D4B9       0       0       0       0       0   11A82       4       0       0
    1999999                     1                     1             2.0658869E-05         1.0000000E+30                 0       
 NEXT SEEDS:1749D4CC       0       0       0       0       0   11A82       4       0       0
    2000000                     0                     1             2.0659360E-05         1.0000000E+30                 0       
 NEXT SEEDS:1749D892       0       0       0       0       0   11A82       4       0       0
