1NUMBER OF BEAM       NUMBER OF BEAM        APPROXIMATE NUMBER    AVERAGE TIME USED     TIME LEFT (RESERVED   NUMBER OF STARS
 PARTICLES HANDLED    PARTICLES LEFT        OF BEAM PARTICLES     BY A BEAM PARTICLE     10000.0 SECONDS      CREATED
                                            THAT CAN STILL BE                           FOR PRINTOUT)
                                            HANDLED

 NEXT SEEDS:1749D892       0       0       0       0       0   11A82       4       0       0
          1               1999999               1999999             0.0000000E+00         1.0000000E+30                 0       
 NEXT SEEDS:1749D8FE       0       0       0       0       0   11A82       4       0       0
      40000               1960000               1960000             1.9796968E-05         1.0000000E+30                 0       
 NEXT SEEDS:1785C05C       0       0       0       0       0   11A82       4       0       0
      80000               1920000               1920000             2.0159423E-05         1.0000000E+30                 0       
 NEXT SEEDS:17C17A84       0       0       0       0       0   11A82       4       0       0
     120000               1880000               1880000             2.0671848E-05         1.0000000E+30                 0       
 NEXT SEEDS:17FD880A       0       0       0       0       0   11A82       4       0       0
     160000               1840000               1840000             2.0646855E-05         1.0000000E+30                 0       
 NEXT SEEDS:183A0360       0       0       0       0       0   11A82       4       0       0
     200000               1800000               1800000             2.1441739E-05         1.0000000E+30                 0       
 NEXT SEEDS:1875BDCC       0       0       0       0       0   11A82       4       0       0
     240000               1760000               1760000             2.3671399E-05         1.0000000E+30                 0       
 NEXT SEEDS:18B128BD       0       0       0       0       0   11A82       4       0       0
     280000               1720000               1720000             2.4328441E-05         1.0000000E+30                 0       
 NEXT SEEDS:18ED4ECE       0       0       0       0       0   11A82       4       0       0
     320000               1680000               1680000             2.5314899E-05         1.0000000E+30                 0       
 NEXT SEEDS:1929828D       0       0       0       0       0   11A82       4       0       0
     360000               1640000               1640000             2.4732350E-05         1.0000000E+30                 0       
 NEXT SEEDS:1965E714       0       0       0       0       0   11A82       4       0       0
     400000               1600000               1600000             2.4531270E-05         1.0000000E+30                 0       
 NEXT SEEDS:19A169BE       0       0       0       0       0   11A82       4       0       0
     440000               1560000               1560000             2.4305395E-05         1.0000000E+30                 0       
 NEXT SEEDS:19DCC046       0       0       0       0       0   11A82       4       0       0
     480000               1520000               1520000             2.4058842E-05         1.0000000E+30                 0       
 NEXT SEEDS:1A18151D       0       0       0       0       0   11A82       4       0       0
     520000               1480000               1480000             2.3811765E-05         1.0000000E+30                 0       
 NEXT SEEDS:1A530764       0       0       0       0       0   11A82       4       0       0
     560000               1440000               1440000             2.3498211E-05         1.0000000E+30                 0       
 NEXT SEEDS:1A8E8219       0       0       0       0       0   11A82       4       0       0
     600000               1400000               1400000             2.3449767E-05         1.0000000E+30                 0       
 NEXT SEEDS:1AC91E7B       0       0       0       0       0   11A82       4       0       0
     640000               1360000               1360000             2.4165075E-05         1.0000000E+30                 0       
 NEXT SEEDS:1B04EA3D       0       0       0       0       0   11A82       4       0       0
     680000               1320000               1320000             2.3912541E-05         1.0000000E+30                 0       
 NEXT SEEDS:1B416C8B       0       0       0       0       0   11A82       4       0       0
     720000               1280000               1280000             2.3665846E-05         1.0000000E+30                 0       
 NEXT SEEDS:1B7D1308       0       0       0       0       0   11A82       4       0       0
     760000               1240000               1240000             2.3464855E-05         1.0000000E+30                 0       
 NEXT SEEDS:1BB7790F       0       0       0       0       0   11A82       4       0       0
     800000               1200000               1200000             2.3402690E-05         1.0000000E+30                 0       
 NEXT SEEDS:1BF39E60       0       0       0       0       0   11A82       4       0       0
     840000               1160000               1160000             2.3244085E-05         1.0000000E+30                 0       
 NEXT SEEDS:1C2FBE80       0       0       0       0       0   11A82       4       0       0
     880000               1120000               1120000             2.3112396E-05         1.0000000E+30                 0       
 NEXT SEEDS:1C69F357       0       0       0       0       0   11A82       4       0       0
     920000               1080000               1080000             2.2955206E-05         1.0000000E+30                 0       
 NEXT SEEDS:1CA616FF       0       0       0       0       0   11A82       4       0       0
     960000               1040000               1040000             2.3270420E-05         1.0000000E+30                 0       
 NEXT SEEDS:1CE1DE7B       0       0       0       0       0   11A82       4       0       0
    1000000               1000000               1000000             2.3454433E-05         1.0000000E+30                 0       
 NEXT SEEDS:1D1E692C       0       0       0       0       0   11A82       4       0       0
    1040000                960000                960000             2.3313764E-05         1.0000000E+30                 0       
 NEXT SEEDS:1D5A838D       0       0       0       0       0   11A82       4       0       0
    1080000                920000                920000             2.3173328E-05         1.0000000E+30                 0       
 NEXT SEEDS:1D96A1CB       0       0       0       0       0   11A82       4       0       0
    1120000                880000                880000             2.3149160E-05         1.0000000E+30                 0       
 NEXT SEEDS:1DD2563A       0       0       0       0       0   11A82       4       0       0
    1160000                840000                840000             2.3038739E-05         1.0000000E+30                 0       
 NEXT SEEDS:1E0D7435       0       0       0       0       0   11A82       4       0       0
    1200000                800000                800000             2.2955676E-05         1.0000000E+30                 0       
 NEXT SEEDS:1E47A8E7       0       0       0       0       0   11A82       4       0       0
    1240000                760000                760000             2.3423051E-05         1.0000000E+30                 0       
 NEXT SEEDS:1E84B7BC       0       0       0       0       0   11A82       4       0       0
    1280000                720000                720000             2.3323015E-05         1.0000000E+30                 0       
 NEXT SEEDS:1EBFDFB2       0       0       0       0       0   11A82       4       0       0
    1320000                680000                680000             2.3219954E-05         1.0000000E+30                 0       
 NEXT SEEDS:1EFCD047       0       0       0       0       0   11A82       4       0       0
  *** Eveneu: no downsc. group selected, cusngl, rsngl, igpr ***  1.  1. 247
    1360000                640000                640000             2.3108251E-05         1.0000000E+30                 0       
 NEXT SEEDS:1F38630E       0       0       0       0       0   11A82       4       0       0
    1400000                600000                600000             2.3139339E-05         1.0000000E+30                 0       
 NEXT SEEDS:1F73E6A1       0       0       0       0       0   11A82       4       0       0
    1440000                560000                560000             2.3551280E-05         1.0000000E+30                 0       
 NEXT SEEDS:1FB116BD       0       0       0       0       0   11A82       4       0       0
    1480000                520000                520000             2.3451164E-05         1.0000000E+30                 0       
 NEXT SEEDS:1FEC6025       0       0       0       0       0   11A82       4       0       0
    1520000                480000                480000             2.3339215E-05         1.0000000E+30                 0       
 NEXT SEEDS:20265578       0       0       0       0       0   11A82       4       0       0
    1560000                440000                440000             2.3247106E-05         1.0000000E+30                 0       
 NEXT SEEDS:20625BA6       0       0       0       0       0   11A82       4       0       0
    1600000                400000                400000             2.3237716E-05         1.0000000E+30                 0       
 NEXT SEEDS:20A087C6       0       0       0       0       0   11A82       4       0       0
    1640000                360000                360000             2.3163552E-05         1.0000000E+30                 0       
 NEXT SEEDS:20DC6572       0       0       0       0       0   11A82       4       0       0
    1680000                320000                320000             2.3102439E-05         1.0000000E+30                 0       
 NEXT SEEDS:211841C2       0       0       0       0       0   11A82       4       0       0
    1720000                280000                280000             2.3019175E-05         1.0000000E+30                 0       
 NEXT SEEDS:2154C520       0       0       0       0       0   11A82       4       0       0
    1760000                240000                240000             2.2939694E-05         1.0000000E+30                 0       
 NEXT SEEDS:2190FA6F       0       0       0       0       0   11A82       4       0       0
    1800000                200000                200000             2.2859858E-05         1.0000000E+30                 0       
 NEXT SEEDS:21CCE8EA       0       0       0       0       0   11A82       4       0       0
    1840000                160000                160000             2.2773712E-05         1.0000000E+30                 0       
 NEXT SEEDS:2207BCC7       0       0       0       0       0   11A82       4       0       0
    1880000                120000                120000             2.2803979E-05         1.0000000E+30                 0       
 NEXT SEEDS:22430D9B       0       0       0       0       0   11A82       4       0       0
    1920000                 80000                 80000             2.2954324E-05         1.0000000E+30                 0       
 NEXT SEEDS:227E2496       0       0       0       0       0   11A82       4       0       0
    1960000                 40000                 40000             2.2885296E-05         1.0000000E+30                 0       
 NEXT SEEDS:22B97F4F       0       0       0       0       0   11A82       4       0       0
    1999950                    50                    50             2.2821101E-05         1.0000000E+30                 0       
 NEXT SEEDS:22F53729       0       0       0       0       0   11A82       4       0       0
    1999951                    49                    49             2.2821090E-05         1.0000000E+30                 0       
 NEXT SEEDS:22F5373F       0       0       0       0       0   11A82       4       0       0
    1999952                    48                    48             2.2821078E-05         1.0000000E+30                 0       
 NEXT SEEDS:22F537AD       0       0       0       0       0   11A82       4       0       0
    1999953                    47                    47             2.2821067E-05         1.0000000E+30                 0       
 NEXT SEEDS:22F537EB       0       0       0       0       0   11A82       4       0       0
    1999954                    46                    46             2.2821056E-05         1.0000000E+30                 0       
 NEXT SEEDS:22F53819       0       0       0       0       0   11A82       4       0       0
    1999955                    45                    45             2.2821544E-05         1.0000000E+30                 0       
 NEXT SEEDS:22F538EC       0       0       0       0       0   11A82       4       0       0
    1999956                    44                    44             2.2821532E-05         1.0000000E+30                 0       
 NEXT SEEDS:22F538F3       0       0       0       0       0   11A82       4       0       0
    1999957                    43                    43             2.2821521E-05         1.0000000E+30                 0       
 NEXT SEEDS:22F538FF       0       0       0       0       0   11A82       4       0       0
    1999958                    42                    42             2.2821510E-05         1.0000000E+30                 0       
 NEXT SEEDS:22F53962       0       0       0       0       0   11A82       4       0       0
    1999959                    41                    41             2.2821498E-05         1.0000000E+30                 0       
 NEXT SEEDS:22F53981       0       0       0       0       0   11A82       4       0       0
    1999960                    40                    40             2.2821487E-05         1.0000000E+30                 0       
 NEXT SEEDS:22F5399D       0       0       0       0       0   11A82       4       0       0
    1999961                    39                    39             2.2821475E-05         1.0000000E+30                 0       
 NEXT SEEDS:22F539AC       0       0       0       0       0   11A82       4       0       0
    1999962                    38                    38             2.2821464E-05         1.0000000E+30                 0       
 NEXT SEEDS:22F53B1F       0       0       0       0       0   11A82       4       0       0
    1999963                    37                    37             2.2821453E-05         1.0000000E+30                 0       
 NEXT SEEDS:22F53B43       0       0       0       0       0   11A82       4       0       0
    1999964                    36                    36             2.2821941E-05         1.0000000E+30                 0       
 NEXT SEEDS:22F53B4F       0       0       0       0       0   11A82       4       0       0
    1999965                    35                    35             2.2822429E-05         1.0000000E+30                 0       
 NEXT SEEDS:22F53B5B       0       0       0       0       0   11A82       4       0       0
    1999966                    34                    34             2.2822418E-05         1.0000000E+30                 0       
 NEXT SEEDS:22F53B67       0       0       0       0       0   11A82       4       0       0
    1999967                    33                    33             2.2822406E-05         1.0000000E+30                 0       
 NEXT SEEDS:22F53C2D       0       0       0       0       0   11A82       4       0       0
    1999968                    32                    32             2.2822395E-05         1.0000000E+30                 0       
 NEXT SEEDS:22F53CD2       0       0       0       0       0   11A82       4       0       0
    1999969                    31                    31             2.2822384E-05         1.0000000E+30                 0       
 NEXT SEEDS:22F53CEE       0       0       0       0       0   11A82       4       0       0
    1999970                    30                    30             2.2822372E-05         1.0000000E+30                 0       
 NEXT SEEDS:22F53CFD       0       0       0       0       0   11A82       4       0       0
    1999971                    29                    29             2.2822361E-05         1.0000000E+30                 0       
 NEXT SEEDS:22F53D51       0       0       0       0       0   11A82       4       0       0
    1999972                    28                    28             2.2822849E-05         1.0000000E+30                 0       
 NEXT SEEDS:22F53D77       0       0       0       0       0   11A82       4       0       0
    1999973                    27                    27             2.2822838E-05         1.0000000E+30                 0       
 NEXT SEEDS:22F53DA5       0       0       0       0       0   11A82       4       0       0
    1999974                    26                    26             2.2822826E-05         1.0000000E+30                 0       
 NEXT SEEDS:22F53DFD       0       0       0       0       0   11A82       4       0       0
    1999975                    25                    25             2.2822815E-05         1.0000000E+30                 0       
 NEXT SEEDS:22F53E36       0       0       0       0       0   11A82       4       0       0
    1999976                    24                    24             2.2822803E-05         1.0000000E+30                 0       
 NEXT SEEDS:22F53E42       0       0       0       0       0   11A82       4       0       0
    1999977                    23                    23             2.2822792E-05         1.0000000E+30                 0       
 NEXT SEEDS:22F53E51       0       0       0       0       0   11A82       4       0       0
    1999978                    22                    22             2.2822781E-05         1.0000000E+30                 0       
 NEXT SEEDS:22F53EF2       0       0       0       0       0   11A82       4       0       0
    1999979                    21                    21             2.2822769E-05         1.0000000E+30                 0       
 NEXT SEEDS:22F53F05       0       0       0       0       0   11A82       4       0       0
    1999980                    20                    20             2.2822758E-05         1.0000000E+30                 0       
 NEXT SEEDS:22F53FC4       0       0       0       0       0   11A82       4       0       0
    1999981                    19                    19             2.2822746E-05         1.0000000E+30                 0       
 NEXT SEEDS:22F5401B       0       0       0       0       0   11A82       4       0       0
    1999982                    18                    18             2.2823235E-05         1.0000000E+30                 0       
 NEXT SEEDS:22F54059       0       0       0       0       0   11A82       4       0       0
    1999983                    17                    17             2.2823223E-05         1.0000000E+30                 0       
 NEXT SEEDS:22F54080       0       0       0       0       0   11A82       4       0       0
    1999984                    16                    16             2.2823212E-05         1.0000000E+30                 0       
 NEXT SEEDS:22F5408C       0       0       0       0       0   11A82       4       0       0
    1999985                    15                    15             2.2823200E-05         1.0000000E+30                 0       
 NEXT SEEDS:22F54098       0       0       0       0       0   11A82       4       0       0
    1999986                    14                    14             2.2823189E-05         1.0000000E+30                 0       
 NEXT SEEDS:22F5409F       0       0       0       0       0   11A82       4       0       0
    1999987                    13                    13             2.2823178E-05         1.0000000E+30                 0       
 NEXT SEEDS:22F540B3       0       0       0       0       0   11A82       4       0       0
    1999988                    12                    12             2.2823166E-05         1.0000000E+30                 0       
 NEXT SEEDS:22F5426E       0       0       0       0       0   11A82       4       0       0
    1999989                    11                    11             2.2823155E-05         1.0000000E+30                 0       
 NEXT SEEDS:22F54284       0       0       0       0       0   11A82       4       0       0
    1999990                    10                    10             2.2823143E-05         1.0000000E+30                 0       
 NEXT SEEDS:22F542BF       0       0       0       0       0   11A82       4       0       0
    1999991                     9                     9             2.2823632E-05         1.0000000E+30                 0       
 NEXT SEEDS:22F542E8       0       0       0       0       0   11A82       4       0       0
    1999992                     8                     8             2.2823620E-05         1.0000000E+30                 0       
 NEXT SEEDS:22F542F4       0       0       0       0       0   11A82       4       0       0
    1999993                     7                     7             2.2823609E-05         1.0000000E+30                 0       
 NEXT SEEDS:22F5432B       0       0       0       0       0   11A82       4       0       0
    1999994                     6                     6             2.2823597E-05         1.0000000E+30                 0       
 NEXT SEEDS:22F5439D       0       0       0       0       0   11A82       4       0       0
    1999995                     5                     5             2.2823586E-05         1.0000000E+30                 0       
 NEXT SEEDS:22F5440C       0       0       0       0       0   11A82       4       0       0
    1999996                     4                     4             2.2823575E-05         1.0000000E+30                 0       
 NEXT SEEDS:22F54438       0       0       0       0       0   11A82       4       0       0
    1999997                     3                     3             2.2823563E-05         1.0000000E+30                 0       
 NEXT SEEDS:22F54444       0       0       0       0       0   11A82       4       0       0
    1999998                     2                     2             2.2823552E-05         1.0000000E+30                 0       
 NEXT SEEDS:22F544B4       0       0       0       0       0   11A82       4       0       0
    1999999                     1                     1             2.2823540E-05         1.0000000E+30                 0       
 NEXT SEEDS:22F544DC       0       0       0       0       0   11A82       4       0       0
    2000000                     0                     1             2.2823529E-05         1.0000000E+30                 0       
 NEXT SEEDS:22F5452A       0       0       0       0       0   11A82       4       0       0
