 # Detector n:  1  PosTop    
 # N. of energy intervals 343
  1.0000100E-14  2.0000000E-13   0.000000       0.000000    
  2.0000000E-13  2.9297300E-13   0.000000       0.000000    
  2.9297300E-13  4.2916701E-13   0.000000       0.000000    
  4.2916701E-13  6.2867300E-13   0.000000       0.000000    
  6.2867300E-13  9.2092198E-13   0.000000       0.000000    
  9.2092198E-13  1.3490300E-12   0.000000       0.000000    
  1.3490300E-12  1.9761499E-12   0.000000       0.000000    
  1.9761499E-12  2.8947901E-12   0.000000       0.000000    
  2.8947901E-12  4.2404799E-12   0.000000       0.000000    
  4.2404799E-12  6.2117499E-12   0.000000       0.000000    
  6.2117499E-12  9.0993801E-12  2.8246231E+09   95.30653    
  9.0993801E-12  1.3329400E-11  6.4876867E+09   57.45092    
  1.3329400E-11  1.9525799E-11  1.5871534E+10   39.26466    
  1.9525799E-11  2.8602700E-11  5.6768553E+09   57.51537    
  2.8602700E-11  4.1899099E-11  6.7515817E+09   30.57375    
  4.1899099E-11  6.1376598E-11  4.9049989E+09   30.98245    
  6.1376598E-11  8.9908601E-11  2.0209837E+09   62.11446    
  8.9908601E-11  1.3170399E-10  1.2601310E+08   95.30653    
  1.3170399E-10  1.9292901E-10  1.4104605E+08   82.77477    
  1.9292901E-10  2.8261499E-10  1.9903957E+08   66.86674    
  2.8261499E-10  4.1399401E-10  1.7419064E+08   68.40527    
  4.1399401E-10  5.3157900E-10  3.0156144E+08   52.63610    
  5.3157900E-10  6.2506200E-10  1.1433770E+08   84.28283    
  6.2506200E-10  6.8256001E-10  8.8114522E+08   55.26332    
  6.8256001E-10  8.3368101E-10   0.000000       0.000000    
  8.3368101E-10  8.7642499E-10   0.000000       0.000000    
  8.7642499E-10  1.1253500E-09   0.000000       0.000000    
  1.1253500E-09  1.4449800E-09   0.000000       0.000000    
  1.4449800E-09  1.8553900E-09  3.8961604E+07   69.42404    
  1.8553900E-09  2.3823701E-09  2.3026832E+07   95.30653    
  2.3823701E-09  3.0590199E-09   0.000000       0.000000    
  3.0590199E-09  3.9278598E-09  1.9638784E+07   62.25101    
  3.9278598E-09  5.0434799E-09  1.0404041E+07   95.30653    
  5.0434799E-09  6.4759500E-09  3.0870238E+07   41.61322    
  6.4759500E-09  8.3152898E-09  1.0908977E+07   66.94181    
  8.3152898E-09  1.0677000E-08   1768711.       95.30653    
  1.0677000E-08  1.3709600E-08   6139748.       66.81144    
  1.3709600E-08  1.7603501E-08   4892662.       66.70154    
  1.7603501E-08  2.2603301E-08   787377.5       95.30653    
  2.2603301E-08  2.9023200E-08   968371.8       95.30653    
  2.9023200E-08  3.7266499E-08   2005667.       63.28714    
  3.7266499E-08  4.7851199E-08   2524270.       67.64108    
  4.7851199E-08  6.1442101E-08   4604736.       64.72791    
  6.1442101E-08  7.8893301E-08   1434610.       56.00022    
  7.8893301E-08  1.0130100E-07   520948.6       95.30653    
  1.0130100E-07  1.3007300E-07   517002.7       54.53228    
  1.3007300E-07  1.6701701E-07   524231.3       69.99428    
  1.6701701E-07  2.1445400E-07   359504.4       61.47992    
  2.1445400E-07  2.7536399E-07   138846.9       95.30653    
  2.7536399E-07  3.5357499E-07   338519.1       63.61446    
  3.5357499E-07  4.5399901E-07   432440.1       46.90928    
  4.5399901E-07  5.8294700E-07   136957.3       95.30653    
  5.8294700E-07  7.4851800E-07   34401.08       95.30653    
  7.4851800E-07  9.6111603E-07   144309.1       70.65330    
  9.6111603E-07  1.2341000E-06   38137.38       95.30653    
  1.2341000E-06  1.3638900E-06   0.000000       0.000000    
  1.3638900E-06  1.5073300E-06   63686.77       95.30653    
  1.5073300E-06  1.5846100E-06   0.000000       0.000000    
  1.5846100E-06  1.6658601E-06   251416.7       66.74227    
  1.6658601E-06  1.8410600E-06   0.000000       0.000000    
  1.8410600E-06  2.0346799E-06   0.000000       0.000000    
  2.0346799E-06  2.2486699E-06   0.000000       0.000000    
  2.2486699E-06  2.4851699E-06   41178.05       95.30653    
  2.4851699E-06  2.6125899E-06   0.000000       0.000000    
  2.6125899E-06  2.7465401E-06   0.000000       0.000000    
  2.7465401E-06  2.8634900E-06   69954.96       95.30653    
  2.8634900E-06  3.0353899E-06   0.000000       0.000000    
  3.0353899E-06  3.3546301E-06   33220.03       73.08206    
  3.3546301E-06  3.7074401E-06   0.000000       0.000000    
  3.7074401E-06  4.0973500E-06   5046.557       95.30653    
  4.0973500E-06  4.3074201E-06   0.000000       0.000000    
  4.3074201E-06  4.5282700E-06   0.000000       0.000000    
  4.5282700E-06  5.0045101E-06   0.000000       0.000000    
  5.0045101E-06  5.5308401E-06   16380.45       95.30653    
  5.5308401E-06  6.2672698E-06   7410.334       95.30653    
  6.2672698E-06  7.1017398E-06   0.000000       0.000000    
  7.1017398E-06  8.0473301E-06   1372.477       95.30653    
  8.0473301E-06  9.1188203E-06   12804.78       73.13111    
  9.1188203E-06  1.0333000E-05   8444.519       95.30653    
  1.0333000E-05  1.1708800E-05   7314.032       95.30653    
  1.1708800E-05  1.3267800E-05   3094.058       95.30653    
  1.3267800E-05  1.5034400E-05   23583.95       46.90698    
  1.5034400E-05  1.7036200E-05   14505.36       52.45134    
  1.7036200E-05  1.9304500E-05   18332.28       48.90507    
  1.9304500E-05  2.1334799E-05   2050.656       95.30653    
  2.1334799E-05  2.1874899E-05   0.000000       0.000000    
  2.1874899E-05  2.3578599E-05   6129.697       95.30653    
  2.3578599E-05  2.4175501E-05   21835.31       65.56812    
  2.4175501E-05  2.4787500E-05   0.000000       0.000000    
  2.4787500E-05  2.6058400E-05   2620.242       95.30653    
  2.6058400E-05  2.8087899E-05   2725.154       95.30653    
  2.8087899E-05  3.1827800E-05   2392.357       70.61376    
  3.1827800E-05  3.4306700E-05   7567.383       66.79154    
  3.4306700E-05  3.5175199E-05   8680.142       95.30653    
  3.5175199E-05  3.6065601E-05   0.000000       0.000000    
  3.6065601E-05  4.0867701E-05   862.1878       95.30653    
  4.0867701E-05  4.6309200E-05   2701.378       68.45976    
  4.6309200E-05  5.2475199E-05   1402.965       95.30653    
  5.2475199E-05  5.6562199E-05   0.000000       0.000000    
  5.6562199E-05  5.9462200E-05   3447.873       95.30653    
  5.9462200E-05  6.2510902E-05   2093.712       95.30653    
  6.2510902E-05  6.7379500E-05   789.7093       95.30653    
  6.7379500E-05  7.6350902E-05   6001.022       42.08029    
  7.6350902E-05  8.6516899E-05   194.9470       95.30653    
  8.6516899E-05  9.8036500E-05   0.000000       0.000000    
  9.8036500E-05  1.1109000E-04   1280.351       73.05021    
  1.1109000E-04  1.1678600E-04   0.000000       0.000000    
  1.1678600E-04  1.2277300E-04   1802.342       95.30653    
  1.2277300E-04  1.2906799E-04   0.000000       0.000000    
  1.2906799E-04  1.3568600E-04   0.000000       0.000000    
  1.3568600E-04  1.4264201E-04   1190.504       95.30653    
  1.4264201E-04  1.4995600E-04   0.000000       0.000000    
  1.4995600E-04  1.5764400E-04   329.9626       95.30653    
  1.5764400E-04  1.6163501E-04   441.7713       95.30653    
  1.6163501E-04  1.6572700E-04   0.000000       0.000000    
  1.6572700E-04  1.6992200E-04   5174.701       68.04115    
  1.6992200E-04  1.7422400E-04   2367.279       95.30653    
  1.7422400E-04  1.8315599E-04   1170.205       95.30653    
  1.8315599E-04  1.9254700E-04   0.000000       0.000000    
  1.9254700E-04  2.0241900E-04   298.7749       95.30653    
  2.0241900E-04  2.1279699E-04   1093.890       66.87242    
  2.1279699E-04  2.2370800E-04   0.000000       0.000000    
  2.2370800E-04  2.3517800E-04   0.000000       0.000000    
  2.3517800E-04  2.4723500E-04   367.5941       95.30653    
  2.4723500E-04  2.5991100E-04   0.000000       0.000000    
  2.5991100E-04  2.7323700E-04   862.8818       69.41098    
  2.7323700E-04  2.8015400E-04   1057.652       95.30653    
  2.8015400E-04  2.8724599E-04   0.000000       0.000000    
  2.8724599E-04  2.9451799E-04   0.000000       0.000000    
  2.9451799E-04  3.0197401E-04   0.000000       0.000000    
  3.0197401E-04  3.0961799E-04   2314.973       67.53498    
  3.0961799E-04  3.1745600E-04   0.000000       0.000000    
  3.1745600E-04  3.3373301E-04   0.000000       0.000000    
  3.3373301E-04  3.5084400E-04   772.5393       71.82163    
  3.5084400E-04  3.6883200E-04   0.000000       0.000000    
  3.6883200E-04  3.8774201E-04   1038.909       66.72141    
  3.8774201E-04  4.0762199E-04   720.4834       88.00964    
  4.0762199E-04  4.2852099E-04   433.2958       95.30653    
  4.2852099E-04  4.5049199E-04   0.000000       0.000000    
  4.5049199E-04  4.7358900E-04   658.8750       67.48134    
  4.7358900E-04  4.9787102E-04   334.3371       95.30653    
  4.9787102E-04  5.1047403E-04   0.000000       0.000000    
  5.1047403E-04  5.2339700E-04   0.000000       0.000000    
  5.2339700E-04  5.3664698E-04   0.000000       0.000000    
  5.3664698E-04  5.5023201E-04   0.000000       0.000000    
  5.5023201E-04  5.7844300E-04   657.4128       67.52605    
  5.7844300E-04  6.0810102E-04   0.000000       0.000000    
  6.0810102E-04  6.3927902E-04   342.4367       90.26802    
  6.3927902E-04  6.7205500E-04   238.5436       95.30653    
  6.7205500E-04  7.0651202E-04   600.2882       66.87871    
  7.0651202E-04  7.4273598E-04   0.000000       0.000000    
  7.4273598E-04  7.8081700E-04   0.000000       0.000000    
  7.8081700E-04  8.2085002E-04   260.6647       95.30653    
  8.2085002E-04  8.6293602E-04   208.6417       71.15559    
  8.6293602E-04  9.0717903E-04   679.6178       53.96223    
  9.0717903E-04  9.5369201E-04   0.000000       0.000000    
  9.5369201E-04  9.6163998E-04   0.000000       0.000000    
  9.6163998E-04  9.7783399E-04   0.000000       0.000000    
  9.7783399E-04  1.0025901E-03   0.000000       0.000000    
  1.0025901E-03  1.0539900E-03   291.8286       75.71976    
  1.0539900E-03  1.1080300E-03   264.1029       68.16540    
  1.1080300E-03  1.1648400E-03   478.7332       55.94358    
  1.1648400E-03  1.1943300E-03   0.000000       0.000000    
  1.1943300E-03  1.2245600E-03   30.77921       95.30653    
  1.2245600E-03  1.2873500E-03   0.000000       0.000000    
  1.2873500E-03  1.3533500E-03   74.85733       95.30653    
  1.3533500E-03  1.4227401E-03   158.6508       95.30653    
  1.4227401E-03  1.4956900E-03   281.7450       55.28716    
  1.4956900E-03  1.5335500E-03   0.000000       0.000000    
  1.5335500E-03  1.5723699E-03   0.000000       0.000000    
  1.5723699E-03  1.6121800E-03   543.0712       62.85160    
  1.6121800E-03  1.6529900E-03   235.9644       95.30653    
  1.6529900E-03  1.7377400E-03   188.0715       67.04303    
  1.7377400E-03  1.8268300E-03   176.0180       73.13719    
  1.8268300E-03  1.8730800E-03   0.000000       0.000000    
  1.8730800E-03  1.9205000E-03   56.77716       95.30653    
  1.9205000E-03  1.9691200E-03   385.7173       95.30653    
  1.9691200E-03  2.0189700E-03   201.0527       95.30653    
  2.0189700E-03  2.1224800E-03   0.000000       0.000000    
  2.1224800E-03  2.2313001E-03   131.0755       59.35064    
  2.2313001E-03  2.2688799E-03   0.000000       0.000000    
  2.2688799E-03  2.3068599E-03   366.4844       64.00473    
  2.3068599E-03  2.3457000E-03   122.4480       95.30653    
  2.3457000E-03  2.3652499E-03   126.8879       95.30653    
  2.3652499E-03  2.3852000E-03   0.000000       0.000000    
  2.3852000E-03  2.4251300E-03   100.6749       95.30653    
  2.4251300E-03  2.4659701E-03   0.000000       0.000000    
  2.4659701E-03  2.5923999E-03   156.8331       56.95292    
  2.5923999E-03  2.7253199E-03   117.3094       67.43245    
  2.7253199E-03  2.8650500E-03   98.51911       95.30653    
  2.8650500E-03  3.0119400E-03   182.1613       54.62549    
  3.0119400E-03  3.0881900E-03   0.000000       0.000000    
  3.0881900E-03  3.1663701E-03   197.1598       55.78391    
  3.1663701E-03  3.2465300E-03   0.000000       0.000000    
  3.2465300E-03  3.3287101E-03   0.000000       0.000000    
  3.3287101E-03  3.4993801E-03   0.000000       0.000000    
  3.4993801E-03  3.6787901E-03   52.64853       87.84415    
  3.6787901E-03  3.8674099E-03   0.000000       0.000000    
  3.8674099E-03  4.0656999E-03   12.16911       95.30653    
  4.0656999E-03  4.2741499E-03   9.238480       95.30653    
  4.2741499E-03  4.4932901E-03   102.1746       60.51850    
  4.4932901E-03  4.6070400E-03   82.23137       95.30653    
  4.6070400E-03  4.7236700E-03   79.40784       95.30653    
  4.7236700E-03  4.8432499E-03   0.000000       0.000000    
  4.8432499E-03  4.9658502E-03   44.42576       95.30653    
  4.9658502E-03  5.2204598E-03   0.000000       0.000000    
  5.2204598E-03  5.4881200E-03   32.12097       95.30653    
  5.4881200E-03  5.7695000E-03   49.01854       77.15327    
  5.7695000E-03  5.9155500E-03   0.000000       0.000000    
  5.9155500E-03  6.0653100E-03   4.961965       95.30653    
  6.0653100E-03  6.2188501E-03   0.000000       0.000000    
  6.2188501E-03  6.3762800E-03   0.000000       0.000000    
  6.3762800E-03  6.5377001E-03   134.9599       68.37980    
  6.5377001E-03  6.5923799E-03   0.000000       0.000000    
  6.5923799E-03  6.6475999E-03   0.000000       0.000000    
  6.6475999E-03  6.7031998E-03   0.000000       0.000000    
  6.7031998E-03  6.8728901E-03   18.35002       95.30653    
  6.8728901E-03  7.0468802E-03   130.5219       67.15173    
  7.0468802E-03  7.2252699E-03   0.000000       0.000000    
  7.2252699E-03  7.4081798E-03   0.000000       0.000000    
  7.4081798E-03  7.5957198E-03   0.000000       0.000000    
  7.5957198E-03  7.7880099E-03   0.000000       0.000000    
  7.7880099E-03  7.9851598E-03   40.36597       95.30653    
  7.9851598E-03  8.1873098E-03   0.000000       0.000000    
  8.1873098E-03  8.3945701E-03   0.000000       0.000000    
  8.3945701E-03  8.6070802E-03   101.3675       59.10420    
  8.6070802E-03  8.8249696E-03   0.000000       0.000000    
  8.8249696E-03  9.0483697E-03   0.000000       0.000000    
  9.0483697E-03  9.2774397E-03   0.000000       0.000000    
  9.2774397E-03  9.5122904E-03   0.000000       0.000000    
  9.5122904E-03  9.7530996E-03   29.42587       95.30653    
  9.7530996E-03  9.9999998E-03   0.000000       0.000000    
  9.9999998E-03  1.0253200E-02   0.000000       0.000000    
  1.0253200E-02  1.0512700E-02   0.000000       0.000000    
  1.0512700E-02  1.0778800E-02   0.000000       0.000000    
  1.0778800E-02  1.1051700E-02   0.000000       0.000000    
  1.1051700E-02  1.1331500E-02   0.000000       0.000000    
  1.1331500E-02  1.1618300E-02   0.000000       0.000000    
  1.1618300E-02  1.1912500E-02   20.95733       95.30653    
  1.1912500E-02  1.2214000E-02   0.000000       0.000000    
  1.2214000E-02  1.2523200E-02   0.000000       0.000000    
  1.2523200E-02  1.2840200E-02   28.61472       95.30653    
  1.2840200E-02  1.3165300E-02   20.79899       95.30653    
  1.3165300E-02  1.3498600E-02   0.000000       0.000000    
  1.3498600E-02  1.3840300E-02   0.000000       0.000000    
  1.3840300E-02  1.4190700E-02   0.000000       0.000000    
  1.4190700E-02  1.4549900E-02   5.169850       95.30653    
  1.4549900E-02  1.4918300E-02   4.146960       70.05896    
  1.4918300E-02  1.5295900E-02   0.000000       0.000000    
  1.5295900E-02  1.5683100E-02   21.02080       95.30653    
  1.5683100E-02  1.6080100E-02   22.95374       95.30653    
  1.6080100E-02  1.6487200E-02   0.000000       0.000000    
  1.6487200E-02  1.6904600E-02   24.37025       93.12110    
  1.6904600E-02  1.7332500E-02   12.41395       68.00434    
  1.7332500E-02  1.7771300E-02   20.71597       94.46365    
  1.7771300E-02  1.8221200E-02   4.805711       95.30653    
  1.8221200E-02  1.8682500E-02   19.61810       95.30653    
  1.8682500E-02  1.9155400E-02   28.77420       66.70930    
  1.9155400E-02  1.9640300E-02   1.711116       95.30653    
  1.9640300E-02  2.0000000E-02   47.95732       66.80428    
  2.0000000E-02  2.2784740E-02   14.37151       44.98774    
  2.2784740E-02  2.5957221E-02   6.629457       58.61565    
  2.5957221E-02  2.9571427E-02   8.013249       52.85662    
  2.9571427E-02  3.3688866E-02   2.496912       93.62850    
  3.3688866E-02  3.8379602E-02   9.308854       40.31343    
  3.8379602E-02  4.3723468E-02   5.996480       46.88895    
  4.3723468E-02  4.9811393E-02   3.510412       57.38139    
  4.9811393E-02  5.6746982E-02   12.24866       29.23740    
  5.6746982E-02  6.4648263E-02   7.213905       43.83734    
  6.4648263E-02  7.3649697E-02   7.592589       33.83916    
  7.3649697E-02  8.3904468E-02   4.749726       39.03066    
  8.3904468E-02  9.5587075E-02   3.927269       38.21002    
  9.5587075E-02  0.1088963       4.146595       37.04454    
  0.1088963      0.1240587       4.250887       34.11774    
  0.1240587      0.1413323       3.242737       44.28266    
  0.1413323      0.1610110       2.571660       40.89848    
  0.1610110      0.1834297      0.5008946       95.30653    
  0.1834297      0.2089699       1.954647       50.00481    
  0.2089699      0.2380663      0.4409442       66.72743    
  0.2380663      0.2712139      0.2410405       67.40958    
  0.2712139      0.3089769       0.000000       0.000000    
  0.3089769      0.3519980       0.000000       0.000000    
  0.3519980      0.4010091      4.6210065E-02   95.30653    
  0.4010091      0.4568444       0.000000       0.000000    
  0.4568444      0.5204541       0.000000       0.000000    
  0.5204541      0.5929207       0.000000       0.000000    
  0.5929207      0.6754771       0.000000       0.000000    
  0.6754771      0.7695286       0.000000       0.000000    
  0.7695286      0.8766755       0.000000       0.000000    
  0.8766755      0.9987412       0.000000       0.000000    
  0.9987412       1.137803       0.000000       0.000000    
   1.137803       1.296227       0.000000       0.000000    
   1.296227       1.476710       0.000000       0.000000    
   1.476710       1.682323       0.000000       0.000000    
   1.682323       1.916565       0.000000       0.000000    
   1.916565       2.183421       0.000000       0.000000    
   2.183421       2.487434       0.000000       0.000000    
   2.487434       2.833777       0.000000       0.000000    
   2.833777       3.228344       0.000000       0.000000    
   3.228344       3.677850       0.000000       0.000000    
   3.677850       4.189942       0.000000       0.000000    
   4.189942       4.773337       0.000000       0.000000    
   4.773337       5.437963       0.000000       0.000000    
   5.437963       6.195129       0.000000       0.000000    
   6.195129       7.057720       0.000000       0.000000    
   7.057720       8.040417       0.000000       0.000000    
   8.040417       9.159941       0.000000       0.000000    
   9.159941       10.43534       0.000000       0.000000    
   10.43534       11.88833       0.000000       0.000000    
   11.88833       13.54363       0.000000       0.000000    
   13.54363       15.42940       0.000000       0.000000    
   15.42940       17.57774       0.000000       0.000000    
   17.57774       20.02522       0.000000       0.000000    
   20.02522       22.81347       0.000000       0.000000    
   22.81347       25.98995       0.000000       0.000000    
   25.98995       29.60871       0.000000       0.000000    
   29.60871       33.73134       0.000000       0.000000    
   33.73134       38.42800       0.000000       0.000000    
   38.42800       43.77859       0.000000       0.000000    
   43.77859       49.87420       0.000000       0.000000    
   49.87420       56.81853       0.000000       0.000000    
   56.81853       64.72978       0.000000       0.000000    
   64.72978       73.74256       0.000000       0.000000    
   73.74256       84.01026       0.000000       0.000000    
   84.01026       95.70760       0.000000       0.000000    
   95.70760       109.0336       0.000000       0.000000    
   109.0336       124.2152       0.000000       0.000000    
   124.2152       141.5105       0.000000       0.000000    
   141.5105       161.2140       0.000000       0.000000    
   161.2140       183.6610       0.000000       0.000000    
   183.6610       209.2334       0.000000       0.000000    
   209.2334       238.3664       0.000000       0.000000    
   238.3664       271.5559       0.000000       0.000000    
   271.5559       309.3665       0.000000       0.000000    
   309.3665       352.4418       0.000000       0.000000    
   352.4418       401.5148       0.000000       0.000000    
   401.5148       457.4205       0.000000       0.000000    
   457.4205       521.1104       0.000000       0.000000    
   521.1104       593.6682       0.000000       0.000000    
   593.6682       676.3289       0.000000       0.000000    
   676.3289       770.4989       0.000000       0.000000    
   770.4989       877.7809       0.000000       0.000000    
   877.7809       1000.000       0.000000       0.000000    


 # Detector n:  2  PosBel    
 # N. of energy intervals 343
  1.0000100E-14  2.0000000E-13   0.000000       0.000000    
  2.0000000E-13  2.9297300E-13   0.000000       0.000000    
  2.9297300E-13  4.2916701E-13   0.000000       0.000000    
  4.2916701E-13  6.2867300E-13   0.000000       0.000000    
  6.2867300E-13  9.2092198E-13   0.000000       0.000000    
  9.2092198E-13  1.3490300E-12   0.000000       0.000000    
  1.3490300E-12  1.9761499E-12   0.000000       0.000000    
  1.9761499E-12  2.8947901E-12   0.000000       0.000000    
  2.8947901E-12  4.2404799E-12   0.000000       0.000000    
  4.2404799E-12  6.2117499E-12  9.0916209E+09   95.30653    
  6.2117499E-12  9.0993801E-12  1.8135362E+10   51.09561    
  9.0993801E-12  1.3329400E-11  1.2414103E+10   38.63495    
  1.3329400E-11  1.9525799E-11  3.1491160E+10   28.15788    
  1.9525799E-11  2.8602700E-11  1.9170058E+10   23.55810    
  2.8602700E-11  4.1899099E-11  3.2700662E+10   15.15926    
  4.1899099E-11  6.1376598E-11  2.7284580E+10   15.06115    
  6.1376598E-11  8.9908601E-11  1.2623062E+10   18.58190    
  8.9908601E-11  1.3170399E-10  5.8243589E+09   19.92368    
  1.3170399E-10  1.9292901E-10  3.8741568E+09   20.82940    
  1.9292901E-10  2.8261499E-10  1.2091603E+09   28.43785    
  2.8261499E-10  4.1399401E-10  8.1016166E+08   42.20766    
  4.1399401E-10  5.3157900E-10  2.7957184E+08   42.36517    
  5.3157900E-10  6.2506200E-10  3.2544205E+08   50.80418    
  6.2506200E-10  6.8256001E-10  1.3210029E+09   37.13917    
  6.8256001E-10  8.3368101E-10  3.8515853E+08   36.98522    
  8.3368101E-10  8.7642499E-10  6.7364026E+08   65.29082    
  8.7642499E-10  1.1253500E-09  3.8220362E+08   28.77122    
  1.1253500E-09  1.4449800E-09  3.1595955E+08   37.41975    
  1.4449800E-09  1.8553900E-09  3.0745667E+08   33.37320    
  1.8553900E-09  2.3823701E-09  1.2125392E+08   45.77530    
  2.3823701E-09  3.0590199E-09  1.7462182E+08   33.20766    
  3.0590199E-09  3.9278598E-09  1.7208862E+08   30.32095    
  3.9278598E-09  5.0434799E-09  8.4052040E+07   27.43820    
  5.0434799E-09  6.4759500E-09  7.3557280E+07   30.55461    
  6.4759500E-09  8.3152898E-09  6.2895608E+07   26.79314    
  8.3152898E-09  1.0677000E-08  4.3013768E+07   28.51412    
  1.0677000E-08  1.3709600E-08  4.0399632E+07   23.50262    
  1.3709600E-08  1.7603501E-08  5.4462788E+07   26.95130    
  1.7603501E-08  2.2603301E-08  2.5992042E+07   24.45513    
  2.2603301E-08  2.9023200E-08  2.3085118E+07   24.20933    
  2.9023200E-08  3.7266499E-08  1.6488813E+07   25.71639    
  3.7266499E-08  4.7851199E-08   9473832.       34.37474    
  4.7851199E-08  6.1442101E-08   8663599.       23.33641    
  6.1442101E-08  7.8893301E-08   5252606.       26.84542    
  7.8893301E-08  1.0130100E-07   6169727.       31.45261    
  1.0130100E-07  1.3007300E-07   5807834.       31.19474    
  1.3007300E-07  1.6701701E-07   2480524.       25.94825    
  1.6701701E-07  2.1445400E-07   2678555.       32.10665    
  2.1445400E-07  2.7536399E-07   1760374.       26.60003    
  2.7536399E-07  3.5357499E-07   1585166.       28.52609    
  3.5357499E-07  4.5399901E-07   1249074.       22.59566    
  4.5399901E-07  5.8294700E-07   862755.3       23.16526    
  5.8294700E-07  7.4851800E-07   655727.9       28.63184    
  7.4851800E-07  9.6111603E-07   362332.1       46.98582    
  9.6111603E-07  1.2341000E-06   385411.0       24.35810    
  1.2341000E-06  1.3638900E-06   218295.4       48.40221    
  1.3638900E-06  1.5073300E-06   544195.8       30.15861    
  1.5073300E-06  1.5846100E-06   398903.0       54.61756    
  1.5846100E-06  1.6658601E-06   220737.6       66.75056    
  1.6658601E-06  1.8410600E-06   387580.3       39.51404    
  1.8410600E-06  2.0346799E-06   396176.7       47.34133    
  2.0346799E-06  2.2486699E-06   269946.9       37.55372    
  2.2486699E-06  2.4851699E-06   335560.5       31.45268    
  2.4851699E-06  2.6125899E-06   262458.7       41.71170    
  2.6125899E-06  2.7465401E-06   0.000000       0.000000    
  2.7465401E-06  2.8634900E-06   160597.7       60.64500    
  2.8634900E-06  3.0353899E-06   116806.3       66.85919    
  3.0353899E-06  3.3546301E-06   163131.2       39.57782    
  3.3546301E-06  3.7074401E-06   135584.9       38.71022    
  3.7074401E-06  4.0973500E-06   124716.0       41.35522    
  4.0973500E-06  4.3074201E-06   72347.92       66.75375    
  4.3074201E-06  4.5282700E-06   110450.8       55.81068    
  4.5282700E-06  5.0045101E-06   158865.3       34.24141    
  5.0045101E-06  5.5308401E-06   114834.8       37.69618    
  5.5308401E-06  6.2672698E-06   56432.47       42.88822    
  6.2672698E-06  7.1017398E-06   86299.29       39.68471    
  7.1017398E-06  8.0473301E-06   56492.53       39.72188    
  8.0473301E-06  9.1188203E-06   73463.35       29.34686    
  9.1188203E-06  1.0333000E-05   50975.50       35.23515    
  1.0333000E-05  1.1708800E-05   61633.23       29.60891    
  1.1708800E-05  1.3267800E-05   43323.36       32.64584    
  1.3267800E-05  1.5034400E-05   43499.91       33.33630    
  1.5034400E-05  1.7036200E-05   55534.91       27.19365    
  1.7036200E-05  1.9304500E-05   27608.35       38.65342    
  1.9304500E-05  2.1334799E-05   22879.05       46.04397    
  2.1334799E-05  2.1874899E-05   24878.95       90.36363    
  2.1874899E-05  2.3578599E-05   29711.45       39.40748    
  2.3578599E-05  2.4175501E-05   15274.65       68.71065    
  2.4175501E-05  2.4787500E-05   14134.32       95.30653    
  2.4787500E-05  2.6058400E-05   53566.01       38.30898    
  2.6058400E-05  2.8087899E-05   13817.82       51.99303    
  2.8087899E-05  3.1827800E-05   16472.96       33.65008    
  3.1827800E-05  3.4306700E-05   10541.75       53.97591    
  3.4306700E-05  3.5175199E-05   8570.406       95.30653    
  3.5175199E-05  3.6065601E-05   0.000000       0.000000    
  3.6065601E-05  4.0867701E-05   13131.75       35.95818    
  4.0867701E-05  4.6309200E-05   17559.69       25.55150    
  4.6309200E-05  5.2475199E-05   11873.51       33.25453    
  5.2475199E-05  5.6562199E-05   7952.544       59.98867    
  5.6562199E-05  5.9462200E-05   15245.28       41.57079    
  5.9462200E-05  6.2510902E-05   15655.01       39.50925    
  6.2510902E-05  6.7379500E-05   7628.737       46.99158    
  6.7379500E-05  7.6350902E-05   11011.80       36.18641    
  7.6350902E-05  8.6516899E-05   6699.036       35.39665    
  8.6516899E-05  9.8036500E-05   4014.746       46.14523    
  9.8036500E-05  1.1109000E-04   4882.944       35.94672    
  1.1109000E-04  1.1678600E-04   6278.190       56.36475    
  1.1678600E-04  1.2277300E-04   2844.317       60.81497    
  1.2277300E-04  1.2906799E-04   7222.438       40.01374    
  1.2906799E-04  1.3568600E-04   4146.762       55.19061    
  1.3568600E-04  1.4264201E-04   4805.465       42.65737    
  1.4264201E-04  1.4995600E-04   10196.18       31.85953    
  1.4995600E-04  1.5764400E-04   864.0013       72.18456    
  1.5764400E-04  1.6163501E-04   0.000000       0.000000    
  1.6163501E-04  1.6572700E-04   3126.892       71.45409    
  1.6572700E-04  1.6992200E-04   4407.747       66.86211    
  1.6992200E-04  1.7422400E-04   6558.796       55.26716    
  1.7422400E-04  1.8315599E-04   6240.843       36.60072    
  1.8315599E-04  1.9254700E-04   4826.460       52.04179    
  1.9254700E-04  2.0241900E-04   4027.792       43.56144    
  2.0241900E-04  2.1279699E-04   4065.959       45.72739    
  2.1279699E-04  2.2370800E-04   5362.786       44.12560    
  2.2370800E-04  2.3517800E-04   1547.677       57.59611    
  2.3517800E-04  2.4723500E-04   4686.368       34.45528    
  2.4723500E-04  2.5991100E-04   825.9006       95.30653    
  2.5991100E-04  2.7323700E-04   4478.699       34.05323    
  2.7323700E-04  2.8015400E-04   3548.027       52.61752    
  2.8015400E-04  2.8724599E-04   3501.480       59.61609    
  2.8724599E-04  2.9451799E-04   5467.461       44.55182    
  2.9451799E-04  3.0197401E-04   2644.541       56.30182    
  3.0197401E-04  3.0961799E-04   6348.145       41.83811    
  3.0961799E-04  3.1745600E-04   2991.291       52.18530    
  3.1745600E-04  3.3373301E-04   2527.534       47.58911    
  3.3373301E-04  3.5084400E-04   2613.673       44.00806    
  3.5084400E-04  3.6883200E-04   2791.195       46.69746    
  3.6883200E-04  3.8774201E-04   2095.144       46.45558    
  3.8774201E-04  4.0762199E-04   786.1626       66.38599    
  4.0762199E-04  4.2852099E-04   1249.127       67.41963    
  4.2852099E-04  4.5049199E-04   1922.785       47.66392    
  4.5049199E-04  4.7358900E-04   3413.397       31.67933    
  4.7358900E-04  4.9787102E-04   1579.019       38.64442    
  4.9787102E-04  5.1047403E-04   1884.821       54.93921    
  5.1047403E-04  5.2339700E-04   2221.855       53.51252    
  5.2339700E-04  5.3664698E-04   1599.609       59.97845    
  5.3664698E-04  5.5023201E-04   3475.671       38.57053    
  5.5023201E-04  5.7844300E-04   451.0506       79.10400    
  5.7844300E-04  6.0810102E-04   1984.683       32.96679    
  6.0810102E-04  6.3927902E-04   1755.089       41.93631    
  6.3927902E-04  6.7205500E-04   1780.019       39.17775    
  6.7205500E-04  7.0651202E-04   1644.499       33.94446    
  7.0651202E-04  7.4273598E-04   2505.333       32.13105    
  7.4273598E-04  7.8081700E-04   2911.989       27.15163    
  7.8081700E-04  8.2085002E-04   3293.116       25.42690    
  8.2085002E-04  8.6293602E-04   2048.950       41.08834    
  8.6293602E-04  9.0717903E-04   1840.620       35.81141    
  9.0717903E-04  9.5369201E-04   911.4583       48.68291    
  9.5369201E-04  9.6163998E-04   2533.260       66.70146    
  9.6163998E-04  9.7783399E-04   1582.810       69.03136    
  9.7783399E-04  1.0025901E-03   436.0229       95.30653    
  1.0025901E-03  1.0539900E-03   1766.787       34.55361    
  1.0539900E-03  1.1080300E-03   1395.168       34.91857    
  1.1080300E-03  1.1648400E-03   1306.398       31.01484    
  1.1648400E-03  1.1943300E-03   1375.611       42.25992    
  1.1943300E-03  1.2245600E-03   1982.987       36.44956    
  1.2245600E-03  1.2873500E-03   1497.816       40.12791    
  1.2873500E-03  1.3533500E-03   825.3590       36.55980    
  1.3533500E-03  1.4227401E-03   1355.314       28.90236    
  1.4227401E-03  1.4956900E-03   1951.932       22.31782    
  1.4956900E-03  1.5335500E-03   1822.149       32.88773    
  1.5335500E-03  1.5723699E-03   789.4161       54.44643    
  1.5723699E-03  1.6121800E-03   1135.488       42.00382    
  1.6121800E-03  1.6529900E-03   94.48208       95.30653    
  1.6529900E-03  1.7377400E-03   568.7479       36.56234    
  1.7377400E-03  1.8268300E-03   1088.863       33.82199    
  1.8268300E-03  1.8730800E-03   864.3104       41.60212    
  1.8730800E-03  1.9205000E-03   444.0161       59.51175    
  1.9205000E-03  1.9691200E-03   673.6985       53.10578    
  1.9691200E-03  2.0189700E-03   1090.538       37.09441    
  2.0189700E-03  2.1224800E-03   1150.478       29.33076    
  2.1224800E-03  2.2313001E-03   598.6879       40.72832    
  2.2313001E-03  2.2688799E-03   30.67668       95.30653    
  2.2688799E-03  2.3068599E-03   1117.765       38.56016    
  2.3068599E-03  2.3457000E-03   1096.691       50.24647    
  2.3457000E-03  2.3652499E-03   975.0079       56.94841    
  2.3652499E-03  2.3852000E-03   0.000000       0.000000    
  2.3852000E-03  2.4251300E-03   779.1512       56.02385    
  2.4251300E-03  2.4659701E-03   1190.075       39.47777    
  2.4659701E-03  2.5923999E-03   923.4898       27.20682    
  2.5923999E-03  2.7253199E-03   580.3220       40.17363    
  2.7253199E-03  2.8650500E-03   649.5688       36.84092    
  2.8650500E-03  3.0119400E-03   698.6687       27.93836    
  3.0119400E-03  3.0881900E-03   410.6303       54.02446    
  3.0881900E-03  3.1663701E-03   321.4182       57.09292    
  3.1663701E-03  3.2465300E-03   258.5800       59.57187    
  3.2465300E-03  3.3287101E-03   150.7710       84.93472    
  3.3287101E-03  3.4993801E-03   182.8831       65.58543    
  3.4993801E-03  3.6787901E-03   490.3619       33.23090    
  3.6787901E-03  3.8674099E-03   89.10196       61.20930    
  3.8674099E-03  4.0656999E-03   344.0304       32.21272    
  4.0656999E-03  4.2741499E-03   252.2043       36.26011    
  4.2741499E-03  4.4932901E-03   154.3291       46.92898    
  4.4932901E-03  4.6070400E-03   165.7127       66.72674    
  4.6070400E-03  4.7236700E-03   363.6406       43.54924    
  4.7236700E-03  4.8432499E-03   454.9415       37.56474    
  4.8432499E-03  4.9658502E-03   422.9106       48.44842    
  4.9658502E-03  5.2204598E-03   235.1330       34.61419    
  5.2204598E-03  5.4881200E-03   113.4530       54.61001    
  5.4881200E-03  5.7695000E-03   228.6752       35.98946    
  5.7695000E-03  5.9155500E-03   213.5028       51.50689    
  5.9155500E-03  6.0653100E-03   257.7715       46.35115    
  6.0653100E-03  6.2188501E-03   214.7524       61.99980    
  6.2188501E-03  6.3762800E-03   120.3515       59.35246    
  6.3762800E-03  6.5377001E-03   350.7076       42.50937    
  6.5377001E-03  6.5923799E-03   16.85590       95.30653    
  6.5923799E-03  6.6475999E-03   157.4926       95.30653    
  6.6475999E-03  6.7031998E-03   302.0731       70.51481    
  6.7031998E-03  6.8728901E-03   123.4677       57.72780    
  6.8728901E-03  7.0468802E-03   0.000000       0.000000    
  7.0468802E-03  7.2252699E-03   196.3277       54.57827    
  7.2252699E-03  7.4081798E-03   144.0669       54.91178    
  7.4081798E-03  7.5957198E-03   26.91969       95.30653    
  7.5957198E-03  7.7880099E-03   42.96958       95.30653    
  7.7880099E-03  7.9851598E-03   198.1424       46.20650    
  7.9851598E-03  8.1873098E-03   210.9271       46.37397    
  8.1873098E-03  8.3945701E-03   101.9796       67.20827    
  8.3945701E-03  8.6070802E-03   119.1949       54.50251    
  8.6070802E-03  8.8249696E-03   97.27976       58.64377    
  8.8249696E-03  9.0483697E-03   66.69642       77.34489    
  9.0483697E-03  9.2774397E-03   47.20180       86.92126    
  9.2774397E-03  9.5122904E-03   54.29140       91.70175    
  9.5122904E-03  9.7530996E-03   55.92253       67.52525    
  9.7530996E-03  9.9999998E-03   97.71517       62.41194    
  9.9999998E-03  1.0253200E-02   45.43282       78.18519    
  1.0253200E-02  1.0512700E-02   6.091460       95.30653    
  1.0512700E-02  1.0778800E-02   41.38810       95.30653    
  1.0778800E-02  1.1051700E-02   56.68853       66.89830    
  1.1051700E-02  1.1331500E-02   114.8897       47.77219    
  1.1331500E-02  1.1618300E-02   207.0908       38.84205    
  1.1618300E-02  1.1912500E-02   104.5916       54.24181    
  1.1912500E-02  1.2214000E-02   37.83971       95.30653    
  1.2214000E-02  1.2523200E-02   100.2751       53.90644    
  1.2523200E-02  1.2840200E-02   60.53718       66.73864    
  1.2840200E-02  1.3165300E-02   83.41076       54.21179    
  1.3165300E-02  1.3498600E-02   176.4185       40.44250    
  1.3498600E-02  1.3840300E-02   147.8063       41.29330    
  1.3840300E-02  1.4190700E-02   69.40456       60.37502    
  1.4190700E-02  1.4549900E-02   32.82774       95.30653    
  1.4549900E-02  1.4918300E-02   81.94435       42.00211    
  1.4918300E-02  1.5295900E-02   52.37644       67.28593    
  1.5295900E-02  1.5683100E-02   105.9236       40.29398    
  1.5683100E-02  1.6080100E-02   43.76524       58.76691    
  1.6080100E-02  1.6487200E-02   157.6070       45.37874    
  1.6487200E-02  1.6904600E-02   51.45845       59.26236    
  1.6904600E-02  1.7332500E-02   198.6879       30.59087    
  1.7332500E-02  1.7771300E-02   45.43777       66.74612    
  1.7771300E-02  1.8221200E-02   39.69291       60.14549    
  1.8221200E-02  1.8682500E-02   44.77789       66.59937    
  1.8682500E-02  1.9155400E-02   98.24393       41.94054    
  1.9155400E-02  1.9640300E-02   48.58911       46.92140    
  1.9640300E-02  2.0000000E-02   91.55372       48.14853    
  2.0000000E-02  2.2784740E-02   49.65579       25.26320    
  2.2784740E-02  2.5957221E-02   42.14048       22.48132    
  2.5957221E-02  2.9571427E-02   46.54088       21.67393    
  2.9571427E-02  3.3688866E-02   57.66219       16.30036    
  3.3688866E-02  3.8379602E-02   51.22990       21.78269    
  3.8379602E-02  4.3723468E-02   38.26275       20.55143    
  4.3723468E-02  4.9811393E-02   43.91525       19.16924    
  4.9811393E-02  5.6746982E-02   49.56788       14.27303    
  5.6746982E-02  6.4648263E-02   47.02688       14.93131    
  6.4648263E-02  7.3649697E-02   36.24650       14.33300    
  7.3649697E-02  8.3904468E-02   33.09518       17.59527    
  8.3904468E-02  9.5587075E-02   24.85522       15.26178    
  9.5587075E-02  0.1088963       25.23829       14.11739    
  0.1088963      0.1240587       14.85242       18.21114    
  0.1240587      0.1413323       14.72132       17.36147    
  0.1413323      0.1610110       18.82836       13.40777    
  0.1610110      0.1834297       9.927155       19.14853    
  0.1834297      0.2089699       7.235066       25.52668    
  0.2089699      0.2380663       4.245587       27.36075    
  0.2380663      0.2712139       1.777732       36.43862    
  0.2712139      0.3089769       1.665861       33.92233    
  0.3089769      0.3519980       1.321040       34.69235    
  0.3519980      0.4010091      0.3943309       64.01492    
  0.4010091      0.4568444      0.2566277       73.45089    
  0.4568444      0.5204541      0.1858843       69.02106    
  0.5204541      0.5929207       0.000000       0.000000    
  0.5929207      0.6754771      0.1183985       95.30653    
  0.6754771      0.7695286      9.5062189E-02   95.30653    
  0.7695286      0.8766755       0.000000       0.000000    
  0.8766755      0.9987412       0.000000       0.000000    
  0.9987412       1.137803       0.000000       0.000000    
   1.137803       1.296227       0.000000       0.000000    
   1.296227       1.476710       0.000000       0.000000    
   1.476710       1.682323       0.000000       0.000000    
   1.682323       1.916565       0.000000       0.000000    
   1.916565       2.183421       0.000000       0.000000    
   2.183421       2.487434       0.000000       0.000000    
   2.487434       2.833777       0.000000       0.000000    
   2.833777       3.228344       0.000000       0.000000    
   3.228344       3.677850       0.000000       0.000000    
   3.677850       4.189942       0.000000       0.000000    
   4.189942       4.773337       0.000000       0.000000    
   4.773337       5.437963       0.000000       0.000000    
   5.437963       6.195129       0.000000       0.000000    
   6.195129       7.057720       0.000000       0.000000    
   7.057720       8.040417       0.000000       0.000000    
   8.040417       9.159941       0.000000       0.000000    
   9.159941       10.43534       0.000000       0.000000    
   10.43534       11.88833       0.000000       0.000000    
   11.88833       13.54363       0.000000       0.000000    
   13.54363       15.42940       0.000000       0.000000    
   15.42940       17.57774       0.000000       0.000000    
   17.57774       20.02522       0.000000       0.000000    
   20.02522       22.81347       0.000000       0.000000    
   22.81347       25.98995       0.000000       0.000000    
   25.98995       29.60871       0.000000       0.000000    
   29.60871       33.73134       0.000000       0.000000    
   33.73134       38.42800       0.000000       0.000000    
   38.42800       43.77859       0.000000       0.000000    
   43.77859       49.87420       0.000000       0.000000    
   49.87420       56.81853       0.000000       0.000000    
   56.81853       64.72978       0.000000       0.000000    
   64.72978       73.74256       0.000000       0.000000    
   73.74256       84.01026       0.000000       0.000000    
   84.01026       95.70760       0.000000       0.000000    
   95.70760       109.0336       0.000000       0.000000    
   109.0336       124.2152       0.000000       0.000000    
   124.2152       141.5105       0.000000       0.000000    
   141.5105       161.2140       0.000000       0.000000    
   161.2140       183.6610       0.000000       0.000000    
   183.6610       209.2334       0.000000       0.000000    
   209.2334       238.3664       0.000000       0.000000    
   238.3664       271.5559       0.000000       0.000000    
   271.5559       309.3665       0.000000       0.000000    
   309.3665       352.4418       0.000000       0.000000    
   352.4418       401.5148       0.000000       0.000000    
   401.5148       457.4205       0.000000       0.000000    
   457.4205       521.1104       0.000000       0.000000    
   521.1104       593.6682       0.000000       0.000000    
   593.6682       676.3289       0.000000       0.000000    
   676.3289       770.4989       0.000000       0.000000    
   770.4989       877.7809       0.000000       0.000000    
   877.7809       1000.000       0.000000       0.000000    


 # Detector n:  3  NegTop    
 # N. of energy intervals 343
  1.0000100E-14  2.0000000E-13   0.000000       0.000000    
  2.0000000E-13  2.9297300E-13   0.000000       0.000000    
  2.9297300E-13  4.2916701E-13   0.000000       0.000000    
  4.2916701E-13  6.2867300E-13   0.000000       0.000000    
  6.2867300E-13  9.2092198E-13   0.000000       0.000000    
  9.2092198E-13  1.3490300E-12   0.000000       0.000000    
  1.3490300E-12  1.9761499E-12   0.000000       0.000000    
  1.9761499E-12  2.8947901E-12   0.000000       0.000000    
  2.8947901E-12  4.2404799E-12   0.000000       0.000000    
  4.2404799E-12  6.2117499E-12   0.000000       0.000000    
  6.2117499E-12  9.0993801E-12  4.7723991E+09   95.30653    
  9.0993801E-12  1.3329400E-11  3.3143020E+09   75.20921    
  1.3329400E-11  1.9525799E-11  6.9742611E+08   93.31628    
  1.9525799E-11  2.8602700E-11  3.8171871E+09   49.87581    
  2.8602700E-11  4.1899099E-11  4.0872986E+09   40.71740    
  4.1899099E-11  6.1376598E-11  3.3635428E+09   34.61443    
  6.1376598E-11  8.9908601E-11  1.7105249E+09   40.04165    
  8.9908601E-11  1.3170399E-10  6.2348275E+08   55.39096    
  1.3170399E-10  1.9292901E-10  2.8139699E+08   80.18976    
  1.9292901E-10  2.8261499E-10   0.000000       0.000000    
  2.8261499E-10  4.1399401E-10  2.6936080E+08   54.11906    
  4.1399401E-10  5.3157900E-10   0.000000       0.000000    
  5.3157900E-10  6.2506200E-10  1.2963372E+08   79.14198    
  6.2506200E-10  6.8256001E-10   0.000000       0.000000    
  6.8256001E-10  8.3368101E-10   0.000000       0.000000    
  8.3368101E-10  8.7642499E-10   0.000000       0.000000    
  8.7642499E-10  1.1253500E-09   7956381.       95.30653    
  1.1253500E-09  1.4449800E-09  3.4397196E+07   89.24025    
  1.4449800E-09  1.8553900E-09  6.4730108E+07   64.35404    
  1.8553900E-09  2.3823701E-09  9.9837616E+07   89.29056    
  2.3823701E-09  3.0590199E-09  2.8309550E+07   55.98873    
  3.0590199E-09  3.9278598E-09  7.6099816E+07   63.76502    
  3.9278598E-09  5.0434799E-09  1.8550728E+07   66.72350    
  5.0434799E-09  6.4759500E-09  1.1280902E+07   95.30653    
  6.4759500E-09  8.3152898E-09   354675.7       95.30653    
  8.3152898E-09  1.0677000E-08   4523522.       87.98409    
  1.0677000E-08  1.3709600E-08   7185378.       72.20135    
  1.3709600E-08  1.7603501E-08   8790639.       53.11294    
  1.7603501E-08  2.2603301E-08   9461700.       46.49653    
  2.2603301E-08  2.9023200E-08   2693682.       67.97410    
  2.9023200E-08  3.7266499E-08   2913584.       63.39276    
  3.7266499E-08  4.7851199E-08   2549271.       53.08921    
  4.7851199E-08  6.1442101E-08   1889806.       70.34261    
  6.1442101E-08  7.8893301E-08   1572074.       50.10429    
  7.8893301E-08  1.0130100E-07   729157.8       60.88992    
  1.0130100E-07  1.3007300E-07   878945.2       56.49016    
  1.3007300E-07  1.6701701E-07   171475.5       95.30653    
  1.6701701E-07  2.1445400E-07   527387.1       56.49989    
  2.1445400E-07  2.7536399E-07   119815.0       95.30653    
  2.7536399E-07  3.5357499E-07   342366.5       56.82117    
  3.5357499E-07  4.5399901E-07   252380.9       53.16166    
  4.5399901E-07  5.8294700E-07   59306.56       67.88794    
  5.8294700E-07  7.4851800E-07   187761.2       62.57178    
  7.4851800E-07  9.6111603E-07   133886.8       52.07209    
  9.6111603E-07  1.2341000E-06   84375.47       66.79696    
  1.2341000E-06  1.3638900E-06   85040.33       76.86285    
  1.3638900E-06  1.5073300E-06   55415.50       77.31825    
  1.5073300E-06  1.5846100E-06   416277.6       80.12236    
  1.5846100E-06  1.6658601E-06   254324.0       66.71821    
  1.6658601E-06  1.8410600E-06   154953.3       57.88851    
  1.8410600E-06  2.0346799E-06   4480.034       95.30653    
  2.0346799E-06  2.2486699E-06   92422.68       66.90571    
  2.2486699E-06  2.4851699E-06   44101.92       95.30653    
  2.4851699E-06  2.6125899E-06   4876.001       95.30653    
  2.6125899E-06  2.7465401E-06   0.000000       0.000000    
  2.7465401E-06  2.8634900E-06   142367.2       62.70899    
  2.8634900E-06  3.0353899E-06   65166.93       95.30653    
  3.0353899E-06  3.3546301E-06   0.000000       0.000000    
  3.3546301E-06  3.7074401E-06   30890.55       95.30653    
  3.7074401E-06  4.0973500E-06   24374.43       91.07900    
  4.0973500E-06  4.3074201E-06   116532.1       57.36090    
  4.3074201E-06  4.5282700E-06   0.000000       0.000000    
  4.5282700E-06  5.0045101E-06   38041.38       54.36202    
  5.0045101E-06  5.5308401E-06   0.000000       0.000000    
  5.5308401E-06  6.2672698E-06   28588.05       60.79984    
  6.2672698E-06  7.1017398E-06   0.000000       0.000000    
  7.1017398E-06  8.0473301E-06   24030.90       61.57181    
  8.0473301E-06  9.1188203E-06   15595.00       69.81608    
  9.1188203E-06  1.0333000E-05   4266.582       95.30653    
  1.0333000E-05  1.1708800E-05   35867.38       57.56838    
  1.1708800E-05  1.3267800E-05   5470.578       95.30653    
  1.3267800E-05  1.5034400E-05   5624.833       95.30653    
  1.5034400E-05  1.7036200E-05   0.000000       0.000000    
  1.7036200E-05  1.9304500E-05   9453.468       66.95538    
  1.9304500E-05  2.1334799E-05   0.000000       0.000000    
  2.1334799E-05  2.1874899E-05   0.000000       0.000000    
  2.1874899E-05  2.3578599E-05   5377.986       95.30653    
  2.3578599E-05  2.4175501E-05   0.000000       0.000000    
  2.4175501E-05  2.4787500E-05   17668.84       95.30653    
  2.4787500E-05  2.6058400E-05   10208.95       90.07628    
  2.6058400E-05  2.8087899E-05   10225.54       66.74661    
  2.8087899E-05  3.1827800E-05   0.000000       0.000000    
  3.1827800E-05  3.4306700E-05   0.000000       0.000000    
  3.4306700E-05  3.5175199E-05   9478.567       95.30653    
  3.5175199E-05  3.6065601E-05   0.000000       0.000000    
  3.6065601E-05  4.0867701E-05   6078.589       58.56530    
  4.0867701E-05  4.6309200E-05   1659.102       95.30653    
  4.6309200E-05  5.2475199E-05   634.7131       88.17976    
  5.2475199E-05  5.6562199E-05   5593.501       68.35039    
  5.6562199E-05  5.9462200E-05   3892.854       95.30653    
  5.9462200E-05  6.2510902E-05   2823.477       95.30653    
  6.2510902E-05  6.7379500E-05   1992.674       88.77008    
  6.7379500E-05  7.6350902E-05   0.000000       0.000000    
  7.6350902E-05  8.6516899E-05   1981.327       67.16618    
  8.6516899E-05  9.8036500E-05   1713.501       66.91462    
  9.8036500E-05  1.1109000E-04   350.4043       73.06177    
  1.1109000E-04  1.1678600E-04   3421.775       67.08556    
  1.1678600E-04  1.2277300E-04   1177.143       95.30653    
  1.2277300E-04  1.2906799E-04   1103.231       95.30653    
  1.2906799E-04  1.3568600E-04   1933.560       95.30653    
  1.3568600E-04  1.4264201E-04   0.000000       0.000000    
  1.4264201E-04  1.4995600E-04   1218.738       95.30653    
  1.4995600E-04  1.5764400E-04   208.9809       95.30653    
  1.5764400E-04  1.6163501E-04   7114.070       67.74001    
  1.6163501E-04  1.6572700E-04   0.000000       0.000000    
  1.6572700E-04  1.6992200E-04   2264.774       95.30653    
  1.6992200E-04  1.7422400E-04   0.000000       0.000000    
  1.7422400E-04  1.8315599E-04   1242.151       82.19256    
  1.8315599E-04  1.9254700E-04   182.9569       95.30653    
  1.9254700E-04  2.0241900E-04   162.2772       95.30653    
  2.0241900E-04  2.1279699E-04   577.9971       95.30653    
  2.1279699E-04  2.2370800E-04   2587.969       52.25160    
  2.2370800E-04  2.3517800E-04   2400.472       62.30676    
  2.3517800E-04  2.4723500E-04   35.84038       95.30653    
  2.4723500E-04  2.5991100E-04   942.5849       84.01746    
  2.5991100E-04  2.7323700E-04   2776.464       46.25586    
  2.7323700E-04  2.8015400E-04   0.000000       0.000000    
  2.8015400E-04  2.8724599E-04   0.000000       0.000000    
  2.8724599E-04  2.9451799E-04   0.000000       0.000000    
  2.9451799E-04  3.0197401E-04   1464.497       88.65546    
  3.0197401E-04  3.0961799E-04   0.000000       0.000000    
  3.0961799E-04  3.1745600E-04   0.000000       0.000000    
  3.1745600E-04  3.3373301E-04   0.000000       0.000000    
  3.3373301E-04  3.5084400E-04   0.000000       0.000000    
  3.5084400E-04  3.6883200E-04   0.000000       0.000000    
  3.6883200E-04  3.8774201E-04   0.000000       0.000000    
  3.8774201E-04  4.0762199E-04   502.5763       95.30653    
  4.0762199E-04  4.2852099E-04   234.3280       95.30653    
  4.2852099E-04  4.5049199E-04   0.000000       0.000000    
  4.5049199E-04  4.7358900E-04   269.3233       67.20838    
  4.7358900E-04  4.9787102E-04   0.000000       0.000000    
  4.9787102E-04  5.1047403E-04   683.8967       95.30653    
  5.1047403E-04  5.2339700E-04   716.5975       95.30653    
  5.2339700E-04  5.3664698E-04   0.000000       0.000000    
  5.3664698E-04  5.5023201E-04   778.6171       95.30653    
  5.5023201E-04  5.7844300E-04   314.3301       95.30653    
  5.7844300E-04  6.0810102E-04   196.9852       95.30653    
  6.0810102E-04  6.3927902E-04   1045.151       49.31673    
  6.3927902E-04  6.7205500E-04   32.36610       95.30653    
  6.7205500E-04  7.0651202E-04   265.5001       95.30653    
  7.0651202E-04  7.4273598E-04   392.8622       71.78387    
  7.4273598E-04  7.8081700E-04   0.000000       0.000000    
  7.8081700E-04  8.2085002E-04   352.7243       95.30653    
  8.2085002E-04  8.6293602E-04   0.000000       0.000000    
  8.6293602E-04  9.0717903E-04   701.7117       50.28881    
  9.0717903E-04  9.5369201E-04   0.000000       0.000000    
  9.5369201E-04  9.6163998E-04   1308.606       95.30653    
  9.6163998E-04  9.7783399E-04   0.000000       0.000000    
  9.7783399E-04  1.0025901E-03   0.000000       0.000000    
  1.0025901E-03  1.0539900E-03   409.5673       67.00997    
  1.0539900E-03  1.1080300E-03   0.000000       0.000000    
  1.1080300E-03  1.1648400E-03   358.8929       55.95351    
  1.1648400E-03  1.1943300E-03   0.000000       0.000000    
  1.1943300E-03  1.2245600E-03   390.6840       81.57079    
  1.2245600E-03  1.2873500E-03   391.0232       64.58643    
  1.2873500E-03  1.3533500E-03   193.7655       70.93858    
  1.3533500E-03  1.4227401E-03   163.2971       95.30653    
  1.4227401E-03  1.4956900E-03   77.41669       95.30653    
  1.4956900E-03  1.5335500E-03   0.000000       0.000000    
  1.5335500E-03  1.5723699E-03   253.3203       95.30653    
  1.5723699E-03  1.6121800E-03   532.8163       66.70255    
  1.6121800E-03  1.6529900E-03   0.000000       0.000000    
  1.6529900E-03  1.7377400E-03   496.2325       46.88031    
  1.7377400E-03  1.8268300E-03   360.9074       44.21010    
  1.8268300E-03  1.8730800E-03   229.3766       95.30653    
  1.8730800E-03  1.9205000E-03   0.000000       0.000000    
  1.9205000E-03  1.9691200E-03   0.000000       0.000000    
  1.9691200E-03  2.0189700E-03   324.4189       84.06049    
  2.0189700E-03  2.1224800E-03   93.59442       95.30653    
  2.1224800E-03  2.2313001E-03   139.3117       61.93093    
  2.2313001E-03  2.2688799E-03   252.3780       95.30653    
  2.2688799E-03  2.3068599E-03   0.000000       0.000000    
  2.3068599E-03  2.3457000E-03   410.1255       67.45690    
  2.3457000E-03  2.3652499E-03   446.4600       95.30653    
  2.3652499E-03  2.3852000E-03   605.7482       62.59850    
  2.3852000E-03  2.4251300E-03   329.0118       68.46494    
  2.4251300E-03  2.4659701E-03   255.3926       75.18060    
  2.4659701E-03  2.5923999E-03   69.52836       95.30653    
  2.5923999E-03  2.7253199E-03   11.99784       95.30653    
  2.7253199E-03  2.8650500E-03   1.616118       95.30653    
  2.8650500E-03  3.0119400E-03   233.5410       54.62758    
  3.0119400E-03  3.0881900E-03   0.000000       0.000000    
  3.0881900E-03  3.1663701E-03   0.000000       0.000000    
  3.1663701E-03  3.2465300E-03   0.000000       0.000000    
  3.2465300E-03  3.3287101E-03   0.000000       0.000000    
  3.3287101E-03  3.4993801E-03   7.567286       95.30653    
  3.4993801E-03  3.6787901E-03   57.13329       95.30653    
  3.6787901E-03  3.8674099E-03   60.02087       67.89428    
  3.8674099E-03  4.0656999E-03   52.88196       95.30653    
  4.0656999E-03  4.2741499E-03   0.000000       0.000000    
  4.2741499E-03  4.4932901E-03   0.000000       0.000000    
  4.4932901E-03  4.6070400E-03   0.000000       0.000000    
  4.6070400E-03  4.7236700E-03   11.65021       95.30653    
  4.7236700E-03  4.8432499E-03   0.000000       0.000000    
  4.8432499E-03  4.9658502E-03   0.000000       0.000000    
  4.9658502E-03  5.2204598E-03   0.000000       0.000000    
  5.2204598E-03  5.4881200E-03   62.46573       67.84700    
  5.4881200E-03  5.7695000E-03   0.000000       0.000000    
  5.7695000E-03  5.9155500E-03   67.75305       85.92908    
  5.9155500E-03  6.0653100E-03   0.000000       0.000000    
  6.0653100E-03  6.2188501E-03   114.1395       70.14786    
  6.2188501E-03  6.3762800E-03   59.18662       95.30653    
  6.3762800E-03  6.5377001E-03   0.000000       0.000000    
  6.5377001E-03  6.5923799E-03   0.000000       0.000000    
  6.5923799E-03  6.6475999E-03   0.000000       0.000000    
  6.6475999E-03  6.7031998E-03   61.71511       95.30653    
  6.7031998E-03  6.8728901E-03   0.000000       0.000000    
  6.8728901E-03  7.0468802E-03   0.000000       0.000000    
  7.0468802E-03  7.2252699E-03   62.21201       80.78682    
  7.2252699E-03  7.4081798E-03   0.000000       0.000000    
  7.4081798E-03  7.5957198E-03   0.000000       0.000000    
  7.5957198E-03  7.7880099E-03   0.000000       0.000000    
  7.7880099E-03  7.9851598E-03   0.000000       0.000000    
  7.9851598E-03  8.1873098E-03   0.000000       0.000000    
  8.1873098E-03  8.3945701E-03   0.000000       0.000000    
  8.3945701E-03  8.6070802E-03   0.000000       0.000000    
  8.6070802E-03  8.8249696E-03   0.000000       0.000000    
  8.8249696E-03  9.0483697E-03   16.03773       79.90263    
  9.0483697E-03  9.2774397E-03   56.78346       95.30653    
  9.2774397E-03  9.5122904E-03   2.936296       95.30653    
  9.5122904E-03  9.7530996E-03   0.000000       0.000000    
  9.7530996E-03  9.9999998E-03   0.000000       0.000000    
  9.9999998E-03  1.0253200E-02   0.000000       0.000000    
  1.0253200E-02  1.0512700E-02   84.31174       67.76052    
  1.0512700E-02  1.0778800E-02   0.000000       0.000000    
  1.0778800E-02  1.1051700E-02   40.20383       95.30653    
  1.1051700E-02  1.1331500E-02   39.41542       87.32043    
  1.1331500E-02  1.1618300E-02   0.000000       0.000000    
  1.1618300E-02  1.1912500E-02   83.49646       57.69110    
  1.1912500E-02  1.2214000E-02   0.000000       0.000000    
  1.2214000E-02  1.2523200E-02   0.000000       0.000000    
  1.2523200E-02  1.2840200E-02   17.07246       95.30653    
  1.2840200E-02  1.3165300E-02   42.48173       78.42181    
  1.3165300E-02  1.3498600E-02   0.000000       0.000000    
  1.3498600E-02  1.3840300E-02   0.000000       0.000000    
  1.3840300E-02  1.4190700E-02   0.000000       0.000000    
  1.4190700E-02  1.4549900E-02   14.20265       95.30653    
  1.4549900E-02  1.4918300E-02   0.000000       0.000000    
  1.4918300E-02  1.5295900E-02   0.000000       0.000000    
  1.5295900E-02  1.5683100E-02   0.000000       0.000000    
  1.5683100E-02  1.6080100E-02   21.74156       95.30653    
  1.6080100E-02  1.6487200E-02   0.000000       0.000000    
  1.6487200E-02  1.6904600E-02   20.04530       95.30653    
  1.6904600E-02  1.7332500E-02   0.000000       0.000000    
  1.7332500E-02  1.7771300E-02   0.000000       0.000000    
  1.7771300E-02  1.8221200E-02   3.100225       95.30653    
  1.8221200E-02  1.8682500E-02   70.74832       54.15654    
  1.8682500E-02  1.9155400E-02   0.000000       0.000000    
  1.9155400E-02  1.9640300E-02   0.000000       0.000000    
  1.9640300E-02  2.0000000E-02   0.000000       0.000000    
  2.0000000E-02  2.2784740E-02   4.348082       55.68383    
  2.2784740E-02  2.5957221E-02   20.96979       35.62693    
  2.5957221E-02  2.9571427E-02   12.17313       42.06668    
  2.9571427E-02  3.3688866E-02   12.46931       41.31338    
  3.3688866E-02  3.8379602E-02   2.076273       79.36637    
  3.8379602E-02  4.3723468E-02   9.248447       39.49617    
  4.3723468E-02  4.9811393E-02   4.106057       55.42979    
  4.9811393E-02  5.6746982E-02   6.680622       38.10886    
  5.6746982E-02  6.4648263E-02   7.443847       34.56102    
  6.4648263E-02  7.3649697E-02   4.856705       41.60205    
  7.3649697E-02  8.3904468E-02   8.273082       34.88440    
  8.3904468E-02  9.5587075E-02   5.460325       40.14216    
  9.5587075E-02  0.1088963       5.465265       38.64796    
  0.1088963      0.1240587       3.935128       33.49778    
  0.1240587      0.1413323       5.496902       33.37548    
  0.1413323      0.1610110       2.654078       37.74012    
  0.1610110      0.1834297       1.615089       61.90482    
  0.1834297      0.2089699       1.070462       54.73913    
  0.2089699      0.2380663      0.7065997       66.70154    
  0.2380663      0.2712139       0.000000       0.000000    
  0.2712139      0.3089769      0.3198214       95.30653    
  0.3089769      0.3519980       0.000000       0.000000    
  0.3519980      0.4010091       0.000000       0.000000    
  0.4010091      0.4568444       0.000000       0.000000    
  0.4568444      0.5204541       0.000000       0.000000    
  0.5204541      0.5929207       0.000000       0.000000    
  0.5929207      0.6754771       0.000000       0.000000    
  0.6754771      0.7695286       0.000000       0.000000    
  0.7695286      0.8766755       0.000000       0.000000    
  0.8766755      0.9987412       0.000000       0.000000    
  0.9987412       1.137803       0.000000       0.000000    
   1.137803       1.296227       0.000000       0.000000    
   1.296227       1.476710       0.000000       0.000000    
   1.476710       1.682323       0.000000       0.000000    
   1.682323       1.916565       0.000000       0.000000    
   1.916565       2.183421       0.000000       0.000000    
   2.183421       2.487434       0.000000       0.000000    
   2.487434       2.833777       0.000000       0.000000    
   2.833777       3.228344       0.000000       0.000000    
   3.228344       3.677850       0.000000       0.000000    
   3.677850       4.189942       0.000000       0.000000    
   4.189942       4.773337       0.000000       0.000000    
   4.773337       5.437963       0.000000       0.000000    
   5.437963       6.195129       0.000000       0.000000    
   6.195129       7.057720       0.000000       0.000000    
   7.057720       8.040417       0.000000       0.000000    
   8.040417       9.159941       0.000000       0.000000    
   9.159941       10.43534       0.000000       0.000000    
   10.43534       11.88833       0.000000       0.000000    
   11.88833       13.54363       0.000000       0.000000    
   13.54363       15.42940       0.000000       0.000000    
   15.42940       17.57774       0.000000       0.000000    
   17.57774       20.02522       0.000000       0.000000    
   20.02522       22.81347       0.000000       0.000000    
   22.81347       25.98995       0.000000       0.000000    
   25.98995       29.60871       0.000000       0.000000    
   29.60871       33.73134       0.000000       0.000000    
   33.73134       38.42800       0.000000       0.000000    
   38.42800       43.77859       0.000000       0.000000    
   43.77859       49.87420       0.000000       0.000000    
   49.87420       56.81853       0.000000       0.000000    
   56.81853       64.72978       0.000000       0.000000    
   64.72978       73.74256       0.000000       0.000000    
   73.74256       84.01026       0.000000       0.000000    
   84.01026       95.70760       0.000000       0.000000    
   95.70760       109.0336       0.000000       0.000000    
   109.0336       124.2152       0.000000       0.000000    
   124.2152       141.5105       0.000000       0.000000    
   141.5105       161.2140       0.000000       0.000000    
   161.2140       183.6610       0.000000       0.000000    
   183.6610       209.2334       0.000000       0.000000    
   209.2334       238.3664       0.000000       0.000000    
   238.3664       271.5559       0.000000       0.000000    
   271.5559       309.3665       0.000000       0.000000    
   309.3665       352.4418       0.000000       0.000000    
   352.4418       401.5148       0.000000       0.000000    
   401.5148       457.4205       0.000000       0.000000    
   457.4205       521.1104       0.000000       0.000000    
   521.1104       593.6682       0.000000       0.000000    
   593.6682       676.3289       0.000000       0.000000    
   676.3289       770.4989       0.000000       0.000000    
   770.4989       877.7809       0.000000       0.000000    
   877.7809       1000.000       0.000000       0.000000    


 # Detector n:  4  NegBel    
 # N. of energy intervals 343
  1.0000100E-14  2.0000000E-13   0.000000       0.000000    
  2.0000000E-13  2.9297300E-13   0.000000       0.000000    
  2.9297300E-13  4.2916701E-13   0.000000       0.000000    
  4.2916701E-13  6.2867300E-13   0.000000       0.000000    
  6.2867300E-13  9.2092198E-13   0.000000       0.000000    
  9.2092198E-13  1.3490300E-12   0.000000       0.000000    
  1.3490300E-12  1.9761499E-12  1.3981524E+10   95.30653    
  1.9761499E-12  2.8947901E-12  1.2311674E+09   95.30653    
  2.8947901E-12  4.2404799E-12  7.2208748E+09   95.30653    
  4.2404799E-12  6.2117499E-12  2.1466948E+10   79.25344    
  6.2117499E-12  9.0993801E-12  3.0851443E+10   68.19874    
  9.0993801E-12  1.3329400E-11  4.7642862E+10   24.72728    
  1.3329400E-11  1.9525799E-11  4.1754923E+10   27.34877    
  1.9525799E-11  2.8602700E-11  4.2634973E+10   17.91088    
  2.8602700E-11  4.1899099E-11  4.2280833E+10   14.42849    
  4.1899099E-11  6.1376598E-11  3.3271198E+10   13.68843    
  6.1376598E-11  8.9908601E-11  2.1309268E+10   16.34098    
  8.9908601E-11  1.3170399E-10  6.4209254E+09   15.49976    
  1.3170399E-10  1.9292901E-10  2.2336753E+09   26.11630    
  1.9292901E-10  2.8261499E-10  1.7697253E+09   27.48916    
  2.8261499E-10  4.1399401E-10  1.0506293E+09   23.77233    
  4.1399401E-10  5.3157900E-10  4.1220784E+08   38.76176    
  5.3157900E-10  6.2506200E-10  4.9184557E+08   43.09540    
  6.2506200E-10  6.8256001E-10  8.7500371E+08   42.24490    
  6.8256001E-10  8.3368101E-10  1.6814526E+08   52.67936    
  8.3368101E-10  8.7642499E-10  5.9834842E+08   61.98284    
  8.7642499E-10  1.1253500E-09  2.6542957E+08   99.00000    
  1.1253500E-09  1.4449800E-09  3.4536909E+08   31.65170    
  1.4449800E-09  1.8553900E-09  2.8199373E+08   36.24417    
  1.8553900E-09  2.3823701E-09  1.6831472E+08   45.74949    
  2.3823701E-09  3.0590199E-09  1.2470437E+08   66.19241    
  3.0590199E-09  3.9278598E-09  6.1566692E+07   34.38768    
  3.9278598E-09  5.0434799E-09  8.7231712E+07   31.61581    
  5.0434799E-09  6.4759500E-09  7.2871288E+07   28.53965    
  6.4759500E-09  8.3152898E-09  6.2773516E+07   33.93269    
  8.3152898E-09  1.0677000E-08  2.1288802E+07   44.96997    
  1.0677000E-08  1.3709600E-08  4.0076400E+07   26.92204    
  1.3709600E-08  1.7603501E-08  2.6918128E+07   28.91129    
  1.7603501E-08  2.2603301E-08  3.1348984E+07   39.48352    
  2.2603301E-08  2.9023200E-08  3.3735556E+07   27.64387    
  2.9023200E-08  3.7266499E-08  3.0914050E+07   22.12832    
  3.7266499E-08  4.7851199E-08   6683106.       32.28027    
  4.7851199E-08  6.1442101E-08   4831398.       34.60832    
  6.1442101E-08  7.8893301E-08   6268748.       32.66663    
  7.8893301E-08  1.0130100E-07   3105306.       30.94084    
  1.0130100E-07  1.3007300E-07   6130500.       25.08732    
  1.3007300E-07  1.6701701E-07   3603167.       24.58548    
  1.6701701E-07  2.1445400E-07   2986297.       21.65377    
  2.1445400E-07  2.7536399E-07   2735784.       28.23930    
  2.7536399E-07  3.5357499E-07   1820350.       24.12856    
  3.5357499E-07  4.5399901E-07   1072996.       27.48957    
  4.5399901E-07  5.8294700E-07   802459.4       37.00349    
  5.8294700E-07  7.4851800E-07   804119.8       26.75517    
  7.4851800E-07  9.6111603E-07   482931.2       26.08435    
  9.6111603E-07  1.2341000E-06   402463.2       28.69667    
  1.2341000E-06  1.3638900E-06   491617.1       49.40097    
  1.3638900E-06  1.5073300E-06   421498.7       41.64106    
  1.5073300E-06  1.5846100E-06   129753.7       95.30653    
  1.5846100E-06  1.6658601E-06   336010.3       54.12017    
  1.6658601E-06  1.8410600E-06   247592.6       47.79597    
  1.8410600E-06  2.0346799E-06   438429.1       38.49644    
  2.0346799E-06  2.2486699E-06   369652.7       36.46955    
  2.2486699E-06  2.4851699E-06   237481.1       38.75413    
  2.4851699E-06  2.6125899E-06   277191.4       55.84704    
  2.6125899E-06  2.7465401E-06   170089.4       67.01828    
  2.7465401E-06  2.8634900E-06   318366.5       44.98355    
  2.8634900E-06  3.0353899E-06   147080.6       54.47586    
  3.0353899E-06  3.3546301E-06   171690.2       38.50021    
  3.3546301E-06  3.7074401E-06   128170.3       50.25599    
  3.7074401E-06  4.0973500E-06   45405.83       66.70855    
  4.0973500E-06  4.3074201E-06   63643.07       66.95068    
  4.3074201E-06  4.5282700E-06   36077.79       70.55943    
  4.5282700E-06  5.0045101E-06   164924.8       31.45629    
  5.0045101E-06  5.5308401E-06   83470.47       44.20103    
  5.5308401E-06  6.2672698E-06   39111.67       55.86633    
  6.2672698E-06  7.1017398E-06   44726.91       42.79445    
  7.1017398E-06  8.0473301E-06   43293.12       41.52130    
  8.0473301E-06  9.1188203E-06   61634.14       35.04335    
  9.1188203E-06  1.0333000E-05   49298.73       45.44452    
  1.0333000E-05  1.1708800E-05   81073.40       38.86233    
  1.1708800E-05  1.3267800E-05   29290.16       41.37450    
  1.3267800E-05  1.5034400E-05   51506.12       36.27407    
  1.5034400E-05  1.7036200E-05   23793.32       40.69036    
  1.7036200E-05  1.9304500E-05   26128.53       39.53912    
  1.9304500E-05  2.1334799E-05   16747.29       48.20700    
  2.1334799E-05  2.1874899E-05   12417.02       66.99662    
  2.1874899E-05  2.3578599E-05   40675.99       47.40681    
  2.3578599E-05  2.4175501E-05   16726.56       77.97421    
  2.4175501E-05  2.4787500E-05   42771.63       66.70933    
  2.4787500E-05  2.6058400E-05   16311.43       63.08119    
  2.6058400E-05  2.8087899E-05   16055.47       46.83335    
  2.8087899E-05  3.1827800E-05   6733.290       52.11314    
  3.1827800E-05  3.4306700E-05   33718.69       36.64548    
  3.4306700E-05  3.5175199E-05   13549.33       66.74783    
  3.5175199E-05  3.6065601E-05   0.000000       0.000000    
  3.6065601E-05  4.0867701E-05   24445.35       29.90158    
  4.0867701E-05  4.6309200E-05   15080.27       34.87201    
  4.6309200E-05  5.2475199E-05   15748.96       35.49376    
  5.2475199E-05  5.6562199E-05   4456.079       66.70172    
  5.6562199E-05  5.9462200E-05   16409.24       46.72816    
  5.9462200E-05  6.2510902E-05   3420.360       81.40326    
  6.2510902E-05  6.7379500E-05   6137.234       55.12732    
  6.7379500E-05  7.6350902E-05   11537.38       35.93545    
  7.6350902E-05  8.6516899E-05   12903.08       48.46902    
  8.6516899E-05  9.8036500E-05   6737.438       28.69171    
  9.8036500E-05  1.1109000E-04   11466.00       23.55644    
  1.1109000E-04  1.1678600E-04   10197.34       58.80984    
  1.1678600E-04  1.2277300E-04   4475.923       56.71270    
  1.2277300E-04  1.2906799E-04   7243.808       41.93250    
  1.2906799E-04  1.3568600E-04   2472.243       72.07011    
  1.3568600E-04  1.4264201E-04   3433.538       48.06015    
  1.4264201E-04  1.4995600E-04   5798.200       38.74980    
  1.4995600E-04  1.5764400E-04   11974.62       29.99523    
  1.5764400E-04  1.6163501E-04   9774.396       46.81150    
  1.6163501E-04  1.6572700E-04   5708.852       54.72818    
  1.6572700E-04  1.6992200E-04   3509.381       86.92214    
  1.6992200E-04  1.7422400E-04   2014.948       95.30653    
  1.7422400E-04  1.8315599E-04   8175.748       31.71453    
  1.8315599E-04  1.9254700E-04   3966.561       46.44927    
  1.9254700E-04  2.0241900E-04   3635.283       62.79240    
  2.0241900E-04  2.1279699E-04   8528.559       61.50662    
  2.1279699E-04  2.2370800E-04   5721.396       44.16415    
  2.2370800E-04  2.3517800E-04   2970.937       47.70871    
  2.3517800E-04  2.4723500E-04   5358.211       36.89635    
  2.4723500E-04  2.5991100E-04   2941.631       46.35958    
  2.5991100E-04  2.7323700E-04   5568.848       35.09295    
  2.7323700E-04  2.8015400E-04   7109.813       67.21088    
  2.8015400E-04  2.8724599E-04   2640.907       66.71677    
  2.8724599E-04  2.9451799E-04   6022.755       41.93246    
  2.9451799E-04  3.0197401E-04   6428.323       44.50904    
  3.0197401E-04  3.0961799E-04   1423.797       95.30653    
  3.0961799E-04  3.1745600E-04   1608.865       70.32937    
  3.1745600E-04  3.3373301E-04   3950.516       39.19706    
  3.3373301E-04  3.5084400E-04   3460.605       41.63267    
  3.5084400E-04  3.6883200E-04   2606.146       42.11016    
  3.6883200E-04  3.8774201E-04   3196.527       36.61749    
  3.8774201E-04  4.0762199E-04   835.7009       77.42206    
  4.0762199E-04  4.2852099E-04   633.6612       95.30653    
  4.2852099E-04  4.5049199E-04   533.6918       85.25367    
  4.5049199E-04  4.7358900E-04   1643.364       47.10534    
  4.7358900E-04  4.9787102E-04   2747.144       41.67666    
  4.9787102E-04  5.1047403E-04   5070.770       52.26143    
  5.1047403E-04  5.2339700E-04   2887.085       47.26502    
  5.2339700E-04  5.3664698E-04   4401.789       41.70218    
  5.3664698E-04  5.5023201E-04   2046.388       49.97425    
  5.5023201E-04  5.7844300E-04   1575.373       49.21469    
  5.7844300E-04  6.0810102E-04   3225.168       31.03198    
  6.0810102E-04  6.3927902E-04   4963.939       23.12070    
  6.3927902E-04  6.7205500E-04   3947.088       23.36573    
  6.7205500E-04  7.0651202E-04   2487.639       30.09233    
  7.0651202E-04  7.4273598E-04   1614.191       42.94875    
  7.4273598E-04  7.8081700E-04   2280.199       50.06512    
  7.8081700E-04  8.2085002E-04   1418.521       44.63948    
  8.2085002E-04  8.6293602E-04   2697.435       26.09645    
  8.6293602E-04  9.0717903E-04   2507.499       35.17759    
  9.0717903E-04  9.5369201E-04   1158.834       37.37672    
  9.5369201E-04  9.6163998E-04   763.5444       95.30653    
  9.6163998E-04  9.7783399E-04   2235.098       56.65209    
  9.7783399E-04  1.0025901E-03   1325.549       54.20194    
  1.0025901E-03  1.0539900E-03   1391.435       42.00788    
  1.0539900E-03  1.1080300E-03   1476.993       31.71269    
  1.1080300E-03  1.1648400E-03   1902.457       33.44587    
  1.1648400E-03  1.1943300E-03   1115.678       41.92703    
  1.1943300E-03  1.2245600E-03   2349.928       35.24211    
  1.2245600E-03  1.2873500E-03   1263.058       32.40653    
  1.2873500E-03  1.3533500E-03   570.0742       53.33353    
  1.3533500E-03  1.4227401E-03   824.9100       33.54427    
  1.4227401E-03  1.4956900E-03   2303.694       27.72877    
  1.4956900E-03  1.5335500E-03   748.7642       54.73031    
  1.5335500E-03  1.5723699E-03   1302.917       40.16684    
  1.5723699E-03  1.6121800E-03   26.03051       95.30653    
  1.6121800E-03  1.6529900E-03   1132.446       41.39990    
  1.6529900E-03  1.7377400E-03   1686.269       24.33704    
  1.7377400E-03  1.8268300E-03   1321.914       27.10703    
  1.8268300E-03  1.8730800E-03   1211.632       38.32450    
  1.8730800E-03  1.9205000E-03   1089.182       43.10816    
  1.9205000E-03  1.9691200E-03   441.6228       57.88802    
  1.9691200E-03  2.0189700E-03   886.6125       50.54413    
  2.0189700E-03  2.1224800E-03   1429.604       21.01212    
  2.1224800E-03  2.2313001E-03   975.4955       27.27884    
  2.2313001E-03  2.2688799E-03   1293.687       40.59573    
  2.2688799E-03  2.3068599E-03   1112.533       60.57428    
  2.3068599E-03  2.3457000E-03   1619.649       41.64188    
  2.3457000E-03  2.3652499E-03   2234.806       46.28685    
  2.3652499E-03  2.3852000E-03   4452.273       53.68848    
  2.3852000E-03  2.4251300E-03   1329.202       39.61252    
  2.4251300E-03  2.4659701E-03   982.0006       43.48009    
  2.4659701E-03  2.5923999E-03   765.0711       25.07586    
  2.5923999E-03  2.7253199E-03   835.4112       26.68690    
  2.7253199E-03  2.8650500E-03   734.6633       28.13213    
  2.8650500E-03  3.0119400E-03   1028.886       23.48716    
  3.0119400E-03  3.0881900E-03   604.8590       42.54451    
  3.0881900E-03  3.1663701E-03   426.0251       53.74657    
  3.1663701E-03  3.2465300E-03   117.4686       95.30653    
  3.2465300E-03  3.3287101E-03   853.8276       35.37377    
  3.3287101E-03  3.4993801E-03   353.7195       33.47638    
  3.4993801E-03  3.6787901E-03   325.3014       36.94016    
  3.6787901E-03  3.8674099E-03   457.5996       35.87967    
  3.8674099E-03  4.0656999E-03   449.6499       28.67755    
  4.0656999E-03  4.2741499E-03   295.6595       99.00000    
  4.2741499E-03  4.4932901E-03   119.9066       49.30818    
  4.4932901E-03  4.6070400E-03   252.5742       52.88906    
  4.6070400E-03  4.7236700E-03   79.74083       89.97961    
  4.7236700E-03  4.8432499E-03   187.3796       62.06057    
  4.8432499E-03  4.9658502E-03   319.2073       45.10829    
  4.9658502E-03  5.2204598E-03   226.3585       42.34862    
  5.2204598E-03  5.4881200E-03   263.0731       36.78630    
  5.4881200E-03  5.7695000E-03   170.2017       51.83426    
  5.7695000E-03  5.9155500E-03   209.2913       99.00000    
  5.9155500E-03  6.0653100E-03   267.3717       43.98243    
  6.0653100E-03  6.2188501E-03   169.1006       55.87667    
  6.2188501E-03  6.3762800E-03   326.2858       41.22895    
  6.3762800E-03  6.5377001E-03   283.8960       42.85125    
  6.5377001E-03  6.5923799E-03   275.7364       71.20074    
  6.5923799E-03  6.6475999E-03   268.5670       75.20271    
  6.6475999E-03  6.7031998E-03   238.9816       95.30653    
  6.7031998E-03  6.8728901E-03   104.8862       59.04336    
  6.8728901E-03  7.0468802E-03   135.9509       59.42871    
  7.0468802E-03  7.2252699E-03   150.3919       54.72115    
  7.2252699E-03  7.4081798E-03   211.2509       46.96688    
  7.4081798E-03  7.5957198E-03   41.66530       70.09752    
  7.5957198E-03  7.7880099E-03   77.07630       62.87200    
  7.7880099E-03  7.9851598E-03   175.1339       48.63455    
  7.9851598E-03  8.1873098E-03   58.44804       91.40170    
  8.1873098E-03  8.3945701E-03   28.10194       95.30653    
  8.3945701E-03  8.6070802E-03   132.5998       47.42152    
  8.6070802E-03  8.8249696E-03   9.051993       95.30653    
  8.8249696E-03  9.0483697E-03   103.7844       52.35962    
  9.0483697E-03  9.2774397E-03   199.2900       42.12824    
  9.2774397E-03  9.5122904E-03   122.1253       54.27791    
  9.5122904E-03  9.7530996E-03   214.3967       41.38227    
  9.7530996E-03  9.9999998E-03   183.3244       39.44080    
  9.9999998E-03  1.0253200E-02   0.000000       0.000000    
  1.0253200E-02  1.0512700E-02   210.8124       43.99916    
  1.0512700E-02  1.0778800E-02   119.0578       50.91544    
  1.0778800E-02  1.1051700E-02   121.0552       54.03100    
  1.1051700E-02  1.1331500E-02   140.6036       61.55629    
  1.1331500E-02  1.1618300E-02   60.75154       67.63840    
  1.1618300E-02  1.1912500E-02   32.29947       80.64030    
  1.1912500E-02  1.2214000E-02   119.6060       49.30570    
  1.2214000E-02  1.2523200E-02   16.48961       95.30653    
  1.2523200E-02  1.2840200E-02   42.84725       60.07091    
  1.2840200E-02  1.3165300E-02   32.63222       90.02807    
  1.3165300E-02  1.3498600E-02   118.6012       46.22726    
  1.3498600E-02  1.3840300E-02   68.05721       55.49581    
  1.3840300E-02  1.4190700E-02   40.38782       67.25724    
  1.4190700E-02  1.4549900E-02   61.93600       54.65474    
  1.4549900E-02  1.4918300E-02   69.22374       48.76283    
  1.4918300E-02  1.5295900E-02   69.09843       55.16415    
  1.5295900E-02  1.5683100E-02   80.30182       55.18782    
  1.5683100E-02  1.6080100E-02   109.5662       47.95716    
  1.6080100E-02  1.6487200E-02   118.4730       41.97155    
  1.6487200E-02  1.6904600E-02   78.77166       48.03784    
  1.6904600E-02  1.7332500E-02   56.14460       81.88687    
  1.7332500E-02  1.7771300E-02   74.92951       54.02482    
  1.7771300E-02  1.8221200E-02   52.52811       45.45384    
  1.8221200E-02  1.8682500E-02   85.69324       45.87460    
  1.8682500E-02  1.9155400E-02   56.83619       50.85352    
  1.9155400E-02  1.9640300E-02   5.145411       95.30653    
  1.9640300E-02  2.0000000E-02   70.71588       55.65134    
  2.0000000E-02  2.2784740E-02   48.51906       24.17645    
  2.2784740E-02  2.5957221E-02   31.30086       27.25545    
  2.5957221E-02  2.9571427E-02   52.92819       21.78542    
  2.9571427E-02  3.3688866E-02   52.81824       18.91398    
  3.3688866E-02  3.8379602E-02   48.60919       18.52029    
  3.8379602E-02  4.3723468E-02   58.18649       18.31897    
  4.3723468E-02  4.9811393E-02   60.69413       18.81684    
  4.9811393E-02  5.6746982E-02   51.35363       15.01157    
  5.6746982E-02  6.4648263E-02   44.93825       15.06702    
  6.4648263E-02  7.3649697E-02   37.91105       21.20285    
  7.3649697E-02  8.3904468E-02   33.61734       15.66825    
  8.3904468E-02  9.5587075E-02   28.99349       14.59822    
  9.5587075E-02  0.1088963       28.47542       13.48884    
  0.1088963      0.1240587       21.68344       33.80371    
  0.1240587      0.1413323       18.31409       15.31674    
  0.1413323      0.1610110       15.18083       14.98042    
  0.1610110      0.1834297       9.076659       19.34115    
  0.1834297      0.2089699       4.075894       26.28932    
  0.2089699      0.2380663       3.090607       28.45549    
  0.2380663      0.2712139       2.167401       33.33353    
  0.2712139      0.3089769       1.801806       34.26257    
  0.3089769      0.3519980      0.6078439       56.45104    
  0.3519980      0.4010091      0.2082357       93.85925    
  0.4010091      0.4568444      0.7306479       46.61750    
  0.4568444      0.5204541      3.8099166E-02   95.30653    
  0.5204541      0.5929207      8.8675298E-02   95.30653    
  0.5929207      0.6754771       0.000000       0.000000    
  0.6754771      0.7695286       0.000000       0.000000    
  0.7695286      0.8766755       0.000000       0.000000    
  0.8766755      0.9987412      2.0210549E-02   95.30653    
  0.9987412       1.137803       0.000000       0.000000    
   1.137803       1.296227       0.000000       0.000000    
   1.296227       1.476710       0.000000       0.000000    
   1.476710       1.682323       0.000000       0.000000    
   1.682323       1.916565       0.000000       0.000000    
   1.916565       2.183421       0.000000       0.000000    
   2.183421       2.487434       0.000000       0.000000    
   2.487434       2.833777       0.000000       0.000000    
   2.833777       3.228344       0.000000       0.000000    
   3.228344       3.677850       0.000000       0.000000    
   3.677850       4.189942       0.000000       0.000000    
   4.189942       4.773337       0.000000       0.000000    
   4.773337       5.437963       0.000000       0.000000    
   5.437963       6.195129       0.000000       0.000000    
   6.195129       7.057720       0.000000       0.000000    
   7.057720       8.040417       0.000000       0.000000    
   8.040417       9.159941       0.000000       0.000000    
   9.159941       10.43534       0.000000       0.000000    
   10.43534       11.88833       0.000000       0.000000    
   11.88833       13.54363       0.000000       0.000000    
   13.54363       15.42940       0.000000       0.000000    
   15.42940       17.57774       0.000000       0.000000    
   17.57774       20.02522       0.000000       0.000000    
   20.02522       22.81347       0.000000       0.000000    
   22.81347       25.98995       0.000000       0.000000    
   25.98995       29.60871       0.000000       0.000000    
   29.60871       33.73134       0.000000       0.000000    
   33.73134       38.42800       0.000000       0.000000    
   38.42800       43.77859       0.000000       0.000000    
   43.77859       49.87420       0.000000       0.000000    
   49.87420       56.81853       0.000000       0.000000    
   56.81853       64.72978       0.000000       0.000000    
   64.72978       73.74256       0.000000       0.000000    
   73.74256       84.01026       0.000000       0.000000    
   84.01026       95.70760       0.000000       0.000000    
   95.70760       109.0336       0.000000       0.000000    
   109.0336       124.2152       0.000000       0.000000    
   124.2152       141.5105       0.000000       0.000000    
   141.5105       161.2140       0.000000       0.000000    
   161.2140       183.6610       0.000000       0.000000    
   183.6610       209.2334       0.000000       0.000000    
   209.2334       238.3664       0.000000       0.000000    
   238.3664       271.5559       0.000000       0.000000    
   271.5559       309.3665       0.000000       0.000000    
   309.3665       352.4418       0.000000       0.000000    
   352.4418       401.5148       0.000000       0.000000    
   401.5148       457.4205       0.000000       0.000000    
   457.4205       521.1104       0.000000       0.000000    
   521.1104       593.6682       0.000000       0.000000    
   593.6682       676.3289       0.000000       0.000000    
   676.3289       770.4989       0.000000       0.000000    
   770.4989       877.7809       0.000000       0.000000    
   877.7809       1000.000       0.000000       0.000000    
