1NUMBER OF BEAM       NUMBER OF BEAM        APPROXIMATE NUMBER    AVERAGE TIME USED     TIME LEFT (RESERVED   NUMBER OF STARS
 PARTICLES HANDLED    PARTICLES LEFT        OF BEAM PARTICLES     BY A BEAM PARTICLE     10000.0 SECONDS      CREATED
                                            THAT CAN STILL BE                           FOR PRINTOUT)
                                            HANDLED

 NEXT SEEDS:       0       0       0       0       0       0   11A83       4       0       0
          1               1999999               1999999             0.0000000E+00         1.0000000E+30                 0       
 NEXT SEEDS:      24       0       0       0       0       0   11A83       4       0       0
      40000               1960000               1960000             2.0671856E-05         1.0000000E+30                 0       
 NEXT SEEDS:  407EC1       0       0       0       0       0   11A83       4       0       0
      80000               1920000               1920000             2.0246929E-05         1.0000000E+30                 0       
 NEXT SEEDS:  7E6FE4       0       0       0       0       0   11A83       4       0       0
     120000               1880000               1880000             2.0363569E-05         1.0000000E+30                 0       
 NEXT SEEDS:  BF0EDB       0       0       0       0       0   11A83       4       0       0
     160000               1840000               1840000             2.0309415E-05         1.0000000E+30                 0       
 NEXT SEEDS:  FE8ED6       0       0       0       0       0   11A83       4       0       0
     200000               1800000               1800000             2.0216925E-05         1.0000000E+30                 0       
 NEXT SEEDS: 13C47AD       0       0       0       0       0   11A83       4       0       0
     240000               1760000               1760000             2.0176099E-05         1.0000000E+30                 0       
 NEXT SEEDS: 17AEA07       0       0       0       0       0   11A83       4       0       0
     280000               1720000               1720000             2.0161222E-05         1.0000000E+30                 0       
 NEXT SEEDS: 1BAA976       0       0       0       0       0   11A83       4       0       0
     320000               1680000               1680000             2.0165683E-05         1.0000000E+30                 0       
 NEXT SEEDS: 1FA85F2       0       0       0       0       0   11A83       4       0       0
     360000               1640000               1640000             2.0133052E-05         1.0000000E+30                 0       
 NEXT SEEDS: 23886E4       0       0       0       0       0   11A83       4       0       0
     400000               1600000               1600000             2.0159436E-05         1.0000000E+30                 0       
 NEXT SEEDS: 2789D2F       0       0       0       0       0   11A83       4       0       0
     440000               1560000               1560000             2.0171934E-05         1.0000000E+30                 0       
 NEXT SEEDS: 2B7E9F1       0       0       0       0       0   11A83       4       0       0
     480000               1520000               1520000             2.0174018E-05         1.0000000E+30                 0       
 NEXT SEEDS: 2F7D002       0       0       0       0       0   11A83       4       0       0
     520000               1480000               1480000             2.0170009E-05         1.0000000E+30                 0       
 NEXT SEEDS: 3369BF9       0       0       0       0       0   11A83       4       0       0
     560000               1440000               1440000             2.0216571E-05         1.0000000E+30                 0       
 NEXT SEEDS: 377DEF8       0       0       0       0       0   11A83       4       0       0
     600000               1400000               1400000             2.0203594E-05         1.0000000E+30                 0       
 NEXT SEEDS: 3B6BBFE       0       0       0       0       0   11A83       4       0       0
     640000               1360000               1360000             2.0201615E-05         1.0000000E+30                 0       
 NEXT SEEDS: 3F5D922       0       0       0       0       0   11A83       4       0       0
     680000               1320000               1320000             2.0195460E-05         1.0000000E+30                 0       
 NEXT SEEDS: 434FF1A       0       0       0       0       0   11A83       4       0       0
     720000               1280000               1280000             2.0176099E-05         1.0000000E+30                 0       
 NEXT SEEDS: 4737E72       0       0       0       0       0   11A83       4       0       0
     760000               1240000               1240000             2.0167986E-05         1.0000000E+30                 0       
 NEXT SEEDS: 4B21472       0       0       0       0       0   11A83       4       0       0
     800000               1200000               1200000             2.0164436E-05         1.0000000E+30                 0       
 NEXT SEEDS: 4F13435       0       0       0       0       0   11A83       4       0       0
     840000               1160000               1160000             2.0168362E-05         1.0000000E+30                 0       
 NEXT SEEDS: 53133D5       0       0       0       0       0   11A83       4       0       0
     880000               1120000               1120000             2.0169662E-05         1.0000000E+30                 0       
 NEXT SEEDS: 5709B92       0       0       0       0       0   11A83       4       0       0
     920000               1080000               1080000             2.0168674E-05         1.0000000E+30                 0       
 NEXT SEEDS: 5B00ACF       0       0       0       0       0   11A83       4       0       0
     960000               1040000               1040000             2.0156310E-05         1.0000000E+30                 0       
 NEXT SEEDS: 5EEAA99       0       0       0       0       0   11A83       4       0       0
    1000000               1000000               1000000             2.0145937E-05         1.0000000E+30                 0       
 NEXT SEEDS: 62D2652       0       0       0       0       0   11A83       4       0       0
    1040000                960000                960000             2.0144052E-05         1.0000000E+30                 0       
 NEXT SEEDS: 66C92E5       0       0       0       0       0   11A83       4       0       0
    1080000                920000                920000             2.0152492E-05         1.0000000E+30                 0       
 NEXT SEEDS: 6ACA652       0       0       0       0       0   11A83       4       0       0
    1120000                880000                880000             2.0154078E-05         1.0000000E+30                 0       
 NEXT SEEDS: 6EC0199       0       0       0       0       0   11A83       4       0       0
    1160000                840000                840000             2.0156418E-05         1.0000000E+30                 0       
 NEXT SEEDS: 72B1AA5       0       0       0       0       0   11A83       4       0       0
    1200000                800000                800000             2.0164435E-05         1.0000000E+30                 0       
 NEXT SEEDS: 76AEB89       0       0       0       0       0   11A83       4       0       0
    1240000                760000                760000             2.0167902E-05         1.0000000E+30                 0       
 NEXT SEEDS: 7A998CA       0       0       0       0       0   11A83       4       0       0
    1280000                720000                720000             2.0169589E-05         1.0000000E+30                 0       
 NEXT SEEDS: 7E865F7       0       0       0       0       0   11A83       4       0       0
    1320000                680000                680000             2.0187082E-05         1.0000000E+30                 0       
 NEXT SEEDS: 82A18C3       0       0       0       0       0   11A83       4       0       0
    1360000                640000                640000             2.0186638E-05         1.0000000E+30                 0       
 NEXT SEEDS: 869EDE9       0       0       0       0       0   11A83       4       0       0
    1400000                600000                600000             2.0180504E-05         1.0000000E+30                 0       
 NEXT SEEDS: 8A8B8D8       0       0       0       0       0   11A83       4       0       0
    1440000                560000                560000             2.0175404E-05         1.0000000E+30                 0       
 NEXT SEEDS: 8E79E9D       0       0       0       0       0   11A83       4       0       0
    1480000                520000                520000             2.0173960E-05         1.0000000E+30                 0       
 NEXT SEEDS: 9263506       0       0       0       0       0   11A83       4       0       0
    1520000                480000                480000             2.0169301E-05         1.0000000E+30                 0       
 NEXT SEEDS: 964CA74       0       0       0       0       0   11A83       4       0       0
    1560000                440000                440000             2.0167446E-05         1.0000000E+30                 0       
 NEXT SEEDS: 9A3C1BD       0       0       0       0       0   11A83       4       0       0
    1600000                400000                400000             2.0168183E-05         1.0000000E+30                 0       
 NEXT SEEDS: 9E35735       0       0       0       0       0   11A83       4       0       0
    1640000                360000                360000             2.0171324E-05         1.0000000E+30                 0       
 NEXT SEEDS: A232B2C       0       0       0       0       0   11A83       4       0       0
    1680000                320000                320000             2.0166577E-05         1.0000000E+30                 0       
 NEXT SEEDS: A623EB9       0       0       0       0       0   11A83       4       0       0
    1720000                280000                280000             2.0385853E-05         1.0000000E+30                 0       
 NEXT SEEDS: AA189D8       0       0       0       0       0   11A83       4       0       0
    1760000                240000                240000             2.0637773E-05         1.0000000E+30                 0       
 NEXT SEEDS: AE20287       0       0       0       0       0   11A83       4       0       0
    1800000                200000                200000             2.0632975E-05         1.0000000E+30                 0       
 NEXT SEEDS: B2189E4       0       0       0       0       0   11A83       4       0       0
    1840000                160000                160000             2.0758801E-05         1.0000000E+30                 0       
 NEXT SEEDS: B609A94       0       0       0       0       0   11A83       4       0       0
    1880000                120000                120000             2.1126043E-05         1.0000000E+30                 0       
 NEXT SEEDS: B9FD438       0       0       0       0       0   11A83       4       0       0
    1920000                 80000                 80000             2.1330091E-05         1.0000000E+30                 0       
 NEXT SEEDS: BDFE816       0       0       0       0       0   11A83       4       0       0
    1960000                 40000                 40000             2.1609980E-05         1.0000000E+30                 0       
 NEXT SEEDS: C1D2919       0       0       0       0       0   11A83       4       0       0
  *** Eveneu: no downsc. group selected, cusngl, rsngl, igpr ***  0.99999994
  0.99999994 244
    1999950                    50                    50             2.1685746E-05         1.0000000E+30                 0       
 NEXT SEEDS: C5C0BCC       0       0       0       0       0   11A83       4       0       0
    1999951                    49                    49             2.1685735E-05         1.0000000E+30                 0       
 NEXT SEEDS: C5C0C32       0       0       0       0       0   11A83       4       0       0
    1999952                    48                    48             2.1685724E-05         1.0000000E+30                 0       
 NEXT SEEDS: C5C0C52       0       0       0       0       0   11A83       4       0       0
    1999953                    47                    47             2.1685713E-05         1.0000000E+30                 0       
 NEXT SEEDS: C5C0C61       0       0       0       0       0   11A83       4       0       0
    1999954                    46                    46             2.1685703E-05         1.0000000E+30                 0       
 NEXT SEEDS: C5C0C68       0       0       0       0       0   11A83       4       0       0
    1999955                    45                    45             2.1685692E-05         1.0000000E+30                 0       
 NEXT SEEDS: C5C0C9E       0       0       0       0       0   11A83       4       0       0
    1999956                    44                    44             2.1685681E-05         1.0000000E+30                 0       
 NEXT SEEDS: C5C0CBD       0       0       0       0       0   11A83       4       0       0
    1999957                    43                    43             2.1685670E-05         1.0000000E+30                 0       
 NEXT SEEDS: C5C0CC9       0       0       0       0       0   11A83       4       0       0
    1999958                    42                    42             2.1685659E-05         1.0000000E+30                 0       
 NEXT SEEDS: C5C0CFD       0       0       0       0       0   11A83       4       0       0
    1999959                    41                    41             2.1685648E-05         1.0000000E+30                 0       
 NEXT SEEDS: C5C0D13       0       0       0       0       0   11A83       4       0       0
    1999960                    40                    40             2.1685638E-05         1.0000000E+30                 0       
 NEXT SEEDS: C5C0D23       0       0       0       0       0   11A83       4       0       0
    1999961                    39                    39             2.1685627E-05         1.0000000E+30                 0       
 NEXT SEEDS: C5C0DC2       0       0       0       0       0   11A83       4       0       0
    1999962                    38                    38             2.1685616E-05         1.0000000E+30                 0       
 NEXT SEEDS: C5C0DE8       0       0       0       0       0   11A83       4       0       0
    1999963                    37                    37             2.1685605E-05         1.0000000E+30                 0       
 NEXT SEEDS: C5C1000       0       0       0       0       0   11A83       4       0       0
    1999964                    36                    36             2.1685594E-05         1.0000000E+30                 0       
 NEXT SEEDS: C5C100F       0       0       0       0       0   11A83       4       0       0
    1999965                    35                    35             2.1685583E-05         1.0000000E+30                 0       
 NEXT SEEDS: C5C1059       0       0       0       0       0   11A83       4       0       0
    1999966                    34                    34             2.1685572E-05         1.0000000E+30                 0       
 NEXT SEEDS: C5C1115       0       0       0       0       0   11A83       4       0       0
    1999967                    33                    33             2.1685562E-05         1.0000000E+30                 0       
 NEXT SEEDS: C5C1139       0       0       0       0       0   11A83       4       0       0
    1999968                    32                    32             2.1685551E-05         1.0000000E+30                 0       
 NEXT SEEDS: C5C1148       0       0       0       0       0   11A83       4       0       0
    1999969                    31                    31             2.1685540E-05         1.0000000E+30                 0       
 NEXT SEEDS: C5C1187       0       0       0       0       0   11A83       4       0       0
    1999970                    30                    30             2.1685529E-05         1.0000000E+30                 0       
 NEXT SEEDS: C5C11D2       0       0       0       0       0   11A83       4       0       0
    1999971                    29                    29             2.1685518E-05         1.0000000E+30                 0       
 NEXT SEEDS: C5C11E6       0       0       0       0       0   11A83       4       0       0
    1999972                    28                    28             2.1685507E-05         1.0000000E+30                 0       
 NEXT SEEDS: C5C11FA       0       0       0       0       0   11A83       4       0       0
    1999973                    27                    27             2.1685497E-05         1.0000000E+30                 0       
 NEXT SEEDS: C5C120A       0       0       0       0       0   11A83       4       0       0
    1999974                    26                    26             2.1685486E-05         1.0000000E+30                 0       
 NEXT SEEDS: C5C1216       0       0       0       0       0   11A83       4       0       0
    1999975                    25                    25             2.1685475E-05         1.0000000E+30                 0       
 NEXT SEEDS: C5C1225       0       0       0       0       0   11A83       4       0       0
    1999976                    24                    24             2.1685464E-05         1.0000000E+30                 0       
 NEXT SEEDS: C5C1259       0       0       0       0       0   11A83       4       0       0
    1999977                    23                    23             2.1685453E-05         1.0000000E+30                 0       
 NEXT SEEDS: C5C12B5       0       0       0       0       0   11A83       4       0       0
    1999978                    22                    22             2.1685442E-05         1.0000000E+30                 0       
 NEXT SEEDS: C5C12C6       0       0       0       0       0   11A83       4       0       0
    1999979                    21                    21             2.1685431E-05         1.0000000E+30                 0       
 NEXT SEEDS: C5C12D2       0       0       0       0       0   11A83       4       0       0
    1999980                    20                    20             2.1685421E-05         1.0000000E+30                 0       
 NEXT SEEDS: C5C12E6       0       0       0       0       0   11A83       4       0       0
    1999981                    19                    19             2.1685410E-05         1.0000000E+30                 0       
 NEXT SEEDS: C5C13B7       0       0       0       0       0   11A83       4       0       0
    1999982                    18                    18             2.1685899E-05         1.0000000E+30                 0       
 NEXT SEEDS: C5C13DD       0       0       0       0       0   11A83       4       0       0
    1999983                    17                    17             2.1685888E-05         1.0000000E+30                 0       
 NEXT SEEDS: C5C13FB       0       0       0       0       0   11A83       4       0       0
    1999984                    16                    16             2.1685877E-05         1.0000000E+30                 0       
 NEXT SEEDS: C5C1419       0       0       0       0       0   11A83       4       0       0
    1999985                    15                    15             2.1685866E-05         1.0000000E+30                 0       
 NEXT SEEDS: C5C143F       0       0       0       0       0   11A83       4       0       0
    1999986                    14                    14             2.1685855E-05         1.0000000E+30                 0       
 NEXT SEEDS: C5C1453       0       0       0       0       0   11A83       4       0       0
    1999987                    13                    13             2.1685844E-05         1.0000000E+30                 0       
 NEXT SEEDS: C5C148B       0       0       0       0       0   11A83       4       0       0
    1999988                    12                    12             2.1685834E-05         1.0000000E+30                 0       
 NEXT SEEDS: C5C149A       0       0       0       0       0   11A83       4       0       0
    1999989                    11                    11             2.1685823E-05         1.0000000E+30                 0       
 NEXT SEEDS: C5C14FB       0       0       0       0       0   11A83       4       0       0
    1999990                    10                    10             2.1685812E-05         1.0000000E+30                 0       
 NEXT SEEDS: C5C157C       0       0       0       0       0   11A83       4       0       0
    1999991                     9                     9             2.1685801E-05         1.0000000E+30                 0       
 NEXT SEEDS: C5C1588       0       0       0       0       0   11A83       4       0       0
    1999992                     8                     8             2.1685790E-05         1.0000000E+30                 0       
 NEXT SEEDS: C5C159C       0       0       0       0       0   11A83       4       0       0
    1999993                     7                     7             2.1685779E-05         1.0000000E+30                 0       
 NEXT SEEDS: C5C162E       0       0       0       0       0   11A83       4       0       0
    1999994                     6                     6             2.1685769E-05         1.0000000E+30                 0       
 NEXT SEEDS: C5C1670       0       0       0       0       0   11A83       4       0       0
    1999995                     5                     5             2.1685758E-05         1.0000000E+30                 0       
 NEXT SEEDS: C5C1684       0       0       0       0       0   11A83       4       0       0
    1999996                     4                     4             2.1685747E-05         1.0000000E+30                 0       
 NEXT SEEDS: C5C16C2       0       0       0       0       0   11A83       4       0       0
    1999997                     3                     3             2.1685736E-05         1.0000000E+30                 0       
 NEXT SEEDS: C5C1765       0       0       0       0       0   11A83       4       0       0
    1999998                     2                     2             2.1686225E-05         1.0000000E+30                 0       
 NEXT SEEDS: C5C1E90       0       0       0       0       0   11A83       4       0       0
    1999999                     1                     1             2.1686214E-05         1.0000000E+30                 0       
 NEXT SEEDS: C5C1EA7       0       0       0       0       0   11A83       4       0       0
    2000000                     0                     1             2.1686203E-05         1.0000000E+30                 0       
 NEXT SEEDS: C5C1F04       0       0       0       0       0   11A83       4       0       0
