1NUMBER OF BEAM       NUMBER OF BEAM        APPROXIMATE NUMBER    AVERAGE TIME USED     TIME LEFT (RESERVED   NUMBER OF STARS
 PARTICLES HANDLED    PARTICLES LEFT        OF BEAM PARTICLES     BY A BEAM PARTICLE     10000.0 SECONDS      CREATED
                                            THAT CAN STILL BE                           FOR PRINTOUT)
                                            HANDLED

 NEXT SEEDS:18C7620C       0       0       0       0       0   11A83       4       0       0
          1               1999999               1999999             0.0000000E+00         1.0000000E+30                 0       
 NEXT SEEDS:18C762A2       0       0       0       0       0   11A83       4       0       0
      40000               1960000               1960000             3.4044826E-05         1.0000000E+30                 0       
 NEXT SEEDS:19074E40       0       0       0       0       0   11A83       4       0       0
      80000               1920000               1920000             3.2295090E-05         1.0000000E+30                 0       
 NEXT SEEDS:19453A95       0       0       0       0       0   11A83       4       0       0
     120000               1880000               1880000             3.4261457E-05         1.0000000E+30                 0       
 NEXT SEEDS:19845FBF       0       0       0       0       0   11A83       4       0       0
     160000               1840000               1840000             3.0739075E-05         1.0000000E+30                 0       
 NEXT SEEDS:19C1CE4D       0       0       0       0       0   11A83       4       0       0
     200000               1800000               1800000             2.9325542E-05         1.0000000E+30                 0       
 NEXT SEEDS:1A0103BE       0       0       0       0       0   11A83       4       0       0
     240000               1760000               1760000             2.8087397E-05         1.0000000E+30                 0       
 NEXT SEEDS:1A3F67A9       0       0       0       0       0   11A83       4       0       0
     280000               1720000               1720000             2.7474393E-05         1.0000000E+30                 0       
 NEXT SEEDS:1A80A281       0       0       0       0       0   11A83       4       0       0
     320000               1680000               1680000             2.6786554E-05         1.0000000E+30                 0       
 NEXT SEEDS:1AC02AAF       0       0       0       0       0   11A83       4       0       0
     360000               1640000               1640000             2.6090479E-05         1.0000000E+30                 0       
 NEXT SEEDS:1AFF8FCA       0       0       0       0       0   11A83       4       0       0
     400000               1600000               1600000             2.5868568E-05         1.0000000E+30                 0       
 NEXT SEEDS:1B3E44FF       0       0       0       0       0   11A83       4       0       0
     440000               1560000               1560000             2.6789108E-05         1.0000000E+30                 0       
 NEXT SEEDS:1B7E2B5E       0       0       0       0       0   11A83       4       0       0
     480000               1520000               1520000             2.6275172E-05         1.0000000E+30                 0       
 NEXT SEEDS:1BBDD915       0       0       0       0       0   11A83       4       0       0
     520000               1480000               1480000             2.5809539E-05         1.0000000E+30                 0       
 NEXT SEEDS:1BFC18F8       0       0       0       0       0   11A83       4       0       0
     560000               1440000               1440000             2.5490769E-05         1.0000000E+30                 0       
 NEXT SEEDS:1C399B79       0       0       0       0       0   11A83       4       0       0
     600000               1400000               1400000             2.5296156E-05         1.0000000E+30                 0       
 NEXT SEEDS:1C7991B2       0       0       0       0       0   11A83       4       0       0
     640000               1360000               1360000             2.5080563E-05         1.0000000E+30                 0       
 NEXT SEEDS:1CB8846C       0       0       0       0       0   11A83       4       0       0
     680000               1320000               1320000             2.4774174E-05         1.0000000E+30                 0       
 NEXT SEEDS:1CF6FFB9       0       0       0       0       0   11A83       4       0       0
     720000               1280000               1280000             2.4632368E-05         1.0000000E+30                 0       
 NEXT SEEDS:1D36B84A       0       0       0       0       0   11A83       4       0       0
     760000               1240000               1240000             2.5258003E-05         1.0000000E+30                 0       
 NEXT SEEDS:1D753FE0       0       0       0       0       0   11A83       4       0       0
     800000               1200000               1200000             2.5066189E-05         1.0000000E+30                 0       
 NEXT SEEDS:1DB441DD       0       0       0       0       0   11A83       4       0       0
     840000               1160000               1160000             2.4828367E-05         1.0000000E+30                 0       
 NEXT SEEDS:1DF1CEFE       0       0       0       0       0   11A83       4       0       0
     880000               1120000               1120000             2.4649662E-05         1.0000000E+30                 0       
 NEXT SEEDS:1E31416A       0       0       0       0       0   11A83       4       0       0
     920000               1080000               1080000             2.4596261E-05         1.0000000E+30                 0       
 NEXT SEEDS:1E71742E       0       0       0       0       0   11A83       4       0       0
     960000               1040000               1040000             2.4468155E-05         1.0000000E+30                 0       
 NEXT SEEDS:1EB12324       0       0       0       0       0   11A83       4       0       0
    1000000               1000000               1000000             2.4739240E-05         1.0000000E+30                 0       
 NEXT SEEDS:1EEEF032       0       0       0       0       0   11A83       4       0       0
    1040000                960000                960000             2.4884680E-05         1.0000000E+30                 0       
 NEXT SEEDS:1F2EA94E       0       0       0       0       0   11A83       4       0       0
    1080000                920000                920000             2.4723093E-05         1.0000000E+30                 0       
 NEXT SEEDS:1F6DC845       0       0       0       0       0   11A83       4       0       0
    1120000                880000                880000             2.4571265E-05         1.0000000E+30                 0       
 NEXT SEEDS:1FAD7F7A       0       0       0       0       0   11A83       4       0       0
    1160000                840000                840000             2.4530752E-05         1.0000000E+30                 0       
 NEXT SEEDS:1FEB9762       0       0       0       0       0   11A83       4       0       0
    1200000                800000                800000             2.4957872E-05         1.0000000E+30                 0       
 NEXT SEEDS:202B3C7B       0       0       0       0       0   11A83       4       0       0
    1240000                760000                760000             2.4917986E-05         1.0000000E+30                 0       
 NEXT SEEDS:206C69EC       0       0       0       0       0   11A83       4       0       0
    1280000                720000                720000             2.4780606E-05         1.0000000E+30                 0       
 NEXT SEEDS:20AB4523       0       0       0       0       0   11A83       4       0       0
    1320000                680000                680000             2.4650041E-05         1.0000000E+30                 0       
 NEXT SEEDS:20EAA638       0       0       0       0       0   11A83       4       0       0
    1360000                640000                640000             2.4617582E-05         1.0000000E+30                 0       
 NEXT SEEDS:212A023B       0       0       0       0       0   11A83       4       0       0
    1400000                600000                600000             2.4504846E-05         1.0000000E+30                 0       
 NEXT SEEDS:21690BB3       0       0       0       0       0   11A83       4       0       0
    1440000                560000                560000             2.4422677E-05         1.0000000E+30                 0       
 NEXT SEEDS:21A959B0       0       0       0       0       0   11A83       4       0       0
    1480000                520000                520000             2.4303062E-05         1.0000000E+30                 0       
 NEXT SEEDS:21E8A823       0       0       0       0       0   11A83       4       0       0
    1520000                480000                480000             2.4192375E-05         1.0000000E+30                 0       
 NEXT SEEDS:22280790       0       0       0       0       0   11A83       4       0       0
    1560000                440000                440000             2.4095055E-05         1.0000000E+30                 0       
 NEXT SEEDS:22686914       0       0       0       0       0   11A83       4       0       0
    1600000                400000                400000             2.3994479E-05         1.0000000E+30                 0       
 NEXT SEEDS:22A735DA       0       0       0       0       0   11A83       4       0       0
    1640000                360000                360000             2.4131088E-05         1.0000000E+30                 0       
 NEXT SEEDS:22E5C688       0       0       0       0       0   11A83       4       0       0
    1680000                320000                320000             2.4192750E-05         1.0000000E+30                 0       
 NEXT SEEDS:2324E264       0       0       0       0       0   11A83       4       0       0
    1720000                280000                280000             2.4101569E-05         1.0000000E+30                 0       
 NEXT SEEDS:2363E5B3       0       0       0       0       0   11A83       4       0       0
    1760000                240000                240000             2.4137809E-05         1.0000000E+30                 0       
 NEXT SEEDS:23A2D614       0       0       0       0       0   11A83       4       0       0
    1800000                200000                200000             2.4307971E-05         1.0000000E+30                 0       
 NEXT SEEDS:23E0FB42       0       0       0       0       0   11A83       4       0       0
    1840000                160000                160000             2.4532139E-05         1.0000000E+30                 0       
 NEXT SEEDS:24205FCF       0       0       0       0       0   11A83       4       0       0
    1880000                120000                120000             2.4594666E-05         1.0000000E+30                 0       
 NEXT SEEDS:2460B1D3       0       0       0       0       0   11A83       4       0       0
    1920000                 80000                 80000             2.4573868E-05         1.0000000E+30                 0       
 NEXT SEEDS:24A052CE       0       0       0       0       0   11A83       4       0       0
    1960000                 40000                 40000             2.4504437E-05         1.0000000E+30                 0       
 NEXT SEEDS:24E10CF8       0       0       0       0       0   11A83       4       0       0
    1999950                    50                    50             2.4497389E-05         1.0000000E+30                 0       
 NEXT SEEDS:251FB030       0       0       0       0       0   11A83       4       0       0
    1999951                    49                    49             2.4497376E-05         1.0000000E+30                 0       
 NEXT SEEDS:251FB052       0       0       0       0       0   11A83       4       0       0
    1999952                    48                    48             2.4497364E-05         1.0000000E+30                 0       
 NEXT SEEDS:251FB08F       0       0       0       0       0   11A83       4       0       0
    1999953                    47                    47             2.4497352E-05         1.0000000E+30                 0       
 NEXT SEEDS:251FB09B       0       0       0       0       0   11A83       4       0       0
    1999954                    46                    46             2.4497340E-05         1.0000000E+30                 0       
 NEXT SEEDS:251FB0B1       0       0       0       0       0   11A83       4       0       0
    1999955                    45                    45             2.4497327E-05         1.0000000E+30                 0       
 NEXT SEEDS:251FB0C7       0       0       0       0       0   11A83       4       0       0
    1999956                    44                    44             2.4497315E-05         1.0000000E+30                 0       
 NEXT SEEDS:251FB105       0       0       0       0       0   11A83       4       0       0
    1999957                    43                    43             2.4497303E-05         1.0000000E+30                 0       
 NEXT SEEDS:251FB166       0       0       0       0       0   11A83       4       0       0
    1999958                    42                    42             2.4497291E-05         1.0000000E+30                 0       
 NEXT SEEDS:251FB194       0       0       0       0       0   11A83       4       0       0
    1999959                    41                    41             2.4497278E-05         1.0000000E+30                 0       
 NEXT SEEDS:251FB1F6       0       0       0       0       0   11A83       4       0       0
    1999960                    40                    40             2.4497266E-05         1.0000000E+30                 0       
 NEXT SEEDS:251FB238       0       0       0       0       0   11A83       4       0       0
    1999961                    39                    39             2.4497254E-05         1.0000000E+30                 0       
 NEXT SEEDS:251FB24F       0       0       0       0       0   11A83       4       0       0
    1999962                    38                    38             2.4497242E-05         1.0000000E+30                 0       
 NEXT SEEDS:251FB29A       0       0       0       0       0   11A83       4       0       0
    1999963                    37                    37             2.4497229E-05         1.0000000E+30                 0       
 NEXT SEEDS:251FB2A6       0       0       0       0       0   11A83       4       0       0
    1999964                    36                    36             2.4497217E-05         1.0000000E+30                 0       
 NEXT SEEDS:251FB33A       0       0       0       0       0   11A83       4       0       0
    1999965                    35                    35             2.4497205E-05         1.0000000E+30                 0       
 NEXT SEEDS:251FB358       0       0       0       0       0   11A83       4       0       0
    1999966                    34                    34             2.4497193E-05         1.0000000E+30                 0       
 NEXT SEEDS:251FB366       0       0       0       0       0   11A83       4       0       0
    1999967                    33                    33             2.4497180E-05         1.0000000E+30                 0       
 NEXT SEEDS:251FB41F       0       0       0       0       0   11A83       4       0       0
    1999968                    32                    32             2.4497168E-05         1.0000000E+30                 0       
 NEXT SEEDS:251FB433       0       0       0       0       0   11A83       4       0       0
    1999969                    31                    31             2.4497156E-05         1.0000000E+30                 0       
 NEXT SEEDS:251FB4B6       0       0       0       0       0   11A83       4       0       0
    1999970                    30                    30             2.4497144E-05         1.0000000E+30                 0       
 NEXT SEEDS:251FB4F5       0       0       0       0       0   11A83       4       0       0
    1999971                    29                    29             2.4497131E-05         1.0000000E+30                 0       
 NEXT SEEDS:251FB57F       0       0       0       0       0   11A83       4       0       0
    1999972                    28                    28             2.4497119E-05         1.0000000E+30                 0       
 NEXT SEEDS:251FB62B       0       0       0       0       0   11A83       4       0       0
    1999973                    27                    27             2.4497107E-05         1.0000000E+30                 0       
 NEXT SEEDS:251FB632       0       0       0       0       0   11A83       4       0       0
    1999974                    26                    26             2.4497095E-05         1.0000000E+30                 0       
 NEXT SEEDS:251FB69B       0       0       0       0       0   11A83       4       0       0
    1999975                    25                    25             2.4497082E-05         1.0000000E+30                 0       
 NEXT SEEDS:251FB6B2       0       0       0       0       0   11A83       4       0       0
    1999976                    24                    24             2.4497070E-05         1.0000000E+30                 0       
 NEXT SEEDS:251FB6D0       0       0       0       0       0   11A83       4       0       0
    1999977                    23                    23             2.4497058E-05         1.0000000E+30                 0       
 NEXT SEEDS:251FB711       0       0       0       0       0   11A83       4       0       0
    1999978                    22                    22             2.4497046E-05         1.0000000E+30                 0       
 NEXT SEEDS:251FB771       0       0       0       0       0   11A83       4       0       0
    1999979                    21                    21             2.4497033E-05         1.0000000E+30                 0       
 NEXT SEEDS:251FB7BC       0       0       0       0       0   11A83       4       0       0
    1999980                    20                    20             2.4497021E-05         1.0000000E+30                 0       
 NEXT SEEDS:251FB7C3       0       0       0       0       0   11A83       4       0       0
    1999981                    19                    19             2.4497009E-05         1.0000000E+30                 0       
 NEXT SEEDS:251FB7E4       0       0       0       0       0   11A83       4       0       0
    1999982                    18                    18             2.4496997E-05         1.0000000E+30                 0       
 NEXT SEEDS:251FB7F3       0       0       0       0       0   11A83       4       0       0
    1999983                    17                    17             2.4496984E-05         1.0000000E+30                 0       
 NEXT SEEDS:251FB7FA       0       0       0       0       0   11A83       4       0       0
    1999984                    16                    16             2.4496972E-05         1.0000000E+30                 0       
 NEXT SEEDS:251FB8AB       0       0       0       0       0   11A83       4       0       0
    1999985                    15                    15             2.4496960E-05         1.0000000E+30                 0       
 NEXT SEEDS:251FB9B9       0       0       0       0       0   11A83       4       0       0
    1999986                    14                    14             2.4496948E-05         1.0000000E+30                 0       
 NEXT SEEDS:251FB9C0       0       0       0       0       0   11A83       4       0       0
    1999987                    13                    13             2.4496935E-05         1.0000000E+30                 0       
 NEXT SEEDS:251FB9CC       0       0       0       0       0   11A83       4       0       0
    1999988                    12                    12             2.4496923E-05         1.0000000E+30                 0       
 NEXT SEEDS:251FBA5C       0       0       0       0       0   11A83       4       0       0
    1999989                    11                    11             2.4496911E-05         1.0000000E+30                 0       
 NEXT SEEDS:251FBA68       0       0       0       0       0   11A83       4       0       0
    1999990                    10                    10             2.4496899E-05         1.0000000E+30                 0       
 NEXT SEEDS:251FBA87       0       0       0       0       0   11A83       4       0       0
    1999991                     9                     9             2.4496886E-05         1.0000000E+30                 0       
 NEXT SEEDS:251FBAB1       0       0       0       0       0   11A83       4       0       0
    1999992                     8                     8             2.4496874E-05         1.0000000E+30                 0       
 NEXT SEEDS:251FBB65       0       0       0       0       0   11A83       4       0       0
    1999993                     7                     7             2.4496862E-05         1.0000000E+30                 0       
 NEXT SEEDS:251FBB6C       0       0       0       0       0   11A83       4       0       0
    1999994                     6                     6             2.4496850E-05         1.0000000E+30                 0       
 NEXT SEEDS:251FC08E       0       0       0       0       0   11A83       4       0       0
    1999995                     5                     5             2.4496837E-05         1.0000000E+30                 0       
 NEXT SEEDS:251FC0BD       0       0       0       0       0   11A83       4       0       0
    1999996                     4                     4             2.4496825E-05         1.0000000E+30                 0       
 NEXT SEEDS:251FC0FB       0       0       0       0       0   11A83       4       0       0
    1999997                     3                     3             2.4496813E-05         1.0000000E+30                 0       
 NEXT SEEDS:251FC10C       0       0       0       0       0   11A83       4       0       0
    1999998                     2                     2             2.4496801E-05         1.0000000E+30                 0       
 NEXT SEEDS:251FC19A       0       0       0       0       0   11A83       4       0       0
    1999999                     1                     1             2.4496788E-05         1.0000000E+30                 0       
 NEXT SEEDS:251FC1A1       0       0       0       0       0   11A83       4       0       0
    2000000                     0                     1             2.4496776E-05         1.0000000E+30                 0       
 NEXT SEEDS:251FC1AD       0       0       0       0       0   11A83       4       0       0
