1NUMBER OF BEAM       NUMBER OF BEAM        APPROXIMATE NUMBER    AVERAGE TIME USED     TIME LEFT (RESERVED   NUMBER OF STARS
 PARTICLES HANDLED    PARTICLES LEFT        OF BEAM PARTICLES     BY A BEAM PARTICLE     10000.0 SECONDS      CREATED
                                            THAT CAN STILL BE                           FOR PRINTOUT)
                                            HANDLED

 NEXT SEEDS: C5C1F04       0       0       0       0       0   11A83       4       0       0
          1               1999999               1999999             0.0000000E+00         1.0000000E+30                 0       
 NEXT SEEDS: C5C1F4F       0       0       0       0       0   11A83       4       0       0
      40000               1960000               1960000             3.2894993E-05         1.0000000E+30                 0       
 NEXT SEEDS: C9C74D0       0       0       0       0       0   11A83       4       0       0
      80000               1920000               1920000             2.9008090E-05         1.0000000E+30                 0       
 NEXT SEEDS: CDDE692       0       0       0       0       0   11A83       4       0       0
     120000               1880000               1880000             2.5862734E-05         1.0000000E+30                 0       
 NEXT SEEDS: D1F99CE       0       0       0       0       0   11A83       4       0       0
     160000               1840000               1840000             2.4227566E-05         1.0000000E+30                 0       
 NEXT SEEDS: D609E60       0       0       0       0       0   11A83       4       0       0
     200000               1800000               1800000             2.3771386E-05         1.0000000E+30                 0       
 NEXT SEEDS: D9F3F24       0       0       0       0       0   11A83       4       0       0
     240000               1760000               1760000             2.5483624E-05         1.0000000E+30                 0       
 NEXT SEEDS: DDDF62A       0       0       0       0       0   11A83       4       0       0
     280000               1720000               1720000             2.5342573E-05         1.0000000E+30                 0       
 NEXT SEEDS: E1DC773       0       0       0       0       0   11A83       4       0       0
     320000               1680000               1680000             2.5546116E-05         1.0000000E+30                 0       
 NEXT SEEDS: E5CC423       0       0       0       0       0   11A83       4       0       0
     360000               1640000               1640000             2.6012712E-05         1.0000000E+30                 0       
 NEXT SEEDS: E9AAB2D       0       0       0       0       0   11A83       4       0       0
     400000               1600000               1600000             2.5613606E-05         1.0000000E+30                 0       
 NEXT SEEDS: EDA7521       0       0       0       0       0   11A83       4       0       0
     440000               1560000               1560000             2.5116637E-05         1.0000000E+30                 0       
 NEXT SEEDS: F19A5CC       0       0       0       0       0   11A83       4       0       0
     480000               1520000               1520000             2.4877467E-05         1.0000000E+30                 0       
 NEXT SEEDS: F5A814F       0       0       0       0       0   11A83       4       0       0
     520000               1480000               1480000             2.4540500E-05         1.0000000E+30                 0       
 NEXT SEEDS: F998B32       0       0       0       0       0   11A83       4       0       0
     560000               1440000               1440000             2.4271309E-05         1.0000000E+30                 0       
 NEXT SEEDS: FD9884C       0       0       0       0       0   11A83       4       0       0
     600000               1400000               1400000             2.3908032E-05         1.0000000E+30                 0       
 NEXT SEEDS:10181434       0       0       0       0       0   11A83       4       0       0
     640000               1360000               1360000             2.3590164E-05         1.0000000E+30                 0       
 NEXT SEEDS:10576B2E       0       0       0       0       0   11A83       4       0       0
     680000               1320000               1320000             2.3309692E-05         1.0000000E+30                 0       
 NEXT SEEDS:1095DF47       0       0       0       0       0   11A83       4       0       0
     720000               1280000               1280000             2.3052050E-05         1.0000000E+30                 0       
 NEXT SEEDS:10D4BDDB       0       0       0       0       0   11A83       4       0       0
     760000               1240000               1240000             2.2824161E-05         1.0000000E+30                 0       
 NEXT SEEDS:1113F7BC       0       0       0       0       0   11A83       4       0       0
     800000               1200000               1200000             2.2621561E-05         1.0000000E+30                 0       
 NEXT SEEDS:11535737       0       0       0       0       0   11A83       4       0       0
     840000               1160000               1160000             2.2441827E-05         1.0000000E+30                 0       
 NEXT SEEDS:11928F61       0       0       0       0       0   11A83       4       0       0
     880000               1120000               1120000             2.2293200E-05         1.0000000E+30                 0       
 NEXT SEEDS:11D312A9       0       0       0       0       0   11A83       4       0       0
     920000               1080000               1080000             2.2148807E-05         1.0000000E+30                 0       
 NEXT SEEDS:12124A3F       0       0       0       0       0   11A83       4       0       0
     960000               1040000               1040000             2.2006030E-05         1.0000000E+30                 0       
 NEXT SEEDS:125153FB       0       0       0       0       0   11A83       4       0       0
    1000000               1000000               1000000             2.1888673E-05         1.0000000E+30                 0       
 NEXT SEEDS:12917A0F       0       0       0       0       0   11A83       4       0       0
    1040000                960000                960000             2.1776497E-05         1.0000000E+30                 0       
 NEXT SEEDS:12D1A682       0       0       0       0       0   11A83       4       0       0
    1080000                920000                920000             2.1680963E-05         1.0000000E+30                 0       
 NEXT SEEDS:1311D6B5       0       0       0       0       0   11A83       4       0       0
    1120000                880000                880000             2.1578863E-05         1.0000000E+30                 0       
 NEXT SEEDS:13512D4B       0       0       0       0       0   11A83       4       0       0
    1160000                840000                840000             2.1493284E-05         1.0000000E+30                 0       
 NEXT SEEDS:1391A4E3       0       0       0       0       0   11A83       4       0       0
    1200000                800000                800000             2.1410078E-05         1.0000000E+30                 0       
 NEXT SEEDS:13D14472       0       0       0       0       0   11A83       4       0       0
    1240000                760000                760000             2.1316920E-05         1.0000000E+30                 0       
 NEXT SEEDS:140F3CAF       0       0       0       0       0   11A83       4       0       0
    1280000                720000                720000             2.1250675E-05         1.0000000E+30                 0       
 NEXT SEEDS:144F38AF       0       0       0       0       0   11A83       4       0       0
    1320000                680000                680000             2.1192991E-05         1.0000000E+30                 0       
 NEXT SEEDS:148F4EEE       0       0       0       0       0   11A83       4       0       0
    1360000                640000                640000             2.1125466E-05         1.0000000E+30                 0       
 NEXT SEEDS:14CE22A1       0       0       0       0       0   11A83       4       0       0
    1400000                600000                600000             2.1240341E-05         1.0000000E+30                 0       
 NEXT SEEDS:150D66C6       0       0       0       0       0   11A83       4       0       0
    1440000                560000                560000             2.1555750E-05         1.0000000E+30                 0       
 NEXT SEEDS:154C60D9       0       0       0       0       0   11A83       4       0       0
    1480000                520000                520000             2.1498083E-05         1.0000000E+30                 0       
 NEXT SEEDS:158C1CB3       0       0       0       0       0   11A83       4       0       0
    1520000                480000                480000             2.1425690E-05         1.0000000E+30                 0       
 NEXT SEEDS:15CA5E83       0       0       0       0       0   11A83       4       0       0
    1560000                440000                440000             2.1401875E-05         1.0000000E+30                 0       
 NEXT SEEDS:160A9D70       0       0       0       0       0   11A83       4       0       0
    1600000                400000                400000             2.1398621E-05         1.0000000E+30                 0       
 NEXT SEEDS:164A414A       0       0       0       0       0   11A83       4       0       0
    1640000                360000                360000             2.1376017E-05         1.0000000E+30                 0       
 NEXT SEEDS:1689D8C7       0       0       0       0       0   11A83       4       0       0
    1680000                320000                320000             2.1334851E-05         1.0000000E+30                 0       
 NEXT SEEDS:16C97898       0       0       0       0       0   11A83       4       0       0
    1720000                280000                280000             2.1273509E-05         1.0000000E+30                 0       
 NEXT SEEDS:17089371       0       0       0       0       0   11A83       4       0       0
    1760000                240000                240000             2.1427992E-05         1.0000000E+30                 0       
 NEXT SEEDS:1748069A       0       0       0       0       0   11A83       4       0       0
    1800000                200000                200000             2.1544502E-05         1.0000000E+30                 0       
 NEXT SEEDS:178899E6       0       0       0       0       0   11A83       4       0       0
    1840000                160000                160000             2.1555961E-05         1.0000000E+30                 0       
 NEXT SEEDS:17C6C73B       0       0       0       0       0   11A83       4       0       0
    1880000                120000                120000             2.1840829E-05         1.0000000E+30                 0       
 NEXT SEEDS:180644C0       0       0       0       0       0   11A83       4       0       0
    1920000                 80000                 80000             2.1865947E-05         1.0000000E+30                 0       
 NEXT SEEDS:18474F55       0       0       0       0       0   11A83       4       0       0
    1960000                 40000                 40000             2.1868615E-05         1.0000000E+30                 0       
 NEXT SEEDS:1887F894       0       0       0       0       0   11A83       4       0       0
    1999950                    50                    50             2.1848726E-05         1.0000000E+30                 0       
 NEXT SEEDS:18C75636       0       0       0       0       0   11A83       4       0       0
    1999951                    49                    49             2.1848715E-05         1.0000000E+30                 0       
 NEXT SEEDS:18C7563D       0       0       0       0       0   11A83       4       0       0
    1999952                    48                    48             2.1848704E-05         1.0000000E+30                 0       
 NEXT SEEDS:18C75661       0       0       0       0       0   11A83       4       0       0
    1999953                    47                    47             2.1848693E-05         1.0000000E+30                 0       
 NEXT SEEDS:18C75697       0       0       0       0       0   11A83       4       0       0
    1999954                    46                    46             2.1848682E-05         1.0000000E+30                 0       
 NEXT SEEDS:18C756F9       0       0       0       0       0   11A83       4       0       0
    1999955                    45                    45             2.1848671E-05         1.0000000E+30                 0       
 NEXT SEEDS:18C75735       0       0       0       0       0   11A83       4       0       0
    1999956                    44                    44             2.1848660E-05         1.0000000E+30                 0       
 NEXT SEEDS:18C75741       0       0       0       0       0   11A83       4       0       0
    1999957                    43                    43             2.1848649E-05         1.0000000E+30                 0       
 NEXT SEEDS:18C75787       0       0       0       0       0   11A83       4       0       0
    1999958                    42                    42             2.1848638E-05         1.0000000E+30                 0       
 NEXT SEEDS:18C75793       0       0       0       0       0   11A83       4       0       0
    1999959                    41                    41             2.1848627E-05         1.0000000E+30                 0       
 NEXT SEEDS:18C7580D       0       0       0       0       0   11A83       4       0       0
    1999960                    40                    40             2.1849116E-05         1.0000000E+30                 0       
 NEXT SEEDS:18C758C1       0       0       0       0       0   11A83       4       0       0
    1999961                    39                    39             2.1849605E-05         1.0000000E+30                 0       
 NEXT SEEDS:18C758CD       0       0       0       0       0   11A83       4       0       0
    1999962                    38                    38             2.1849594E-05         1.0000000E+30                 0       
 NEXT SEEDS:18C75923       0       0       0       0       0   11A83       4       0       0
    1999963                    37                    37             2.1849583E-05         1.0000000E+30                 0       
 NEXT SEEDS:18C7594F       0       0       0       0       0   11A83       4       0       0
    1999964                    36                    36             2.1849572E-05         1.0000000E+30                 0       
 NEXT SEEDS:18C75965       0       0       0       0       0   11A83       4       0       0
    1999965                    35                    35             2.1849561E-05         1.0000000E+30                 0       
 NEXT SEEDS:18C75971       0       0       0       0       0   11A83       4       0       0
    1999966                    34                    34             2.1849550E-05         1.0000000E+30                 0       
 NEXT SEEDS:18C75978       0       0       0       0       0   11A83       4       0       0
    1999967                    33                    33             2.1849539E-05         1.0000000E+30                 0       
 NEXT SEEDS:18C75A15       0       0       0       0       0   11A83       4       0       0
    1999968                    32                    32             2.1849528E-05         1.0000000E+30                 0       
 NEXT SEEDS:18C75A78       0       0       0       0       0   11A83       4       0       0
    1999969                    31                    31             2.1849517E-05         1.0000000E+30                 0       
 NEXT SEEDS:18C75AF7       0       0       0       0       0   11A83       4       0       0
    1999970                    30                    30             2.1849507E-05         1.0000000E+30                 0       
 NEXT SEEDS:18C75B58       0       0       0       0       0   11A83       4       0       0
    1999971                    29                    29             2.1849496E-05         1.0000000E+30                 0       
 NEXT SEEDS:18C75B6C       0       0       0       0       0   11A83       4       0       0
    1999972                    28                    28             2.1849485E-05         1.0000000E+30                 0       
 NEXT SEEDS:18C75B78       0       0       0       0       0   11A83       4       0       0
    1999973                    27                    27             2.1849474E-05         1.0000000E+30                 0       
 NEXT SEEDS:18C75B84       0       0       0       0       0   11A83       4       0       0
    1999974                    26                    26             2.1849463E-05         1.0000000E+30                 0       
 NEXT SEEDS:18C75BED       0       0       0       0       0   11A83       4       0       0
    1999975                    25                    25             2.1849452E-05         1.0000000E+30                 0       
 NEXT SEEDS:18C75BF4       0       0       0       0       0   11A83       4       0       0
    1999976                    24                    24             2.1849441E-05         1.0000000E+30                 0       
 NEXT SEEDS:18C75C18       0       0       0       0       0   11A83       4       0       0
    1999977                    23                    23             2.1849430E-05         1.0000000E+30                 0       
 NEXT SEEDS:18C75C9A       0       0       0       0       0   11A83       4       0       0
    1999978                    22                    22             2.1849419E-05         1.0000000E+30                 0       
 NEXT SEEDS:18C75D25       0       0       0       0       0   11A83       4       0       0
    1999979                    21                    21             2.1849408E-05         1.0000000E+30                 0       
 NEXT SEEDS:18C75D39       0       0       0       0       0   11A83       4       0       0
    1999980                    20                    20             2.1849397E-05         1.0000000E+30                 0       
 NEXT SEEDS:18C75DB9       0       0       0       0       0   11A83       4       0       0
    1999981                    19                    19             2.1849386E-05         1.0000000E+30                 0       
 NEXT SEEDS:18C75E14       0       0       0       0       0   11A83       4       0       0
    1999982                    18                    18             2.1849375E-05         1.0000000E+30                 0       
 NEXT SEEDS:18C75F81       0       0       0       0       0   11A83       4       0       0
    1999983                    17                    17             2.1849365E-05         1.0000000E+30                 0       
 NEXT SEEDS:18C75F95       0       0       0       0       0   11A83       4       0       0
    1999984                    16                    16             2.1849354E-05         1.0000000E+30                 0       
 NEXT SEEDS:18C75FA1       0       0       0       0       0   11A83       4       0       0
    1999985                    15                    15             2.1849343E-05         1.0000000E+30                 0       
 NEXT SEEDS:18C75FA8       0       0       0       0       0   11A83       4       0       0
    1999986                    14                    14             2.1849332E-05         1.0000000E+30                 0       
 NEXT SEEDS:18C75FEF       0       0       0       0       0   11A83       4       0       0
    1999987                    13                    13             2.1849321E-05         1.0000000E+30                 0       
 NEXT SEEDS:18C75FFB       0       0       0       0       0   11A83       4       0       0
    1999988                    12                    12             2.1849310E-05         1.0000000E+30                 0       
 NEXT SEEDS:18C7604E       0       0       0       0       0   11A83       4       0       0
    1999989                    11                    11             2.1849299E-05         1.0000000E+30                 0       
 NEXT SEEDS:18C7607A       0       0       0       0       0   11A83       4       0       0
    1999990                    10                    10             2.1849288E-05         1.0000000E+30                 0       
 NEXT SEEDS:18C7608E       0       0       0       0       0   11A83       4       0       0
    1999991                     9                     9             2.1849277E-05         1.0000000E+30                 0       
 NEXT SEEDS:18C760A2       0       0       0       0       0   11A83       4       0       0
    1999992                     8                     8             2.1850266E-05         1.0000000E+30                 0       
 NEXT SEEDS:18C760B9       0       0       0       0       0   11A83       4       0       0
    1999993                     7                     7             2.1850255E-05         1.0000000E+30                 0       
 NEXT SEEDS:18C760C0       0       0       0       0       0   11A83       4       0       0
    1999994                     6                     6             2.1850244E-05         1.0000000E+30                 0       
 NEXT SEEDS:18C76122       0       0       0       0       0   11A83       4       0       0
    1999995                     5                     5             2.1850233E-05         1.0000000E+30                 0       
 NEXT SEEDS:18C76174       0       0       0       0       0   11A83       4       0       0
    1999996                     4                     4             2.1850222E-05         1.0000000E+30                 0       
 NEXT SEEDS:18C761CC       0       0       0       0       0   11A83       4       0       0
    1999997                     3                     3             2.1850211E-05         1.0000000E+30                 0       
 NEXT SEEDS:18C761E0       0       0       0       0       0   11A83       4       0       0
    1999998                     2                     2             2.1850200E-05         1.0000000E+30                 0       
 NEXT SEEDS:18C761F4       0       0       0       0       0   11A83       4       0       0
    1999999                     1                     1             2.1850189E-05         1.0000000E+30                 0       
 NEXT SEEDS:18C76200       0       0       0       0       0   11A83       4       0       0
    2000000                     0                     1             2.1850178E-05         1.0000000E+30                 0       
 NEXT SEEDS:18C7620C       0       0       0       0       0   11A83       4       0       0
