1NUMBER OF BEAM       NUMBER OF BEAM        APPROXIMATE NUMBER    AVERAGE TIME USED     TIME LEFT (RESERVED   NUMBER OF STARS
 PARTICLES HANDLED    PARTICLES LEFT        OF BEAM PARTICLES     BY A BEAM PARTICLE     10000.0 SECONDS      CREATED
                                            THAT CAN STILL BE                           FOR PRINTOUT)
                                            HANDLED

 NEXT SEEDS:246A63E3       0       0       0       0       0   11A83       4       0       0
          1               1999999               1999999             0.0000000E+00         1.0000000E+30                 0       
 NEXT SEEDS:246A63F7       0       0       0       0       0   11A83       4       0       0
      40000               1960000               1960000             2.5246143E-05         1.0000000E+30                 0       
 NEXT SEEDS:24A88F8E       0       0       0       0       0   11A83       4       0       0
      80000               1920000               1920000             2.2259110E-05         1.0000000E+30                 0       
 NEXT SEEDS:24E7386B       0       0       0       0       0   11A83       4       0       0
     120000               1880000               1880000             2.1271765E-05         1.0000000E+30                 0       
 NEXT SEEDS:252630B7       0       0       0       0       0   11A83       4       0       0
     160000               1840000               1840000             2.1496728E-05         1.0000000E+30                 0       
 NEXT SEEDS:25647D07       0       0       0       0       0   11A83       4       0       0
     200000               1800000               1800000             2.1066797E-05         1.0000000E+30                 0       
 NEXT SEEDS:25A2351A       0       0       0       0       0   11A83       4       0       0
     240000               1760000               1760000             2.0938482E-05         1.0000000E+30                 0       
 NEXT SEEDS:25DF6CDF       0       0       0       0       0   11A83       4       0       0
     280000               1720000               1720000             2.0643290E-05         1.0000000E+30                 0       
 NEXT SEEDS:261D6794       0       0       0       0       0   11A83       4       0       0
     320000               1680000               1680000             2.0450015E-05         1.0000000E+30                 0       
 NEXT SEEDS:265BEB35       0       0       0       0       0   11A83       4       0       0
     360000               1640000               1640000             2.1052357E-05         1.0000000E+30                 0       
 NEXT SEEDS:269B05E9       0       0       0       0       0   11A83       4       0       0
     400000               1600000               1600000             2.2566568E-05         1.0000000E+30                 0       
 NEXT SEEDS:26D8B833       0       0       0       0       0   11A83       4       0       0
     440000               1560000               1560000             2.2294336E-05         1.0000000E+30                 0       
 NEXT SEEDS:2718034F       0       0       0       0       0   11A83       4       0       0
  *** Eveneu: no downsc. group selected, cusngl, rsngl, igpr ***  0.99999994
  0.99999994 244
     480000               1520000               1520000             2.2475750E-05         1.0000000E+30                 0       
 NEXT SEEDS:27561C69       0       0       0       0       0   11A83       4       0       0
     520000               1480000               1480000             2.3329145E-05         1.0000000E+30                 0       
 NEXT SEEDS:2794A536       0       0       0       0       0   11A83       4       0       0
     560000               1440000               1440000             2.3276817E-05         1.0000000E+30                 0       
 NEXT SEEDS:27D28957       0       0       0       0       0   11A83       4       0       0
     600000               1400000               1400000             2.3066493E-05         1.0000000E+30                 0       
 NEXT SEEDS:28110821       0       0       0       0       0   11A83       4       0       0
     640000               1360000               1360000             2.2955883E-05         1.0000000E+30                 0       
 NEXT SEEDS:284F430C       0       0       0       0       0   11A83       4       0       0
     680000               1320000               1320000             2.2881814E-05         1.0000000E+30                 0       
 NEXT SEEDS:288DBCD7       0       0       0       0       0   11A83       4       0       0
     720000               1280000               1280000             2.2681274E-05         1.0000000E+30                 0       
 NEXT SEEDS:28CB8C04       0       0       0       0       0   11A83       4       0       0
     760000               1240000               1240000             2.2549203E-05         1.0000000E+30                 0       
 NEXT SEEDS:290A179A       0       0       0       0       0   11A83       4       0       0
     800000               1200000               1200000             2.2371598E-05         1.0000000E+30                 0       
 NEXT SEEDS:2948E635       0       0       0       0       0   11A83       4       0       0
     840000               1160000               1160000             2.2215671E-05         1.0000000E+30                 0       
 NEXT SEEDS:2987763A       0       0       0       0       0   11A83       4       0       0
     880000               1120000               1120000             2.2058011E-05         1.0000000E+30                 0       
 NEXT SEEDS:29C577A2       0       0       0       0       0   11A83       4       0       0
     920000               1080000               1080000             2.1916232E-05         1.0000000E+30                 0       
 NEXT SEEDS:2A03B843       0       0       0       0       0   11A83       4       0       0
     960000               1040000               1040000             2.2204958E-05         1.0000000E+30                 0       
 NEXT SEEDS:2A41A909       0       0       0       0       0   11A83       4       0       0
    1000000               1000000               1000000             2.2432589E-05         1.0000000E+30                 0       
 NEXT SEEDS:2A7F8DC9       0       0       0       0       0   11A83       4       0       0
    1040000                960000                960000             2.2311031E-05         1.0000000E+30                 0       
 NEXT SEEDS:2ABD8F31       0       0       0       0       0   11A83       4       0       0
    1080000                920000                920000             2.2282723E-05         1.0000000E+30                 0       
 NEXT SEEDS:2AFB9597       0       0       0       0       0   11A83       4       0       0
    1120000                880000                880000             2.2753684E-05         1.0000000E+30                 0       
 NEXT SEEDS:2B39D64D       0       0       0       0       0   11A83       4       0       0
    1160000                840000                840000             2.2672415E-05         1.0000000E+30                 0       
 NEXT SEEDS:2B785640       0       0       0       0       0   11A83       4       0       0
    1200000                800000                800000             2.2604897E-05         1.0000000E+30                 0       
 NEXT SEEDS:2BB6634B       0       0       0       0       0   11A83       4       0       0
    1240000                760000                760000             2.2498999E-05         1.0000000E+30                 0       
 NEXT SEEDS:2BF4897B       0       0       0       0       0   11A83       4       0       0
    1280000                720000                720000             2.2489548E-05         1.0000000E+30                 0       
 NEXT SEEDS:2C330AC3       0       0       0       0       0   11A83       4       0       0
    1320000                680000                680000             2.2409471E-05         1.0000000E+30                 0       
 NEXT SEEDS:2C7126F0       0       0       0       0       0   11A83       4       0       0
    1360000                640000                640000             2.2337044E-05         1.0000000E+30                 0       
 NEXT SEEDS:2CAEBBC7       0       0       0       0       0   11A83       4       0       0
    1400000                600000                600000             2.2240903E-05         1.0000000E+30                 0       
 NEXT SEEDS:2CED19A7       0       0       0       0       0   11A83       4       0       0
    1440000                560000                560000             2.2443115E-05         1.0000000E+30                 0       
 NEXT SEEDS:2D2B2C5C       0       0       0       0       0   11A83       4       0       0
    1480000                520000                520000             2.2631694E-05         1.0000000E+30                 0       
 NEXT SEEDS:2D691294       0       0       0       0       0   11A83       4       0       0
    1520000                480000                480000             2.2528154E-05         1.0000000E+30                 0       
 NEXT SEEDS:2DA67F91       0       0       0       0       0   11A83       4       0       0
    1560000                440000                440000             2.2442102E-05         1.0000000E+30                 0       
 NEXT SEEDS:2DE519FC       0       0       0       0       0   11A83       4       0       0
    1600000                400000                400000             2.2402220E-05         1.0000000E+30                 0       
 NEXT SEEDS:2E2279F1       0       0       0       0       0   11A83       4       0       0
    1640000                360000                360000             2.2358795E-05         1.0000000E+30                 0       
 NEXT SEEDS:2E60FD26       0       0       0       0       0   11A83       4       0       0
    1680000                320000                320000             2.2324583E-05         1.0000000E+30                 0       
 NEXT SEEDS:2E9F87AD       0       0       0       0       0   11A83       4       0       0
    1720000                280000                280000             2.2271032E-05         1.0000000E+30                 0       
 NEXT SEEDS:2EDDB303       0       0       0       0       0   11A83       4       0       0
    1760000                240000                240000             2.2542596E-05         1.0000000E+30                 0       
 NEXT SEEDS:2F1C04E0       0       0       0       0       0   11A83       4       0       0
    1800000                200000                200000             2.2463807E-05         1.0000000E+30                 0       
 NEXT SEEDS:2F5A60D3       0       0       0       0       0   11A83       4       0       0
    1840000                160000                160000             2.2391160E-05         1.0000000E+30                 0       
 NEXT SEEDS:2F987E98       0       0       0       0       0   11A83       4       0       0
    1880000                120000                120000             2.2710376E-05         1.0000000E+30                 0       
 NEXT SEEDS:2FD7F41F       0       0       0       0       0   11A83       4       0       0
    1920000                 80000                 80000             2.2705923E-05         1.0000000E+30                 0       
 NEXT SEEDS:3015F3CD       0       0       0       0       0   11A83       4       0       0
    1960000                 40000                 40000             2.2649617E-05         1.0000000E+30                 0       
 NEXT SEEDS:3054B1CF       0       0       0       0       0   11A83       4       0       0
    1999950                    50                    50             2.2729113E-05         1.0000000E+30                 0       
 NEXT SEEDS:30935180       0       0       0       0       0   11A83       4       0       0
    1999951                    49                    49             2.2729101E-05         1.0000000E+30                 0       
 NEXT SEEDS:30935295       0       0       0       0       0   11A83       4       0       0
    1999952                    48                    48             2.2729090E-05         1.0000000E+30                 0       
 NEXT SEEDS:309352C5       0       0       0       0       0   11A83       4       0       0
    1999953                    47                    47             2.2729578E-05         1.0000000E+30                 0       
 NEXT SEEDS:309352D5       0       0       0       0       0   11A83       4       0       0
    1999954                    46                    46             2.2729567E-05         1.0000000E+30                 0       
 NEXT SEEDS:309352DC       0       0       0       0       0   11A83       4       0       0
    1999955                    45                    45             2.2729556E-05         1.0000000E+30                 0       
 NEXT SEEDS:3093539D       0       0       0       0       0   11A83       4       0       0
    1999956                    44                    44             2.2729544E-05         1.0000000E+30                 0       
 NEXT SEEDS:30935421       0       0       0       0       0   11A83       4       0       0
    1999957                    43                    43             2.2729533E-05         1.0000000E+30                 0       
 NEXT SEEDS:3093544D       0       0       0       0       0   11A83       4       0       0
    1999958                    42                    42             2.2730021E-05         1.0000000E+30                 0       
 NEXT SEEDS:30935A55       0       0       0       0       0   11A83       4       0       0
    1999959                    41                    41             2.2730010E-05         1.0000000E+30                 0       
 NEXT SEEDS:30935AE5       0       0       0       0       0   11A83       4       0       0
    1999960                    40                    40             2.2729999E-05         1.0000000E+30                 0       
 NEXT SEEDS:30935AF9       0       0       0       0       0   11A83       4       0       0
    1999961                    39                    39             2.2729987E-05         1.0000000E+30                 0       
 NEXT SEEDS:30935B00       0       0       0       0       0   11A83       4       0       0
    1999962                    38                    38             2.2729976E-05         1.0000000E+30                 0       
 NEXT SEEDS:30935B16       0       0       0       0       0   11A83       4       0       0
    1999963                    37                    37             2.2729964E-05         1.0000000E+30                 0       
 NEXT SEEDS:30935B6F       0       0       0       0       0   11A83       4       0       0
    1999964                    36                    36             2.2729953E-05         1.0000000E+30                 0       
 NEXT SEEDS:30935B7B       0       0       0       0       0   11A83       4       0       0
    1999965                    35                    35             2.2729942E-05         1.0000000E+30                 0       
 NEXT SEEDS:30935BA6       0       0       0       0       0   11A83       4       0       0
    1999966                    34                    34             2.2729930E-05         1.0000000E+30                 0       
 NEXT SEEDS:30935BCF       0       0       0       0       0   11A83       4       0       0
    1999967                    33                    33             2.2729919E-05         1.0000000E+30                 0       
 NEXT SEEDS:30935E41       0       0       0       0       0   11A83       4       0       0
    1999968                    32                    32             2.2729908E-05         1.0000000E+30                 0       
 NEXT SEEDS:30935E77       0       0       0       0       0   11A83       4       0       0
    1999969                    31                    31             2.2729896E-05         1.0000000E+30                 0       
 NEXT SEEDS:30935F19       0       0       0       0       0   11A83       4       0       0
    1999970                    30                    30             2.2729885E-05         1.0000000E+30                 0       
 NEXT SEEDS:30935F2D       0       0       0       0       0   11A83       4       0       0
    1999971                    29                    29             2.2729874E-05         1.0000000E+30                 0       
 NEXT SEEDS:30935F34       0       0       0       0       0   11A83       4       0       0
    1999972                    28                    28             2.2730362E-05         1.0000000E+30                 0       
 NEXT SEEDS:30935F81       0       0       0       0       0   11A83       4       0       0
    1999973                    27                    27             2.2730351E-05         1.0000000E+30                 0       
 NEXT SEEDS:30935FA3       0       0       0       0       0   11A83       4       0       0
    1999974                    26                    26             2.2730339E-05         1.0000000E+30                 0       
 NEXT SEEDS:309362DA       0       0       0       0       0   11A83       4       0       0
    1999975                    25                    25             2.2730829E-05         1.0000000E+30                 0       
 NEXT SEEDS:309362FE       0       0       0       0       0   11A83       4       0       0
    1999976                    24                    24             2.2730818E-05         1.0000000E+30                 0       
 NEXT SEEDS:3093632D       0       0       0       0       0   11A83       4       0       0
    1999977                    23                    23             2.2730807E-05         1.0000000E+30                 0       
 NEXT SEEDS:30936817       0       0       0       0       0   11A83       4       0       0
    1999978                    22                    22             2.2730795E-05         1.0000000E+30                 0       
 NEXT SEEDS:3093683E       0       0       0       0       0   11A83       4       0       0
    1999979                    21                    21             2.2730784E-05         1.0000000E+30                 0       
 NEXT SEEDS:3093684C       0       0       0       0       0   11A83       4       0       0
    1999980                    20                    20             2.2730773E-05         1.0000000E+30                 0       
 NEXT SEEDS:30936862       0       0       0       0       0   11A83       4       0       0
    1999981                    19                    19             2.2730761E-05         1.0000000E+30                 0       
 NEXT SEEDS:30936876       0       0       0       0       0   11A83       4       0       0
    1999982                    18                    18             2.2730750E-05         1.0000000E+30                 0       
 NEXT SEEDS:3093688C       0       0       0       0       0   11A83       4       0       0
    1999983                    17                    17             2.2730738E-05         1.0000000E+30                 0       
 NEXT SEEDS:30936912       0       0       0       0       0   11A83       4       0       0
    1999984                    16                    16             2.2730727E-05         1.0000000E+30                 0       
 NEXT SEEDS:3093691E       0       0       0       0       0   11A83       4       0       0
    1999985                    15                    15             2.2730716E-05         1.0000000E+30                 0       
 NEXT SEEDS:3093698B       0       0       0       0       0   11A83       4       0       0
    1999986                    14                    14             2.2730704E-05         1.0000000E+30                 0       
 NEXT SEEDS:309369D3       0       0       0       0       0   11A83       4       0       0
    1999987                    13                    13             2.2730693E-05         1.0000000E+30                 0       
 NEXT SEEDS:309369EA       0       0       0       0       0   11A83       4       0       0
    1999988                    12                    12             2.2731179E-05         1.0000000E+30                 0       
 NEXT SEEDS:30936A34       0       0       0       0       0   11A83       4       0       0
    1999989                    11                    11             2.2731670E-05         1.0000000E+30                 0       
 NEXT SEEDS:30936A52       0       0       0       0       0   11A83       4       0       0
    1999990                    10                    10             2.2731658E-05         1.0000000E+30                 0       
 NEXT SEEDS:30936A5E       0       0       0       0       0   11A83       4       0       0
    1999991                     9                     9             2.2731647E-05         1.0000000E+30                 0       
 NEXT SEEDS:30936A72       0       0       0       0       0   11A83       4       0       0
    1999992                     8                     8             2.2731636E-05         1.0000000E+30                 0       
 NEXT SEEDS:30936A81       0       0       0       0       0   11A83       4       0       0
    1999993                     7                     7             2.2731624E-05         1.0000000E+30                 0       
 NEXT SEEDS:30936A9A       0       0       0       0       0   11A83       4       0       0
    1999994                     6                     6             2.2731613E-05         1.0000000E+30                 0       
 NEXT SEEDS:30936ABE       0       0       0       0       0   11A83       4       0       0
    1999995                     5                     5             2.2731602E-05         1.0000000E+30                 0       
 NEXT SEEDS:30936B94       0       0       0       0       0   11A83       4       0       0
    1999996                     4                     4             2.2731590E-05         1.0000000E+30                 0       
 NEXT SEEDS:30936CA2       0       0       0       0       0   11A83       4       0       0
    1999997                     3                     3             2.2731579E-05         1.0000000E+30                 0       
 NEXT SEEDS:30936CB9       0       0       0       0       0   11A83       4       0       0
    1999998                     2                     2             2.2731567E-05         1.0000000E+30                 0       
 NEXT SEEDS:30936CED       0       0       0       0       0   11A83       4       0       0
    1999999                     1                     1             2.2731556E-05         1.0000000E+30                 0       
 NEXT SEEDS:30936D0C       0       0       0       0       0   11A83       4       0       0
    2000000                     0                     1             2.2731545E-05         1.0000000E+30                 0       
 NEXT SEEDS:30936D18       0       0       0       0       0   11A83       4       0       0
