1NUMBER OF BEAM       NUMBER OF BEAM        APPROXIMATE NUMBER    AVERAGE TIME USED     TIME LEFT (RESERVED   NUMBER OF STARS
 PARTICLES HANDLED    PARTICLES LEFT        OF BEAM PARTICLES     BY A BEAM PARTICLE     10000.0 SECONDS      CREATED
                                            THAT CAN STILL BE                           FOR PRINTOUT)
                                            HANDLED

 NEXT SEEDS: C23D214       0       0       0       0       0   11A83       4       0       0
          1               1999999               1999999             0.0000000E+00         1.0000000E+30                 0       
 NEXT SEEDS: C23D220       0       0       0       0       0   11A83       4       0       0
  *** Eveneu: no downsc. group selected, cusngl, rsngl, igpr ***  0.99999994
  0.99999994 244
      40000               1960000               1960000             3.4969676E-05         1.0000000E+30                 0       
 NEXT SEEDS: C620678       0       0       0       0       0   11A83       4       0       0
      80000               1920000               1920000             2.9470521E-05         1.0000000E+30                 0       
 NEXT SEEDS: CA062CB       0       0       0       0       0   11A83       4       0       0
     120000               1880000               1880000             2.7370838E-05         1.0000000E+30                 0       
 NEXT SEEDS: CDF5BE7       0       0       0       0       0   11A83       4       0       0
     160000               1840000               1840000             2.6358494E-05         1.0000000E+30                 0       
 NEXT SEEDS: D1D5362       0       0       0       0       0   11A83       4       0       0
     200000               1800000               1800000             2.6101029E-05         1.0000000E+30                 0       
 NEXT SEEDS: D5B266F       0       0       0       0       0   11A83       4       0       0
     240000               1760000               1760000             2.7641632E-05         1.0000000E+30                 0       
 NEXT SEEDS: D98F673       0       0       0       0       0   11A83       4       0       0
     280000               1720000               1720000             2.6553108E-05         1.0000000E+30                 0       
 NEXT SEEDS: DD842C7       0       0       0       0       0   11A83       4       0       0
     320000               1680000               1680000             2.5658600E-05         1.0000000E+30                 0       
 NEXT SEEDS: E15A862       0       0       0       0       0   11A83       4       0       0
     360000               1640000               1640000             2.4948985E-05         1.0000000E+30                 0       
 NEXT SEEDS: E539CDD       0       0       0       0       0   11A83       4       0       0
     400000               1600000               1600000             2.5043694E-05         1.0000000E+30                 0       
 NEXT SEEDS: E916D36       0       0       0       0       0   11A83       4       0       0
     440000               1560000               1560000             2.6034677E-05         1.0000000E+30                 0       
 NEXT SEEDS: ECEE93D       0       0       0       0       0   11A83       4       0       0
     480000               1520000               1520000             2.5483625E-05         1.0000000E+30                 0       
 NEXT SEEDS: F0C4CC3       0       0       0       0       0   11A83       4       0       0
     520000               1480000               1480000             2.6253701E-05         1.0000000E+30                 0       
 NEXT SEEDS: F4BA0C8       0       0       0       0       0   11A83       4       0       0
     560000               1440000               1440000             2.6090677E-05         1.0000000E+30                 0       
 NEXT SEEDS: F897BE2       0       0       0       0       0   11A83       4       0       0
     600000               1400000               1400000             2.5872734E-05         1.0000000E+30                 0       
 NEXT SEEDS: FC80A5F       0       0       0       0       0   11A83       4       0       0
     640000               1360000               1360000             2.5497685E-05         1.0000000E+30                 0       
 NEXT SEEDS:10068902       0       0       0       0       0   11A83       4       0       0
     680000               1320000               1320000             2.5368203E-05         1.0000000E+30                 0       
 NEXT SEEDS:1044CB53       0       0       0       0       0   11A83       4       0       0
     720000               1280000               1280000             2.5028139E-05         1.0000000E+30                 0       
 NEXT SEEDS:10827251       0       0       0       0       0   11A83       4       0       0
     760000               1240000               1240000             2.4788338E-05         1.0000000E+30                 0       
 NEXT SEEDS:10C0E491       0       0       0       0       0   11A83       4       0       0
     800000               1200000               1200000             2.4502526E-05         1.0000000E+30                 0       
 NEXT SEEDS:10FED153       0       0       0       0       0   11A83       4       0       0
     840000               1160000               1160000             2.4236791E-05         1.0000000E+30                 0       
 NEXT SEEDS:113D41B2       0       0       0       0       0   11A83       4       0       0
     880000               1120000               1120000             2.4002032E-05         1.0000000E+30                 0       
 NEXT SEEDS:117B102C       0       0       0       0       0   11A83       4       0       0
     920000               1080000               1080000             2.3774647E-05         1.0000000E+30                 0       
 NEXT SEEDS:11B8594E       0       0       0       0       0   11A83       4       0       0
     960000               1040000               1040000             2.3570375E-05         1.0000000E+30                 0       
 NEXT SEEDS:11F68148       0       0       0       0       0   11A83       4       0       0
    1000000               1000000               1000000             2.3374447E-05         1.0000000E+30                 0       
 NEXT SEEDS:12336561       0       0       0       0       0   11A83       4       0       0
    1040000                960000                960000             2.3209932E-05         1.0000000E+30                 0       
 NEXT SEEDS:1271A41E       0       0       0       0       0   11A83       4       0       0
    1080000                920000                920000             2.3052977E-05         1.0000000E+30                 0       
 NEXT SEEDS:12B07340       0       0       0       0       0   11A83       4       0       0
    1120000                880000                880000             2.2921515E-05         1.0000000E+30                 0       
 NEXT SEEDS:12EF3283       0       0       0       0       0   11A83       4       0       0
    1160000                840000                840000             2.2795673E-05         1.0000000E+30                 0       
 NEXT SEEDS:132E1D6C       0       0       0       0       0   11A83       4       0       0
    1200000                800000                800000             2.2681553E-05         1.0000000E+30                 0       
 NEXT SEEDS:136D4EFC       0       0       0       0       0   11A83       4       0       0
    1240000                760000                760000             2.2570763E-05         1.0000000E+30                 0       
 NEXT SEEDS:13AC09EA       0       0       0       0       0   11A83       4       0       0
    1280000                720000                720000             2.2459086E-05         1.0000000E+30                 0       
 NEXT SEEDS:13EA441C       0       0       0       0       0   11A83       4       0       0
    1320000                680000                680000             2.2354177E-05         1.0000000E+30                 0       
 NEXT SEEDS:14280BCF       0       0       0       0       0   11A83       4       0       0
    1360000                640000                640000             2.2261321E-05         1.0000000E+30                 0       
 NEXT SEEDS:1465C800       0       0       0       0       0   11A83       4       0       0
    1400000                600000                600000             2.2166630E-05         1.0000000E+30                 0       
 NEXT SEEDS:14A49667       0       0       0       0       0   11A83       4       0       0
    1440000                560000                560000             2.2082060E-05         1.0000000E+30                 0       
 NEXT SEEDS:14E262E9       0       0       0       0       0   11A83       4       0       0
    1480000                520000                520000             2.1993953E-05         1.0000000E+30                 0       
 NEXT SEEDS:1520F69D       0       0       0       0       0   11A83       4       0       0
    1520000                480000                480000             2.1912458E-05         1.0000000E+30                 0       
 NEXT SEEDS:155EAE19       0       0       0       0       0   11A83       4       0       0
    1560000                440000                440000             2.1831937E-05         1.0000000E+30                 0       
 NEXT SEEDS:159C77D7       0       0       0       0       0   11A83       4       0       0
    1600000                400000                400000             2.2176630E-05         1.0000000E+30                 0       
 NEXT SEEDS:15DAAC4A       0       0       0       0       0   11A83       4       0       0
    1640000                360000                360000             2.2212477E-05         1.0000000E+30                 0       
 NEXT SEEDS:16189B24       0       0       0       0       0   11A83       4       0       0
    1680000                320000                320000             2.2140087E-05         1.0000000E+30                 0       
 NEXT SEEDS:1656B624       0       0       0       0       0   11A83       4       0       0
    1720000                280000                280000             2.2067575E-05         1.0000000E+30                 0       
 NEXT SEEDS:1694AA72       0       0       0       0       0   11A83       4       0       0
    1760000                240000                240000             2.2077893E-05         1.0000000E+30                 0       
 NEXT SEEDS:16D2A7C4       0       0       0       0       0   11A83       4       0       0
    1800000                200000                200000             2.2017764E-05         1.0000000E+30                 0       
 NEXT SEEDS:17113F51       0       0       0       0       0   11A83       4       0       0
    1840000                160000                160000             2.1992309E-05         1.0000000E+30                 0       
 NEXT SEEDS:175044DB       0       0       0       0       0   11A83       4       0       0
    1880000                120000                120000             2.1933900E-05         1.0000000E+30                 0       
 NEXT SEEDS:178F648B       0       0       0       0       0   11A83       4       0       0
    1920000                 80000                 80000             2.1929998E-05         1.0000000E+30                 0       
 NEXT SEEDS:17CD8134       0       0       0       0       0   11A83       4       0       0
    1960000                 40000                 40000             2.2136941E-05         1.0000000E+30                 0       
 NEXT SEEDS:180BEF40       0       0       0       0       0   11A83       4       0       0
    1999950                    50                    50             2.2080195E-05         1.0000000E+30                 0       
 NEXT SEEDS:184A2829       0       0       0       0       0   11A83       4       0       0
    1999951                    49                    49             2.2080183E-05         1.0000000E+30                 0       
 NEXT SEEDS:184A28D9       0       0       0       0       0   11A83       4       0       0
    1999952                    48                    48             2.2080172E-05         1.0000000E+30                 0       
 NEXT SEEDS:184A2977       0       0       0       0       0   11A83       4       0       0
    1999953                    47                    47             2.2080161E-05         1.0000000E+30                 0       
 NEXT SEEDS:184A2A2E       0       0       0       0       0   11A83       4       0       0
    1999954                    46                    46             2.2080150E-05         1.0000000E+30                 0       
 NEXT SEEDS:184A2A66       0       0       0       0       0   11A83       4       0       0
    1999955                    45                    45             2.2080139E-05         1.0000000E+30                 0       
 NEXT SEEDS:184A2AC5       0       0       0       0       0   11A83       4       0       0
    1999956                    44                    44             2.2080630E-05         1.0000000E+30                 0       
 NEXT SEEDS:184A2AE9       0       0       0       0       0   11A83       4       0       0
    1999957                    43                    43             2.2080619E-05         1.0000000E+30                 0       
 NEXT SEEDS:184A2B1A       0       0       0       0       0   11A83       4       0       0
    1999958                    42                    42             2.2080608E-05         1.0000000E+30                 0       
 NEXT SEEDS:184A2B62       0       0       0       0       0   11A83       4       0       0
    1999959                    41                    41             2.2081097E-05         1.0000000E+30                 0       
 NEXT SEEDS:184A2BF5       0       0       0       0       0   11A83       4       0       0
    1999960                    40                    40             2.2081086E-05         1.0000000E+30                 0       
 NEXT SEEDS:184A2C04       0       0       0       0       0   11A83       4       0       0
    1999961                    39                    39             2.2081074E-05         1.0000000E+30                 0       
 NEXT SEEDS:184A35C2       0       0       0       0       0   11A83       4       0       0
    1999962                    38                    38             2.2081563E-05         1.0000000E+30                 0       
 NEXT SEEDS:184A35E9       0       0       0       0       0   11A83       4       0       0
    1999963                    37                    37             2.2081552E-05         1.0000000E+30                 0       
 NEXT SEEDS:184A35F5       0       0       0       0       0   11A83       4       0       0
    1999964                    36                    36             2.2081541E-05         1.0000000E+30                 0       
 NEXT SEEDS:184A3606       0       0       0       0       0   11A83       4       0       0
    1999965                    35                    35             2.2081530E-05         1.0000000E+30                 0       
 NEXT SEEDS:184A3631       0       0       0       0       0   11A83       4       0       0
    1999966                    34                    34             2.2081519E-05         1.0000000E+30                 0       
 NEXT SEEDS:184A3640       0       0       0       0       0   11A83       4       0       0
    1999967                    33                    33             2.2082008E-05         1.0000000E+30                 0       
 NEXT SEEDS:184A3907       0       0       0       0       0   11A83       4       0       0
    1999968                    32                    32             2.2081997E-05         1.0000000E+30                 0       
 NEXT SEEDS:184A391B       0       0       0       0       0   11A83       4       0       0
    1999969                    31                    31             2.2081986E-05         1.0000000E+30                 0       
 NEXT SEEDS:184A393A       0       0       0       0       0   11A83       4       0       0
    1999970                    30                    30             2.2081975E-05         1.0000000E+30                 0       
 NEXT SEEDS:184A3948       0       0       0       0       0   11A83       4       0       0
    1999971                    29                    29             2.2082463E-05         1.0000000E+30                 0       
 NEXT SEEDS:184A39A7       0       0       0       0       0   11A83       4       0       0
    1999972                    28                    28             2.2082452E-05         1.0000000E+30                 0       
 NEXT SEEDS:184A3A36       0       0       0       0       0   11A83       4       0       0
    1999973                    27                    27             2.2082441E-05         1.0000000E+30                 0       
 NEXT SEEDS:184A3A52       0       0       0       0       0   11A83       4       0       0
    1999974                    26                    26             2.2082430E-05         1.0000000E+30                 0       
 NEXT SEEDS:184A3AC3       0       0       0       0       0   11A83       4       0       0
    1999975                    25                    25             2.2082419E-05         1.0000000E+30                 0       
 NEXT SEEDS:184A3ACF       0       0       0       0       0   11A83       4       0       0
    1999976                    24                    24             2.2082408E-05         1.0000000E+30                 0       
 NEXT SEEDS:184A3B16       0       0       0       0       0   11A83       4       0       0
    1999977                    23                    23             2.2082397E-05         1.0000000E+30                 0       
 NEXT SEEDS:184A3B74       0       0       0       0       0   11A83       4       0       0
    1999978                    22                    22             2.2082386E-05         1.0000000E+30                 0       
 NEXT SEEDS:184A3B90       0       0       0       0       0   11A83       4       0       0
    1999979                    21                    21             2.2082375E-05         1.0000000E+30                 0       
 NEXT SEEDS:184A3BA4       0       0       0       0       0   11A83       4       0       0
    1999980                    20                    20             2.2082364E-05         1.0000000E+30                 0       
 NEXT SEEDS:184A3C02       0       0       0       0       0   11A83       4       0       0
    1999981                    19                    19             2.2082353E-05         1.0000000E+30                 0       
 NEXT SEEDS:184A3C57       0       0       0       0       0   11A83       4       0       0
    1999982                    18                    18             2.2082342E-05         1.0000000E+30                 0       
 NEXT SEEDS:184A3C90       0       0       0       0       0   11A83       4       0       0
    1999983                    17                    17             2.2082331E-05         1.0000000E+30                 0       
 NEXT SEEDS:184A3C9C       0       0       0       0       0   11A83       4       0       0
    1999984                    16                    16             2.2082320E-05         1.0000000E+30                 0       
 NEXT SEEDS:184A3CB3       0       0       0       0       0   11A83       4       0       0
    1999985                    15                    15             2.2082309E-05         1.0000000E+30                 0       
 NEXT SEEDS:184A3CBF       0       0       0       0       0   11A83       4       0       0
    1999986                    14                    14             2.2082298E-05         1.0000000E+30                 0       
 NEXT SEEDS:184A3DCE       0       0       0       0       0   11A83       4       0       0
    1999987                    13                    13             2.2082287E-05         1.0000000E+30                 0       
 NEXT SEEDS:184A3DD5       0       0       0       0       0   11A83       4       0       0
    1999988                    12                    12             2.2082276E-05         1.0000000E+30                 0       
 NEXT SEEDS:184A3DF1       0       0       0       0       0   11A83       4       0       0
    1999989                    11                    11             2.2082265E-05         1.0000000E+30                 0       
 NEXT SEEDS:184A3E19       0       0       0       0       0   11A83       4       0       0
    1999990                    10                    10             2.2082253E-05         1.0000000E+30                 0       
 NEXT SEEDS:184A3E3D       0       0       0       0       0   11A83       4       0       0
    1999991                     9                     9             2.2082242E-05         1.0000000E+30                 0       
 NEXT SEEDS:184A3E44       0       0       0       0       0   11A83       4       0       0
    1999992                     8                     8             2.2082231E-05         1.0000000E+30                 0       
 NEXT SEEDS:184A41BB       0       0       0       0       0   11A83       4       0       0
    1999993                     7                     7             2.2082220E-05         1.0000000E+30                 0       
 NEXT SEEDS:184A41E6       0       0       0       0       0   11A83       4       0       0
    1999994                     6                     6             2.2082209E-05         1.0000000E+30                 0       
 NEXT SEEDS:184A41F2       0       0       0       0       0   11A83       4       0       0
    1999995                     5                     5             2.2082198E-05         1.0000000E+30                 0       
 NEXT SEEDS:184A4206       0       0       0       0       0   11A83       4       0       0
    1999996                     4                     4             2.2082187E-05         1.0000000E+30                 0       
 NEXT SEEDS:184A424D       0       0       0       0       0   11A83       4       0       0
    1999997                     3                     3             2.2082176E-05         1.0000000E+30                 0       
 NEXT SEEDS:184A4261       0       0       0       0       0   11A83       4       0       0
    1999998                     2                     2             2.2082165E-05         1.0000000E+30                 0       
 NEXT SEEDS:184A4285       0       0       0       0       0   11A83       4       0       0
    1999999                     1                     1             2.2082154E-05         1.0000000E+30                 0       
 NEXT SEEDS:184A4291       0       0       0       0       0   11A83       4       0       0
    2000000                     0                     1             2.2082143E-05         1.0000000E+30                 0       
 NEXT SEEDS:184A435D       0       0       0       0       0   11A83       4       0       0
