1NUMBER OF BEAM       NUMBER OF BEAM        APPROXIMATE NUMBER    AVERAGE TIME USED     TIME LEFT (RESERVED   NUMBER OF STARS
 PARTICLES HANDLED    PARTICLES LEFT        OF BEAM PARTICLES     BY A BEAM PARTICLE     10000.0 SECONDS      CREATED
                                            THAT CAN STILL BE                           FOR PRINTOUT)
                                            HANDLED

 NEXT SEEDS:184A435D       0       0       0       0       0   11A83       4       0       0
          1               1999999               1999999             9.9992752E-04         1.0000000E+30                 0       
 NEXT SEEDS:184A4444       0       0       0       0       0   11A83       4       0       0
      40000               1960000               1960000             2.0171916E-05         1.0000000E+30                 0       
 NEXT SEEDS:1888A030       0       0       0       0       0   11A83       4       0       0
      80000               1920000               1920000             2.1121788E-05         1.0000000E+30                 0       
 NEXT SEEDS:18C6AAC0       0       0       0       0       0   11A83       4       0       0
     120000               1880000               1880000             2.1263433E-05         1.0000000E+30                 0       
 NEXT SEEDS:1905525E       0       0       0       0       0   11A83       4       0       0
     160000               1840000               1840000             2.1253020E-05         1.0000000E+30                 0       
 NEXT SEEDS:1942C360       0       0       0       0       0   11A83       4       0       0
     200000               1800000               1800000             2.2811527E-05         1.0000000E+30                 0       
 NEXT SEEDS:19810308       0       0       0       0       0   11A83       4       0       0
     240000               1760000               1760000             2.4500442E-05         1.0000000E+30                 0       
 NEXT SEEDS:19BEB50A       0       0       0       0       0   11A83       4       0       0
     280000               1720000               1720000             2.6242440E-05         1.0000000E+30                 0       
 NEXT SEEDS:19FC759A       0       0       0       0       0   11A83       4       0       0
     320000               1680000               1680000             2.6017919E-05         1.0000000E+30                 0       
 NEXT SEEDS:1A3B073A       0       0       0       0       0   11A83       4       0       0
     360000               1640000               1640000             2.5604439E-05         1.0000000E+30                 0       
 NEXT SEEDS:1A78C365       0       0       0       0       0   11A83       4       0       0
     400000               1600000               1600000             2.5148675E-05         1.0000000E+30                 0       
 NEXT SEEDS:1AB604B7       0       0       0       0       0   11A83       4       0       0
     440000               1560000               1560000             2.5096182E-05         1.0000000E+30                 0       
 NEXT SEEDS:1AF424A9       0       0       0       0       0   11A83       4       0       0
     480000               1520000               1520000             2.4727488E-05         1.0000000E+30                 0       
 NEXT SEEDS:1B332A0A       0       0       0       0       0   11A83       4       0       0
     520000               1480000               1480000             2.4477049E-05         1.0000000E+30                 0       
 NEXT SEEDS:1B725D79       0       0       0       0       0   11A83       4       0       0
     560000               1440000               1440000             2.4135617E-05         1.0000000E+30                 0       
 NEXT SEEDS:1BAFBF90       0       0       0       0       0   11A83       4       0       0
     600000               1400000               1400000             2.4849555E-05         1.0000000E+30                 0       
 NEXT SEEDS:1BEEB5CB       0       0       0       0       0   11A83       4       0       0
     640000               1360000               1360000             2.4857157E-05         1.0000000E+30                 0       
 NEXT SEEDS:1C2C30AC       0       0       0       0       0   11A83       4       0       0
     680000               1320000               1320000             2.4590380E-05         1.0000000E+30                 0       
 NEXT SEEDS:1C6B08E6       0       0       0       0       0   11A83       4       0       0
     720000               1280000               1280000             2.4347687E-05         1.0000000E+30                 0       
 NEXT SEEDS:1CA92C9F       0       0       0       0       0   11A83       4       0       0
     760000               1240000               1240000             2.4304199E-05         1.0000000E+30                 0       
 NEXT SEEDS:1CE7EE71       0       0       0       0       0   11A83       4       0       0
     800000               1200000               1200000             2.4127581E-05         1.0000000E+30                 0       
 NEXT SEEDS:1D266C4F       0       0       0       0       0   11A83       4       0       0
     840000               1160000               1160000             2.3998733E-05         1.0000000E+30                 0       
 NEXT SEEDS:1D64AFEB       0       0       0       0       0   11A83       4       0       0
     880000               1120000               1120000             2.3806609E-05         1.0000000E+30                 0       
 NEXT SEEDS:1DA244CB       0       0       0       0       0   11A83       4       0       0
     920000               1080000               1080000             2.4105031E-05         1.0000000E+30                 0       
 NEXT SEEDS:1DDFA811       0       0       0       0       0   11A83       4       0       0
     960000               1040000               1040000             2.4307762E-05         1.0000000E+30                 0       
 NEXT SEEDS:1E1E60EB       0       0       0       0       0   11A83       4       0       0
    1000000               1000000               1000000             2.4140329E-05         1.0000000E+30                 0       
 NEXT SEEDS:1E5C35EA       0       0       0       0       0   11A83       4       0       0
    1040000                960000                960000             2.3980007E-05         1.0000000E+30                 0       
 NEXT SEEDS:1E9ABB6E       0       0       0       0       0   11A83       4       0       0
    1080000                920000                920000             2.3935249E-05         1.0000000E+30                 0       
 NEXT SEEDS:1ED7B1B1       0       0       0       0       0   11A83       4       0       0
    1120000                880000                880000             2.3806202E-05         1.0000000E+30                 0       
 NEXT SEEDS:1F15AFFE       0       0       0       0       0   11A83       4       0       0
    1160000                840000                840000             2.3815344E-05         1.0000000E+30                 0       
 NEXT SEEDS:1F53E815       0       0       0       0       0   11A83       4       0       0
    1200000                800000                800000             2.4244647E-05         1.0000000E+30                 0       
 NEXT SEEDS:1F921A8A       0       0       0       0       0   11A83       4       0       0
    1240000                760000                760000             2.4119720E-05         1.0000000E+30                 0       
 NEXT SEEDS:1FD0AE3C       0       0       0       0       0   11A83       4       0       0
    1280000                720000                720000             2.4001040E-05         1.0000000E+30                 0       
 NEXT SEEDS:200EFCAE       0       0       0       0       0   11A83       4       0       0
    1320000                680000                680000             2.3916061E-05         1.0000000E+30                 0       
 NEXT SEEDS:204C92E3       0       0       0       0       0   11A83       4       0       0
    1360000                640000                640000             2.4050018E-05         1.0000000E+30                 0       
 NEXT SEEDS:208AAFB7       0       0       0       0       0   11A83       4       0       0
    1400000                600000                600000             2.4339157E-05         1.0000000E+30                 0       
 NEXT SEEDS:20C8C23E       0       0       0       0       0   11A83       4       0       0
    1440000                560000                560000             2.4219233E-05         1.0000000E+30                 0       
 NEXT SEEDS:21060CC4       0       0       0       0       0   11A83       4       0       0
    1480000                520000                520000             2.4105120E-05         1.0000000E+30                 0       
 NEXT SEEDS:21443C2B       0       0       0       0       0   11A83       4       0       0
    1520000                480000                480000             2.4056870E-05         1.0000000E+30                 0       
 NEXT SEEDS:21828DCC       0       0       0       0       0   11A83       4       0       0
    1560000                440000                440000             2.3987378E-05         1.0000000E+30                 0       
 NEXT SEEDS:21C02888       0       0       0       0       0   11A83       4       0       0
  *** Eveneu: no downsc. group selected, cusngl, rsngl, igpr ***  0.99999994
  1. 244
    1600000                400000                400000             2.3929487E-05         1.0000000E+30                 0       
 NEXT SEEDS:21FE40AC       0       0       0       0       0   11A83       4       0       0
    1640000                360000                360000             2.3832962E-05         1.0000000E+30                 0       
 NEXT SEEDS:223CA273       0       0       0       0       0   11A83       4       0       0
    1680000                320000                320000             2.3739843E-05         1.0000000E+30                 0       
 NEXT SEEDS:227A4186       0       0       0       0       0   11A83       4       0       0
    1720000                280000                280000             2.3641173E-05         1.0000000E+30                 0       
 NEXT SEEDS:22B756E9       0       0       0       0       0   11A83       4       0       0
    1760000                240000                240000             2.3554942E-05         1.0000000E+30                 0       
 NEXT SEEDS:22F59A62       0       0       0       0       0   11A83       4       0       0
    1800000                200000                200000             2.3474209E-05         1.0000000E+30                 0       
 NEXT SEEDS:2333222A       0       0       0       0       0   11A83       4       0       0
    1840000                160000                160000             2.3711612E-05         1.0000000E+30                 0       
 NEXT SEEDS:23710FCD       0       0       0       0       0   11A83       4       0       0
    1880000                120000                120000             2.3662893E-05         1.0000000E+30                 0       
 NEXT SEEDS:23AEE364       0       0       0       0       0   11A83       4       0       0
    1920000                 80000                 80000             2.3589121E-05         1.0000000E+30                 0       
 NEXT SEEDS:23EDAD0E       0       0       0       0       0   11A83       4       0       0
    1960000                 40000                 40000             2.3727005E-05         1.0000000E+30                 0       
 NEXT SEEDS:242B38F7       0       0       0       0       0   11A83       4       0       0
    1999950                    50                    50             2.3807975E-05         1.0000000E+30                 0       
 NEXT SEEDS:246A490D       0       0       0       0       0   11A83       4       0       0
    1999951                    49                    49             2.3807963E-05         1.0000000E+30                 0       
 NEXT SEEDS:246A4B5F       0       0       0       0       0   11A83       4       0       0
    1999952                    48                    48             2.3807951E-05         1.0000000E+30                 0       
 NEXT SEEDS:246A4B75       0       0       0       0       0   11A83       4       0       0
    1999953                    47                    47             2.3807939E-05         1.0000000E+30                 0       
 NEXT SEEDS:246A4BB3       0       0       0       0       0   11A83       4       0       0
    1999954                    46                    46             2.3807927E-05         1.0000000E+30                 0       
 NEXT SEEDS:246A4C32       0       0       0       0       0   11A83       4       0       0
    1999955                    45                    45             2.3807915E-05         1.0000000E+30                 0       
 NEXT SEEDS:246A4C49       0       0       0       0       0   11A83       4       0       0
    1999956                    44                    44             2.3807903E-05         1.0000000E+30                 0       
 NEXT SEEDS:246A4C6D       0       0       0       0       0   11A83       4       0       0
    1999957                    43                    43             2.3807892E-05         1.0000000E+30                 0       
 NEXT SEEDS:246A4C85       0       0       0       0       0   11A83       4       0       0
    1999958                    42                    42             2.3807880E-05         1.0000000E+30                 0       
 NEXT SEEDS:246A4C99       0       0       0       0       0   11A83       4       0       0
    1999959                    41                    41             2.3807868E-05         1.0000000E+30                 0       
 NEXT SEEDS:246A4CA5       0       0       0       0       0   11A83       4       0       0
    1999960                    40                    40             2.3807856E-05         1.0000000E+30                 0       
 NEXT SEEDS:246A4CB4       0       0       0       0       0   11A83       4       0       0
    1999961                    39                    39             2.3807844E-05         1.0000000E+30                 0       
 NEXT SEEDS:246A4CD2       0       0       0       0       0   11A83       4       0       0
    1999962                    38                    38             2.3807832E-05         1.0000000E+30                 0       
 NEXT SEEDS:246A4CE6       0       0       0       0       0   11A83       4       0       0
    1999963                    37                    37             2.3807820E-05         1.0000000E+30                 0       
 NEXT SEEDS:246A4CF2       0       0       0       0       0   11A83       4       0       0
    1999964                    36                    36             2.3807808E-05         1.0000000E+30                 0       
 NEXT SEEDS:246A4D38       0       0       0       0       0   11A83       4       0       0
    1999965                    35                    35             2.3807796E-05         1.0000000E+30                 0       
 NEXT SEEDS:246A4D52       0       0       0       0       0   11A83       4       0       0
    1999966                    34                    34             2.3807784E-05         1.0000000E+30                 0       
 NEXT SEEDS:246A4D6B       0       0       0       0       0   11A83       4       0       0
    1999967                    33                    33             2.3807773E-05         1.0000000E+30                 0       
 NEXT SEEDS:246A5153       0       0       0       0       0   11A83       4       0       0
    1999968                    32                    32             2.3807761E-05         1.0000000E+30                 0       
 NEXT SEEDS:246A51C9       0       0       0       0       0   11A83       4       0       0
    1999969                    31                    31             2.3807749E-05         1.0000000E+30                 0       
 NEXT SEEDS:246A520D       0       0       0       0       0   11A83       4       0       0
    1999970                    30                    30             2.3807737E-05         1.0000000E+30                 0       
 NEXT SEEDS:246A5219       0       0       0       0       0   11A83       4       0       0
    1999971                    29                    29             2.3807725E-05         1.0000000E+30                 0       
 NEXT SEEDS:246A5225       0       0       0       0       0   11A83       4       0       0
    1999972                    28                    28             2.3807713E-05         1.0000000E+30                 0       
 NEXT SEEDS:246A5239       0       0       0       0       0   11A83       4       0       0
    1999973                    27                    27             2.3807701E-05         1.0000000E+30                 0       
 NEXT SEEDS:246A524D       0       0       0       0       0   11A83       4       0       0
    1999974                    26                    26             2.3807689E-05         1.0000000E+30                 0       
 NEXT SEEDS:246A5273       0       0       0       0       0   11A83       4       0       0
    1999975                    25                    25             2.3807677E-05         1.0000000E+30                 0       
 NEXT SEEDS:246A52AB       0       0       0       0       0   11A83       4       0       0
    1999976                    24                    24             2.3807665E-05         1.0000000E+30                 0       
 NEXT SEEDS:246A5311       0       0       0       0       0   11A83       4       0       0
    1999977                    23                    23             2.3807654E-05         1.0000000E+30                 0       
 NEXT SEEDS:246A537D       0       0       0       0       0   11A83       4       0       0
    1999978                    22                    22             2.3807642E-05         1.0000000E+30                 0       
 NEXT SEEDS:246A5389       0       0       0       0       0   11A83       4       0       0
    1999979                    21                    21             2.3807630E-05         1.0000000E+30                 0       
 NEXT SEEDS:246A543B       0       0       0       0       0   11A83       4       0       0
    1999980                    20                    20             2.3807618E-05         1.0000000E+30                 0       
 NEXT SEEDS:246A562D       0       0       0       0       0   11A83       4       0       0
    1999981                    19                    19             2.3807606E-05         1.0000000E+30                 0       
 NEXT SEEDS:246A5634       0       0       0       0       0   11A83       4       0       0
    1999982                    18                    18             2.3807594E-05         1.0000000E+30                 0       
 NEXT SEEDS:246A56AB       0       0       0       0       0   11A83       4       0       0
    1999983                    17                    17             2.3808084E-05         1.0000000E+30                 0       
 NEXT SEEDS:246A56C6       0       0       0       0       0   11A83       4       0       0
    1999984                    16                    16             2.3808572E-05         1.0000000E+30                 0       
 NEXT SEEDS:246A5739       0       0       0       0       0   11A83       4       0       0
    1999985                    15                    15             2.3808560E-05         1.0000000E+30                 0       
 NEXT SEEDS:246A5B73       0       0       0       0       0   11A83       4       0       0
    1999986                    14                    14             2.3808548E-05         1.0000000E+30                 0       
 NEXT SEEDS:246A5BD0       0       0       0       0       0   11A83       4       0       0
    1999987                    13                    13             2.3808536E-05         1.0000000E+30                 0       
 NEXT SEEDS:246A5BDC       0       0       0       0       0   11A83       4       0       0
    1999988                    12                    12             2.3808524E-05         1.0000000E+30                 0       
 NEXT SEEDS:246A5BF0       0       0       0       0       0   11A83       4       0       0
    1999989                    11                    11             2.3808512E-05         1.0000000E+30                 0       
 NEXT SEEDS:246A5CEE       0       0       0       0       0   11A83       4       0       0
    1999990                    10                    10             2.3808500E-05         1.0000000E+30                 0       
 NEXT SEEDS:246A5D5D       0       0       0       0       0   11A83       4       0       0
    1999991                     9                     9             2.3808488E-05         1.0000000E+30                 0       
 NEXT SEEDS:246A5D64       0       0       0       0       0   11A83       4       0       0
    1999992                     8                     8             2.3808476E-05         1.0000000E+30                 0       
 NEXT SEEDS:246A5E36       0       0       0       0       0   11A83       4       0       0
    1999993                     7                     7             2.3808464E-05         1.0000000E+30                 0       
 NEXT SEEDS:246A5E52       0       0       0       0       0   11A83       4       0       0
    1999994                     6                     6             2.3808453E-05         1.0000000E+30                 0       
 NEXT SEEDS:246A5E6B       0       0       0       0       0   11A83       4       0       0
    1999995                     5                     5             2.3808441E-05         1.0000000E+30                 0       
 NEXT SEEDS:246A5E89       0       0       0       0       0   11A83       4       0       0
    1999996                     4                     4             2.3808429E-05         1.0000000E+30                 0       
 NEXT SEEDS:246A5E9D       0       0       0       0       0   11A83       4       0       0
    1999997                     3                     3             2.3808417E-05         1.0000000E+30                 0       
 NEXT SEEDS:246A5F0E       0       0       0       0       0   11A83       4       0       0
    1999998                     2                     2             2.3808905E-05         1.0000000E+30                 0       
 NEXT SEEDS:246A62EE       0       0       0       0       0   11A83       4       0       0
    1999999                     1                     1             2.3808893E-05         1.0000000E+30                 0       
 NEXT SEEDS:246A6324       0       0       0       0       0   11A83       4       0       0
    2000000                     0                     1             2.3809381E-05         1.0000000E+30                 0       
 NEXT SEEDS:246A63E3       0       0       0       0       0   11A83       4       0       0
