1NUMBER OF BEAM       NUMBER OF BEAM        APPROXIMATE NUMBER    AVERAGE TIME USED     TIME LEFT (RESERVED   NUMBER OF STARS
 PARTICLES HANDLED    PARTICLES LEFT        OF BEAM PARTICLES     BY A BEAM PARTICLE     10000.0 SECONDS      CREATED
                                            THAT CAN STILL BE                           FOR PRINTOUT)
                                            HANDLED

 NEXT SEEDS:       0       0       0       0       0       0   11A83       4       0       0
          1               1999999               1999999             0.0000000E+00         1.0000000E+30                 0       
 NEXT SEEDS:      82       0       0       0       0       0   11A83       4       0       0
      40000               1960000               1960000             2.2021639E-05         1.0000000E+30                 0       
 NEXT SEEDS:  3E52DB       0       0       0       0       0   11A83       4       0       0
      80000               1920000               1920000             2.0471883E-05         1.0000000E+30                 0       
 NEXT SEEDS:  7CD99A       0       0       0       0       0   11A83       4       0       0
     120000               1880000               1880000             1.9938632E-05         1.0000000E+30                 0       
 NEXT SEEDS:  BB01E2       0       0       0       0       0   11A83       4       0       0
     160000               1840000               1840000             1.9678256E-05         1.0000000E+30                 0       
 NEXT SEEDS:  F8838D       0       0       0       0       0   11A83       4       0       0
     200000               1800000               1800000             1.9492033E-05         1.0000000E+30                 0       
 NEXT SEEDS: 1359203       0       0       0       0       0   11A83       4       0       0
     240000               1760000               1760000             1.9422044E-05         1.0000000E+30                 0       
 NEXT SEEDS: 173BF1F       0       0       0       0       0   11A83       4       0       0
     280000               1720000               1720000             1.9329202E-05         1.0000000E+30                 0       
 NEXT SEEDS: 1B1F845       0       0       0       0       0   11A83       4       0       0
     320000               1680000               1680000             1.9278319E-05         1.0000000E+30                 0       
 NEXT SEEDS: 1F028F5       0       0       0       0       0   11A83       4       0       0
     360000               1640000               1640000             1.9272069E-05         1.0000000E+30                 0       
 NEXT SEEDS: 22EE931       0       0       0       0       0   11A83       4       0       0
     400000               1600000               1600000             1.9207081E-05         1.0000000E+30                 0       
 NEXT SEEDS: 26CD880       0       0       0       0       0   11A83       4       0       0
     440000               1560000               1560000             1.9210715E-05         1.0000000E+30                 0       
 NEXT SEEDS: 2ABC333       0       0       0       0       0   11A83       4       0       0
     480000               1520000               1520000             1.9186667E-05         1.0000000E+30                 0       
 NEXT SEEDS: 2EA0AEF       0       0       0       0       0   11A83       4       0       0
     520000               1480000               1480000             1.9160549E-05         1.0000000E+30                 0       
 NEXT SEEDS: 3283F2E       0       0       0       0       0   11A83       4       0       0
     560000               1440000               1440000             1.9156016E-05         1.0000000E+30                 0       
 NEXT SEEDS: 367096E       0       0       0       0       0   11A83       4       0       0
     600000               1400000               1400000             1.9150422E-05         1.0000000E+30                 0       
 NEXT SEEDS: 3A5891D       0       0       0       0       0   11A83       4       0       0
     640000               1360000               1360000             1.9143965E-05         1.0000000E+30                 0       
 NEXT SEEDS: 3E4128D       0       0       0       0       0   11A83       4       0       0
     680000               1320000               1320000             1.9111801E-05         1.0000000E+30                 0       
 NEXT SEEDS: 420AEC2       0       0       0       0       0   11A83       4       0       0
  *** Eveneu: no downsc. group selected, cusngl, rsngl, igpr ***  0.99999994
  0.99999994 244
     720000               1280000               1280000             1.9073488E-05         1.0000000E+30                 0       
 NEXT SEEDS: 45DDDC2       0       0       0       0       0   11A83       4       0       0
     760000               1240000               1240000             1.9069468E-05         1.0000000E+30                 0       
 NEXT SEEDS: 49C1435       0       0       0       0       0   11A83       4       0       0
     800000               1200000               1200000             1.9057102E-05         1.0000000E+30                 0       
 NEXT SEEDS: 4DA5D27       0       0       0       0       0   11A83       4       0       0
     840000               1160000               1160000             1.9037582E-05         1.0000000E+30                 0       
 NEXT SEEDS: 517D4E1       0       0       0       0       0   11A83       4       0       0
     880000               1120000               1120000             1.9034606E-05         1.0000000E+30                 0       
 NEXT SEEDS: 5561269       0       0       0       0       0   11A83       4       0       0
     920000               1080000               1080000             1.9030803E-05         1.0000000E+30                 0       
 NEXT SEEDS: 59449B7       0       0       0       0       0   11A83       4       0       0
     960000               1040000               1040000             1.9025232E-05         1.0000000E+30                 0       
 NEXT SEEDS: 5D1F4FB       0       0       0       0       0   11A83       4       0       0
    1000000               1000000               1000000             1.9032106E-05         1.0000000E+30                 0       
 NEXT SEEDS: 610C742       0       0       0       0       0   11A83       4       0       0
    1040000                960000                960000             1.9023070E-05         1.0000000E+30                 0       
 NEXT SEEDS: 64F50A0       0       0       0       0       0   11A83       4       0       0
    1080000                920000                920000             1.9021182E-05         1.0000000E+30                 0       
 NEXT SEEDS: 68DC804       0       0       0       0       0   11A83       4       0       0
    1120000                880000                880000             1.9027464E-05         1.0000000E+30                 0       
 NEXT SEEDS: 6CCEA7B       0       0       0       0       0   11A83       4       0       0
    1160000                840000                840000             1.9018660E-05         1.0000000E+30                 0       
 NEXT SEEDS: 70A92FA       0       0       0       0       0   11A83       4       0       0
    1200000                800000                800000             1.9013776E-05         1.0000000E+30                 0       
 NEXT SEEDS: 74895A7       0       0       0       0       0   11A83       4       0       0
    1240000                760000                760000             1.9011626E-05         1.0000000E+30                 0       
 NEXT SEEDS: 786554E       0       0       0       0       0   11A83       4       0       0
    1280000                720000                720000             1.9008048E-05         1.0000000E+30                 0       
 NEXT SEEDS: 7C4989E       0       0       0       0       0   11A83       4       0       0
    1320000                680000                680000             1.9009989E-05         1.0000000E+30                 0       
 NEXT SEEDS: 802C750       0       0       0       0       0   11A83       4       0       0
    1360000                640000                640000             1.9012550E-05         1.0000000E+30                 0       
 NEXT SEEDS: 841338E       0       0       0       0       0   11A83       4       0       0
    1400000                600000                600000             1.9008538E-05         1.0000000E+30                 0       
 NEXT SEEDS: 87F3E62       0       0       0       0       0   11A83       4       0       0
    1440000                560000                560000             1.9001971E-05         1.0000000E+30                 0       
 NEXT SEEDS: 8BCD751       0       0       0       0       0   11A83       4       0       0
    1480000                520000                520000             1.8998463E-05         1.0000000E+30                 0       
 NEXT SEEDS: 8FB1B79       0       0       0       0       0   11A83       4       0       0
    1520000                480000                480000             1.8999084E-05         1.0000000E+30                 0       
 NEXT SEEDS: 9392160       0       0       0       0       0   11A83       4       0       0
    1560000                440000                440000             1.8989421E-05         1.0000000E+30                 0       
 NEXT SEEDS: 977436D       0       0       0       0       0   11A83       4       0       0
    1600000                400000                400000             1.8984613E-05         1.0000000E+30                 0       
 NEXT SEEDS: 9B4FA9B       0       0       0       0       0   11A83       4       0       0
    1640000                360000                360000             1.8980649E-05         1.0000000E+30                 0       
 NEXT SEEDS: 9F305D3       0       0       0       0       0   11A83       4       0       0
    1680000                320000                320000             1.8982828E-05         1.0000000E+30                 0       
 NEXT SEEDS: A31DE45       0       0       0       0       0   11A83       4       0       0
    1720000                280000                280000             1.8981417E-05         1.0000000E+30                 0       
 NEXT SEEDS: A6F6446       0       0       0       0       0   11A83       4       0       0
    1760000                240000                240000             1.8979501E-05         1.0000000E+30                 0       
 NEXT SEEDS: AAD7AC0       0       0       0       0       0   11A83       4       0       0
    1800000                200000                200000             1.8976004E-05         1.0000000E+30                 0       
 NEXT SEEDS: AEB6FAE       0       0       0       0       0   11A83       4       0       0
    1840000                160000                160000             1.9086228E-05         1.0000000E+30                 0       
 NEXT SEEDS: B2A61E7       0       0       0       0       0   11A83       4       0       0
    1880000                120000                120000             1.9435874E-05         1.0000000E+30                 0       
 NEXT SEEDS: B6909AC       0       0       0       0       0   11A83       4       0       0
    1920000                 80000                 80000             1.9430899E-05         1.0000000E+30                 0       
 NEXT SEEDS: BA6F535       0       0       0       0       0   11A83       4       0       0
    1960000                 40000                 40000             1.9426638E-05         1.0000000E+30                 0       
 NEXT SEEDS: BE53D14       0       0       0       0       0   11A83       4       0       0
    1999950                    50                    50             1.9697498E-05         1.0000000E+30                 0       
 NEXT SEEDS: C23B6B9       0       0       0       0       0   11A83       4       0       0
    1999951                    49                    49             1.9697988E-05         1.0000000E+30                 0       
 NEXT SEEDS: C23B775       0       0       0       0       0   11A83       4       0       0
    1999952                    48                    48             1.9697978E-05         1.0000000E+30                 0       
 NEXT SEEDS: C23B784       0       0       0       0       0   11A83       4       0       0
    1999953                    47                    47             1.9697969E-05         1.0000000E+30                 0       
 NEXT SEEDS: C23B7F9       0       0       0       0       0   11A83       4       0       0
    1999954                    46                    46             1.9697959E-05         1.0000000E+30                 0       
 NEXT SEEDS: C23B838       0       0       0       0       0   11A83       4       0       0
    1999955                    45                    45             1.9697949E-05         1.0000000E+30                 0       
 NEXT SEEDS: C23B857       0       0       0       0       0   11A83       4       0       0
    1999956                    44                    44             1.9698439E-05         1.0000000E+30                 0       
 NEXT SEEDS: C23B87D       0       0       0       0       0   11A83       4       0       0
    1999957                    43                    43             1.9698429E-05         1.0000000E+30                 0       
 NEXT SEEDS: C23B88E       0       0       0       0       0   11A83       4       0       0
    1999958                    42                    42             1.9698419E-05         1.0000000E+30                 0       
 NEXT SEEDS: C23B8A4       0       0       0       0       0   11A83       4       0       0
    1999959                    41                    41             1.9698409E-05         1.0000000E+30                 0       
 NEXT SEEDS: C23B8DB       0       0       0       0       0   11A83       4       0       0
    1999960                    40                    40             1.9698399E-05         1.0000000E+30                 0       
 NEXT SEEDS: C23B8E7       0       0       0       0       0   11A83       4       0       0
    1999961                    39                    39             1.9698390E-05         1.0000000E+30                 0       
 NEXT SEEDS: C23B9C2       0       0       0       0       0   11A83       4       0       0
    1999962                    38                    38             1.9698879E-05         1.0000000E+30                 0       
 NEXT SEEDS: C23BC88       0       0       0       0       0   11A83       4       0       0
    1999963                    37                    37             1.9698870E-05         1.0000000E+30                 0       
 NEXT SEEDS: C23BCC8       0       0       0       0       0   11A83       4       0       0
    1999964                    36                    36             1.9698860E-05         1.0000000E+30                 0       
 NEXT SEEDS: C23BCF1       0       0       0       0       0   11A83       4       0       0
    1999965                    35                    35             1.9698850E-05         1.0000000E+30                 0       
 NEXT SEEDS: C23BD28       0       0       0       0       0   11A83       4       0       0
    1999966                    34                    34             1.9698840E-05         1.0000000E+30                 0       
 NEXT SEEDS: C23BDB5       0       0       0       0       0   11A83       4       0       0
    1999967                    33                    33             1.9698830E-05         1.0000000E+30                 0       
 NEXT SEEDS: C23BE83       0       0       0       0       0   11A83       4       0       0
    1999968                    32                    32             1.9698820E-05         1.0000000E+30                 0       
 NEXT SEEDS: C23C282       0       0       0       0       0   11A83       4       0       0
    1999969                    31                    31             1.9698810E-05         1.0000000E+30                 0       
 NEXT SEEDS: C23C2A9       0       0       0       0       0   11A83       4       0       0
    1999970                    30                    30             1.9699300E-05         1.0000000E+30                 0       
 NEXT SEEDS: C23C2DA       0       0       0       0       0   11A83       4       0       0
    1999971                    29                    29             1.9699291E-05         1.0000000E+30                 0       
 NEXT SEEDS: C23C2F9       0       0       0       0       0   11A83       4       0       0
    1999972                    28                    28             1.9699281E-05         1.0000000E+30                 0       
 NEXT SEEDS: C23C30D       0       0       0       0       0   11A83       4       0       0
    1999973                    27                    27             1.9699271E-05         1.0000000E+30                 0       
 NEXT SEEDS: C23C425       0       0       0       0       0   11A83       4       0       0
    1999974                    26                    26             1.9699261E-05         1.0000000E+30                 0       
 NEXT SEEDS: C23C467       0       0       0       0       0   11A83       4       0       0
    1999975                    25                    25             1.9699251E-05         1.0000000E+30                 0       
 NEXT SEEDS: C23C46E       0       0       0       0       0   11A83       4       0       0
    1999976                    24                    24             1.9699241E-05         1.0000000E+30                 0       
 NEXT SEEDS: C23C4F7       0       0       0       0       0   11A83       4       0       0
    1999977                    23                    23             1.9699231E-05         1.0000000E+30                 0       
 NEXT SEEDS: C23C505       0       0       0       0       0   11A83       4       0       0
    1999978                    22                    22             1.9699222E-05         1.0000000E+30                 0       
 NEXT SEEDS: C23C514       0       0       0       0       0   11A83       4       0       0
    1999979                    21                    21             1.9699212E-05         1.0000000E+30                 0       
 NEXT SEEDS: C23C530       0       0       0       0       0   11A83       4       0       0
    1999980                    20                    20             1.9699202E-05         1.0000000E+30                 0       
 NEXT SEEDS: C23C560       0       0       0       0       0   11A83       4       0       0
    1999981                    19                    19             1.9699192E-05         1.0000000E+30                 0       
 NEXT SEEDS: C23C655       0       0       0       0       0   11A83       4       0       0
    1999982                    18                    18             1.9699182E-05         1.0000000E+30                 0       
 NEXT SEEDS: C23C65C       0       0       0       0       0   11A83       4       0       0
    1999983                    17                    17             1.9699172E-05         1.0000000E+30                 0       
 NEXT SEEDS: C23C673       0       0       0       0       0   11A83       4       0       0
    1999984                    16                    16             1.9699162E-05         1.0000000E+30                 0       
 NEXT SEEDS: C23C6E8       0       0       0       0       0   11A83       4       0       0
    1999985                    15                    15             1.9699153E-05         1.0000000E+30                 0       
 NEXT SEEDS: C23C6F4       0       0       0       0       0   11A83       4       0       0
    1999986                    14                    14             1.9699143E-05         1.0000000E+30                 0       
 NEXT SEEDS: C23C72A       0       0       0       0       0   11A83       4       0       0
    1999987                    13                    13             1.9699133E-05         1.0000000E+30                 0       
 NEXT SEEDS: C23C76D       0       0       0       0       0   11A83       4       0       0
    1999988                    12                    12             1.9699123E-05         1.0000000E+30                 0       
 NEXT SEEDS: C23C794       0       0       0       0       0   11A83       4       0       0
    1999989                    11                    11             1.9699113E-05         1.0000000E+30                 0       
 NEXT SEEDS: C23C7B3       0       0       0       0       0   11A83       4       0       0
    1999990                    10                    10             1.9699103E-05         1.0000000E+30                 0       
 NEXT SEEDS: C23C7CA       0       0       0       0       0   11A83       4       0       0
    1999991                     9                     9             1.9699094E-05         1.0000000E+30                 0       
 NEXT SEEDS: C23C894       0       0       0       0       0   11A83       4       0       0
    1999992                     8                     8             1.9699084E-05         1.0000000E+30                 0       
 NEXT SEEDS: C23C90B       0       0       0       0       0   11A83       4       0       0
    1999993                     7                     7             1.9699074E-05         1.0000000E+30                 0       
 NEXT SEEDS: C23C9D5       0       0       0       0       0   11A83       4       0       0
    1999994                     6                     6             1.9699064E-05         1.0000000E+30                 0       
 NEXT SEEDS: C23CA19       0       0       0       0       0   11A83       4       0       0
    1999995                     5                     5             1.9699054E-05         1.0000000E+30                 0       
 NEXT SEEDS: C23CA58       0       0       0       0       0   11A83       4       0       0
    1999996                     4                     4             1.9699044E-05         1.0000000E+30                 0       
 NEXT SEEDS: C23CC98       0       0       0       0       0   11A83       4       0       0
    1999997                     3                     3             1.9699534E-05         1.0000000E+30                 0       
 NEXT SEEDS: C23D196       0       0       0       0       0   11A83       4       0       0
    1999998                     2                     2             1.9699524E-05         1.0000000E+30                 0       
 NEXT SEEDS: C23D1BD       0       0       0       0       0   11A83       4       0       0
    1999999                     1                     1             1.9699514E-05         1.0000000E+30                 0       
 NEXT SEEDS: C23D205       0       0       0       0       0   11A83       4       0       0
    2000000                     0                     1             1.9699505E-05         1.0000000E+30                 0       
 NEXT SEEDS: C23D214       0       0       0       0       0   11A83       4       0       0
