1NUMBER OF BEAM       NUMBER OF BEAM        APPROXIMATE NUMBER    AVERAGE TIME USED     TIME LEFT (RESERVED   NUMBER OF STARS
 PARTICLES HANDLED    PARTICLES LEFT        OF BEAM PARTICLES     BY A BEAM PARTICLE     10000.0 SECONDS      CREATED
                                            THAT CAN STILL BE                           FOR PRINTOUT)
                                            HANDLED

 NEXT SEEDS:       0       0       0       0       0       0   11A82       4       0       0
          1               1999999               1999999             0.0000000E+00         1.0000000E+30                 0       
 NEXT SEEDS:       C       0       0       0       0       0   11A82       4       0       0
      40000               1960000               1960000             1.9222081E-05         1.0000000E+30                 0       
 NEXT SEEDS:  376FA1       0       0       0       0       0   11A82       4       0       0
      80000               1920000               1920000             1.8759650E-05         1.0000000E+30                 0       
 NEXT SEEDS:  6EFAE8       0       0       0       0       0   11A82       4       0       0
     120000               1880000               1880000             1.8672160E-05         1.0000000E+30                 0       
 NEXT SEEDS:  A77DEC       0       0       0       0       0   11A82       4       0       0
     160000               1840000               1840000             1.8565926E-05         1.0000000E+30                 0       
 NEXT SEEDS:  DEDB31       0       0       0       0       0   11A82       4       0       0
     200000               1800000               1800000             1.8497188E-05         1.0000000E+30                 0       
 NEXT SEEDS: 117246C       0       0       0       0       0   11A82       4       0       0
     240000               1760000               1760000             1.8434697E-05         1.0000000E+30                 0       
 NEXT SEEDS: 14F3B33       0       0       0       0       0   11A82       4       0       0
     280000               1720000               1720000             1.8404342E-05         1.0000000E+30                 0       
 NEXT SEEDS: 1866F4E       0       0       0       0       0   11A82       4       0       0
     320000               1680000               1680000             1.8400328E-05         1.0000000E+30                 0       
 NEXT SEEDS: 1BE3C83       0       0       0       0       0   11A82       4       0       0
     360000               1640000               1640000             1.8363874E-05         1.0000000E+30                 0       
 NEXT SEEDS: 1F529B4       0       0       0       0       0   11A82       4       0       0
     400000               1600000               1600000             1.8377205E-05         1.0000000E+30                 0       
 NEXT SEEDS: 22D2FC3       0       0       0       0       0   11A82       4       0       0
     440000               1560000               1560000             1.8385841E-05         1.0000000E+30                 0       
 NEXT SEEDS: 2659225       0       0       0       0       0   11A82       4       0       0
     480000               1520000               1520000             1.8399285E-05         1.0000000E+30                 0       
 NEXT SEEDS: 29E0CCD       0       0       0       0       0   11A82       4       0       0
     520000               1480000               1480000             1.8406818E-05         1.0000000E+30                 0       
 NEXT SEEDS: 2D66977       0       0       0       0       0   11A82       4       0       0
     560000               1440000               1440000             1.8393633E-05         1.0000000E+30                 0       
 NEXT SEEDS: 30D7784       0       0       0       0       0   11A82       4       0       0
     600000               1400000               1400000             1.8412201E-05         1.0000000E+30                 0       
 NEXT SEEDS: 3466D85       0       0       0       0       0   11A82       4       0       0
     640000               1360000               1360000             1.8431573E-05         1.0000000E+30                 0       
 NEXT SEEDS: 37F7928       0       0       0       0       0   11A82       4       0       0
     680000               1320000               1320000             1.8436902E-05         1.0000000E+30                 0       
 NEXT SEEDS: 3B8101F       0       0       0       0       0   11A82       4       0       0
     720000               1280000               1280000             1.8444418E-05         1.0000000E+30                 0       
 NEXT SEEDS: 3F065D0       0       0       0       0       0   11A82       4       0       0
     760000               1240000               1240000             1.8440617E-05         1.0000000E+30                 0       
 NEXT SEEDS: 4287D26       0       0       0       0       0   11A82       4       0       0
     800000               1200000               1200000             1.8444695E-05         1.0000000E+30                 0       
 NEXT SEEDS: 461114E       0       0       0       0       0   11A82       4       0       0
     840000               1160000               1160000             1.8446004E-05         1.0000000E+30                 0       
 NEXT SEEDS: 4992772       0       0       0       0       0   11A82       4       0       0
     880000               1120000               1120000             1.8442650E-05         1.0000000E+30                 0       
 NEXT SEEDS: 4D1032C       0       0       0       0       0   11A82       4       0       0
     920000               1080000               1080000             1.8450457E-05         1.0000000E+30                 0       
 NEXT SEEDS: 50A09B6       0       0       0       0       0   11A82       4       0       0
     960000               1040000               1040000             1.8454486E-05         1.0000000E+30                 0       
 NEXT SEEDS: 543088A       0       0       0       0       0   11A82       4       0       0
    1000000               1000000               1000000             1.8441196E-05         1.0000000E+30                 0       
 NEXT SEEDS: 57B68FD       0       0       0       0       0   11A82       4       0       0
    1040000                960000                960000             1.8446234E-05         1.0000000E+30                 0       
 NEXT SEEDS: 5B39F97       0       0       0       0       0   11A82       4       0       0
    1080000                920000                920000             1.8453675E-05         1.0000000E+30                 0       
 NEXT SEEDS: 5EC981F       0       0       0       0       0   11A82       4       0       0
    1120000                880000                880000             1.8454338E-05         1.0000000E+30                 0       
 NEXT SEEDS: 6257B3A       0       0       0       0       0   11A82       4       0       0
    1160000                840000                840000             1.8462710E-05         1.0000000E+30                 0       
 NEXT SEEDS: 65EE2E7       0       0       0       0       0   11A82       4       0       0
    1200000                800000                800000             1.8460526E-05         1.0000000E+30                 0       
 NEXT SEEDS: 6967F5D       0       0       0       0       0   11A82       4       0       0
    1240000                760000                760000             1.8462516E-05         1.0000000E+30                 0       
 NEXT SEEDS: 6CF4362       0       0       0       0       0   11A82       4       0       0
    1280000                720000                720000             1.8459694E-05         1.0000000E+30                 0       
 NEXT SEEDS: 707F0D0       0       0       0       0       0   11A82       4       0       0
    1320000                680000                680000             1.8452498E-05         1.0000000E+30                 0       
 NEXT SEEDS: 73FCD3A       0       0       0       0       0   11A82       4       0       0
    1360000                640000                640000             1.8469251E-05         1.0000000E+30                 0       
 NEXT SEEDS: 779BD06       0       0       0       0       0   11A82       4       0       0
    1400000                600000                600000             1.8470764E-05         1.0000000E+30                 0       
 NEXT SEEDS: 7B23EE5       0       0       0       0       0   11A82       4       0       0
    1440000                560000                560000             1.8468025E-05         1.0000000E+30                 0       
 NEXT SEEDS: 7EA2ADF       0       0       0       0       0   11A82       4       0       0
    1480000                520000                520000             1.8466111E-05         1.0000000E+30                 0       
 NEXT SEEDS: 821F050       0       0       0       0       0   11A82       4       0       0
    1520000                480000                480000             1.8470219E-05         1.0000000E+30                 0       
 NEXT SEEDS: 85AA58C       0       0       0       0       0   11A82       4       0       0
    1560000                440000                440000             1.8472833E-05         1.0000000E+30                 0       
 NEXT SEEDS: 893401E       0       0       0       0       0   11A82       4       0       0
    1600000                400000                400000             1.8476567E-05         1.0000000E+30                 0       
 NEXT SEEDS: 8CCC81E       0       0       0       0       0   11A82       4       0       0
    1640000                360000                360000             1.8474020E-05         1.0000000E+30                 0       
 NEXT SEEDS: 905B6FD       0       0       0       0       0   11A82       4       0       0
    1680000                320000                320000             1.8461479E-05         1.0000000E+30                 0       
 NEXT SEEDS: 93D221C       0       0       0       0       0   11A82       4       0       0
    1720000                280000                280000             1.8461728E-05         1.0000000E+30                 0       
 NEXT SEEDS: 9756BC8       0       0       0       0       0   11A82       4       0       0
    1760000                240000                240000             1.8461966E-05         1.0000000E+30                 0       
 NEXT SEEDS: 9AD5658       0       0       0       0       0   11A82       4       0       0
    1800000                200000                200000             1.8468303E-05         1.0000000E+30                 0       
 NEXT SEEDS: 9E645C8       0       0       0       0       0   11A82       4       0       0
    1840000                160000                160000             1.8462954E-05         1.0000000E+30                 0       
 NEXT SEEDS: A1E4AD0       0       0       0       0       0   11A82       4       0       0
    1880000                120000                120000             1.8608872E-05         1.0000000E+30                 0       
 NEXT SEEDS: A56D4E4       0       0       0       0       0   11A82       4       0       0
    1920000                 80000                 80000             1.8903376E-05         1.0000000E+30                 0       
 NEXT SEEDS: A8FD16D       0       0       0       0       0   11A82       4       0       0
    1960000                 40000                 40000             1.8901208E-05         1.0000000E+30                 0       
 NEXT SEEDS: AC7AA31       0       0       0       0       0   11A82       4       0       0
    1999950                    50                    50             1.8900100E-05         1.0000000E+30                 0       
 NEXT SEEDS: AFFDACB       0       0       0       0       0   11A82       4       0       0
    1999951                    49                    49             1.8900590E-05         1.0000000E+30                 0       
 NEXT SEEDS: AFFDB1B       0       0       0       0       0   11A82       4       0       0
    1999952                    48                    48             1.8900581E-05         1.0000000E+30                 0       
 NEXT SEEDS: AFFDB22       0       0       0       0       0   11A82       4       0       0
    1999953                    47                    47             1.8901071E-05         1.0000000E+30                 0       
 NEXT SEEDS: AFFDB3E       0       0       0       0       0   11A82       4       0       0
    1999954                    46                    46             1.8901062E-05         1.0000000E+30                 0       
 NEXT SEEDS: AFFDB69       0       0       0       0       0   11A82       4       0       0
    1999955                    45                    45             1.8901552E-05         1.0000000E+30                 0       
 NEXT SEEDS: AFFDBB0       0       0       0       0       0   11A82       4       0       0
    1999956                    44                    44             1.8901542E-05         1.0000000E+30                 0       
 NEXT SEEDS: AFFDBBC       0       0       0       0       0   11A82       4       0       0
    1999957                    43                    43             1.8901533E-05         1.0000000E+30                 0       
 NEXT SEEDS: AFFDD93       0       0       0       0       0   11A82       4       0       0
    1999958                    42                    42             1.8901524E-05         1.0000000E+30                 0       
 NEXT SEEDS: AFFDDC4       0       0       0       0       0   11A82       4       0       0
    1999959                    41                    41             1.8901514E-05         1.0000000E+30                 0       
 NEXT SEEDS: AFFDDDA       0       0       0       0       0   11A82       4       0       0
    1999960                    40                    40             1.8901505E-05         1.0000000E+30                 0       
 NEXT SEEDS: AFFDE54       0       0       0       0       0   11A82       4       0       0
    1999961                    39                    39             1.8901495E-05         1.0000000E+30                 0       
 NEXT SEEDS: AFFDE5B       0       0       0       0       0   11A82       4       0       0
    1999962                    38                    38             1.8901486E-05         1.0000000E+30                 0       
 NEXT SEEDS: AFFDEE2       0       0       0       0       0   11A82       4       0       0
    1999963                    37                    37             1.8901476E-05         1.0000000E+30                 0       
 NEXT SEEDS: AFFDF1B       0       0       0       0       0   11A82       4       0       0
    1999964                    36                    36             1.8901467E-05         1.0000000E+30                 0       
 NEXT SEEDS: AFFDF91       0       0       0       0       0   11A82       4       0       0
    1999965                    35                    35             1.8901457E-05         1.0000000E+30                 0       
 NEXT SEEDS: AFFDF9D       0       0       0       0       0   11A82       4       0       0
    1999966                    34                    34             1.8901448E-05         1.0000000E+30                 0       
 NEXT SEEDS: AFFDFC9       0       0       0       0       0   11A82       4       0       0
    1999967                    33                    33             1.8901438E-05         1.0000000E+30                 0       
 NEXT SEEDS: AFFDFFF       0       0       0       0       0   11A82       4       0       0
    1999968                    32                    32             1.8901429E-05         1.0000000E+30                 0       
 NEXT SEEDS: AFFE025       0       0       0       0       0   11A82       4       0       0
    1999969                    31                    31             1.8901420E-05         1.0000000E+30                 0       
 NEXT SEEDS: AFFE1E1       0       0       0       0       0   11A82       4       0       0
    1999970                    30                    30             1.8901410E-05         1.0000000E+30                 0       
 NEXT SEEDS: AFFE1E8       0       0       0       0       0   11A82       4       0       0
    1999971                    29                    29             1.8901401E-05         1.0000000E+30                 0       
 NEXT SEEDS: AFFE1FC       0       0       0       0       0   11A82       4       0       0
    1999972                    28                    28             1.8901391E-05         1.0000000E+30                 0       
 NEXT SEEDS: AFFE208       0       0       0       0       0   11A82       4       0       0
    1999973                    27                    27             1.8901382E-05         1.0000000E+30                 0       
 NEXT SEEDS: AFFE214       0       0       0       0       0   11A82       4       0       0
    1999974                    26                    26             1.8901872E-05         1.0000000E+30                 0       
 NEXT SEEDS: AFFE21B       0       0       0       0       0   11A82       4       0       0
    1999975                    25                    25             1.8901863E-05         1.0000000E+30                 0       
 NEXT SEEDS: AFFE27D       0       0       0       0       0   11A82       4       0       0
    1999976                    24                    24             1.8901853E-05         1.0000000E+30                 0       
 NEXT SEEDS: AFFE2C0       0       0       0       0       0   11A82       4       0       0
    1999977                    23                    23             1.8901844E-05         1.0000000E+30                 0       
 NEXT SEEDS: AFFE381       0       0       0       0       0   11A82       4       0       0
    1999978                    22                    22             1.8901834E-05         1.0000000E+30                 0       
 NEXT SEEDS: AFFE3D2       0       0       0       0       0   11A82       4       0       0
    1999979                    21                    21             1.8901825E-05         1.0000000E+30                 0       
 NEXT SEEDS: AFFE3E6       0       0       0       0       0   11A82       4       0       0
    1999980                    20                    20             1.8901815E-05         1.0000000E+30                 0       
 NEXT SEEDS: AFFE411       0       0       0       0       0   11A82       4       0       0
    1999981                    19                    19             1.8901806E-05         1.0000000E+30                 0       
 NEXT SEEDS: AFFE418       0       0       0       0       0   11A82       4       0       0
    1999982                    18                    18             1.8901796E-05         1.0000000E+30                 0       
 NEXT SEEDS: AFFE424       0       0       0       0       0   11A82       4       0       0
    1999983                    17                    17             1.8901787E-05         1.0000000E+30                 0       
 NEXT SEEDS: AFFE4BD       0       0       0       0       0   11A82       4       0       0
    1999984                    16                    16             1.8901778E-05         1.0000000E+30                 0       
 NEXT SEEDS: AFFE4C9       0       0       0       0       0   11A82       4       0       0
    1999985                    15                    15             1.8901768E-05         1.0000000E+30                 0       
 NEXT SEEDS: AFFE4D7       0       0       0       0       0   11A82       4       0       0
    1999986                    14                    14             1.8901759E-05         1.0000000E+30                 0       
 NEXT SEEDS: AFFE513       0       0       0       0       0   11A82       4       0       0
    1999987                    13                    13             1.8901749E-05         1.0000000E+30                 0       
 NEXT SEEDS: AFFE51F       0       0       0       0       0   11A82       4       0       0
    1999988                    12                    12             1.8901740E-05         1.0000000E+30                 0       
 NEXT SEEDS: AFFE543       0       0       0       0       0   11A82       4       0       0
    1999989                    11                    11             1.8901730E-05         1.0000000E+30                 0       
 NEXT SEEDS: AFFE55C       0       0       0       0       0   11A82       4       0       0
    1999990                    10                    10             1.8901721E-05         1.0000000E+30                 0       
 NEXT SEEDS: AFFE58B       0       0       0       0       0   11A82       4       0       0
    1999991                     9                     9             1.8901711E-05         1.0000000E+30                 0       
 NEXT SEEDS: AFFE592       0       0       0       0       0   11A82       4       0       0
    1999992                     8                     8             1.8901702E-05         1.0000000E+30                 0       
 NEXT SEEDS: AFFE60E       0       0       0       0       0   11A82       4       0       0
    1999993                     7                     7             1.8901693E-05         1.0000000E+30                 0       
 NEXT SEEDS: AFFE62A       0       0       0       0       0   11A82       4       0       0
    1999994                     6                     6             1.8901683E-05         1.0000000E+30                 0       
 NEXT SEEDS: AFFE638       0       0       0       0       0   11A82       4       0       0
    1999995                     5                     5             1.8901674E-05         1.0000000E+30                 0       
 NEXT SEEDS: AFFE644       0       0       0       0       0   11A82       4       0       0
    1999996                     4                     4             1.8901664E-05         1.0000000E+30                 0       
 NEXT SEEDS: AFFE67B       0       0       0       0       0   11A82       4       0       0
    1999997                     3                     3             1.8901655E-05         1.0000000E+30                 0       
 NEXT SEEDS: AFFE6EC       0       0       0       0       0   11A82       4       0       0
    1999998                     2                     2             1.8901645E-05         1.0000000E+30                 0       
 NEXT SEEDS: AFFE6FB       0       0       0       0       0   11A82       4       0       0
    1999999                     1                     1             1.8901636E-05         1.0000000E+30                 0       
 NEXT SEEDS: AFFE718       0       0       0       0       0   11A82       4       0       0
    2000000                     0                     1             1.8901626E-05         1.0000000E+30                 0       
 NEXT SEEDS: AFFE734       0       0       0       0       0   11A82       4       0       0
