1NUMBER OF BEAM       NUMBER OF BEAM        APPROXIMATE NUMBER    AVERAGE TIME USED     TIME LEFT (RESERVED   NUMBER OF STARS
 PARTICLES HANDLED    PARTICLES LEFT        OF BEAM PARTICLES     BY A BEAM PARTICLE     10000.0 SECONDS      CREATED
                                            THAT CAN STILL BE                           FOR PRINTOUT)
                                            HANDLED

 NEXT SEEDS:15F6D569       0       0       0       0       0   11A82       4       0       0
          1               1999999               1999999             0.0000000E+00         1.0000000E+30                 0       
 NEXT SEEDS:15F6D5DF       0       0       0       0       0   11A82       4       0       0
      40000               1960000               1960000             3.2120121E-05         1.0000000E+30                 0       
 NEXT SEEDS:162E5712       0       0       0       0       0   11A82       4       0       0
      80000               1920000               1920000             2.6870912E-05         1.0000000E+30                 0       
 NEXT SEEDS:16664B7B       0       0       0       0       0   11A82       4       0       0
     120000               1880000               1880000             2.4154655E-05         1.0000000E+30                 0       
 NEXT SEEDS:169E0C68       0       0       0       0       0   11A82       4       0       0
     160000               1840000               1840000             2.3046494E-05         1.0000000E+30                 0       
 NEXT SEEDS:16D5E0EE       0       0       0       0       0   11A82       4       0       0
     200000               1800000               1800000             2.2606564E-05         1.0000000E+30                 0       
 NEXT SEEDS:170DCD6C       0       0       0       0       0   11A82       4       0       0
     240000               1760000               1760000             2.2004986E-05         1.0000000E+30                 0       
 NEXT SEEDS:17456239       0       0       0       0       0   11A82       4       0       0
     280000               1720000               1720000             2.2246616E-05         1.0000000E+30                 0       
 NEXT SEEDS:177E0428       0       0       0       0       0   11A82       4       0       0
     320000               1680000               1680000             2.3974481E-05         1.0000000E+30                 0       
 NEXT SEEDS:17B6937E       0       0       0       0       0   11A82       4       0       0
     360000               1640000               1640000             2.4335188E-05         1.0000000E+30                 0       
 NEXT SEEDS:17EF537C       0       0       0       0       0   11A82       4       0       0
     400000               1600000               1600000             2.5171173E-05         1.0000000E+30                 0       
 NEXT SEEDS:18289B8C       0       0       0       0       0   11A82       4       0       0
     440000               1560000               1560000             2.4614438E-05         1.0000000E+30                 0       
 NEXT SEEDS:18610A97       0       0       0       0       0   11A82       4       0       0
     480000               1520000               1520000             2.4415036E-05         1.0000000E+30                 0       
 NEXT SEEDS:18999DF1       0       0       0       0       0   11A82       4       0       0
     520000               1480000               1480000             2.4104027E-05         1.0000000E+30                 0       
 NEXT SEEDS:18D28755       0       0       0       0       0   11A82       4       0       0
     560000               1440000               1440000             2.3942791E-05         1.0000000E+30                 0       
 NEXT SEEDS:190A6774       0       0       0       0       0   11A82       4       0       0
     600000               1400000               1400000             2.3654737E-05         1.0000000E+30                 0       
 NEXT SEEDS:19429DE7       0       0       0       0       0   11A82       4       0       0
     640000               1360000               1360000             2.3429251E-05         1.0000000E+30                 0       
 NEXT SEEDS:197BCEDF       0       0       0       0       0   11A82       4       0       0
     680000               1320000               1320000             2.3140599E-05         1.0000000E+30                 0       
 NEXT SEEDS:19B418D8       0       0       0       0       0   11A82       4       0       0
     720000               1280000               1280000             2.3621408E-05         1.0000000E+30                 0       
 NEXT SEEDS:19EBCB28       0       0       0       0       0   11A82       4       0       0
     760000               1240000               1240000             2.3700345E-05         1.0000000E+30                 0       
 NEXT SEEDS:1A248582       0       0       0       0       0   11A82       4       0       0
     800000               1200000               1200000             2.3448935E-05         1.0000000E+30                 0       
 NEXT SEEDS:1A5CB6FC       0       0       0       0       0   11A82       4       0       0
     840000               1160000               1160000             2.3233373E-05         1.0000000E+30                 0       
 NEXT SEEDS:1A9533E6       0       0       0       0       0   11A82       4       0       0
     880000               1120000               1120000             2.3152163E-05         1.0000000E+30                 0       
 NEXT SEEDS:1ACCB960       0       0       0       0       0   11A82       4       0       0
     920000               1080000               1080000             2.3003025E-05         1.0000000E+30                 0       
 NEXT SEEDS:1B059E54       0       0       0       0       0   11A82       4       0       0
     960000               1040000               1040000             2.2894436E-05         1.0000000E+30                 0       
 NEXT SEEDS:1B3EDCC8       0       0       0       0       0   11A82       4       0       0
    1000000               1000000               1000000             2.2726545E-05         1.0000000E+30                 0       
 NEXT SEEDS:1B77780D       0       0       0       0       0   11A82       4       0       0
    1040000                960000                960000             2.2632137E-05         1.0000000E+30                 0       
 NEXT SEEDS:1BAF131D       0       0       0       0       0   11A82       4       0       0
    1080000                920000                920000             2.3122411E-05         1.0000000E+30                 0       
 NEXT SEEDS:1BE76612       0       0       0       0       0   11A82       4       0       0
    1120000                880000                880000             2.3025964E-05         1.0000000E+30                 0       
 NEXT SEEDS:1C209A2C       0       0       0       0       0   11A82       4       0       0
    1160000                840000                840000             2.2883590E-05         1.0000000E+30                 0       
 NEXT SEEDS:1C5818F3       0       0       0       0       0   11A82       4       0       0
    1200000                800000                800000             2.2749875E-05         1.0000000E+30                 0       
 NEXT SEEDS:1C90F60A       0       0       0       0       0   11A82       4       0       0
    1240000                760000                760000             2.2728803E-05         1.0000000E+30                 0       
 NEXT SEEDS:1CC984C5       0       0       0       0       0   11A82       4       0       0
    1280000                720000                720000             2.2614530E-05         1.0000000E+30                 0       
 NEXT SEEDS:1D02280D       0       0       0       0       0   11A82       4       0       0
    1320000                680000                680000             2.2664738E-05         1.0000000E+30                 0       
 NEXT SEEDS:1D3B83AA       0       0       0       0       0   11A82       4       0       0
    1360000                640000                640000             2.2990622E-05         1.0000000E+30                 0       
 NEXT SEEDS:1D738736       0       0       0       0       0   11A82       4       0       0
    1400000                600000                600000             2.2875808E-05         1.0000000E+30                 0       
 NEXT SEEDS:1DACF0E5       0       0       0       0       0   11A82       4       0       0
    1440000                560000                560000             2.2754179E-05         1.0000000E+30                 0       
 NEXT SEEDS:1DE41C9B       0       0       0       0       0   11A82       4       0       0
    1480000                520000                520000             2.2641829E-05         1.0000000E+30                 0       
 NEXT SEEDS:1E1D0348       0       0       0       0       0   11A82       4       0       0
    1520000                480000                480000             2.2638005E-05         1.0000000E+30                 0       
 NEXT SEEDS:1E54018F       0       0       0       0       0   11A82       4       0       0
    1560000                440000                440000             2.2944587E-05         1.0000000E+30                 0       
 NEXT SEEDS:1E8CBD0E       0       0       0       0       0   11A82       4       0       0
    1600000                400000                400000             2.2892771E-05         1.0000000E+30                 0       
 NEXT SEEDS:1EC59AA7       0       0       0       0       0   11A82       4       0       0
    1640000                360000                360000             2.2794095E-05         1.0000000E+30                 0       
 NEXT SEEDS:1EFEE13F       0       0       0       0       0   11A82       4       0       0
    1680000                320000                320000             2.2695955E-05         1.0000000E+30                 0       
 NEXT SEEDS:1F36B92B       0       0       0       0       0   11A82       4       0       0
    1720000                280000                280000             2.2671553E-05         1.0000000E+30                 0       
 NEXT SEEDS:1F6E8A56       0       0       0       0       0   11A82       4       0       0
    1760000                240000                240000             2.2594292E-05         1.0000000E+30                 0       
 NEXT SEEDS:1FA7700E       0       0       0       0       0   11A82       4       0       0
    1800000                200000                200000             2.2534907E-05         1.0000000E+30                 0       
 NEXT SEEDS:1FDF3FC4       0       0       0       0       0   11A82       4       0       0
    1840000                160000                160000             2.2434633E-05         1.0000000E+30                 0       
 NEXT SEEDS:2015E6E7       0       0       0       0       0   11A82       4       0       0
    1880000                120000                120000             2.2348199E-05         1.0000000E+30                 0       
 NEXT SEEDS:204E5B22       0       0       0       0       0   11A82       4       0       0
    1920000                 80000                 80000             2.2270052E-05         1.0000000E+30                 0       
 NEXT SEEDS:2087968E       0       0       0       0       0   11A82       4       0       0
    1960000                 40000                 40000             2.2198665E-05         1.0000000E+30                 0       
 NEXT SEEDS:20C1070E       0       0       0       0       0   11A82       4       0       0
    1999950                    50                    50             2.2124189E-05         1.0000000E+30                 0       
 NEXT SEEDS:20F98FF4       0       0       0       0       0   11A82       4       0       0
    1999951                    49                    49             2.2124178E-05         1.0000000E+30                 0       
 NEXT SEEDS:20F99066       0       0       0       0       0   11A82       4       0       0
    1999952                    48                    48             2.2124167E-05         1.0000000E+30                 0       
 NEXT SEEDS:20F9908E       0       0       0       0       0   11A82       4       0       0
    1999953                    47                    47             2.2124656E-05         1.0000000E+30                 0       
 NEXT SEEDS:20F990A4       0       0       0       0       0   11A82       4       0       0
    1999954                    46                    46             2.2124645E-05         1.0000000E+30                 0       
 NEXT SEEDS:20F990C0       0       0       0       0       0   11A82       4       0       0
    1999955                    45                    45             2.2124634E-05         1.0000000E+30                 0       
 NEXT SEEDS:20F990D7       0       0       0       0       0   11A82       4       0       0
    1999956                    44                    44             2.2124623E-05         1.0000000E+30                 0       
 NEXT SEEDS:20F9910D       0       0       0       0       0   11A82       4       0       0
    1999957                    43                    43             2.2124612E-05         1.0000000E+30                 0       
 NEXT SEEDS:20F99121       0       0       0       0       0   11A82       4       0       0
    1999958                    42                    42             2.2124601E-05         1.0000000E+30                 0       
 NEXT SEEDS:20F99155       0       0       0       0       0   11A82       4       0       0
    1999959                    41                    41             2.2124590E-05         1.0000000E+30                 0       
 NEXT SEEDS:20F99174       0       0       0       0       0   11A82       4       0       0
    1999960                    40                    40             2.2124578E-05         1.0000000E+30                 0       
 NEXT SEEDS:20F99198       0       0       0       0       0   11A82       4       0       0
    1999961                    39                    39             2.2124567E-05         1.0000000E+30                 0       
 NEXT SEEDS:20F9922D       0       0       0       0       0   11A82       4       0       0
    1999962                    38                    38             2.2124556E-05         1.0000000E+30                 0       
 NEXT SEEDS:20F99287       0       0       0       0       0   11A82       4       0       0
    1999963                    37                    37             2.2124545E-05         1.0000000E+30                 0       
 NEXT SEEDS:20F992F9       0       0       0       0       0   11A82       4       0       0
    1999964                    36                    36             2.2125034E-05         1.0000000E+30                 0       
 NEXT SEEDS:20F994A1       0       0       0       0       0   11A82       4       0       0
    1999965                    35                    35             2.2125023E-05         1.0000000E+30                 0       
 NEXT SEEDS:20F994B1       0       0       0       0       0   11A82       4       0       0
    1999966                    34                    34             2.2125012E-05         1.0000000E+30                 0       
 NEXT SEEDS:20F99535       0       0       0       0       0   11A82       4       0       0
    1999967                    33                    33             2.2125001E-05         1.0000000E+30                 0       
 NEXT SEEDS:20F995BF       0       0       0       0       0   11A82       4       0       0
    1999968                    32                    32             2.2124990E-05         1.0000000E+30                 0       
 NEXT SEEDS:20F99747       0       0       0       0       0   11A82       4       0       0
    1999969                    31                    31             2.2124979E-05         1.0000000E+30                 0       
 NEXT SEEDS:20F997A6       0       0       0       0       0   11A82       4       0       0
    1999970                    30                    30             2.2124968E-05         1.0000000E+30                 0       
 NEXT SEEDS:20F9981E       0       0       0       0       0   11A82       4       0       0
    1999971                    29                    29             2.2124957E-05         1.0000000E+30                 0       
 NEXT SEEDS:20F99882       0       0       0       0       0   11A82       4       0       0
    1999972                    28                    28             2.2124945E-05         1.0000000E+30                 0       
 NEXT SEEDS:20F9989B       0       0       0       0       0   11A82       4       0       0
    1999973                    27                    27             2.2124934E-05         1.0000000E+30                 0       
 NEXT SEEDS:20F998DE       0       0       0       0       0   11A82       4       0       0
    1999974                    26                    26             2.2124923E-05         1.0000000E+30                 0       
 NEXT SEEDS:20F998F2       0       0       0       0       0   11A82       4       0       0
    1999975                    25                    25             2.2124912E-05         1.0000000E+30                 0       
 NEXT SEEDS:20F9990E       0       0       0       0       0   11A82       4       0       0
    1999976                    24                    24             2.2124901E-05         1.0000000E+30                 0       
 NEXT SEEDS:20F99943       0       0       0       0       0   11A82       4       0       0
    1999977                    23                    23             2.2124890E-05         1.0000000E+30                 0       
 NEXT SEEDS:20F999D8       0       0       0       0       0   11A82       4       0       0
    1999978                    22                    22             2.2124879E-05         1.0000000E+30                 0       
 NEXT SEEDS:20F999E4       0       0       0       0       0   11A82       4       0       0
    1999979                    21                    21             2.2124868E-05         1.0000000E+30                 0       
 NEXT SEEDS:20F999F8       0       0       0       0       0   11A82       4       0       0
    1999980                    20                    20             2.2124857E-05         1.0000000E+30                 0       
 NEXT SEEDS:20F99A14       0       0       0       0       0   11A82       4       0       0
    1999981                    19                    19             2.2124846E-05         1.0000000E+30                 0       
 NEXT SEEDS:20F99A3A       0       0       0       0       0   11A82       4       0       0
    1999982                    18                    18             2.2124835E-05         1.0000000E+30                 0       
 NEXT SEEDS:20F99A49       0       0       0       0       0   11A82       4       0       0
    1999983                    17                    17             2.2124824E-05         1.0000000E+30                 0       
 NEXT SEEDS:20F99A50       0       0       0       0       0   11A82       4       0       0
    1999984                    16                    16             2.2124813E-05         1.0000000E+30                 0       
 NEXT SEEDS:20F99A84       0       0       0       0       0   11A82       4       0       0
    1999985                    15                    15             2.2124802E-05         1.0000000E+30                 0       
 NEXT SEEDS:20F99B34       0       0       0       0       0   11A82       4       0       0
    1999986                    14                    14             2.2125792E-05         1.0000000E+30                 0       
 NEXT SEEDS:20F99B50       0       0       0       0       0   11A82       4       0       0
    1999987                    13                    13             2.2125781E-05         1.0000000E+30                 0       
 NEXT SEEDS:20F99C2A       0       0       0       0       0   11A82       4       0       0
    1999988                    12                    12             2.2125770E-05         1.0000000E+30                 0       
 NEXT SEEDS:20F99C42       0       0       0       0       0   11A82       4       0       0
    1999989                    11                    11             2.2125759E-05         1.0000000E+30                 0       
 NEXT SEEDS:20F99CA8       0       0       0       0       0   11A82       4       0       0
    1999990                    10                    10             2.2125748E-05         1.0000000E+30                 0       
 NEXT SEEDS:20F99CBC       0       0       0       0       0   11A82       4       0       0
    1999991                     9                     9             2.2125737E-05         1.0000000E+30                 0       
 NEXT SEEDS:20F99D14       0       0       0       0       0   11A82       4       0       0
    1999992                     8                     8             2.2126225E-05         1.0000000E+30                 0       
 NEXT SEEDS:20F99EB1       0       0       0       0       0   11A82       4       0       0
    1999993                     7                     7             2.2126214E-05         1.0000000E+30                 0       
 NEXT SEEDS:20F99F4A       0       0       0       0       0   11A82       4       0       0
    1999994                     6                     6             2.2126203E-05         1.0000000E+30                 0       
 NEXT SEEDS:20F99F56       0       0       0       0       0   11A82       4       0       0
    1999995                     5                     5             2.2126192E-05         1.0000000E+30                 0       
 NEXT SEEDS:20F99F72       0       0       0       0       0   11A82       4       0       0
    1999996                     4                     4             2.2126181E-05         1.0000000E+30                 0       
 NEXT SEEDS:20F99FCD       0       0       0       0       0   11A82       4       0       0
    1999997                     3                     3             2.2126170E-05         1.0000000E+30                 0       
 NEXT SEEDS:20F99FD9       0       0       0       0       0   11A82       4       0       0
    1999998                     2                     2             2.2126159E-05         1.0000000E+30                 0       
 NEXT SEEDS:20F9A00B       0       0       0       0       0   11A82       4       0       0
    1999999                     1                     1             2.2126148E-05         1.0000000E+30                 0       
 NEXT SEEDS:20F9A066       0       0       0       0       0   11A82       4       0       0
    2000000                     0                     1             2.2126137E-05         1.0000000E+30                 0       
 NEXT SEEDS:20F9A11D       0       0       0       0       0   11A82       4       0       0
