1NUMBER OF BEAM       NUMBER OF BEAM        APPROXIMATE NUMBER    AVERAGE TIME USED     TIME LEFT (RESERVED   NUMBER OF STARS
 PARTICLES HANDLED    PARTICLES LEFT        OF BEAM PARTICLES     BY A BEAM PARTICLE     10000.0 SECONDS      CREATED
                                            THAT CAN STILL BE                           FOR PRINTOUT)
                                            HANDLED

 NEXT SEEDS: AFFE734       0       0       0       0       0   11A82       4       0       0
          1               1999999               1999999             0.0000000E+00         1.0000000E+30                 0       
 NEXT SEEDS: AFFE73B       0       0       0       0       0   11A82       4       0       0
      40000               1960000               1960000             3.5544598E-05         1.0000000E+30                 0       
 NEXT SEEDS: B37A954       0       0       0       0       0   11A82       4       0       0
      80000               1920000               1920000             3.4194791E-05         1.0000000E+30                 0       
 NEXT SEEDS: B6FC0DE       0       0       0       0       0   11A82       4       0       0
     120000               1880000               1880000             2.9553843E-05         1.0000000E+30                 0       
 NEXT SEEDS: BA6B55B       0       0       0       0       0   11A82       4       0       0
     160000               1840000               1840000             2.7639544E-05         1.0000000E+30                 0       
 NEXT SEEDS: BDECDC2       0       0       0       0       0   11A82       4       0       0
     200000               1800000               1800000             2.6660943E-05         1.0000000E+30                 0       
 NEXT SEEDS: C16E9A3       0       0       0       0       0   11A82       4       0       0
     240000               1760000               1760000             2.6491805E-05         1.0000000E+30                 0       
 NEXT SEEDS: C4E8A75       0       0       0       0       0   11A82       4       0       0
     280000               1720000               1720000             2.7567233E-05         1.0000000E+30                 0       
 NEXT SEEDS: C879B02       0       0       0       0       0   11A82       4       0       0
     320000               1680000               1680000             2.6489720E-05         1.0000000E+30                 0       
 NEXT SEEDS: CBFA253       0       0       0       0       0   11A82       4       0       0
     360000               1640000               1640000             2.5634991E-05         1.0000000E+30                 0       
 NEXT SEEDS: CF84D71       0       0       0       0       0   11A82       4       0       0
  *** Eveneu: no downsc. group selected, cusngl, rsngl, igpr ***  0.999999881
  0.999999881 249
     400000               1600000               1600000             2.4916210E-05         1.0000000E+30                 0       
 NEXT SEEDS: D301133       0       0       0       0       0   11A82       4       0       0
     440000               1560000               1560000             2.4918938E-05         1.0000000E+30                 0       
 NEXT SEEDS: D686155       0       0       0       0       0   11A82       4       0       0
     480000               1520000               1520000             2.5798162E-05         1.0000000E+30                 0       
 NEXT SEEDS: DA06F63       0       0       0       0       0   11A82       4       0       0
     520000               1480000               1480000             2.5342299E-05         1.0000000E+30                 0       
 NEXT SEEDS: DD95DA8       0       0       0       0       0   11A82       4       0       0
     560000               1440000               1440000             2.5842500E-05         1.0000000E+30                 0       
 NEXT SEEDS: E1201A6       0       0       0       0       0   11A82       4       0       0
     600000               1400000               1400000             2.5824407E-05         1.0000000E+30                 0       
 NEXT SEEDS: E4A10E6       0       0       0       0       0   11A82       4       0       0
     640000               1360000               1360000             2.5585172E-05         1.0000000E+30                 0       
 NEXT SEEDS: E8241EE       0       0       0       0       0   11A82       4       0       0
     680000               1320000               1320000             2.5207932E-05         1.0000000E+30                 0       
 NEXT SEEDS: EBA201E       0       0       0       0       0   11A82       4       0       0
     720000               1280000               1280000             2.5064243E-05         1.0000000E+30                 0       
 NEXT SEEDS: EF2B99E       0       0       0       0       0   11A82       4       0       0
  *** Eveneu: no downsc. group selected, cusngl, rsngl, igpr ***  0.999999881
  0.99999994 249
     760000               1240000               1240000             2.4763341E-05         1.0000000E+30                 0       
 NEXT SEEDS: F2AFA8E       0       0       0       0       0   11A82       4       0       0
     800000               1200000               1200000             2.4516273E-05         1.0000000E+30                 0       
 NEXT SEEDS: F628BB4       0       0       0       0       0   11A82       4       0       0
     840000               1160000               1160000             2.4235601E-05         1.0000000E+30                 0       
 NEXT SEEDS: F9B541C       0       0       0       0       0   11A82       4       0       0
     880000               1120000               1120000             2.3974763E-05         1.0000000E+30                 0       
 NEXT SEEDS: FD3A30C       0       0       0       0       0   11A82       4       0       0
     920000               1080000               1080000             2.3722481E-05         1.0000000E+30                 0       
 NEXT SEEDS:100A9EDA       0       0       0       0       0   11A82       4       0       0
     960000               1040000               1040000             2.3497468E-05         1.0000000E+30                 0       
 NEXT SEEDS:1043020D       0       0       0       0       0   11A82       4       0       0
    1000000               1000000               1000000             2.3295458E-05         1.0000000E+30                 0       
 NEXT SEEDS:107BB369       0       0       0       0       0   11A82       4       0       0
    1040000                960000                960000             2.3095527E-05         1.0000000E+30                 0       
 NEXT SEEDS:10B36CB1       0       0       0       0       0   11A82       4       0       0
    1080000                920000                920000             2.2927069E-05         1.0000000E+30                 0       
 NEXT SEEDS:10EC1B9A       0       0       0       0       0   11A82       4       0       0
    1120000                880000                880000             2.2751004E-05         1.0000000E+30                 0       
 NEXT SEEDS:11231AD7       0       0       0       0       0   11A82       4       0       0
    1160000                840000                840000             2.2597426E-05         1.0000000E+30                 0       
 NEXT SEEDS:115B2469       0       0       0       0       0   11A82       4       0       0
    1200000                800000                800000             2.2456587E-05         1.0000000E+30                 0       
 NEXT SEEDS:119355E0       0       0       0       0       0   11A82       4       0       0
    1240000                760000                760000             2.2317574E-05         1.0000000E+30                 0       
 NEXT SEEDS:11CAE432       0       0       0       0       0   11A82       4       0       0
    1280000                720000                720000             2.2204436E-05         1.0000000E+30                 0       
 NEXT SEEDS:1203E6DB       0       0       0       0       0   11A82       4       0       0
    1320000                680000                680000             2.2099670E-05         1.0000000E+30                 0       
 NEXT SEEDS:123D51D7       0       0       0       0       0   11A82       4       0       0
    1360000                640000                640000             2.1990775E-05         1.0000000E+30                 0       
 NEXT SEEDS:1274F025       0       0       0       0       0   11A82       4       0       0
    1400000                600000                600000             2.1898813E-05         1.0000000E+30                 0       
 NEXT SEEDS:12AE6080       0       0       0       0       0   11A82       4       0       0
    1440000                560000                560000             2.1802241E-05         1.0000000E+30                 0       
 NEXT SEEDS:12E68387       0       0       0       0       0   11A82       4       0       0
    1480000                520000                520000             2.1711565E-05         1.0000000E+30                 0       
 NEXT SEEDS:131E8AB6       0       0       0       0       0   11A82       4       0       0
    1520000                480000                480000             2.1624343E-05         1.0000000E+30                 0       
 NEXT SEEDS:1356BA5C       0       0       0       0       0   11A82       4       0       0
    1560000                440000                440000             2.1544800E-05         1.0000000E+30                 0       
 NEXT SEEDS:138EE0D3       0       0       0       0       0   11A82       4       0       0
    1600000                400000                400000             2.1464237E-05         1.0000000E+30                 0       
 NEXT SEEDS:13C6DDCF       0       0       0       0       0   11A82       4       0       0
    1640000                360000                360000             2.1388820E-05         1.0000000E+30                 0       
 NEXT SEEDS:13FE6B9F       0       0       0       0       0   11A82       4       0       0
    1680000                320000                320000             2.1726460E-05         1.0000000E+30                 0       
 NEXT SEEDS:1436A2D1       0       0       0       0       0   11A82       4       0       0
    1720000                280000                280000             2.1736230E-05         1.0000000E+30                 0       
 NEXT SEEDS:146ED2E5       0       0       0       0       0   11A82       4       0       0
    1760000                240000                240000             2.1670000E-05         1.0000000E+30                 0       
 NEXT SEEDS:14A6FB09       0       0       0       0       0   11A82       4       0       0
    1800000                200000                200000             2.1610047E-05         1.0000000E+30                 0       
 NEXT SEEDS:14E00CC9       0       0       0       0       0   11A82       4       0       0
    1840000                160000                160000             2.1613018E-05         1.0000000E+30                 0       
 NEXT SEEDS:15180271       0       0       0       0       0   11A82       4       0       0
    1880000                120000                120000             2.1554169E-05         1.0000000E+30                 0       
 NEXT SEEDS:154FCF87       0       0       0       0       0   11A82       4       0       0
    1920000                 80000                 80000             2.1519124E-05         1.0000000E+30                 0       
 NEXT SEEDS:1586F7C5       0       0       0       0       0   11A82       4       0       0
    1960000                 40000                 40000             2.1461023E-05         1.0000000E+30                 0       
 NEXT SEEDS:15BF1C44       0       0       0       0       0   11A82       4       0       0
    1999950                    50                    50             2.1400282E-05         1.0000000E+30                 0       
 NEXT SEEDS:15F6C847       0       0       0       0       0   11A82       4       0       0
    1999951                    49                    49             2.1400271E-05         1.0000000E+30                 0       
 NEXT SEEDS:15F6C853       0       0       0       0       0   11A82       4       0       0
    1999952                    48                    48             2.1400261E-05         1.0000000E+30                 0       
 NEXT SEEDS:15F6C8F5       0       0       0       0       0   11A82       4       0       0
    1999953                    47                    47             2.1400250E-05         1.0000000E+30                 0       
 NEXT SEEDS:15F6C923       0       0       0       0       0   11A82       4       0       0
    1999954                    46                    46             2.1400239E-05         1.0000000E+30                 0       
 NEXT SEEDS:15F6C945       0       0       0       0       0   11A82       4       0       0
    1999955                    45                    45             2.1400228E-05         1.0000000E+30                 0       
 NEXT SEEDS:15F6C9BF       0       0       0       0       0   11A82       4       0       0
    1999956                    44                    44             2.1400218E-05         1.0000000E+30                 0       
 NEXT SEEDS:15F6C9E3       0       0       0       0       0   11A82       4       0       0
    1999957                    43                    43             2.1400207E-05         1.0000000E+30                 0       
 NEXT SEEDS:15F6C9F1       0       0       0       0       0   11A82       4       0       0
    1999958                    42                    42             2.1400196E-05         1.0000000E+30                 0       
 NEXT SEEDS:15F6C9FD       0       0       0       0       0   11A82       4       0       0
    1999959                    41                    41             2.1400186E-05         1.0000000E+30                 0       
 NEXT SEEDS:15F6CA09       0       0       0       0       0   11A82       4       0       0
    1999960                    40                    40             2.1400175E-05         1.0000000E+30                 0       
 NEXT SEEDS:15F6CA39       0       0       0       0       0   11A82       4       0       0
    1999961                    39                    39             2.1400164E-05         1.0000000E+30                 0       
 NEXT SEEDS:15F6CAD5       0       0       0       0       0   11A82       4       0       0
    1999962                    38                    38             2.1400153E-05         1.0000000E+30                 0       
 NEXT SEEDS:15F6CAE4       0       0       0       0       0   11A82       4       0       0
    1999963                    37                    37             2.1400643E-05         1.0000000E+30                 0       
 NEXT SEEDS:15F6CB7F       0       0       0       0       0   11A82       4       0       0
    1999964                    36                    36             2.1400632E-05         1.0000000E+30                 0       
 NEXT SEEDS:15F6CBA7       0       0       0       0       0   11A82       4       0       0
    1999965                    35                    35             2.1400621E-05         1.0000000E+30                 0       
 NEXT SEEDS:15F6CBDD       0       0       0       0       0   11A82       4       0       0
    1999966                    34                    34             2.1400610E-05         1.0000000E+30                 0       
 NEXT SEEDS:15F6CC01       0       0       0       0       0   11A82       4       0       0
    1999967                    33                    33             2.1400600E-05         1.0000000E+30                 0       
 NEXT SEEDS:15F6CC08       0       0       0       0       0   11A82       4       0       0
    1999968                    32                    32             2.1400589E-05         1.0000000E+30                 0       
 NEXT SEEDS:15F6CC1E       0       0       0       0       0   11A82       4       0       0
    1999969                    31                    31             2.1400578E-05         1.0000000E+30                 0       
 NEXT SEEDS:15F6CCAC       0       0       0       0       0   11A82       4       0       0
    1999970                    30                    30             2.1400568E-05         1.0000000E+30                 0       
 NEXT SEEDS:15F6CCB8       0       0       0       0       0   11A82       4       0       0
    1999971                    29                    29             2.1400557E-05         1.0000000E+30                 0       
 NEXT SEEDS:15F6CCF0       0       0       0       0       0   11A82       4       0       0
    1999972                    28                    28             2.1400546E-05         1.0000000E+30                 0       
 NEXT SEEDS:15F6CD04       0       0       0       0       0   11A82       4       0       0
    1999973                    27                    27             2.1400536E-05         1.0000000E+30                 0       
 NEXT SEEDS:15F6CD1F       0       0       0       0       0   11A82       4       0       0
    1999974                    26                    26             2.1400525E-05         1.0000000E+30                 0       
 NEXT SEEDS:15F6CD26       0       0       0       0       0   11A82       4       0       0
    1999975                    25                    25             2.1401014E-05         1.0000000E+30                 0       
 NEXT SEEDS:15F6CE4E       0       0       0       0       0   11A82       4       0       0
    1999976                    24                    24             2.1401003E-05         1.0000000E+30                 0       
 NEXT SEEDS:15F6CE5C       0       0       0       0       0   11A82       4       0       0
    1999977                    23                    23             2.1400992E-05         1.0000000E+30                 0       
 NEXT SEEDS:15F6CEDC       0       0       0       0       0   11A82       4       0       0
    1999978                    22                    22             2.1401481E-05         1.0000000E+30                 0       
 NEXT SEEDS:15F6CEE8       0       0       0       0       0   11A82       4       0       0
    1999979                    21                    21             2.1401471E-05         1.0000000E+30                 0       
 NEXT SEEDS:15F6CF4E       0       0       0       0       0   11A82       4       0       0
    1999980                    20                    20             2.1401460E-05         1.0000000E+30                 0       
 NEXT SEEDS:15F6CF84       0       0       0       0       0   11A82       4       0       0
    1999981                    19                    19             2.1401449E-05         1.0000000E+30                 0       
 NEXT SEEDS:15F6D03C       0       0       0       0       0   11A82       4       0       0
    1999982                    18                    18             2.1401439E-05         1.0000000E+30                 0       
 NEXT SEEDS:15F6D077       0       0       0       0       0   11A82       4       0       0
    1999983                    17                    17             2.1401428E-05         1.0000000E+30                 0       
 NEXT SEEDS:15F6D093       0       0       0       0       0   11A82       4       0       0
    1999984                    16                    16             2.1401917E-05         1.0000000E+30                 0       
 NEXT SEEDS:15F6D0AA       0       0       0       0       0   11A82       4       0       0
    1999985                    15                    15             2.1401906E-05         1.0000000E+30                 0       
 NEXT SEEDS:15F6D0B1       0       0       0       0       0   11A82       4       0       0
    1999986                    14                    14             2.1401896E-05         1.0000000E+30                 0       
 NEXT SEEDS:15F6D0DD       0       0       0       0       0   11A82       4       0       0
    1999987                    13                    13             2.1401885E-05         1.0000000E+30                 0       
 NEXT SEEDS:15F6D0E9       0       0       0       0       0   11A82       4       0       0
    1999988                    12                    12             2.1401874E-05         1.0000000E+30                 0       
 NEXT SEEDS:15F6D10F       0       0       0       0       0   11A82       4       0       0
    1999989                    11                    11             2.1401864E-05         1.0000000E+30                 0       
 NEXT SEEDS:15F6D11B       0       0       0       0       0   11A82       4       0       0
    1999990                    10                    10             2.1401853E-05         1.0000000E+30                 0       
 NEXT SEEDS:15F6D15C       0       0       0       0       0   11A82       4       0       0
    1999991                     9                     9             2.1401842E-05         1.0000000E+30                 0       
 NEXT SEEDS:15F6D183       0       0       0       0       0   11A82       4       0       0
    1999992                     8                     8             2.1401831E-05         1.0000000E+30                 0       
 NEXT SEEDS:15F6D18F       0       0       0       0       0   11A82       4       0       0
    1999993                     7                     7             2.1401821E-05         1.0000000E+30                 0       
 NEXT SEEDS:15F6D19B       0       0       0       0       0   11A82       4       0       0
    1999994                     6                     6             2.1401810E-05         1.0000000E+30                 0       
 NEXT SEEDS:15F6D1C6       0       0       0       0       0   11A82       4       0       0
    1999995                     5                     5             2.1401799E-05         1.0000000E+30                 0       
 NEXT SEEDS:15F6D1D2       0       0       0       0       0   11A82       4       0       0
    1999996                     4                     4             2.1401789E-05         1.0000000E+30                 0       
 NEXT SEEDS:15F6D1E0       0       0       0       0       0   11A82       4       0       0
    1999997                     3                     3             2.1401778E-05         1.0000000E+30                 0       
 NEXT SEEDS:15F6D40D       0       0       0       0       0   11A82       4       0       0
    1999998                     2                     2             2.1401767E-05         1.0000000E+30                 0       
 NEXT SEEDS:15F6D488       0       0       0       0       0   11A82       4       0       0
    1999999                     1                     1             2.1401756E-05         1.0000000E+30                 0       
 NEXT SEEDS:15F6D508       0       0       0       0       0   11A82       4       0       0
    2000000                     0                     1             2.1401746E-05         1.0000000E+30                 0       
 NEXT SEEDS:15F6D569       0       0       0       0       0   11A82       4       0       0
