1NUMBER OF BEAM       NUMBER OF BEAM        APPROXIMATE NUMBER    AVERAGE TIME USED     TIME LEFT (RESERVED   NUMBER OF STARS
 PARTICLES HANDLED    PARTICLES LEFT        OF BEAM PARTICLES     BY A BEAM PARTICLE     10000.0 SECONDS      CREATED
                                            THAT CAN STILL BE                           FOR PRINTOUT)
                                            HANDLED

 NEXT SEEDS:20F9A11D       0       0       0       0       0   11A82       4       0       0
          1               1999999               1999999             0.0000000E+00         1.0000000E+30                 0       
 NEXT SEEDS:20F9A131       0       0       0       0       0   11A82       4       0       0
      40000               1960000               1960000             2.2596574E-05         1.0000000E+30                 0       
 NEXT SEEDS:21330C0A       0       0       0       0       0   11A82       4       0       0
      80000               1920000               1920000             2.2096652E-05         1.0000000E+30                 0       
 NEXT SEEDS:216B85E6       0       0       0       0       0   11A82       4       0       0
     120000               1880000               1880000             2.1288435E-05         1.0000000E+30                 0       
 NEXT SEEDS:21A43C95       0       0       0       0       0   11A82       4       0       0
     160000               1840000               1840000             2.1709198E-05         1.0000000E+30                 0       
 NEXT SEEDS:21DD013A       0       0       0       0       0   11A82       4       0       0
     200000               1800000               1800000             2.2281613E-05         1.0000000E+30                 0       
 NEXT SEEDS:221509DC       0       0       0       0       0   11A82       4       0       0
     240000               1760000               1760000             2.3588085E-05         1.0000000E+30                 0       
 NEXT SEEDS:224DC7DD       0       0       0       0       0   11A82       4       0       0
     280000               1720000               1720000             2.2935799E-05         1.0000000E+30                 0       
 NEXT SEEDS:2286291F       0       0       0       0       0   11A82       4       0       0
     320000               1680000               1680000             2.2377849E-05         1.0000000E+30                 0       
 NEXT SEEDS:22BDF636       0       0       0       0       0   11A82       4       0       0
     360000               1640000               1640000             2.1952218E-05         1.0000000E+30                 0       
 NEXT SEEDS:22F66795       0       0       0       0       0   11A82       4       0       0
     400000               1600000               1600000             2.1946664E-05         1.0000000E+30                 0       
 NEXT SEEDS:232EF93E       0       0       0       0       0   11A82       4       0       0
     440000               1560000               1560000             2.1664888E-05         1.0000000E+30                 0       
 NEXT SEEDS:2367ABE7       0       0       0       0       0   11A82       4       0       0
     480000               1520000               1520000             2.1511314E-05         1.0000000E+30                 0       
 NEXT SEEDS:239FC7FB       0       0       0       0       0   11A82       4       0       0
     520000               1480000               1480000             2.1277534E-05         1.0000000E+30                 0       
 NEXT SEEDS:23D8ABC8       0       0       0       0       0   11A82       4       0       0
     560000               1440000               1440000             2.1036087E-05         1.0000000E+30                 0       
 NEXT SEEDS:240EF9FC       0       0       0       0       0   11A82       4       0       0
     600000               1400000               1400000             2.1300097E-05         1.0000000E+30                 0       
 NEXT SEEDS:24470F4E       0       0       0       0       0   11A82       4       0       0
     640000               1360000               1360000             2.2162256E-05         1.0000000E+30                 0       
 NEXT SEEDS:247F6AE9       0       0       0       0       0   11A82       4       0       0
     680000               1320000               1320000             2.1943723E-05         1.0000000E+30                 0       
 NEXT SEEDS:24B6DA12       0       0       0       0       0   11A82       4       0       0
     720000               1280000               1280000             2.1899449E-05         1.0000000E+30                 0       
 NEXT SEEDS:24EDDD1F       0       0       0       0       0   11A82       4       0       0
     760000               1240000               1240000             2.2576832E-05         1.0000000E+30                 0       
 NEXT SEEDS:25271CA5       0       0       0       0       0   11A82       4       0       0
     800000               1200000               1200000             2.2561569E-05         1.0000000E+30                 0       
 NEXT SEEDS:255F91E0       0       0       0       0       0   11A82       4       0       0
     840000               1160000               1160000             2.2423974E-05         1.0000000E+30                 0       
 NEXT SEEDS:25989B87       0       0       0       0       0   11A82       4       0       0
     880000               1120000               1120000             2.2313653E-05         1.0000000E+30                 0       
 NEXT SEEDS:25D0BE53       0       0       0       0       0   11A82       4       0       0
     920000               1080000               1080000             2.2299870E-05         1.0000000E+30                 0       
 NEXT SEEDS:260991A8       0       0       0       0       0   11A82       4       0       0
     960000               1040000               1040000             2.2169546E-05         1.0000000E+30                 0       
 NEXT SEEDS:26427B85       0       0       0       0       0   11A82       4       0       0
    1000000               1000000               1000000             2.2083643E-05         1.0000000E+30                 0       
 NEXT SEEDS:267B68E2       0       0       0       0       0   11A82       4       0       0
    1040000                960000                960000             2.1956279E-05         1.0000000E+30                 0       
 NEXT SEEDS:26B4F54E       0       0       0       0       0   11A82       4       0       0
    1080000                920000                920000             2.1824461E-05         1.0000000E+30                 0       
 NEXT SEEDS:26ED1939       0       0       0       0       0   11A82       4       0       0
    1120000                880000                880000             2.1700272E-05         1.0000000E+30                 0       
 NEXT SEEDS:27254F31       0       0       0       0       0   11A82       4       0       0
    1160000                840000                840000             2.1586374E-05         1.0000000E+30                 0       
 NEXT SEEDS:275DAEF0       0       0       0       0       0   11A82       4       0       0
    1200000                800000                800000             2.1554224E-05         1.0000000E+30                 0       
 NEXT SEEDS:2795FE31       0       0       0       0       0   11A82       4       0       0
    1240000                760000                760000             2.1951500E-05         1.0000000E+30                 0       
 NEXT SEEDS:27CDAB94       0       0       0       0       0   11A82       4       0       0
    1280000                720000                720000             2.1859178E-05         1.0000000E+30                 0       
 NEXT SEEDS:280611A9       0       0       0       0       0   11A82       4       0       0
    1320000                680000                680000             2.1763359E-05         1.0000000E+30                 0       
 NEXT SEEDS:283E3CA1       0       0       0       0       0   11A82       4       0       0
    1360000                640000                640000             2.1887849E-05         1.0000000E+30                 0       
 NEXT SEEDS:287682B2       0       0       0       0       0   11A82       4       0       0
    1400000                600000                600000             2.2119495E-05         1.0000000E+30                 0       
 NEXT SEEDS:28AE78D5       0       0       0       0       0   11A82       4       0       0
    1440000                560000                560000             2.2050121E-05         1.0000000E+30                 0       
 NEXT SEEDS:28E6CE68       0       0       0       0       0   11A82       4       0       0
    1480000                520000                520000             2.1977064E-05         1.0000000E+30                 0       
 NEXT SEEDS:291DCA26       0       0       0       0       0   11A82       4       0       0
    1520000                480000                480000             2.1911802E-05         1.0000000E+30                 0       
 NEXT SEEDS:2955FC11       0       0       0       0       0   11A82       4       0       0
    1560000                440000                440000             2.1889621E-05         1.0000000E+30                 0       
 NEXT SEEDS:298E67A4       0       0       0       0       0   11A82       4       0       0
    1600000                400000                400000             2.1818559E-05         1.0000000E+30                 0       
 NEXT SEEDS:29C6E04A       0       0       0       0       0   11A82       4       0       0
    1640000                360000                360000             2.1765595E-05         1.0000000E+30                 0       
 NEXT SEEDS:29FF6A60       0       0       0       0       0   11A82       4       0       0
    1680000                320000                320000             2.1688370E-05         1.0000000E+30                 0       
 NEXT SEEDS:2A3812BD       0       0       0       0       0   11A82       4       0       0
    1720000                280000                280000             2.1888533E-05         1.0000000E+30                 0       
 NEXT SEEDS:2A714A71       0       0       0       0       0   11A82       4       0       0
    1760000                240000                240000             2.2006314E-05         1.0000000E+30                 0       
 NEXT SEEDS:2AA86AD9       0       0       0       0       0   11A82       4       0       0
    1800000                200000                200000             2.1934444E-05         1.0000000E+30                 0       
 NEXT SEEDS:2AE0FBED       0       0       0       0       0   11A82       4       0       0
    1840000                160000                160000             2.1860807E-05         1.0000000E+30                 0       
 NEXT SEEDS:2B1926ED       0       0       0       0       0   11A82       4       0       0
    1880000                120000                120000             2.1824342E-05         1.0000000E+30                 0       
 NEXT SEEDS:2B512EE2       0       0       0       0       0   11A82       4       0       0
    1920000                 80000                 80000             2.1792001E-05         1.0000000E+30                 0       
 NEXT SEEDS:2B895F75       0       0       0       0       0   11A82       4       0       0
    1960000                 40000                 40000             2.1754856E-05         1.0000000E+30                 0       
 NEXT SEEDS:2BC1ACA9       0       0       0       0       0   11A82       4       0       0
    1999950                    50                    50             2.1685246E-05         1.0000000E+30                 0       
 NEXT SEEDS:2BF9C1B1       0       0       0       0       0   11A82       4       0       0
    1999951                    49                    49             2.1685735E-05         1.0000000E+30                 0       
 NEXT SEEDS:2BF9C1D5       0       0       0       0       0   11A82       4       0       0
    1999952                    48                    48             2.1685724E-05         1.0000000E+30                 0       
 NEXT SEEDS:2BF9C203       0       0       0       0       0   11A82       4       0       0
    1999953                    47                    47             2.1685713E-05         1.0000000E+30                 0       
 NEXT SEEDS:2BF9C20F       0       0       0       0       0   11A82       4       0       0
    1999954                    46                    46             2.1685702E-05         1.0000000E+30                 0       
 NEXT SEEDS:2BF9C225       0       0       0       0       0   11A82       4       0       0
    1999955                    45                    45             2.1685691E-05         1.0000000E+30                 0       
 NEXT SEEDS:2BF9C24F       0       0       0       0       0   11A82       4       0       0
    1999956                    44                    44             2.1685681E-05         1.0000000E+30                 0       
 NEXT SEEDS:2BF9C296       0       0       0       0       0   11A82       4       0       0
    1999957                    43                    43             2.1685670E-05         1.0000000E+30                 0       
 NEXT SEEDS:2BF9C2A2       0       0       0       0       0   11A82       4       0       0
    1999958                    42                    42             2.1685659E-05         1.0000000E+30                 0       
 NEXT SEEDS:2BF9C2B6       0       0       0       0       0   11A82       4       0       0
    1999959                    41                    41             2.1685648E-05         1.0000000E+30                 0       
 NEXT SEEDS:2BF9C2DC       0       0       0       0       0   11A82       4       0       0
    1999960                    40                    40             2.1685637E-05         1.0000000E+30                 0       
 NEXT SEEDS:2BF9C734       0       0       0       0       0   11A82       4       0       0
    1999961                    39                    39             2.1685626E-05         1.0000000E+30                 0       
 NEXT SEEDS:2BF9C743       0       0       0       0       0   11A82       4       0       0
    1999962                    38                    38             2.1685616E-05         1.0000000E+30                 0       
 NEXT SEEDS:2BF9C757       0       0       0       0       0   11A82       4       0       0
    1999963                    37                    37             2.1685605E-05         1.0000000E+30                 0       
 NEXT SEEDS:2BF9C76E       0       0       0       0       0   11A82       4       0       0
    1999964                    36                    36             2.1685594E-05         1.0000000E+30                 0       
 NEXT SEEDS:2BF9C7B4       0       0       0       0       0   11A82       4       0       0
    1999965                    35                    35             2.1685583E-05         1.0000000E+30                 0       
 NEXT SEEDS:2BF9C7EA       0       0       0       0       0   11A82       4       0       0
    1999966                    34                    34             2.1685572E-05         1.0000000E+30                 0       
 NEXT SEEDS:2BF9C80B       0       0       0       0       0   11A82       4       0       0
    1999967                    33                    33             2.1685561E-05         1.0000000E+30                 0       
 NEXT SEEDS:2BF9C817       0       0       0       0       0   11A82       4       0       0
    1999968                    32                    32             2.1685551E-05         1.0000000E+30                 0       
 NEXT SEEDS:2BF9C826       0       0       0       0       0   11A82       4       0       0
    1999969                    31                    31             2.1685540E-05         1.0000000E+30                 0       
 NEXT SEEDS:2BF9C832       0       0       0       0       0   11A82       4       0       0
    1999970                    30                    30             2.1685529E-05         1.0000000E+30                 0       
 NEXT SEEDS:2BF9C886       0       0       0       0       0   11A82       4       0       0
    1999971                    29                    29             2.1685518E-05         1.0000000E+30                 0       
 NEXT SEEDS:2BF9C8A6       0       0       0       0       0   11A82       4       0       0
    1999972                    28                    28             2.1685507E-05         1.0000000E+30                 0       
 NEXT SEEDS:2BF9C8B4       0       0       0       0       0   11A82       4       0       0
    1999973                    27                    27             2.1685996E-05         1.0000000E+30                 0       
 NEXT SEEDS:2BF9C942       0       0       0       0       0   11A82       4       0       0
    1999974                    26                    26             2.1685985E-05         1.0000000E+30                 0       
 NEXT SEEDS:2BF9C95C       0       0       0       0       0   11A82       4       0       0
    1999975                    25                    25             2.1685974E-05         1.0000000E+30                 0       
 NEXT SEEDS:2BF9C968       0       0       0       0       0   11A82       4       0       0
    1999976                    24                    24             2.1685964E-05         1.0000000E+30                 0       
 NEXT SEEDS:2BF9C98C       0       0       0       0       0   11A82       4       0       0
    1999977                    23                    23             2.1685953E-05         1.0000000E+30                 0       
 NEXT SEEDS:2BF9C9B2       0       0       0       0       0   11A82       4       0       0
    1999978                    22                    22             2.1685942E-05         1.0000000E+30                 0       
 NEXT SEEDS:2BF9C9DF       0       0       0       0       0   11A82       4       0       0
    1999979                    21                    21             2.1685931E-05         1.0000000E+30                 0       
 NEXT SEEDS:2BF9CAEB       0       0       0       0       0   11A82       4       0       0
    1999980                    20                    20             2.1685920E-05         1.0000000E+30                 0       
 NEXT SEEDS:2BF9CB45       0       0       0       0       0   11A82       4       0       0
    1999981                    19                    19             2.1685909E-05         1.0000000E+30                 0       
 NEXT SEEDS:2BF9CB73       0       0       0       0       0   11A82       4       0       0
    1999982                    18                    18             2.1685898E-05         1.0000000E+30                 0       
 NEXT SEEDS:2BF9D0CD       0       0       0       0       0   11A82       4       0       0
    1999983                    17                    17             2.1685888E-05         1.0000000E+30                 0       
 NEXT SEEDS:2BF9D191       0       0       0       0       0   11A82       4       0       0
    1999984                    16                    16             2.1685877E-05         1.0000000E+30                 0       
 NEXT SEEDS:2BF9D1B3       0       0       0       0       0   11A82       4       0       0
    1999985                    15                    15             2.1685866E-05         1.0000000E+30                 0       
 NEXT SEEDS:2BF9D248       0       0       0       0       0   11A82       4       0       0
    1999986                    14                    14             2.1685855E-05         1.0000000E+30                 0       
 NEXT SEEDS:2BF9D266       0       0       0       0       0   11A82       4       0       0
    1999987                    13                    13             2.1685844E-05         1.0000000E+30                 0       
 NEXT SEEDS:2BF9D28C       0       0       0       0       0   11A82       4       0       0
    1999988                    12                    12             2.1685833E-05         1.0000000E+30                 0       
 NEXT SEEDS:2BF9D2BD       0       0       0       0       0   11A82       4       0       0
    1999989                    11                    11             2.1685823E-05         1.0000000E+30                 0       
 NEXT SEEDS:2BF9D2E5       0       0       0       0       0   11A82       4       0       0
    1999990                    10                    10             2.1685812E-05         1.0000000E+30                 0       
 NEXT SEEDS:2BF9D31D       0       0       0       0       0   11A82       4       0       0
    1999991                     9                     9             2.1685801E-05         1.0000000E+30                 0       
 NEXT SEEDS:2BF9D324       0       0       0       0       0   11A82       4       0       0
    1999992                     8                     8             2.1686290E-05         1.0000000E+30                 0       
 NEXT SEEDS:2BF9D39C       0       0       0       0       0   11A82       4       0       0
    1999993                     7                     7             2.1686279E-05         1.0000000E+30                 0       
 NEXT SEEDS:2BF9D43A       0       0       0       0       0   11A82       4       0       0
    1999994                     6                     6             2.1686268E-05         1.0000000E+30                 0       
 NEXT SEEDS:2BF9D474       0       0       0       0       0   11A82       4       0       0
    1999995                     5                     5             2.1686257E-05         1.0000000E+30                 0       
 NEXT SEEDS:2BF9D480       0       0       0       0       0   11A82       4       0       0
    1999996                     4                     4             2.1686246E-05         1.0000000E+30                 0       
 NEXT SEEDS:2BF9D4D2       0       0       0       0       0   11A82       4       0       0
    1999997                     3                     3             2.1686236E-05         1.0000000E+30                 0       
 NEXT SEEDS:2BF9D4D9       0       0       0       0       0   11A82       4       0       0
    1999998                     2                     2             2.1686225E-05         1.0000000E+30                 0       
 NEXT SEEDS:2BF9D4E5       0       0       0       0       0   11A82       4       0       0
    1999999                     1                     1             2.1686214E-05         1.0000000E+30                 0       
 NEXT SEEDS:2BF9D4F1       0       0       0       0       0   11A82       4       0       0
    2000000                     0                     1             2.1686203E-05         1.0000000E+30                 0       
 NEXT SEEDS:2BF9D52A       0       0       0       0       0   11A82       4       0       0
