1NUMBER OF BEAM       NUMBER OF BEAM        APPROXIMATE NUMBER    AVERAGE TIME USED     TIME LEFT (RESERVED   NUMBER OF STARS
 PARTICLES HANDLED    PARTICLES LEFT        OF BEAM PARTICLES     BY A BEAM PARTICLE     10000.0 SECONDS      CREATED
                                            THAT CAN STILL BE                           FOR PRINTOUT)
                                            HANDLED

 NEXT SEEDS:       0       0       0       0       0       0   11A83       4       0       0
          1               1999999               1999999             0.0000000E+00         1.0000000E+30                 0       
 NEXT SEEDS:      24       0       0       0       0       0   11A83       4       0       0
      40000               1960000               1960000             2.4796224E-05         1.0000000E+30                 0       
 NEXT SEEDS:  423144       0       0       0       0       0   11A83       4       0       0
      80000               1920000               1920000             2.2884023E-05         1.0000000E+30                 0       
 NEXT SEEDS:  832222       0       0       0       0       0   11A83       4       0       0
     120000               1880000               1880000             2.2454913E-05         1.0000000E+30                 0       
 NEXT SEEDS:  C639E9       0       0       0       0       0   11A83       4       0       0
     160000               1840000               1840000             2.2115386E-05         1.0000000E+30                 0       
 NEXT SEEDS: 108C07E       0       0       0       0       0   11A83       4       0       0
     200000               1800000               1800000             2.1871676E-05         1.0000000E+30                 0       
 NEXT SEEDS: 149EDC7       0       0       0       0       0   11A83       4       0       0
     240000               1760000               1760000             2.1738362E-05         1.0000000E+30                 0       
 NEXT SEEDS: 18BA6B7       0       0       0       0       0   11A83       4       0       0
     280000               1720000               1720000             2.1668134E-05         1.0000000E+30                 0       
 NEXT SEEDS: 1CDF5A5       0       0       0       0       0   11A83       4       0       0
     320000               1680000               1680000             2.1562347E-05         1.0000000E+30                 0       
 NEXT SEEDS: 20F8668       0       0       0       0       0   11A83       4       0       0
     360000               1640000               1640000             2.1493954E-05         1.0000000E+30                 0       
 NEXT SEEDS: 25137DD       0       0       0       0       0   11A83       4       0       0
     400000               1600000               1600000             2.1444240E-05         1.0000000E+30                 0       
 NEXT SEEDS: 2935B1C       0       0       0       0       0   11A83       4       0       0
     440000               1560000               1560000             2.1437649E-05         1.0000000E+30                 0       
 NEXT SEEDS: 2D68E73       0       0       0       0       0   11A83       4       0       0
     480000               1520000               1520000             2.1380083E-05         1.0000000E+30                 0       
 NEXT SEEDS: 3179148       0       0       0       0       0   11A83       4       0       0
     520000               1480000               1480000             2.1383286E-05         1.0000000E+30                 0       
 NEXT SEEDS: 35A68BE       0       0       0       0       0   11A83       4       0       0
     560000               1440000               1440000             2.1389604E-05         1.0000000E+30                 0       
 NEXT SEEDS: 39DD44F       0       0       0       0       0   11A83       4       0       0
     600000               1400000               1400000             2.1373415E-05         1.0000000E+30                 0       
 NEXT SEEDS: 3DF6469       0       0       0       0       0   11A83       4       0       0
     640000               1360000               1360000             2.1351442E-05         1.0000000E+30                 0       
 NEXT SEEDS: 420AE74       0       0       0       0       0   11A83       4       0       0
     680000               1320000               1320000             2.1327639E-05         1.0000000E+30                 0       
 NEXT SEEDS: 461E3B8       0       0       0       0       0   11A83       4       0       0
     720000               1280000               1280000             2.1313426E-05         1.0000000E+30                 0       
 NEXT SEEDS: 4A444A7       0       0       0       0       0   11A83       4       0       0
     760000               1240000               1240000             2.1299392E-05         1.0000000E+30                 0       
 NEXT SEEDS: 4E59EB5       0       0       0       0       0   11A83       4       0       0
     800000               1200000               1200000             2.1305511E-05         1.0000000E+30                 0       
 NEXT SEEDS: 528BF9A       0       0       0       0       0   11A83       4       0       0
     840000               1160000               1160000             2.1306285E-05         1.0000000E+30                 0       
 NEXT SEEDS: 56BEEAA       0       0       0       0       0   11A83       4       0       0
     880000               1120000               1120000             2.1322894E-05         1.0000000E+30                 0       
 NEXT SEEDS: 5AFBA3E       0       0       0       0       0   11A83       4       0       0
     920000               1080000               1080000             2.1309803E-05         1.0000000E+30                 0       
 NEXT SEEDS: 5F15F19       0       0       0       0       0   11A83       4       0       0
     960000               1040000               1040000             2.1290513E-05         1.0000000E+30                 0       
 NEXT SEEDS: 63299A9       0       0       0       0       0   11A83       4       0       0
    1000000               1000000               1000000             2.1291763E-05         1.0000000E+30                 0       
 NEXT SEEDS: 675C407       0       0       0       0       0   11A83       4       0       0
    1040000                960000                960000             2.1277534E-05         1.0000000E+30                 0       
 NEXT SEEDS: 6B71D1A       0       0       0       0       0   11A83       4       0       0
    1080000                920000                920000             2.1271766E-05         1.0000000E+30                 0       
 NEXT SEEDS: 6FA601E       0       0       0       0       0   11A83       4       0       0
    1120000                880000                880000             2.1268196E-05         1.0000000E+30                 0       
 NEXT SEEDS: 73BC520       0       0       0       0       0   11A83       4       0       0
    1160000                840000                840000             2.1272628E-05         1.0000000E+30                 0       
 NEXT SEEDS: 77F02EC       0       0       0       0       0   11A83       4       0       0
    1200000                800000                800000             2.1266767E-05         1.0000000E+30                 0       
 NEXT SEEDS: 7C09AE4       0       0       0       0       0   11A83       4       0       0
    1240000                760000                760000             2.1273379E-05         1.0000000E+30                 0       
 NEXT SEEDS: 80306CA       0       0       0       0       0   11A83       4       0       0
    1280000                720000                720000             2.1284263E-05         1.0000000E+30                 0       
 NEXT SEEDS: 846E40D       0       0       0       0       0   11A83       4       0       0
    1320000                680000                680000             2.1277825E-05         1.0000000E+30                 0       
 NEXT SEEDS: 88896E4       0       0       0       0       0   11A83       4       0       0
    1360000                640000                640000             2.1285000E-05         1.0000000E+30                 0       
 NEXT SEEDS: 8CC05C5       0       0       0       0       0   11A83       4       0       0
    1400000                600000                600000             2.1271053E-05         1.0000000E+30                 0       
 NEXT SEEDS: 90CA177       0       0       0       0       0   11A83       4       0       0
    1440000                560000                560000             2.1249547E-05         1.0000000E+30                 0       
 NEXT SEEDS: 94D25F8       0       0       0       0       0   11A83       4       0       0
    1480000                520000                520000             2.1246770E-05         1.0000000E+30                 0       
 NEXT SEEDS: 98F064B       0       0       0       0       0   11A83       4       0       0
    1520000                480000                480000             2.1242823E-05         1.0000000E+30                 0       
 NEXT SEEDS: 9D062C0       0       0       0       0       0   11A83       4       0       0
    1560000                440000                440000             2.1241642E-05         1.0000000E+30                 0       
 NEXT SEEDS: A139BC6       0       0       0       0       0   11A83       4       0       0
    1600000                400000                400000             2.1236147E-05         1.0000000E+30                 0       
 NEXT SEEDS: A55B48D       0       0       0       0       0   11A83       4       0       0
    1640000                360000                360000             2.1233357E-05         1.0000000E+30                 0       
 NEXT SEEDS: A96CA84       0       0       0       0       0   11A83       4       0       0
    1680000                320000                320000             2.1685393E-05         1.0000000E+30                 0       
 NEXT SEEDS: ADA3366       0       0       0       0       0   11A83       4       0       0
    1720000                280000                280000             2.1747275E-05         1.0000000E+30                 0       
 NEXT SEEDS: B1C9E1D       0       0       0       0       0   11A83       4       0       0
    1760000                240000                240000             2.1735331E-05         1.0000000E+30                 0       
 NEXT SEEDS: B5D9854       0       0       0       0       0   11A83       4       0       0
    1800000                200000                200000             2.2061646E-05         1.0000000E+30                 0       
 NEXT SEEDS: B9FEBBC       0       0       0       0       0   11A83       4       0       0
    1840000                160000                160000             2.2427568E-05         1.0000000E+30                 0       
 NEXT SEEDS: BE27AF8       0       0       0       0       0   11A83       4       0       0
    1880000                120000                120000             2.2670489E-05         1.0000000E+30                 0       
 NEXT SEEDS: C243F64       0       0       0       0       0   11A83       4       0       0
  *** Eveneu: no downsc. group selected, cusngl, rsngl, igpr ***  0.99999994
  0.99999994 244
    1920000                 80000                 80000             2.2840278E-05         1.0000000E+30                 0       
 NEXT SEEDS: C660122       0       0       0       0       0   11A83       4       0       0
    1960000                 40000                 40000             2.3162294E-05         1.0000000E+30                 0       
 NEXT SEEDS: CA9C9DB       0       0       0       0       0   11A83       4       0       0
    1999950                    50                    50             2.3524511E-05         1.0000000E+30                 0       
 NEXT SEEDS: CEEA832       0       0       0       0       0   11A83       4       0       0
    1999951                    49                    49             2.3524499E-05         1.0000000E+30                 0       
 NEXT SEEDS: CEEA839       0       0       0       0       0   11A83       4       0       0
    1999952                    48                    48             2.3524488E-05         1.0000000E+30                 0       
 NEXT SEEDS: CEEA845       0       0       0       0       0   11A83       4       0       0
    1999953                    47                    47             2.3524975E-05         1.0000000E+30                 0       
 NEXT SEEDS: CEEA84C       0       0       0       0       0   11A83       4       0       0
    1999954                    46                    46             2.3524964E-05         1.0000000E+30                 0       
 NEXT SEEDS: CEEA8CD       0       0       0       0       0   11A83       4       0       0
    1999955                    45                    45             2.3524952E-05         1.0000000E+30                 0       
 NEXT SEEDS: CEEA8D9       0       0       0       0       0   11A83       4       0       0
    1999956                    44                    44             2.3524940E-05         1.0000000E+30                 0       
 NEXT SEEDS: CEEAA41       0       0       0       0       0   11A83       4       0       0
    1999957                    43                    43             2.3524928E-05         1.0000000E+30                 0       
 NEXT SEEDS: CEEAB73       0       0       0       0       0   11A83       4       0       0
    1999958                    42                    42             2.3524917E-05         1.0000000E+30                 0       
 NEXT SEEDS: CEEAE01       0       0       0       0       0   11A83       4       0       0
    1999959                    41                    41             2.3524905E-05         1.0000000E+30                 0       
 NEXT SEEDS: CEEAE35       0       0       0       0       0   11A83       4       0       0
    1999960                    40                    40             2.3525395E-05         1.0000000E+30                 0       
 NEXT SEEDS: CEEAEEA       0       0       0       0       0   11A83       4       0       0
    1999961                    39                    39             2.3525383E-05         1.0000000E+30                 0       
 NEXT SEEDS: CEEAF48       0       0       0       0       0   11A83       4       0       0
    1999962                    38                    38             2.3525371E-05         1.0000000E+30                 0       
 NEXT SEEDS: CEEAF54       0       0       0       0       0   11A83       4       0       0
    1999963                    37                    37             2.3525359E-05         1.0000000E+30                 0       
 NEXT SEEDS: CEEAF95       0       0       0       0       0   11A83       4       0       0
    1999964                    36                    36             2.3525348E-05         1.0000000E+30                 0       
 NEXT SEEDS: CEEAF9C       0       0       0       0       0   11A83       4       0       0
    1999965                    35                    35             2.3525336E-05         1.0000000E+30                 0       
 NEXT SEEDS: CEEAFA8       0       0       0       0       0   11A83       4       0       0
    1999966                    34                    34             2.3525824E-05         1.0000000E+30                 0       
 NEXT SEEDS: CEEAFB4       0       0       0       0       0   11A83       4       0       0
    1999967                    33                    33             2.3525812E-05         1.0000000E+30                 0       
 NEXT SEEDS: CEEAFCA       0       0       0       0       0   11A83       4       0       0
    1999968                    32                    32             2.3525800E-05         1.0000000E+30                 0       
 NEXT SEEDS: CEEB00E       0       0       0       0       0   11A83       4       0       0
    1999969                    31                    31             2.3525789E-05         1.0000000E+30                 0       
 NEXT SEEDS: CEEB04C       0       0       0       0       0   11A83       4       0       0
    1999970                    30                    30             2.3525777E-05         1.0000000E+30                 0       
 NEXT SEEDS: CEEB0A5       0       0       0       0       0   11A83       4       0       0
    1999971                    29                    29             2.3525765E-05         1.0000000E+30                 0       
 NEXT SEEDS: CEEB0AC       0       0       0       0       0   11A83       4       0       0
    1999972                    28                    28             2.3526253E-05         1.0000000E+30                 0       
 NEXT SEEDS: CEEB0C0       0       0       0       0       0   11A83       4       0       0
    1999973                    27                    27             2.3526241E-05         1.0000000E+30                 0       
 NEXT SEEDS: CEEB0F8       0       0       0       0       0   11A83       4       0       0
    1999974                    26                    26             2.3526230E-05         1.0000000E+30                 0       
 NEXT SEEDS: CEEB110       0       0       0       0       0   11A83       4       0       0
    1999975                    25                    25             2.3526218E-05         1.0000000E+30                 0       
 NEXT SEEDS: CEEB11F       0       0       0       0       0   11A83       4       0       0
    1999976                    24                    24             2.3526206E-05         1.0000000E+30                 0       
 NEXT SEEDS: CEEB133       0       0       0       0       0   11A83       4       0       0
    1999977                    23                    23             2.3526194E-05         1.0000000E+30                 0       
 NEXT SEEDS: CEEB147       0       0       0       0       0   11A83       4       0       0
    1999978                    22                    22             2.3526183E-05         1.0000000E+30                 0       
 NEXT SEEDS: CEEB187       0       0       0       0       0   11A83       4       0       0
    1999979                    21                    21             2.3527170E-05         1.0000000E+30                 0       
 NEXT SEEDS: CEEB245       0       0       0       0       0   11A83       4       0       0
    1999980                    20                    20             2.3527158E-05         1.0000000E+30                 0       
 NEXT SEEDS: CEEB28D       0       0       0       0       0   11A83       4       0       0
    1999981                    19                    19             2.3527147E-05         1.0000000E+30                 0       
 NEXT SEEDS: CEEB2B5       0       0       0       0       0   11A83       4       0       0
    1999982                    18                    18             2.3527135E-05         1.0000000E+30                 0       
 NEXT SEEDS: CEEB360       0       0       0       0       0   11A83       4       0       0
    1999983                    17                    17             2.3527123E-05         1.0000000E+30                 0       
 NEXT SEEDS: CEEB4E4       0       0       0       0       0   11A83       4       0       0
    1999984                    16                    16             2.3527111E-05         1.0000000E+30                 0       
 NEXT SEEDS: CEEB52F       0       0       0       0       0   11A83       4       0       0
    1999985                    15                    15             2.3527599E-05         1.0000000E+30                 0       
 NEXT SEEDS: CEEB53E       0       0       0       0       0   11A83       4       0       0
    1999986                    14                    14             2.3527588E-05         1.0000000E+30                 0       
 NEXT SEEDS: CEEB55C       0       0       0       0       0   11A83       4       0       0
    1999987                    13                    13             2.3527576E-05         1.0000000E+30                 0       
 NEXT SEEDS: CEEB5F2       0       0       0       0       0   11A83       4       0       0
    1999988                    12                    12             2.3527564E-05         1.0000000E+30                 0       
 NEXT SEEDS: CEEB611       0       0       0       0       0   11A83       4       0       0
    1999989                    11                    11             2.3527552E-05         1.0000000E+30                 0       
 NEXT SEEDS: CEEB62F       0       0       0       0       0   11A83       4       0       0
    1999990                    10                    10             2.3527541E-05         1.0000000E+30                 0       
 NEXT SEEDS: CEEB67F       0       0       0       0       0   11A83       4       0       0
    1999991                     9                     9             2.3528029E-05         1.0000000E+30                 0       
 NEXT SEEDS: CEEBEB3       0       0       0       0       0   11A83       4       0       0
    1999992                     8                     8             2.3528516E-05         1.0000000E+30                 0       
 NEXT SEEDS: CEEBEC2       0       0       0       0       0   11A83       4       0       0
    1999993                     7                     7             2.3529506E-05         1.0000000E+30                 0       
 NEXT SEEDS: CEEBEFF       0       0       0       0       0   11A83       4       0       0
    1999994                     6                     6             2.3529494E-05         1.0000000E+30                 0       
 NEXT SEEDS: CEEBF0B       0       0       0       0       0   11A83       4       0       0
    1999995                     5                     5             2.3529483E-05         1.0000000E+30                 0       
 NEXT SEEDS: CEEBF21       0       0       0       0       0   11A83       4       0       0
    1999996                     4                     4             2.3529471E-05         1.0000000E+30                 0       
 NEXT SEEDS: CEEBF9F       0       0       0       0       0   11A83       4       0       0
    1999997                     3                     3             2.3529459E-05         1.0000000E+30                 0       
 NEXT SEEDS: CEEBFA6       0       0       0       0       0   11A83       4       0       0
    1999998                     2                     2             2.3529447E-05         1.0000000E+30                 0       
 NEXT SEEDS: CEEC0E6       0       0       0       0       0   11A83       4       0       0
    1999999                     1                     1             2.3529435E-05         1.0000000E+30                 0       
 NEXT SEEDS: CEEC0F2       0       0       0       0       0   11A83       4       0       0
    2000000                     0                     1             2.3529424E-05         1.0000000E+30                 0       
 NEXT SEEDS: CEEC153       0       0       0       0       0   11A83       4       0       0
