1NUMBER OF BEAM       NUMBER OF BEAM        APPROXIMATE NUMBER    AVERAGE TIME USED     TIME LEFT (RESERVED   NUMBER OF STARS
 PARTICLES HANDLED    PARTICLES LEFT        OF BEAM PARTICLES     BY A BEAM PARTICLE     10000.0 SECONDS      CREATED
                                            THAT CAN STILL BE                           FOR PRINTOUT)
                                            HANDLED

 NEXT SEEDS: CEEC153       0       0       0       0       0   11A83       4       0       0
          1               1999999               1999999             0.0000000E+00         1.0000000E+30                 0       
 NEXT SEEDS: CEEC161       0       0       0       0       0   11A83       4       0       0
      40000               1960000               1960000             2.1646702E-05         1.0000000E+30                 0       
 NEXT SEEDS: D320AA7       0       0       0       0       0   11A83       4       0       0
      80000               1920000               1920000             2.1621716E-05         1.0000000E+30                 0       
 NEXT SEEDS: D74984D       0       0       0       0       0   11A83       4       0       0
     120000               1880000               1880000             2.2338267E-05         1.0000000E+30                 0       
 NEXT SEEDS: DB66327       0       0       0       0       0   11A83       4       0       0
     160000               1840000               1840000             2.5327402E-05         1.0000000E+30                 0       
 NEXT SEEDS: DF7D83F       0       0       0       0       0   11A83       4       0       0
     200000               1800000               1800000             2.6046042E-05         1.0000000E+30                 0       
 NEXT SEEDS: E3A7902       0       0       0       0       0   11A83       4       0       0
     240000               1760000               1760000             2.7016727E-05         1.0000000E+30                 0       
 NEXT SEEDS: E7B442A       0       0       0       0       0   11A83       4       0       0
     280000               1720000               1720000             2.7510105E-05         1.0000000E+30                 0       
 NEXT SEEDS: EBB61AB       0       0       0       0       0   11A83       4       0       0
     320000               1680000               1680000             2.7173993E-05         1.0000000E+30                 0       
 NEXT SEEDS: EFDB2A0       0       0       0       0       0   11A83       4       0       0
     360000               1640000               1640000             2.6615397E-05         1.0000000E+30                 0       
 NEXT SEEDS: F3FFBB4       0       0       0       0       0   11A83       4       0       0
     400000               1600000               1600000             2.6480973E-05         1.0000000E+30                 0       
 NEXT SEEDS: F825FF7       0       0       0       0       0   11A83       4       0       0
     440000               1560000               1560000             2.6007410E-05         1.0000000E+30                 0       
 NEXT SEEDS: FC396B8       0       0       0       0       0   11A83       4       0       0
     480000               1520000               1520000             2.5706510E-05         1.0000000E+30                 0       
 NEXT SEEDS:1005CFAC       0       0       0       0       0   11A83       4       0       0
     520000               1480000               1480000             2.5351913E-05         1.0000000E+30                 0       
 NEXT SEEDS:1047624A       0       0       0       0       0   11A83       4       0       0
     560000               1440000               1440000             2.5047977E-05         1.0000000E+30                 0       
 NEXT SEEDS:108A2922       0       0       0       0       0   11A83       4       0       0
     600000               1400000               1400000             2.4796232E-05         1.0000000E+30                 0       
 NEXT SEEDS:10CC5F85       0       0       0       0       0   11A83       4       0       0
     640000               1360000               1360000             2.4574390E-05         1.0000000E+30                 0       
 NEXT SEEDS:110E4F32       0       0       0       0       0   11A83       4       0       0
     680000               1320000               1320000             2.4346298E-05         1.0000000E+30                 0       
 NEXT SEEDS:114F71D3       0       0       0       0       0   11A83       4       0       0
     720000               1280000               1280000             2.4165771E-05         1.0000000E+30                 0       
 NEXT SEEDS:1191852B       0       0       0       0       0   11A83       4       0       0
     760000               1240000               1240000             2.4000298E-05         1.0000000E+30                 0       
 NEXT SEEDS:11D39CA6       0       0       0       0       0   11A83       4       0       0
     800000               1200000               1200000             2.3857622E-05         1.0000000E+30                 0       
 NEXT SEEDS:1215E53C       0       0       0       0       0   11A83       4       0       0
     840000               1160000               1160000             2.3736867E-05         1.0000000E+30                 0       
 NEXT SEEDS:12583FFC       0       0       0       0       0   11A83       4       0       0
     880000               1120000               1120000             2.3618000E-05         1.0000000E+30                 0       
 NEXT SEEDS:129AD630       0       0       0       0       0   11A83       4       0       0
     920000               1080000               1080000             2.3520337E-05         1.0000000E+30                 0       
 NEXT SEEDS:12DD4CAA       0       0       0       0       0   11A83       4       0       0
     960000               1040000               1040000             2.3440186E-05         1.0000000E+30                 0       
 NEXT SEEDS:1320CE4D       0       0       0       0       0   11A83       4       0       0
    1000000               1000000               1000000             2.3344452E-05         1.0000000E+30                 0       
 NEXT SEEDS:13629B91       0       0       0       0       0   11A83       4       0       0
    1040000                960000                960000             2.3272423E-05         1.0000000E+30                 0       
 NEXT SEEDS:13A61D56       0       0       0       0       0   11A83       4       0       0
    1080000                920000                920000             2.3190919E-05         1.0000000E+30                 0       
 NEXT SEEDS:13E86044       0       0       0       0       0   11A83       4       0       0
    1120000                880000                880000             2.3117021E-05         1.0000000E+30                 0       
 NEXT SEEDS:142A101A       0       0       0       0       0   11A83       4       0       0
    1160000                840000                840000             2.3062874E-05         1.0000000E+30                 0       
 NEXT SEEDS:146DB06F       0       0       0       0       0   11A83       4       0       0
    1200000                800000                800000             2.3143981E-05         1.0000000E+30                 0       
 NEXT SEEDS:14B08EA7       0       0       0       0       0   11A83       4       0       0
    1240000                760000                760000             2.3578675E-05         1.0000000E+30                 0       
 NEXT SEEDS:14F14961       0       0       0       0       0   11A83       4       0       0
    1280000                720000                720000             2.3520643E-05         1.0000000E+30                 0       
 NEXT SEEDS:1533B428       0       0       0       0       0   11A83       4       0       0
    1320000                680000                680000             2.3453253E-05         1.0000000E+30                 0       
 NEXT SEEDS:1574E5F5       0       0       0       0       0   11A83       4       0       0
    1360000                640000                640000             2.3461140E-05         1.0000000E+30                 0       
 NEXT SEEDS:15B6A049       0       0       0       0       0   11A83       4       0       0
    1400000                600000                600000             2.3432151E-05         1.0000000E+30                 0       
 NEXT SEEDS:15F8CEE9       0       0       0       0       0   11A83       4       0       0
    1440000                560000                560000             2.3420050E-05         1.0000000E+30                 0       
 NEXT SEEDS:163BEEE1       0       0       0       0       0   11A83       4       0       0
    1480000                520000                520000             2.3358611E-05         1.0000000E+30                 0       
 NEXT SEEDS:167E3EE1       0       0       0       0       0   11A83       4       0       0
    1520000                480000                480000             2.3427358E-05         1.0000000E+30                 0       
 NEXT SEEDS:16C18199       0       0       0       0       0   11A83       4       0       0
    1560000                440000                440000             2.3641278E-05         1.0000000E+30                 0       
 NEXT SEEDS:17027949       0       0       0       0       0   11A83       4       0       0
    1600000                400000                400000             2.3640780E-05         1.0000000E+30                 0       
 NEXT SEEDS:1745CBBE       0       0       0       0       0   11A83       4       0       0
    1640000                360000                360000             2.4028664E-05         1.0000000E+30                 0       
 NEXT SEEDS:1788C297       0       0       0       0       0   11A83       4       0       0
    1680000                320000                320000             2.4043964E-05         1.0000000E+30                 0       
 NEXT SEEDS:17C9DE53       0       0       0       0       0   11A83       4       0       0
    1720000                280000                280000             2.4039949E-05         1.0000000E+30                 0       
 NEXT SEEDS:180BF91D       0       0       0       0       0   11A83       4       0       0
    1760000                240000                240000             2.4144623E-05         1.0000000E+30                 0       
 NEXT SEEDS:185038DA       0       0       0       0       0   11A83       4       0       0
    1800000                200000                200000             2.4333524E-05         1.0000000E+30                 0       
 NEXT SEEDS:189288E2       0       0       0       0       0   11A83       4       0       0
    1840000                160000                160000             2.4333257E-05         1.0000000E+30                 0       
 NEXT SEEDS:18D5430E       0       0       0       0       0   11A83       4       0       0
    1880000                120000                120000             2.4266523E-05         1.0000000E+30                 0       
 NEXT SEEDS:1916F234       0       0       0       0       0   11A83       4       0       0
    1920000                 80000                 80000             2.4261938E-05         1.0000000E+30                 0       
 NEXT SEEDS:19584D6A       0       0       0       0       0   11A83       4       0       0
    1960000                 40000                 40000             2.4210095E-05         1.0000000E+30                 0       
 NEXT SEEDS:199A95BC       0       0       0       0       0   11A83       4       0       0
    1999950                    50                    50             2.4174429E-05         1.0000000E+30                 0       
 NEXT SEEDS:19DC47BE       0       0       0       0       0   11A83       4       0       0
    1999951                    49                    49             2.4174417E-05         1.0000000E+30                 0       
 NEXT SEEDS:19DC47FA       0       0       0       0       0   11A83       4       0       0
    1999952                    48                    48             2.4174404E-05         1.0000000E+30                 0       
 NEXT SEEDS:19DC481C       0       0       0       0       0   11A83       4       0       0
    1999953                    47                    47             2.4174392E-05         1.0000000E+30                 0       
 NEXT SEEDS:19DC485D       0       0       0       0       0   11A83       4       0       0
    1999954                    46                    46             2.4174380E-05         1.0000000E+30                 0       
 NEXT SEEDS:19DC4869       0       0       0       0       0   11A83       4       0       0
    1999955                    45                    45             2.4174368E-05         1.0000000E+30                 0       
 NEXT SEEDS:19DC489D       0       0       0       0       0   11A83       4       0       0
    1999956                    44                    44             2.4174356E-05         1.0000000E+30                 0       
 NEXT SEEDS:19DC492F       0       0       0       0       0   11A83       4       0       0
    1999957                    43                    43             2.4174344E-05         1.0000000E+30                 0       
 NEXT SEEDS:19DC49C7       0       0       0       0       0   11A83       4       0       0
    1999958                    42                    42             2.4174332E-05         1.0000000E+30                 0       
 NEXT SEEDS:19DC49DB       0       0       0       0       0   11A83       4       0       0
    1999959                    41                    41             2.4174320E-05         1.0000000E+30                 0       
 NEXT SEEDS:19DC4A03       0       0       0       0       0   11A83       4       0       0
    1999960                    40                    40             2.4174308E-05         1.0000000E+30                 0       
 NEXT SEEDS:19DC4A11       0       0       0       0       0   11A83       4       0       0
    1999961                    39                    39             2.4174296E-05         1.0000000E+30                 0       
 NEXT SEEDS:19DC4A25       0       0       0       0       0   11A83       4       0       0
    1999962                    38                    38             2.4174284E-05         1.0000000E+30                 0       
 NEXT SEEDS:19DC4A60       0       0       0       0       0   11A83       4       0       0
    1999963                    37                    37             2.4174272E-05         1.0000000E+30                 0       
 NEXT SEEDS:19DC5431       0       0       0       0       0   11A83       4       0       0
    1999964                    36                    36             2.4174259E-05         1.0000000E+30                 0       
 NEXT SEEDS:19DC5476       0       0       0       0       0   11A83       4       0       0
    1999965                    35                    35             2.4174747E-05         1.0000000E+30                 0       
 NEXT SEEDS:19DC5CC8       0       0       0       0       0   11A83       4       0       0
    1999966                    34                    34             2.4174735E-05         1.0000000E+30                 0       
 NEXT SEEDS:19DC5CCF       0       0       0       0       0   11A83       4       0       0
    1999967                    33                    33             2.4174723E-05         1.0000000E+30                 0       
 NEXT SEEDS:19DC5CDB       0       0       0       0       0   11A83       4       0       0
    1999968                    32                    32             2.4174711E-05         1.0000000E+30                 0       
 NEXT SEEDS:19DC5D09       0       0       0       0       0   11A83       4       0       0
    1999969                    31                    31             2.4174699E-05         1.0000000E+30                 0       
 NEXT SEEDS:19DC5D3E       0       0       0       0       0   11A83       4       0       0
    1999970                    30                    30             2.4174687E-05         1.0000000E+30                 0       
 NEXT SEEDS:19DC5D5A       0       0       0       0       0   11A83       4       0       0
    1999971                    29                    29             2.4174675E-05         1.0000000E+30                 0       
 NEXT SEEDS:19DC5DCE       0       0       0       0       0   11A83       4       0       0
    1999972                    28                    28             2.4174662E-05         1.0000000E+30                 0       
 NEXT SEEDS:19DC5DD5       0       0       0       0       0   11A83       4       0       0
    1999973                    27                    27             2.4174650E-05         1.0000000E+30                 0       
 NEXT SEEDS:19DC5E13       0       0       0       0       0   11A83       4       0       0
    1999974                    26                    26             2.4174638E-05         1.0000000E+30                 0       
 NEXT SEEDS:19DC5F0B       0       0       0       0       0   11A83       4       0       0
    1999975                    25                    25             2.4174626E-05         1.0000000E+30                 0       
 NEXT SEEDS:19DC5F42       0       0       0       0       0   11A83       4       0       0
    1999976                    24                    24             2.4174614E-05         1.0000000E+30                 0       
 NEXT SEEDS:19DC5F79       0       0       0       0       0   11A83       4       0       0
    1999977                    23                    23             2.4174602E-05         1.0000000E+30                 0       
 NEXT SEEDS:19DC5F87       0       0       0       0       0   11A83       4       0       0
    1999978                    22                    22             2.4174590E-05         1.0000000E+30                 0       
 NEXT SEEDS:19DC5FAB       0       0       0       0       0   11A83       4       0       0
    1999979                    21                    21             2.4174578E-05         1.0000000E+30                 0       
 NEXT SEEDS:19DC5FDF       0       0       0       0       0   11A83       4       0       0
    1999980                    20                    20             2.4174566E-05         1.0000000E+30                 0       
 NEXT SEEDS:19DC5FF6       0       0       0       0       0   11A83       4       0       0
    1999981                    19                    19             2.4174554E-05         1.0000000E+30                 0       
 NEXT SEEDS:19DC6032       0       0       0       0       0   11A83       4       0       0
    1999982                    18                    18             2.4174542E-05         1.0000000E+30                 0       
 NEXT SEEDS:19DC612E       0       0       0       0       0   11A83       4       0       0
    1999983                    17                    17             2.4174530E-05         1.0000000E+30                 0       
 NEXT SEEDS:19DC613A       0       0       0       0       0   11A83       4       0       0
    1999984                    16                    16             2.4174517E-05         1.0000000E+30                 0       
 NEXT SEEDS:19DC6191       0       0       0       0       0   11A83       4       0       0
    1999985                    15                    15             2.4174505E-05         1.0000000E+30                 0       
 NEXT SEEDS:19DC61B1       0       0       0       0       0   11A83       4       0       0
    1999986                    14                    14             2.4174493E-05         1.0000000E+30                 0       
 NEXT SEEDS:19DC622D       0       0       0       0       0   11A83       4       0       0
    1999987                    13                    13             2.4174481E-05         1.0000000E+30                 0       
 NEXT SEEDS:19DC6280       0       0       0       0       0   11A83       4       0       0
    1999988                    12                    12             2.4174469E-05         1.0000000E+30                 0       
 NEXT SEEDS:19DC628E       0       0       0       0       0   11A83       4       0       0
    1999989                    11                    11             2.4174457E-05         1.0000000E+30                 0       
 NEXT SEEDS:19DC629D       0       0       0       0       0   11A83       4       0       0
    1999990                    10                    10             2.4174445E-05         1.0000000E+30                 0       
 NEXT SEEDS:19DC62B1       0       0       0       0       0   11A83       4       0       0
    1999991                     9                     9             2.4174433E-05         1.0000000E+30                 0       
 NEXT SEEDS:19DC62C7       0       0       0       0       0   11A83       4       0       0
    1999992                     8                     8             2.4174421E-05         1.0000000E+30                 0       
 NEXT SEEDS:19DC62D3       0       0       0       0       0   11A83       4       0       0
    1999993                     7                     7             2.4174409E-05         1.0000000E+30                 0       
 NEXT SEEDS:19DC6465       0       0       0       0       0   11A83       4       0       0
    1999994                     6                     6             2.4174397E-05         1.0000000E+30                 0       
 NEXT SEEDS:19DC6481       0       0       0       0       0   11A83       4       0       0
    1999995                     5                     5             2.4174384E-05         1.0000000E+30                 0       
 NEXT SEEDS:19DC64A8       0       0       0       0       0   11A83       4       0       0
    1999996                     4                     4             2.4174872E-05         1.0000000E+30                 0       
 NEXT SEEDS:19DC64B6       0       0       0       0       0   11A83       4       0       0
    1999997                     3                     3             2.4174860E-05         1.0000000E+30                 0       
 NEXT SEEDS:19DC64CF       0       0       0       0       0   11A83       4       0       0
    1999998                     2                     2             2.4175350E-05         1.0000000E+30                 0       
 NEXT SEEDS:19DC64D6       0       0       0       0       0   11A83       4       0       0
    1999999                     1                     1             2.4175337E-05         1.0000000E+30                 0       
 NEXT SEEDS:19DC64E2       0       0       0       0       0   11A83       4       0       0
    2000000                     0                     1             2.4175325E-05         1.0000000E+30                 0       
 NEXT SEEDS:19DC655A       0       0       0       0       0   11A83       4       0       0
