1NUMBER OF BEAM       NUMBER OF BEAM        APPROXIMATE NUMBER    AVERAGE TIME USED     TIME LEFT (RESERVED   NUMBER OF STARS
 PARTICLES HANDLED    PARTICLES LEFT        OF BEAM PARTICLES     BY A BEAM PARTICLE     10000.0 SECONDS      CREATED
                                            THAT CAN STILL BE                           FOR PRINTOUT)
                                            HANDLED

 NEXT SEEDS:19DC655A       0       0       0       0       0   11A83       4       0       0
          1               1999999               1999999             0.0000000E+00         1.0000000E+30                 0       
 NEXT SEEDS:19DC65C7       0       0       0       0       0   11A83       4       0       0
      40000               1960000               1960000             2.2396600E-05         1.0000000E+30                 0       
 NEXT SEEDS:1A1D5F7F       0       0       0       0       0   11A83       4       0       0
      80000               1920000               1920000             2.2196627E-05         1.0000000E+30                 0       
 NEXT SEEDS:1A6096FC       0       0       0       0       0   11A83       4       0       0
     120000               1880000               1880000             2.2879863E-05         1.0000000E+30                 0       
 NEXT SEEDS:1AA30EA0       0       0       0       0       0   11A83       4       0       0
     160000               1840000               1840000             2.6664698E-05         1.0000000E+30                 0       
 NEXT SEEDS:1AE5BCC0       0       0       0       0       0   11A83       4       0       0
     200000               1800000               1800000             2.5651102E-05         1.0000000E+30                 0       
 NEXT SEEDS:1B281957       0       0       0       0       0   11A83       4       0       0
     240000               1760000               1760000             2.5029528E-05         1.0000000E+30                 0       
 NEXT SEEDS:1B6B1CD1       0       0       0       0       0   11A83       4       0       0
     280000               1720000               1720000             2.4889074E-05         1.0000000E+30                 0       
 NEXT SEEDS:1BAE3C11       0       0       0       0       0   11A83       4       0       0
     320000               1680000               1680000             2.4611884E-05         1.0000000E+30                 0       
 NEXT SEEDS:1BF01F02       0       0       0       0       0   11A83       4       0       0
     360000               1640000               1640000             2.4343522E-05         1.0000000E+30                 0       
 NEXT SEEDS:1C315F38       0       0       0       0       0   11A83       4       0       0
     400000               1600000               1600000             2.4023848E-05         1.0000000E+30                 0       
 NEXT SEEDS:1C735B04       0       0       0       0       0   11A83       4       0       0
     440000               1560000               1560000             2.4430377E-05         1.0000000E+30                 0       
 NEXT SEEDS:1CB552A2       0       0       0       0       0   11A83       4       0       0
     480000               1520000               1520000             2.5154509E-05         1.0000000E+30                 0       
 NEXT SEEDS:1CF72582       0       0       0       0       0   11A83       4       0       0
     520000               1480000               1480000             2.4888525E-05         1.0000000E+30                 0       
 NEXT SEEDS:1D39B46C       0       0       0       0       0   11A83       4       0       0
     560000               1440000               1440000             2.4624830E-05         1.0000000E+30                 0       
 NEXT SEEDS:1D7B33D1       0       0       0       0       0   11A83       4       0       0
     600000               1400000               1400000             2.4631254E-05         1.0000000E+30                 0       
 NEXT SEEDS:1DBD5E6E       0       0       0       0       0   11A83       4       0       0
     640000               1360000               1360000             2.4443160E-05         1.0000000E+30                 0       
 NEXT SEEDS:1DFE5234       0       0       0       0       0   11A83       4       0       0
     680000               1320000               1320000             2.4687423E-05         1.0000000E+30                 0       
 NEXT SEEDS:1E407556       0       0       0       0       0   11A83       4       0       0
     720000               1280000               1280000             2.5228110E-05         1.0000000E+30                 0       
 NEXT SEEDS:1E82C1DA       0       0       0       0       0   11A83       4       0       0
     760000               1240000               1240000             2.5038299E-05         1.0000000E+30                 0       
 NEXT SEEDS:1EC56D9E       0       0       0       0       0   11A83       4       0       0
     800000               1200000               1200000             2.4851223E-05         1.0000000E+30                 0       
 NEXT SEEDS:1F06403E       0       0       0       0       0   11A83       4       0       0
     840000               1160000               1160000             2.4843844E-05         1.0000000E+30                 0       
 NEXT SEEDS:1F4831CC       0       0       0       0       0   11A83       4       0       0
     880000               1120000               1120000             2.5424544E-05         1.0000000E+30                 0       
 NEXT SEEDS:1F8A940F       0       0       0       0       0   11A83       4       0       0
     920000               1080000               1080000             2.5424396E-05         1.0000000E+30                 0       
 NEXT SEEDS:1FCCBF34       0       0       0       0       0   11A83       4       0       0
     960000               1040000               1040000             2.5255536E-05         1.0000000E+30                 0       
 NEXT SEEDS:200F2169       0       0       0       0       0   11A83       4       0       0
    1000000               1000000               1000000             2.5124181E-05         1.0000000E+30                 0       
 NEXT SEEDS:2050B0EA       0       0       0       0       0   11A83       4       0       0
    1040000                960000                960000             2.5089456E-05         1.0000000E+30                 0       
 NEXT SEEDS:20937F59       0       0       0       0       0   11A83       4       0       0
    1080000                920000                920000             2.5036009E-05         1.0000000E+30                 0       
 NEXT SEEDS:20D73A32       0       0       0       0       0   11A83       4       0       0
    1120000                880000                880000             2.4898000E-05         1.0000000E+30                 0       
 NEXT SEEDS:2118EB70       0       0       0       0       0   11A83       4       0       0
    1160000                840000                840000             2.4772097E-05         1.0000000E+30                 0       
 NEXT SEEDS:215B6EEC       0       0       0       0       0   11A83       4       0       0
    1200000                800000                800000             2.4676249E-05         1.0000000E+30                 0       
 NEXT SEEDS:219F356B       0       0       0       0       0   11A83       4       0       0
    1240000                760000                760000             2.4562395E-05         1.0000000E+30                 0       
 NEXT SEEDS:21E11ACD       0       0       0       0       0   11A83       4       0       0
    1280000                720000                720000             2.4561109E-05         1.0000000E+30                 0       
 NEXT SEEDS:2223236B       0       0       0       0       0   11A83       4       0       0
    1320000                680000                680000             2.4859101E-05         1.0000000E+30                 0       
 NEXT SEEDS:226621F4       0       0       0       0       0   11A83       4       0       0
    1360000                640000                640000             2.4761676E-05         1.0000000E+30                 0       
 NEXT SEEDS:22A82F28       0       0       0       0       0   11A83       4       0       0
    1400000                600000                600000             2.4658393E-05         1.0000000E+30                 0       
 NEXT SEEDS:22E945E4       0       0       0       0       0   11A83       4       0       0
    1440000                560000                560000             2.5017724E-05         1.0000000E+30                 0       
 NEXT SEEDS:232AE400       0       0       0       0       0   11A83       4       0       0
    1480000                520000                520000             2.5165769E-05         1.0000000E+30                 0       
 NEXT SEEDS:236CC6D1       0       0       0       0       0   11A83       4       0       0
    1520000                480000                480000             2.5396798E-05         1.0000000E+30                 0       
 NEXT SEEDS:23AEBA75       0       0       0       0       0   11A83       4       0       0
    1560000                440000                440000             2.5335893E-05         1.0000000E+30                 0       
 NEXT SEEDS:23EE5F71       0       0       0       0       0   11A83       4       0       0
    1600000                400000                400000             2.5283031E-05         1.0000000E+30                 0       
 NEXT SEEDS:24314D0B       0       0       0       0       0   11A83       4       0       0
    1640000                360000                360000             2.5299811E-05         1.0000000E+30                 0       
 NEXT SEEDS:2473E31A       0       0       0       0       0   11A83       4       0       0
    1680000                320000                320000             2.5360429E-05         1.0000000E+30                 0       
 NEXT SEEDS:24B58D12       0       0       0       0       0   11A83       4       0       0
    1720000                280000                280000             2.5536816E-05         1.0000000E+30                 0       
 NEXT SEEDS:24F8C37D       0       0       0       0       0   11A83       4       0       0
    1760000                240000                240000             2.5437042E-05         1.0000000E+30                 0       
 NEXT SEEDS:253A30BC       0       0       0       0       0   11A83       4       0       0
    1800000                200000                200000             2.5352812E-05         1.0000000E+30                 0       
 NEXT SEEDS:257D6F2F       0       0       0       0       0   11A83       4       0       0
    1840000                160000                160000             2.5327128E-05         1.0000000E+30                 0       
 NEXT SEEDS:25BE2905       0       0       0       0       0   11A83       4       0       0
    1880000                120000                120000             2.5259989E-05         1.0000000E+30                 0       
 NEXT SEEDS:260201E5       0       0       0       0       0   11A83       4       0       0
    1920000                 80000                 80000             2.5202419E-05         1.0000000E+30                 0       
 NEXT SEEDS:264525E4       0       0       0       0       0   11A83       4       0       0
    1960000                 40000                 40000             2.5116589E-05         1.0000000E+30                 0       
 NEXT SEEDS:26868EB6       0       0       0       0       0   11A83       4       0       0
    1999950                    50                    50             2.5036320E-05         1.0000000E+30                 0       
 NEXT SEEDS:26C7DE62       0       0       0       0       0   11A83       4       0       0
    1999951                    49                    49             2.5036307E-05         1.0000000E+30                 0       
 NEXT SEEDS:26C7DE6E       0       0       0       0       0   11A83       4       0       0
    1999952                    48                    48             2.5036295E-05         1.0000000E+30                 0       
 NEXT SEEDS:26C7DE95       0       0       0       0       0   11A83       4       0       0
    1999953                    47                    47             2.5036782E-05         1.0000000E+30                 0       
 NEXT SEEDS:26C7DEAC       0       0       0       0       0   11A83       4       0       0
    1999954                    46                    46             2.5036769E-05         1.0000000E+30                 0       
 NEXT SEEDS:26C7DEB8       0       0       0       0       0   11A83       4       0       0
    1999955                    45                    45             2.5037256E-05         1.0000000E+30                 0       
 NEXT SEEDS:26C7DEDC       0       0       0       0       0   11A83       4       0       0
    1999956                    44                    44             2.5037244E-05         1.0000000E+30                 0       
 NEXT SEEDS:26C7DEF0       0       0       0       0       0   11A83       4       0       0
    1999957                    43                    43             2.5037231E-05         1.0000000E+30                 0       
 NEXT SEEDS:26C7DEFC       0       0       0       0       0   11A83       4       0       0
    1999958                    42                    42             2.5037219E-05         1.0000000E+30                 0       
 NEXT SEEDS:26C7DF20       0       0       0       0       0   11A83       4       0       0
    1999959                    41                    41             2.5037206E-05         1.0000000E+30                 0       
 NEXT SEEDS:26C7DFA5       0       0       0       0       0   11A83       4       0       0
    1999960                    40                    40             2.5037194E-05         1.0000000E+30                 0       
 NEXT SEEDS:26C7E088       0       0       0       0       0   11A83       4       0       0
    1999961                    39                    39             2.5037181E-05         1.0000000E+30                 0       
 NEXT SEEDS:26C7E15D       0       0       0       0       0   11A83       4       0       0
    1999962                    38                    38             2.5037169E-05         1.0000000E+30                 0       
 NEXT SEEDS:26C7E19A       0       0       0       0       0   11A83       4       0       0
    1999963                    37                    37             2.5037156E-05         1.0000000E+30                 0       
 NEXT SEEDS:26C7E1AC       0       0       0       0       0   11A83       4       0       0
    1999964                    36                    36             2.5037144E-05         1.0000000E+30                 0       
 NEXT SEEDS:26C7E209       0       0       0       0       0   11A83       4       0       0
    1999965                    35                    35             2.5037131E-05         1.0000000E+30                 0       
 NEXT SEEDS:26C7E6B6       0       0       0       0       0   11A83       4       0       0
    1999966                    34                    34             2.5037119E-05         1.0000000E+30                 0       
 NEXT SEEDS:26C7E6C2       0       0       0       0       0   11A83       4       0       0
    1999967                    33                    33             2.5037106E-05         1.0000000E+30                 0       
 NEXT SEEDS:26C7E6D6       0       0       0       0       0   11A83       4       0       0
    1999968                    32                    32             2.5037094E-05         1.0000000E+30                 0       
 NEXT SEEDS:26C7E785       0       0       0       0       0   11A83       4       0       0
    1999969                    31                    31             2.5037081E-05         1.0000000E+30                 0       
 NEXT SEEDS:26C7E7BE       0       0       0       0       0   11A83       4       0       0
    1999970                    30                    30             2.5037069E-05         1.0000000E+30                 0       
 NEXT SEEDS:26C7E7CE       0       0       0       0       0   11A83       4       0       0
    1999971                    29                    29             2.5037056E-05         1.0000000E+30                 0       
 NEXT SEEDS:26C7E80C       0       0       0       0       0   11A83       4       0       0
    1999972                    28                    28             2.5037545E-05         1.0000000E+30                 0       
 NEXT SEEDS:26C7EB67       0       0       0       0       0   11A83       4       0       0
    1999973                    27                    27             2.5037533E-05         1.0000000E+30                 0       
 NEXT SEEDS:26C7EB75       0       0       0       0       0   11A83       4       0       0
    1999974                    26                    26             2.5038020E-05         1.0000000E+30                 0       
 NEXT SEEDS:26C7EB96       0       0       0       0       0   11A83       4       0       0
    1999975                    25                    25             2.5038507E-05         1.0000000E+30                 0       
 NEXT SEEDS:26C7EBAA       0       0       0       0       0   11A83       4       0       0
    1999976                    24                    24             2.5038495E-05         1.0000000E+30                 0       
 NEXT SEEDS:26C7EBD5       0       0       0       0       0   11A83       4       0       0
    1999977                    23                    23             2.5038482E-05         1.0000000E+30                 0       
 NEXT SEEDS:26C7EBE9       0       0       0       0       0   11A83       4       0       0
    1999978                    22                    22             2.5038470E-05         1.0000000E+30                 0       
 NEXT SEEDS:26C7ECB2       0       0       0       0       0   11A83       4       0       0
    1999979                    21                    21             2.5038457E-05         1.0000000E+30                 0       
 NEXT SEEDS:26C7ED2F       0       0       0       0       0   11A83       4       0       0
    1999980                    20                    20             2.5038445E-05         1.0000000E+30                 0       
 NEXT SEEDS:26C7ED43       0       0       0       0       0   11A83       4       0       0
    1999981                    19                    19             2.5038432E-05         1.0000000E+30                 0       
 NEXT SEEDS:26C7ED85       0       0       0       0       0   11A83       4       0       0
    1999982                    18                    18             2.5038420E-05         1.0000000E+30                 0       
 NEXT SEEDS:26C7EDBF       0       0       0       0       0   11A83       4       0       0
    1999983                    17                    17             2.5038407E-05         1.0000000E+30                 0       
 NEXT SEEDS:26C7EDD3       0       0       0       0       0   11A83       4       0       0
    1999984                    16                    16             2.5038394E-05         1.0000000E+30                 0       
 NEXT SEEDS:26C7EDE2       0       0       0       0       0   11A83       4       0       0
    1999985                    15                    15             2.5038382E-05         1.0000000E+30                 0       
 NEXT SEEDS:26C7EDFE       0       0       0       0       0   11A83       4       0       0
    1999986                    14                    14             2.5038369E-05         1.0000000E+30                 0       
 NEXT SEEDS:26C7EE25       0       0       0       0       0   11A83       4       0       0
    1999987                    13                    13             2.5038357E-05         1.0000000E+30                 0       
 NEXT SEEDS:26C7EE31       0       0       0       0       0   11A83       4       0       0
    1999988                    12                    12             2.5038344E-05         1.0000000E+30                 0       
 NEXT SEEDS:26C7EE61       0       0       0       0       0   11A83       4       0       0
    1999989                    11                    11             2.5038332E-05         1.0000000E+30                 0       
 NEXT SEEDS:26C7EE80       0       0       0       0       0   11A83       4       0       0
    1999990                    10                    10             2.5038819E-05         1.0000000E+30                 0       
 NEXT SEEDS:26C7EE8C       0       0       0       0       0   11A83       4       0       0
    1999991                     9                     9             2.5038807E-05         1.0000000E+30                 0       
 NEXT SEEDS:26C7EEA8       0       0       0       0       0   11A83       4       0       0
    1999992                     8                     8             2.5038794E-05         1.0000000E+30                 0       
 NEXT SEEDS:26C7EEE4       0       0       0       0       0   11A83       4       0       0
    1999993                     7                     7             2.5038782E-05         1.0000000E+30                 0       
 NEXT SEEDS:26C7EEF0       0       0       0       0       0   11A83       4       0       0
    1999994                     6                     6             2.5038769E-05         1.0000000E+30                 0       
 NEXT SEEDS:26C7EEFC       0       0       0       0       0   11A83       4       0       0
    1999995                     5                     5             2.5038757E-05         1.0000000E+30                 0       
 NEXT SEEDS:26C7EF03       0       0       0       0       0   11A83       4       0       0
    1999996                     4                     4             2.5038744E-05         1.0000000E+30                 0       
 NEXT SEEDS:26C7EFDF       0       0       0       0       0   11A83       4       0       0
    1999997                     3                     3             2.5038731E-05         1.0000000E+30                 0       
 NEXT SEEDS:26C7EFEE       0       0       0       0       0   11A83       4       0       0
    1999998                     2                     2             2.5038719E-05         1.0000000E+30                 0       
 NEXT SEEDS:26C7F02B       0       0       0       0       0   11A83       4       0       0
    1999999                     1                     1             2.5038706E-05         1.0000000E+30                 0       
 NEXT SEEDS:26C7F037       0       0       0       0       0   11A83       4       0       0
    2000000                     0                     1             2.5038694E-05         1.0000000E+30                 0       
 NEXT SEEDS:26C7F062       0       0       0       0       0   11A83       4       0       0
