1NUMBER OF BEAM       NUMBER OF BEAM        APPROXIMATE NUMBER    AVERAGE TIME USED     TIME LEFT (RESERVED   NUMBER OF STARS
 PARTICLES HANDLED    PARTICLES LEFT        OF BEAM PARTICLES     BY A BEAM PARTICLE     10000.0 SECONDS      CREATED
                                            THAT CAN STILL BE                           FOR PRINTOUT)
                                            HANDLED

 NEXT SEEDS: 9F067AE       0       0       0       0       0   11A82       4       0       0
          1               1999999               1999999             0.0000000E+00         1.0000000E+30                 0       
 NEXT SEEDS: 9F067CD       0       0       0       0       0   11A82       4       0       0
      40000               1960000               1960000             3.0670345E-05         1.0000000E+30                 0       
 NEXT SEEDS: A2312B5       0       0       0       0       0   11A82       4       0       0
      80000               1920000               1920000             2.4746239E-05         1.0000000E+30                 0       
 NEXT SEEDS: A55F87C       0       0       0       0       0   11A82       4       0       0
     120000               1880000               1880000             2.6445981E-05         1.0000000E+30                 0       
 NEXT SEEDS: A892839       0       0       0       0       0   11A82       4       0       0
     160000               1840000               1840000             2.7252105E-05         1.0000000E+30                 0       
 NEXT SEEDS: ABCBF3D       0       0       0       0       0   11A82       4       0       0
     200000               1800000               1800000             2.8490670E-05         1.0000000E+30                 0       
 NEXT SEEDS: AEF7985       0       0       0       0       0   11A82       4       0       0
     240000               1760000               1760000             2.8924769E-05         1.0000000E+30                 0       
 NEXT SEEDS: B228206       0       0       0       0       0   11A82       4       0       0
     280000               1720000               1720000             2.7463683E-05         1.0000000E+30                 0       
 NEXT SEEDS: B563E26       0       0       0       0       0   11A82       4       0       0
     320000               1680000               1680000             2.6433481E-05         1.0000000E+30                 0       
 NEXT SEEDS: B893634       0       0       0       0       0   11A82       4       0       0
     360000               1640000               1640000             2.5743308E-05         1.0000000E+30                 0       
 NEXT SEEDS: BBC59A2       0       0       0       0       0   11A82       4       0       0
     400000               1600000               1600000             2.5198671E-05         1.0000000E+30                 0       
 NEXT SEEDS: BEF82AA       0       0       0       0       0   11A82       4       0       0
     440000               1560000               1560000             2.5448406E-05         1.0000000E+30                 0       
 NEXT SEEDS: C21C6C0       0       0       0       0       0   11A82       4       0       0
     480000               1520000               1520000             2.5312818E-05         1.0000000E+30                 0       
 NEXT SEEDS: C54D81B       0       0       0       0       0   11A82       4       0       0
     520000               1480000               1480000             2.4663559E-05         1.0000000E+30                 0       
 NEXT SEEDS: C8884E8       0       0       0       0       0   11A82       4       0       0
     560000               1440000               1440000             2.4067771E-05         1.0000000E+30                 0       
 NEXT SEEDS: CBAFC65       0       0       0       0       0   11A82       4       0       0
     600000               1400000               1400000             2.3578082E-05         1.0000000E+30                 0       
 NEXT SEEDS: CEE0C16       0       0       0       0       0   11A82       4       0       0
  *** Eveneu: no downsc. group selected, cusngl, rsngl, igpr ***  0.999999881
  0.999999881 249
     640000               1360000               1360000             2.3416752E-05         1.0000000E+30                 0       
 NEXT SEEDS: D2003F5       0       0       0       0       0   11A82       4       0       0
     680000               1320000               1320000             2.3806674E-05         1.0000000E+30                 0       
 NEXT SEEDS: D52F764       0       0       0       0       0   11A82       4       0       0
     720000               1280000               1280000             2.3679734E-05         1.0000000E+30                 0       
 NEXT SEEDS: D860415       0       0       0       0       0   11A82       4       0       0
     760000               1240000               1240000             2.3564839E-05         1.0000000E+30                 0       
 NEXT SEEDS: DB8F7A3       0       0       0       0       0   11A82       4       0       0
     800000               1200000               1200000             2.3915115E-05         1.0000000E+30                 0       
 NEXT SEEDS: DEC899E       0       0       0       0       0   11A82       4       0       0
     840000               1160000               1160000             2.3607125E-05         1.0000000E+30                 0       
 NEXT SEEDS: E1FC17F       0       0       0       0       0   11A82       4       0       0
     880000               1120000               1120000             2.3415759E-05         1.0000000E+30                 0       
 NEXT SEEDS: E52801A       0       0       0       0       0   11A82       4       0       0
     920000               1080000               1080000             2.3147569E-05         1.0000000E+30                 0       
 NEXT SEEDS: E85E047       0       0       0       0       0   11A82       4       0       0
     960000               1040000               1040000             2.2997547E-05         1.0000000E+30                 0       
 NEXT SEEDS: EB7AD3C       0       0       0       0       0   11A82       4       0       0
    1000000               1000000               1000000             2.2773537E-05         1.0000000E+30                 0       
 NEXT SEEDS: EEA077E       0       0       0       0       0   11A82       4       0       0
  *** Eveneu: no downsc. group selected, cusngl, rsngl, igpr ***  0.999999881
  0.99999994 249
    1040000                960000                960000             2.2573492E-05         1.0000000E+30                 0       
 NEXT SEEDS: F1D8A7D       0       0       0       0       0   11A82       4       0       0
    1080000                920000                920000             2.2364193E-05         1.0000000E+30                 0       
 NEXT SEEDS: F5057DC       0       0       0       0       0   11A82       4       0       0
    1120000                880000                880000             2.2136813E-05         1.0000000E+30                 0       
 NEXT SEEDS: F83270B       0       0       0       0       0   11A82       4       0       0
    1160000                840000                840000             2.1934597E-05         1.0000000E+30                 0       
 NEXT SEEDS: FB61E10       0       0       0       0       0   11A82       4       0       0
    1200000                800000                800000             2.1753359E-05         1.0000000E+30                 0       
 NEXT SEEDS: FE91B7F       0       0       0       0       0   11A82       4       0       0
    1240000                760000                760000             2.1578977E-05         1.0000000E+30                 0       
 NEXT SEEDS:101C0E49       0       0       0       0       0   11A82       4       0       0
    1280000                720000                720000             2.1416277E-05         1.0000000E+30                 0       
 NEXT SEEDS:104EFFB5       0       0       0       0       0   11A82       4       0       0
    1320000                680000                680000             2.1263435E-05         1.0000000E+30                 0       
 NEXT SEEDS:1082272B       0       0       0       0       0   11A82       4       0       0
    1360000                640000                640000             2.1113702E-05         1.0000000E+30                 0       
 NEXT SEEDS:10B4760C       0       0       0       0       0   11A82       4       0       0
    1400000                600000                600000             2.0977525E-05         1.0000000E+30                 0       
 NEXT SEEDS:10E74E94       0       0       0       0       0   11A82       4       0       0
    1440000                560000                560000             2.0837805E-05         1.0000000E+30                 0       
 NEXT SEEDS:11192129       0       0       0       0       0   11A82       4       0       0
    1480000                520000                520000             2.0712391E-05         1.0000000E+30                 0       
 NEXT SEEDS:114BB4EB       0       0       0       0       0   11A82       4       0       0
    1520000                480000                480000             2.0590948E-05         1.0000000E+30                 0       
 NEXT SEEDS:117D6CBB       0       0       0       0       0   11A82       4       0       0
    1560000                440000                440000             2.0484707E-05         1.0000000E+30                 0       
 NEXT SEEDS:11B0A057       0       0       0       0       0   11A82       4       0       0
    1600000                400000                400000             2.0379403E-05         1.0000000E+30                 0       
 NEXT SEEDS:11E34EEE       0       0       0       0       0   11A82       4       0       0
    1640000                360000                360000             2.0280455E-05         1.0000000E+30                 0       
 NEXT SEEDS:1215BC7E       0       0       0       0       0   11A82       4       0       0
    1680000                320000                320000             2.0185623E-05         1.0000000E+30                 0       
 NEXT SEEDS:124929C3       0       0       0       0       0   11A82       4       0       0
    1720000                280000                280000             2.0099270E-05         1.0000000E+30                 0       
 NEXT SEEDS:127C56B9       0       0       0       0       0   11A82       4       0       0
    1760000                240000                240000             2.0017980E-05         1.0000000E+30                 0       
 NEXT SEEDS:12AFDF08       0       0       0       0       0   11A82       4       0       0
    1800000                200000                200000             1.9933082E-05         1.0000000E+30                 0       
 NEXT SEEDS:12E26C6E       0       0       0       0       0   11A82       4       0       0
    1840000                160000                160000             1.9854046E-05         1.0000000E+30                 0       
 NEXT SEEDS:13157D08       0       0       0       0       0   11A82       4       0       0
    1880000                120000                120000             1.9773589E-05         1.0000000E+30                 0       
 NEXT SEEDS:13483950       0       0       0       0       0   11A82       4       0       0
    1920000                 80000                 80000             1.9700651E-05         1.0000000E+30                 0       
 NEXT SEEDS:137AD562       0       0       0       0       0   11A82       4       0       0
    1960000                 40000                 40000             1.9631199E-05         1.0000000E+30                 0       
 NEXT SEEDS:13ACF3A0       0       0       0       0       0   11A82       4       0       0
    1999950                    50                    50             1.9565515E-05         1.0000000E+30                 0       
 NEXT SEEDS:13E01446       0       0       0       0       0   11A82       4       0       0
    1999951                    49                    49             1.9565505E-05         1.0000000E+30                 0       
 NEXT SEEDS:13E0145A       0       0       0       0       0   11A82       4       0       0
    1999952                    48                    48             1.9565495E-05         1.0000000E+30                 0       
 NEXT SEEDS:13E014AA       0       0       0       0       0   11A82       4       0       0
    1999953                    47                    47             1.9565485E-05         1.0000000E+30                 0       
 NEXT SEEDS:13E014D8       0       0       0       0       0   11A82       4       0       0
    1999954                    46                    46             1.9565476E-05         1.0000000E+30                 0       
 NEXT SEEDS:13E014F7       0       0       0       0       0   11A82       4       0       0
    1999955                    45                    45             1.9565466E-05         1.0000000E+30                 0       
 NEXT SEEDS:13E01575       0       0       0       0       0   11A82       4       0       0
    1999956                    44                    44             1.9565456E-05         1.0000000E+30                 0       
 NEXT SEEDS:13E01589       0       0       0       0       0   11A82       4       0       0
    1999957                    43                    43             1.9565446E-05         1.0000000E+30                 0       
 NEXT SEEDS:13E015C1       0       0       0       0       0   11A82       4       0       0
    1999958                    42                    42             1.9565436E-05         1.0000000E+30                 0       
 NEXT SEEDS:13E01624       0       0       0       0       0   11A82       4       0       0
    1999959                    41                    41             1.9565427E-05         1.0000000E+30                 0       
 NEXT SEEDS:13E0164A       0       0       0       0       0   11A82       4       0       0
    1999960                    40                    40             1.9565417E-05         1.0000000E+30                 0       
 NEXT SEEDS:13E0166B       0       0       0       0       0   11A82       4       0       0
    1999961                    39                    39             1.9565407E-05         1.0000000E+30                 0       
 NEXT SEEDS:13E017A6       0       0       0       0       0   11A82       4       0       0
    1999962                    38                    38             1.9565897E-05         1.0000000E+30                 0       
 NEXT SEEDS:13E017E9       0       0       0       0       0   11A82       4       0       0
    1999963                    37                    37             1.9565887E-05         1.0000000E+30                 0       
 NEXT SEEDS:13E017F5       0       0       0       0       0   11A82       4       0       0
    1999964                    36                    36             1.9565877E-05         1.0000000E+30                 0       
 NEXT SEEDS:13E01813       0       0       0       0       0   11A82       4       0       0
    1999965                    35                    35             1.9565868E-05         1.0000000E+30                 0       
 NEXT SEEDS:13E0181A       0       0       0       0       0   11A82       4       0       0
    1999966                    34                    34             1.9565858E-05         1.0000000E+30                 0       
 NEXT SEEDS:13E01836       0       0       0       0       0   11A82       4       0       0
    1999967                    33                    33             1.9565848E-05         1.0000000E+30                 0       
 NEXT SEEDS:13E0186E       0       0       0       0       0   11A82       4       0       0
    1999968                    32                    32             1.9566338E-05         1.0000000E+30                 0       
 NEXT SEEDS:13E01CBC       0       0       0       0       0   11A82       4       0       0
    1999969                    31                    31             1.9566328E-05         1.0000000E+30                 0       
 NEXT SEEDS:13E01CCA       0       0       0       0       0   11A82       4       0       0
    1999970                    30                    30             1.9566319E-05         1.0000000E+30                 0       
 NEXT SEEDS:13E01CEA       0       0       0       0       0   11A82       4       0       0
    1999971                    29                    29             1.9566309E-05         1.0000000E+30                 0       
 NEXT SEEDS:13E01CF6       0       0       0       0       0   11A82       4       0       0
    1999972                    28                    28             1.9566299E-05         1.0000000E+30                 0       
 NEXT SEEDS:13E01D02       0       0       0       0       0   11A82       4       0       0
    1999973                    27                    27             1.9566289E-05         1.0000000E+30                 0       
 NEXT SEEDS:13E01D10       0       0       0       0       0   11A82       4       0       0
    1999974                    26                    26             1.9566279E-05         1.0000000E+30                 0       
 NEXT SEEDS:13E01D30       0       0       0       0       0   11A82       4       0       0
    1999975                    25                    25             1.9566270E-05         1.0000000E+30                 0       
 NEXT SEEDS:13E01D3F       0       0       0       0       0   11A82       4       0       0
    1999976                    24                    24             1.9566760E-05         1.0000000E+30                 0       
 NEXT SEEDS:13E01D46       0       0       0       0       0   11A82       4       0       0
    1999977                    23                    23             1.9566750E-05         1.0000000E+30                 0       
 NEXT SEEDS:13E01D5A       0       0       0       0       0   11A82       4       0       0
    1999978                    22                    22             1.9566740E-05         1.0000000E+30                 0       
 NEXT SEEDS:13E01D6E       0       0       0       0       0   11A82       4       0       0
    1999979                    21                    21             1.9566730E-05         1.0000000E+30                 0       
 NEXT SEEDS:13E01D84       0       0       0       0       0   11A82       4       0       0
    1999980                    20                    20             1.9566720E-05         1.0000000E+30                 0       
 NEXT SEEDS:13E01E03       0       0       0       0       0   11A82       4       0       0
    1999981                    19                    19             1.9566711E-05         1.0000000E+30                 0       
 NEXT SEEDS:13E01E1A       0       0       0       0       0   11A82       4       0       0
    1999982                    18                    18             1.9566701E-05         1.0000000E+30                 0       
 NEXT SEEDS:13E01E3B       0       0       0       0       0   11A82       4       0       0
    1999983                    17                    17             1.9566691E-05         1.0000000E+30                 0       
 NEXT SEEDS:13E01EA2       0       0       0       0       0   11A82       4       0       0
    1999984                    16                    16             1.9567183E-05         1.0000000E+30                 0       
 NEXT SEEDS:13E01EB0       0       0       0       0       0   11A82       4       0       0
    1999985                    15                    15             1.9567173E-05         1.0000000E+30                 0       
 NEXT SEEDS:13E01ED6       0       0       0       0       0   11A82       4       0       0
    1999986                    14                    14             1.9567163E-05         1.0000000E+30                 0       
 NEXT SEEDS:13E01F4E       0       0       0       0       0   11A82       4       0       0
    1999987                    13                    13             1.9567154E-05         1.0000000E+30                 0       
 NEXT SEEDS:13E01F5F       0       0       0       0       0   11A82       4       0       0
    1999988                    12                    12             1.9567144E-05         1.0000000E+30                 0       
 NEXT SEEDS:13E01FD8       0       0       0       0       0   11A82       4       0       0
    1999989                    11                    11             1.9567134E-05         1.0000000E+30                 0       
 NEXT SEEDS:13E01FE4       0       0       0       0       0   11A82       4       0       0
    1999990                    10                    10             1.9567124E-05         1.0000000E+30                 0       
 NEXT SEEDS:13E02001       0       0       0       0       0   11A82       4       0       0
    1999991                     9                     9             1.9567114E-05         1.0000000E+30                 0       
 NEXT SEEDS:13E0200D       0       0       0       0       0   11A82       4       0       0
    1999992                     8                     8             1.9567105E-05         1.0000000E+30                 0       
 NEXT SEEDS:13E02014       0       0       0       0       0   11A82       4       0       0
    1999993                     7                     7             1.9567095E-05         1.0000000E+30                 0       
 NEXT SEEDS:13E02038       0       0       0       0       0   11A82       4       0       0
    1999994                     6                     6             1.9567085E-05         1.0000000E+30                 0       
 NEXT SEEDS:13E02087       0       0       0       0       0   11A82       4       0       0
    1999995                     5                     5             1.9567075E-05         1.0000000E+30                 0       
 NEXT SEEDS:13E020AB       0       0       0       0       0   11A82       4       0       0
    1999996                     4                     4             1.9567066E-05         1.0000000E+30                 0       
 NEXT SEEDS:13E020E8       0       0       0       0       0   11A82       4       0       0
    1999997                     3                     3             1.9567056E-05         1.0000000E+30                 0       
 NEXT SEEDS:13E020EF       0       0       0       0       0   11A82       4       0       0
    1999998                     2                     2             1.9567046E-05         1.0000000E+30                 0       
 NEXT SEEDS:13E0215D       0       0       0       0       0   11A82       4       0       0
    1999999                     1                     1             1.9567036E-05         1.0000000E+30                 0       
 NEXT SEEDS:13E02169       0       0       0       0       0   11A82       4       0       0
    2000000                     0                     1             1.9567026E-05         1.0000000E+30                 0       
 NEXT SEEDS:13E0219D       0       0       0       0       0   11A82       4       0       0
