1NUMBER OF BEAM       NUMBER OF BEAM        APPROXIMATE NUMBER    AVERAGE TIME USED     TIME LEFT (RESERVED   NUMBER OF STARS
 PARTICLES HANDLED    PARTICLES LEFT        OF BEAM PARTICLES     BY A BEAM PARTICLE     10000.0 SECONDS      CREATED
                                            THAT CAN STILL BE                           FOR PRINTOUT)
                                            HANDLED

 NEXT SEEDS:1DD28CA9       0       0       0       0       0   11A82       4       0       0
          1               1999999               1999999             0.0000000E+00         1.0000000E+30                 0       
 NEXT SEEDS:1DD28CB0       0       0       0       0       0   11A82       4       0       0
      40000               1960000               1960000             1.6372502E-05         1.0000000E+30                 0       
 NEXT SEEDS:1E0593BC       0       0       0       0       0   11A82       4       0       0
      80000               1920000               1920000             1.6335011E-05         1.0000000E+30                 0       
 NEXT SEEDS:1E3883C8       0       0       0       0       0   11A82       4       0       0
     120000               1880000               1880000             1.6347508E-05         1.0000000E+30                 0       
 NEXT SEEDS:1E6B4C29       0       0       0       0       0   11A82       4       0       0
     160000               1840000               1840000             1.6397506E-05         1.0000000E+30                 0       
 NEXT SEEDS:1E9E8448       0       0       0       0       0   11A82       4       0       0
     200000               1800000               1800000             1.6427500E-05         1.0000000E+30                 0       
 NEXT SEEDS:1ED221F1       0       0       0       0       0   11A82       4       0       0
     240000               1760000               1760000             1.7214046E-05         1.0000000E+30                 0       
 NEXT SEEDS:1F056AAF       0       0       0       0       0   11A82       4       0       0
  *** Eveneu: no downsc. group selected, cusngl, rsngl, igpr ***  1.  1. 247
     280000               1720000               1720000             1.8707866E-05         1.0000000E+30                 0       
 NEXT SEEDS:1F3849E1       0       0       0       0       0   11A82       4       0       0
     320000               1680000               1680000             1.8422197E-05         1.0000000E+30                 0       
 NEXT SEEDS:1F6B329F       0       0       0       0       0   11A82       4       0       0
     360000               1640000               1640000             1.8236117E-05         1.0000000E+30                 0       
 NEXT SEEDS:1F9ECA2B       0       0       0       0       0   11A82       4       0       0
     400000               1600000               1600000             1.8474690E-05         1.0000000E+30                 0       
 NEXT SEEDS:1FD18337       0       0       0       0       0   11A82       4       0       0
     440000               1560000               1560000             1.9487946E-05         1.0000000E+30                 0       
 NEXT SEEDS:2003EEFE       0       0       0       0       0   11A82       4       0       0
     480000               1520000               1520000             1.9640763E-05         1.0000000E+30                 0       
 NEXT SEEDS:20367EDB       0       0       0       0       0   11A82       4       0       0
     520000               1480000               1480000             2.0539184E-05         1.0000000E+30                 0       
 NEXT SEEDS:206A0C95       0       0       0       0       0   11A82       4       0       0
     560000               1440000               1440000             2.0318339E-05         1.0000000E+30                 0       
 NEXT SEEDS:209E99B1       0       0       0       0       0   11A82       4       0       0
     600000               1400000               1400000             2.0271917E-05         1.0000000E+30                 0       
 NEXT SEEDS:20D1FD14       0       0       0       0       0   11A82       4       0       0
     640000               1360000               1360000             2.0073508E-05         1.0000000E+30                 0       
 NEXT SEEDS:2104E129       0       0       0       0       0   11A82       4       0       0
     680000               1320000               1320000             2.0085180E-05         1.0000000E+30                 0       
 NEXT SEEDS:21388F78       0       0       0       0       0   11A82       4       0       0
     720000               1280000               1280000             2.0102498E-05         1.0000000E+30                 0       
 NEXT SEEDS:216AF53F       0       0       0       0       0   11A82       4       0       0
     760000               1240000               1240000             2.0283759E-05         1.0000000E+30                 0       
 NEXT SEEDS:219DE8BC       0       0       0       0       0   11A82       4       0       0
     800000               1200000               1200000             2.0485634E-05         1.0000000E+30                 0       
 NEXT SEEDS:21D0D7B8       0       0       0       0       0   11A82       4       0       0
     840000               1160000               1160000             2.0298103E-05         1.0000000E+30                 0       
 NEXT SEEDS:2203963D       0       0       0       0       0   11A82       4       0       0
     880000               1120000               1120000             2.0131030E-05         1.0000000E+30                 0       
 NEXT SEEDS:2236B997       0       0       0       0       0   11A82       4       0       0
     920000               1080000               1080000             1.9985004E-05         1.0000000E+30                 0       
 NEXT SEEDS:22697797       0       0       0       0       0   11A82       4       0       0
     960000               1040000               1040000             1.9954258E-05         1.0000000E+30                 0       
 NEXT SEEDS:229B94F2       0       0       0       0       0   11A82       4       0       0
    1000000               1000000               1000000             1.9820985E-05         1.0000000E+30                 0       
 NEXT SEEDS:22CE1EA8       0       0       0       0       0   11A82       4       0       0
    1040000                960000                960000             1.9750844E-05         1.0000000E+30                 0       
 NEXT SEEDS:230103F8       0       0       0       0       0   11A82       4       0       0
    1080000                920000                920000             1.9632200E-05         1.0000000E+30                 0       
 NEXT SEEDS:233477D2       0       0       0       0       0   11A82       4       0       0
    1120000                880000                880000             1.9513104E-05         1.0000000E+30                 0       
 NEXT SEEDS:236792ED       0       0       0       0       0   11A82       4       0       0
    1160000                840000                840000             1.9401361E-05         1.0000000E+30                 0       
 NEXT SEEDS:239A772B       0       0       0       0       0   11A82       4       0       0
    1200000                800000                800000             1.9772826E-05         1.0000000E+30                 0       
 NEXT SEEDS:23CD44D2       0       0       0       0       0   11A82       4       0       0
    1240000                760000                760000             1.9983253E-05         1.0000000E+30                 0       
 NEXT SEEDS:23FF93A2       0       0       0       0       0   11A82       4       0       0
    1280000                720000                720000             1.9879008E-05         1.0000000E+30                 0       
 NEXT SEEDS:2432360A       0       0       0       0       0   11A82       4       0       0
    1320000                680000                680000             1.9945452E-05         1.0000000E+30                 0       
 NEXT SEEDS:2464B2DF       0       0       0       0       0   11A82       4       0       0
    1360000                640000                640000             2.0255743E-05         1.0000000E+30                 0       
 NEXT SEEDS:249790DF       0       0       0       0       0   11A82       4       0       0
    1400000                600000                600000             2.0239779E-05         1.0000000E+30                 0       
 NEXT SEEDS:24CA74FB       0       0       0       0       0   11A82       4       0       0
    1440000                560000                560000             2.0158045E-05         1.0000000E+30                 0       
 NEXT SEEDS:24FD57FF       0       0       0       0       0   11A82       4       0       0
    1480000                520000                520000             2.0098295E-05         1.0000000E+30                 0       
 NEXT SEEDS:2530CBBD       0       0       0       0       0   11A82       4       0       0
    1520000                480000                480000             2.0073922E-05         1.0000000E+30                 0       
 NEXT SEEDS:2563A000       0       0       0       0       0   11A82       4       0       0
    1560000                440000                440000             2.0011059E-05         1.0000000E+30                 0       
 NEXT SEEDS:25972E06       0       0       0       0       0   11A82       4       0       0
    1600000                400000                400000             1.9956342E-05         1.0000000E+30                 0       
 NEXT SEEDS:25C9EFC0       0       0       0       0       0   11A82       4       0       0
    1640000                360000                360000             1.9875637E-05         1.0000000E+30                 0       
 NEXT SEEDS:25FD0B8B       0       0       0       0       0   11A82       4       0       0
    1680000                320000                320000             1.9790444E-05         1.0000000E+30                 0       
 NEXT SEEDS:2630684A       0       0       0       0       0   11A82       4       0       0
    1720000                280000                280000             1.9709794E-05         1.0000000E+30                 0       
 NEXT SEEDS:2663256A       0       0       0       0       0   11A82       4       0       0
    1760000                240000                240000             1.9634514E-05         1.0000000E+30                 0       
 NEXT SEEDS:2696A8AE       0       0       0       0       0   11A82       4       0       0
    1800000                200000                200000             1.9568692E-05         1.0000000E+30                 0       
 NEXT SEEDS:26CA2A5E       0       0       0       0       0   11A82       4       0       0
    1840000                160000                160000             1.9491058E-05         1.0000000E+30                 0       
 NEXT SEEDS:26FCE6AA       0       0       0       0       0   11A82       4       0       0
    1880000                120000                120000             1.9709768E-05         1.0000000E+30                 0       
 NEXT SEEDS:272F74CF       0       0       0       0       0   11A82       4       0       0
    1920000                 80000                 80000             1.9758974E-05         1.0000000E+30                 0       
 NEXT SEEDS:2763247D       0       0       0       0       0   11A82       4       0       0
    1960000                 40000                 40000             1.9693434E-05         1.0000000E+30                 0       
 NEXT SEEDS:27965B32       0       0       0       0       0   11A82       4       0       0
    1999950                    50                    50             1.9624007E-05         1.0000000E+30                 0       
 NEXT SEEDS:27C86591       0       0       0       0       0   11A82       4       0       0
    1999951                    49                    49             1.9623998E-05         1.0000000E+30                 0       
 NEXT SEEDS:27C865A7       0       0       0       0       0   11A82       4       0       0
    1999952                    48                    48             1.9623988E-05         1.0000000E+30                 0       
 NEXT SEEDS:27C865E1       0       0       0       0       0   11A82       4       0       0
    1999953                    47                    47             1.9623978E-05         1.0000000E+30                 0       
 NEXT SEEDS:27C8666F       0       0       0       0       0   11A82       4       0       0
    1999954                    46                    46             1.9623968E-05         1.0000000E+30                 0       
 NEXT SEEDS:27C8667B       0       0       0       0       0   11A82       4       0       0
    1999955                    45                    45             1.9623958E-05         1.0000000E+30                 0       
 NEXT SEEDS:27C86697       0       0       0       0       0   11A82       4       0       0
    1999956                    44                    44             1.9623949E-05         1.0000000E+30                 0       
 NEXT SEEDS:27C866A9       0       0       0       0       0   11A82       4       0       0
    1999957                    43                    43             1.9623939E-05         1.0000000E+30                 0       
 NEXT SEEDS:27C86753       0       0       0       0       0   11A82       4       0       0
    1999958                    42                    42             1.9623929E-05         1.0000000E+30                 0       
 NEXT SEEDS:27C8675F       0       0       0       0       0   11A82       4       0       0
    1999959                    41                    41             1.9623919E-05         1.0000000E+30                 0       
 NEXT SEEDS:27C867FA       0       0       0       0       0   11A82       4       0       0
    1999960                    40                    40             1.9623909E-05         1.0000000E+30                 0       
 NEXT SEEDS:27C8682A       0       0       0       0       0   11A82       4       0       0
    1999961                    39                    39             1.9623899E-05         1.0000000E+30                 0       
 NEXT SEEDS:27C86831       0       0       0       0       0   11A82       4       0       0
    1999962                    38                    38             1.9623890E-05         1.0000000E+30                 0       
 NEXT SEEDS:27C8683D       0       0       0       0       0   11A82       4       0       0
    1999963                    37                    37             1.9623880E-05         1.0000000E+30                 0       
 NEXT SEEDS:27C868F1       0       0       0       0       0   11A82       4       0       0
    1999964                    36                    36             1.9623870E-05         1.0000000E+30                 0       
 NEXT SEEDS:27C86920       0       0       0       0       0   11A82       4       0       0
    1999965                    35                    35             1.9623860E-05         1.0000000E+30                 0       
 NEXT SEEDS:27C8698F       0       0       0       0       0   11A82       4       0       0
    1999966                    34                    34             1.9623850E-05         1.0000000E+30                 0       
 NEXT SEEDS:27C86996       0       0       0       0       0   11A82       4       0       0
    1999967                    33                    33             1.9623841E-05         1.0000000E+30                 0       
 NEXT SEEDS:27C869B8       0       0       0       0       0   11A82       4       0       0
    1999968                    32                    32             1.9623831E-05         1.0000000E+30                 0       
 NEXT SEEDS:27C869C4       0       0       0       0       0   11A82       4       0       0
    1999969                    31                    31             1.9623821E-05         1.0000000E+30                 0       
 NEXT SEEDS:27C869DB       0       0       0       0       0   11A82       4       0       0
    1999970                    30                    30             1.9623811E-05         1.0000000E+30                 0       
 NEXT SEEDS:27C86A4A       0       0       0       0       0   11A82       4       0       0
    1999971                    29                    29             1.9623801E-05         1.0000000E+30                 0       
 NEXT SEEDS:27C86A56       0       0       0       0       0   11A82       4       0       0
    1999972                    28                    28             1.9623792E-05         1.0000000E+30                 0       
 NEXT SEEDS:27C86A5D       0       0       0       0       0   11A82       4       0       0
    1999973                    27                    27             1.9623782E-05         1.0000000E+30                 0       
 NEXT SEEDS:27C86ABC       0       0       0       0       0   11A82       4       0       0
    1999974                    26                    26             1.9623772E-05         1.0000000E+30                 0       
 NEXT SEEDS:27C86AC3       0       0       0       0       0   11A82       4       0       0
    1999975                    25                    25             1.9623762E-05         1.0000000E+30                 0       
 NEXT SEEDS:27C86AD9       0       0       0       0       0   11A82       4       0       0
    1999976                    24                    24             1.9623752E-05         1.0000000E+30                 0       
 NEXT SEEDS:27C86B11       0       0       0       0       0   11A82       4       0       0
    1999977                    23                    23             1.9623742E-05         1.0000000E+30                 0       
 NEXT SEEDS:27C86B18       0       0       0       0       0   11A82       4       0       0
    1999978                    22                    22             1.9623733E-05         1.0000000E+30                 0       
 NEXT SEEDS:27C86B7C       0       0       0       0       0   11A82       4       0       0
    1999979                    21                    21             1.9623723E-05         1.0000000E+30                 0       
 NEXT SEEDS:27C86C19       0       0       0       0       0   11A82       4       0       0
    1999980                    20                    20             1.9623713E-05         1.0000000E+30                 0       
 NEXT SEEDS:27C86C37       0       0       0       0       0   11A82       4       0       0
    1999981                    19                    19             1.9623703E-05         1.0000000E+30                 0       
 NEXT SEEDS:27C86C6D       0       0       0       0       0   11A82       4       0       0
    1999982                    18                    18             1.9623693E-05         1.0000000E+30                 0       
 NEXT SEEDS:27C86C79       0       0       0       0       0   11A82       4       0       0
    1999983                    17                    17             1.9623684E-05         1.0000000E+30                 0       
 NEXT SEEDS:27C86C97       0       0       0       0       0   11A82       4       0       0
    1999984                    16                    16             1.9623674E-05         1.0000000E+30                 0       
 NEXT SEEDS:27C86CBD       0       0       0       0       0   11A82       4       0       0
    1999985                    15                    15             1.9623664E-05         1.0000000E+30                 0       
 NEXT SEEDS:27C86CC9       0       0       0       0       0   11A82       4       0       0
    1999986                    14                    14             1.9623654E-05         1.0000000E+30                 0       
 NEXT SEEDS:27C86CD0       0       0       0       0       0   11A82       4       0       0
    1999987                    13                    13             1.9623644E-05         1.0000000E+30                 0       
 NEXT SEEDS:27C86D52       0       0       0       0       0   11A82       4       0       0
    1999988                    12                    12             1.9623635E-05         1.0000000E+30                 0       
 NEXT SEEDS:27C86D61       0       0       0       0       0   11A82       4       0       0
    1999989                    11                    11             1.9623625E-05         1.0000000E+30                 0       
 NEXT SEEDS:27C86D6F       0       0       0       0       0   11A82       4       0       0
    1999990                    10                    10             1.9623615E-05         1.0000000E+30                 0       
 NEXT SEEDS:27C86E13       0       0       0       0       0   11A82       4       0       0
    1999991                     9                     9             1.9623605E-05         1.0000000E+30                 0       
 NEXT SEEDS:27C86E22       0       0       0       0       0   11A82       4       0       0
    1999992                     8                     8             1.9623595E-05         1.0000000E+30                 0       
 NEXT SEEDS:27C86EB5       0       0       0       0       0   11A82       4       0       0
    1999993                     7                     7             1.9623585E-05         1.0000000E+30                 0       
 NEXT SEEDS:27C86EC1       0       0       0       0       0   11A82       4       0       0
    1999994                     6                     6             1.9623576E-05         1.0000000E+30                 0       
 NEXT SEEDS:27C86F52       0       0       0       0       0   11A82       4       0       0
    1999995                     5                     5             1.9623566E-05         1.0000000E+30                 0       
 NEXT SEEDS:27C86F61       0       0       0       0       0   11A82       4       0       0
    1999996                     4                     4             1.9623556E-05         1.0000000E+30                 0       
 NEXT SEEDS:27C86FA2       0       0       0       0       0   11A82       4       0       0
    1999997                     3                     3             1.9623546E-05         1.0000000E+30                 0       
 NEXT SEEDS:27C86FB6       0       0       0       0       0   11A82       4       0       0
    1999998                     2                     2             1.9623536E-05         1.0000000E+30                 0       
 NEXT SEEDS:27C87054       0       0       0       0       0   11A82       4       0       0
    1999999                     1                     1             1.9623527E-05         1.0000000E+30                 0       
 NEXT SEEDS:27C87087       0       0       0       0       0   11A82       4       0       0
    2000000                     0                     1             1.9623517E-05         1.0000000E+30                 0       
 NEXT SEEDS:27C870E2       0       0       0       0       0   11A82       4       0       0
