1NUMBER OF BEAM       NUMBER OF BEAM        APPROXIMATE NUMBER    AVERAGE TIME USED     TIME LEFT (RESERVED   NUMBER OF STARS
 PARTICLES HANDLED    PARTICLES LEFT        OF BEAM PARTICLES     BY A BEAM PARTICLE     10000.0 SECONDS      CREATED
                                            THAT CAN STILL BE                           FOR PRINTOUT)
                                            HANDLED

 NEXT SEEDS:       0       0       0       0       0       0   11A82       4       0       0
          1               1999999               1999999             0.0000000E+00         1.0000000E+30                 0       
 NEXT SEEDS:       C       0       0       0       0       0   11A82       4       0       0
      40000               1960000               1960000             1.7122400E-05         1.0000000E+30                 0       
 NEXT SEEDS:  32269B       0       0       0       0       0   11A82       4       0       0
      80000               1920000               1920000             1.7022413E-05         1.0000000E+30                 0       
 NEXT SEEDS:  64F412       0       0       0       0       0   11A82       4       0       0
     120000               1880000               1880000             1.7047409E-05         1.0000000E+30                 0       
 NEXT SEEDS:  98148A       0       0       0       0       0   11A82       4       0       0
     160000               1840000               1840000             1.7028666E-05         1.0000000E+30                 0       
 NEXT SEEDS:  CABEDE       0       0       0       0       0   11A82       4       0       0
     200000               1800000               1800000             1.7002416E-05         1.0000000E+30                 0       
 NEXT SEEDS:  FD74A1       0       0       0       0       0   11A82       4       0       0
     240000               1760000               1760000             1.7039076E-05         1.0000000E+30                 0       
 NEXT SEEDS: 130DA41       0       0       0       0       0   11A82       4       0       0
     280000               1720000               1720000             1.7033124E-05         1.0000000E+30                 0       
 NEXT SEEDS: 163FF73       0       0       0       0       0   11A82       4       0       0
     320000               1680000               1680000             1.6978669E-05         1.0000000E+30                 0       
 NEXT SEEDS: 1953A40       0       0       0       0       0   11A82       4       0       0
     360000               1640000               1640000             1.7005748E-05         1.0000000E+30                 0       
 NEXT SEEDS: 1C883C1       0       0       0       0       0   11A82       4       0       0
     400000               1600000               1600000             1.7009916E-05         1.0000000E+30                 0       
 NEXT SEEDS: 1FB8581       0       0       0       0       0   11A82       4       0       0
     440000               1560000               1560000             1.7013322E-05         1.0000000E+30                 0       
 NEXT SEEDS: 22EB674       0       0       0       0       0   11A82       4       0       0
     480000               1520000               1520000             1.7011998E-05         1.0000000E+30                 0       
 NEXT SEEDS: 2611C31       0       0       0       0       0   11A82       4       0       0
     520000               1480000               1480000             1.7022412E-05         1.0000000E+30                 0       
 NEXT SEEDS: 293F065       0       0       0       0       0   11A82       4       0       0
     560000               1440000               1440000             1.7034910E-05         1.0000000E+30                 0       
 NEXT SEEDS: 2C765E7       0       0       0       0       0   11A82       4       0       0
     600000               1400000               1400000             1.7025746E-05         1.0000000E+30                 0       
 NEXT SEEDS: 2F8D9FB       0       0       0       0       0   11A82       4       0       0
     640000               1360000               1360000             1.7028660E-05         1.0000000E+30                 0       
 NEXT SEEDS: 32BF38A       0       0       0       0       0   11A82       4       0       0
     680000               1320000               1320000             1.7022411E-05         1.0000000E+30                 0       
 NEXT SEEDS: 35F2353       0       0       0       0       0   11A82       4       0       0
     720000               1280000               1280000             1.7026578E-05         1.0000000E+30                 0       
 NEXT SEEDS: 3921D65       0       0       0       0       0   11A82       4       0       0
     760000               1240000               1240000             1.7018466E-05         1.0000000E+30                 0       
 NEXT SEEDS: 3C54B0A       0       0       0       0       0   11A82       4       0       0
     800000               1200000               1200000             1.7004914E-05         1.0000000E+30                 0       
 NEXT SEEDS: 3F75472       0       0       0       0       0   11A82       4       0       0
     840000               1160000               1160000             1.7000986E-05         1.0000000E+30                 0       
 NEXT SEEDS: 429EA24       0       0       0       0       0   11A82       4       0       0
     880000               1120000               1120000             1.6999689E-05         1.0000000E+30                 0       
 NEXT SEEDS: 45C9192       0       0       0       0       0   11A82       4       0       0
     920000               1080000               1080000             1.7008284E-05         1.0000000E+30                 0       
 NEXT SEEDS: 48F9A98       0       0       0       0       0   11A82       4       0       0
     960000               1040000               1040000             1.6999499E-05         1.0000000E+30                 0       
 NEXT SEEDS: 4C1DB87       0       0       0       0       0   11A82       4       0       0
    1000000               1000000               1000000             1.7004416E-05         1.0000000E+30                 0       
 NEXT SEEDS: 4F54FCD       0       0       0       0       0   11A82       4       0       0
    1040000                960000                960000             1.7011837E-05         1.0000000E+30                 0       
 NEXT SEEDS: 52855C1       0       0       0       0       0   11A82       4       0       0
    1080000                920000                920000             1.7012229E-05         1.0000000E+30                 0       
 NEXT SEEDS: 55A89E4       0       0       0       0       0   11A82       4       0       0
    1120000                880000                880000             1.7017056E-05         1.0000000E+30                 0       
 NEXT SEEDS: 58DA436       0       0       0       0       0   11A82       4       0       0
    1160000                840000                840000             1.7018964E-05         1.0000000E+30                 0       
 NEXT SEEDS: 5C0FEC9       0       0       0       0       0   11A82       4       0       0
    1200000                800000                800000             1.7030745E-05         1.0000000E+30                 0       
 NEXT SEEDS: 5F43B5E       0       0       0       0       0   11A82       4       0       0
    1240000                760000                760000             1.7041765E-05         1.0000000E+30                 0       
 NEXT SEEDS: 6283977       0       0       0       0       0   11A82       4       0       0
    1280000                720000                720000             1.7041941E-05         1.0000000E+30                 0       
 NEXT SEEDS: 65B1BEE       0       0       0       0       0   11A82       4       0       0
    1320000                680000                680000             1.7044379E-05         1.0000000E+30                 0       
 NEXT SEEDS: 68DECB8       0       0       0       0       0   11A82       4       0       0
    1360000                640000                640000             1.7055496E-05         1.0000000E+30                 0       
 NEXT SEEDS: 6C16D96       0       0       0       0       0   11A82       4       0       0
    1400000                600000                600000             1.7056693E-05         1.0000000E+30                 0       
 NEXT SEEDS: 6F54B34       0       0       0       0       0   11A82       4       0       0
    1440000                560000                560000             1.7059906E-05         1.0000000E+30                 0       
 NEXT SEEDS: 727E0B4       0       0       0       0       0   11A82       4       0       0
    1480000                520000                520000             1.7062946E-05         1.0000000E+30                 0       
 NEXT SEEDS: 75B06E3       0       0       0       0       0   11A82       4       0       0
    1520000                480000                480000             1.7059248E-05         1.0000000E+30                 0       
 NEXT SEEDS: 78D869C       0       0       0       0       0   11A82       4       0       0
    1560000                440000                440000             1.7053177E-05         1.0000000E+30                 0       
 NEXT SEEDS: 7BFF002       0       0       0       0       0   11A82       4       0       0
    1600000                400000                400000             1.7046783E-05         1.0000000E+30                 0       
 NEXT SEEDS: 7F204DB       0       0       0       0       0   11A82       4       0       0
    1640000                360000                360000             1.7041920E-05         1.0000000E+30                 0       
 NEXT SEEDS: 824D282       0       0       0       0       0   11A82       4       0       0
    1680000                320000                320000             1.7043243E-05         1.0000000E+30                 0       
 NEXT SEEDS: 857A6E4       0       0       0       0       0   11A82       4       0       0
    1720000                280000                280000             1.7036363E-05         1.0000000E+30                 0       
 NEXT SEEDS: 88ABAB8       0       0       0       0       0   11A82       4       0       0
    1760000                240000                240000             1.7037751E-05         1.0000000E+30                 0       
 NEXT SEEDS: 8BE6EB6       0       0       0       0       0   11A82       4       0       0
    1800000                200000                200000             1.7034632E-05         1.0000000E+30                 0       
 NEXT SEEDS: 8F158FB       0       0       0       0       0   11A82       4       0       0
    1840000                160000                160000             1.7034910E-05         1.0000000E+30                 0       
 NEXT SEEDS: 9241B0D       0       0       0       0       0   11A82       4       0       0
    1880000                120000                120000             1.7037304E-05         1.0000000E+30                 0       
 NEXT SEEDS: 9574C29       0       0       0       0       0   11A82       4       0       0
    1920000                 80000                 80000             1.7034910E-05         1.0000000E+30                 0       
 NEXT SEEDS: 989D1C5       0       0       0       0       0   11A82       4       0       0
    1960000                 40000                 40000             1.7034145E-05         1.0000000E+30                 0       
 NEXT SEEDS: 9BC92C9       0       0       0       0       0   11A82       4       0       0
    1999950                    50                    50             1.7039336E-05         1.0000000E+30                 0       
 NEXT SEEDS: 9F06088       0       0       0       0       0   11A82       4       0       0
    1999951                    49                    49             1.7039327E-05         1.0000000E+30                 0       
 NEXT SEEDS: 9F06094       0       0       0       0       0   11A82       4       0       0
    1999952                    48                    48             1.7039319E-05         1.0000000E+30                 0       
 NEXT SEEDS: 9F060A0       0       0       0       0       0   11A82       4       0       0
    1999953                    47                    47             1.7039310E-05         1.0000000E+30                 0       
 NEXT SEEDS: 9F060E1       0       0       0       0       0   11A82       4       0       0
    1999954                    46                    46             1.7039302E-05         1.0000000E+30                 0       
 NEXT SEEDS: 9F061AA       0       0       0       0       0   11A82       4       0       0
    1999955                    45                    45             1.7039293E-05         1.0000000E+30                 0       
 NEXT SEEDS: 9F061D2       0       0       0       0       0   11A82       4       0       0
    1999956                    44                    44             1.7039285E-05         1.0000000E+30                 0       
 NEXT SEEDS: 9F061EE       0       0       0       0       0   11A82       4       0       0
    1999957                    43                    43             1.7039276E-05         1.0000000E+30                 0       
 NEXT SEEDS: 9F06226       0       0       0       0       0   11A82       4       0       0
    1999958                    42                    42             1.7039268E-05         1.0000000E+30                 0       
 NEXT SEEDS: 9F0623A       0       0       0       0       0   11A82       4       0       0
    1999959                    41                    41             1.7039259E-05         1.0000000E+30                 0       
 NEXT SEEDS: 9F0625B       0       0       0       0       0   11A82       4       0       0
    1999960                    40                    40             1.7039251E-05         1.0000000E+30                 0       
 NEXT SEEDS: 9F0626A       0       0       0       0       0   11A82       4       0       0
    1999961                    39                    39             1.7039242E-05         1.0000000E+30                 0       
 NEXT SEEDS: 9F0627E       0       0       0       0       0   11A82       4       0       0
    1999962                    38                    38             1.7039234E-05         1.0000000E+30                 0       
 NEXT SEEDS: 9F0628D       0       0       0       0       0   11A82       4       0       0
    1999963                    37                    37             1.7039225E-05         1.0000000E+30                 0       
 NEXT SEEDS: 9F06299       0       0       0       0       0   11A82       4       0       0
    1999964                    36                    36             1.7039716E-05         1.0000000E+30                 0       
 NEXT SEEDS: 9F062AA       0       0       0       0       0   11A82       4       0       0
    1999965                    35                    35             1.7039708E-05         1.0000000E+30                 0       
 NEXT SEEDS: 9F062EB       0       0       0       0       0   11A82       4       0       0
    1999966                    34                    34             1.7039699E-05         1.0000000E+30                 0       
 NEXT SEEDS: 9F0630E       0       0       0       0       0   11A82       4       0       0
    1999967                    33                    33             1.7039691E-05         1.0000000E+30                 0       
 NEXT SEEDS: 9F06324       0       0       0       0       0   11A82       4       0       0
    1999968                    32                    32             1.7039682E-05         1.0000000E+30                 0       
 NEXT SEEDS: 9F06397       0       0       0       0       0   11A82       4       0       0
    1999969                    31                    31             1.7039674E-05         1.0000000E+30                 0       
 NEXT SEEDS: 9F063D0       0       0       0       0       0   11A82       4       0       0
    1999970                    30                    30             1.7039665E-05         1.0000000E+30                 0       
 NEXT SEEDS: 9F063E4       0       0       0       0       0   11A82       4       0       0
    1999971                    29                    29             1.7039657E-05         1.0000000E+30                 0       
 NEXT SEEDS: 9F063FC       0       0       0       0       0   11A82       4       0       0
    1999972                    28                    28             1.7039648E-05         1.0000000E+30                 0       
 NEXT SEEDS: 9F06408       0       0       0       0       0   11A82       4       0       0
    1999973                    27                    27             1.7039640E-05         1.0000000E+30                 0       
 NEXT SEEDS: 9F06421       0       0       0       0       0   11A82       4       0       0
    1999974                    26                    26             1.7039631E-05         1.0000000E+30                 0       
 NEXT SEEDS: 9F0642D       0       0       0       0       0   11A82       4       0       0
    1999975                    25                    25             1.7039623E-05         1.0000000E+30                 0       
 NEXT SEEDS: 9F06451       0       0       0       0       0   11A82       4       0       0
    1999976                    24                    24             1.7039614E-05         1.0000000E+30                 0       
 NEXT SEEDS: 9F0645D       0       0       0       0       0   11A82       4       0       0
    1999977                    23                    23             1.7039606E-05         1.0000000E+30                 0       
 NEXT SEEDS: 9F06469       0       0       0       0       0   11A82       4       0       0
    1999978                    22                    22             1.7039597E-05         1.0000000E+30                 0       
 NEXT SEEDS: 9F06495       0       0       0       0       0   11A82       4       0       0
    1999979                    21                    21             1.7039589E-05         1.0000000E+30                 0       
 NEXT SEEDS: 9F064A1       0       0       0       0       0   11A82       4       0       0
    1999980                    20                    20             1.7039580E-05         1.0000000E+30                 0       
 NEXT SEEDS: 9F064AD       0       0       0       0       0   11A82       4       0       0
    1999981                    19                    19             1.7039572E-05         1.0000000E+30                 0       
 NEXT SEEDS: 9F064D3       0       0       0       0       0   11A82       4       0       0
    1999982                    18                    18             1.7040063E-05         1.0000000E+30                 0       
 NEXT SEEDS: 9F06511       0       0       0       0       0   11A82       4       0       0
    1999983                    17                    17             1.7040054E-05         1.0000000E+30                 0       
 NEXT SEEDS: 9F0652D       0       0       0       0       0   11A82       4       0       0
    1999984                    16                    16             1.7040046E-05         1.0000000E+30                 0       
 NEXT SEEDS: 9F0654B       0       0       0       0       0   11A82       4       0       0
    1999985                    15                    15             1.7040037E-05         1.0000000E+30                 0       
 NEXT SEEDS: 9F06590       0       0       0       0       0   11A82       4       0       0
    1999986                    14                    14             1.7040029E-05         1.0000000E+30                 0       
 NEXT SEEDS: 9F065BB       0       0       0       0       0   11A82       4       0       0
    1999987                    13                    13             1.7040020E-05         1.0000000E+30                 0       
 NEXT SEEDS: 9F06634       0       0       0       0       0   11A82       4       0       0
    1999988                    12                    12             1.7040012E-05         1.0000000E+30                 0       
 NEXT SEEDS: 9F06648       0       0       0       0       0   11A82       4       0       0
    1999989                    11                    11             1.7040003E-05         1.0000000E+30                 0       
 NEXT SEEDS: 9F06654       0       0       0       0       0   11A82       4       0       0
    1999990                    10                    10             1.7039995E-05         1.0000000E+30                 0       
 NEXT SEEDS: 9F06660       0       0       0       0       0   11A82       4       0       0
    1999991                     9                     9             1.7039986E-05         1.0000000E+30                 0       
 NEXT SEEDS: 9F0666F       0       0       0       0       0   11A82       4       0       0
    1999992                     8                     8             1.7039978E-05         1.0000000E+30                 0       
 NEXT SEEDS: 9F066A3       0       0       0       0       0   11A82       4       0       0
    1999993                     7                     7             1.7039969E-05         1.0000000E+30                 0       
 NEXT SEEDS: 9F066AA       0       0       0       0       0   11A82       4       0       0
    1999994                     6                     6             1.7039960E-05         1.0000000E+30                 0       
 NEXT SEEDS: 9F066B6       0       0       0       0       0   11A82       4       0       0
    1999995                     5                     5             1.7039952E-05         1.0000000E+30                 0       
 NEXT SEEDS: 9F066D7       0       0       0       0       0   11A82       4       0       0
    1999996                     4                     4             1.7039943E-05         1.0000000E+30                 0       
 NEXT SEEDS: 9F066E3       0       0       0       0       0   11A82       4       0       0
    1999997                     3                     3             1.7039935E-05         1.0000000E+30                 0       
 NEXT SEEDS: 9F06719       0       0       0       0       0   11A82       4       0       0
    1999998                     2                     2             1.7039926E-05         1.0000000E+30                 0       
 NEXT SEEDS: 9F06791       0       0       0       0       0   11A82       4       0       0
    1999999                     1                     1             1.7039918E-05         1.0000000E+30                 0       
 NEXT SEEDS: 9F0679F       0       0       0       0       0   11A82       4       0       0
    2000000                     0                     1             1.7039909E-05         1.0000000E+30                 0       
 NEXT SEEDS: 9F067AE       0       0       0       0       0   11A82       4       0       0
