1NUMBER OF BEAM       NUMBER OF BEAM        APPROXIMATE NUMBER    AVERAGE TIME USED     TIME LEFT (RESERVED   NUMBER OF STARS
 PARTICLES HANDLED    PARTICLES LEFT        OF BEAM PARTICLES     BY A BEAM PARTICLE     10000.0 SECONDS      CREATED
                                            THAT CAN STILL BE                           FOR PRINTOUT)
                                            HANDLED

 NEXT SEEDS:13E0219D       0       0       0       0       0   11A82       4       0       0
          1               1999999               1999999             0.0000000E+00         1.0000000E+30                 0       
 NEXT SEEDS:13E021AB       0       0       0       0       0   11A82       4       0       0
      40000               1960000               1960000             1.7247391E-05         1.0000000E+30                 0       
 NEXT SEEDS:1412E56B       0       0       0       0       0   11A82       4       0       0
      80000               1920000               1920000             1.7209888E-05         1.0000000E+30                 0       
 NEXT SEEDS:1445E8EB       0       0       0       0       0   11A82       4       0       0
     120000               1880000               1880000             2.2729882E-05         1.0000000E+30                 0       
 NEXT SEEDS:14790818       0       0       0       0       0   11A82       4       0       0
     160000               1840000               1840000             2.1421742E-05         1.0000000E+30                 0       
 NEXT SEEDS:14AB6D05       0       0       0       0       0   11A82       4       0       0
     200000               1800000               1800000             2.2406592E-05         1.0000000E+30                 0       
 NEXT SEEDS:14DF0586       0       0       0       0       0   11A82       4       0       0
     240000               1760000               1760000             2.4529604E-05         1.0000000E+30                 0       
 NEXT SEEDS:15126067       0       0       0       0       0   11A82       4       0       0
     280000               1720000               1720000             2.3960641E-05         1.0000000E+30                 0       
 NEXT SEEDS:1545A3F8       0       0       0       0       0   11A82       4       0       0
     320000               1680000               1680000             2.3277712E-05         1.0000000E+30                 0       
 NEXT SEEDS:15783B34       0       0       0       0       0   11A82       4       0       0
     360000               1640000               1640000             2.2910407E-05         1.0000000E+30                 0       
 NEXT SEEDS:15AB2BA9       0       0       0       0       0   11A82       4       0       0
     400000               1600000               1600000             2.4053845E-05         1.0000000E+30                 0       
 NEXT SEEDS:15DD2805       0       0       0       0       0   11A82       4       0       0
     440000               1560000               1560000             2.3778204E-05         1.0000000E+30                 0       
 NEXT SEEDS:161006C5       0       0       0       0       0   11A82       4       0       0
     480000               1520000               1520000             2.3248549E-05         1.0000000E+30                 0       
 NEXT SEEDS:1642BAAD       0       0       0       0       0   11A82       4       0       0
     520000               1480000               1480000             2.2779232E-05         1.0000000E+30                 0       
 NEXT SEEDS:167580D3       0       0       0       0       0   11A82       4       0       0
     560000               1440000               1440000             2.2610847E-05         1.0000000E+30                 0       
 NEXT SEEDS:16A83534       0       0       0       0       0   11A82       4       0       0
     600000               1400000               1400000             2.2284945E-05         1.0000000E+30                 0       
 NEXT SEEDS:16DB6711       0       0       0       0       0   11A82       4       0       0
     640000               1360000               1360000             2.2041963E-05         1.0000000E+30                 0       
 NEXT SEEDS:170D7C49       0       0       0       0       0   11A82       4       0       0
     680000               1320000               1320000             2.2127518E-05         1.0000000E+30                 0       
 NEXT SEEDS:173FD046       0       0       0       0       0   11A82       4       0       0
     720000               1280000               1280000             2.2793758E-05         1.0000000E+30                 0       
 NEXT SEEDS:17732B97       0       0       0       0       0   11A82       4       0       0
     760000               1240000               1240000             2.2899152E-05         1.0000000E+30                 0       
 NEXT SEEDS:17A6379E       0       0       0       0       0   11A82       4       0       0
     800000               1200000               1200000             2.3292710E-05         1.0000000E+30                 0       
 NEXT SEEDS:17D93E3A       0       0       0       0       0   11A82       4       0       0
     840000               1160000               1160000             2.3026261E-05         1.0000000E+30                 0       
 NEXT SEEDS:180C3B56       0       0       0       0       0   11A82       4       0       0
     880000               1120000               1120000             2.2919242E-05         1.0000000E+30                 0       
 NEXT SEEDS:183F9B00       0       0       0       0       0   11A82       4       0       0
     920000               1080000               1080000             2.2712852E-05         1.0000000E+30                 0       
 NEXT SEEDS:18722CBD       0       0       0       0       0   11A82       4       0       0
     960000               1040000               1040000             2.2670512E-05         1.0000000E+30                 0       
 NEXT SEEDS:18A4E663       0       0       0       0       0   11A82       4       0       0
    1000000               1000000               1000000             2.2481584E-05         1.0000000E+30                 0       
 NEXT SEEDS:18D838AC       0       0       0       0       0   11A82       4       0       0
    1040000                960000                960000             2.2326413E-05         1.0000000E+30                 0       
 NEXT SEEDS:190AB142       0       0       0       0       0   11A82       4       0       0
    1080000                920000                920000             2.2141078E-05         1.0000000E+30                 0       
 NEXT SEEDS:193E1195       0       0       0       0       0   11A82       4       0       0
    1120000                880000                880000             2.2135029E-05         1.0000000E+30                 0       
 NEXT SEEDS:1971AEC8       0       0       0       0       0   11A82       4       0       0
    1160000                840000                840000             2.2463827E-05         1.0000000E+30                 0       
 NEXT SEEDS:19A4AD01       0       0       0       0       0   11A82       4       0       0
    1200000                800000                800000             2.2301610E-05         1.0000000E+30                 0       
 NEXT SEEDS:19D6E78F       0       0       0       0       0   11A82       4       0       0
    1240000                760000                760000             2.2144214E-05         1.0000000E+30                 0       
 NEXT SEEDS:1A097566       0       0       0       0       0   11A82       4       0       0
    1280000                720000                720000             2.1995092E-05         1.0000000E+30                 0       
 NEXT SEEDS:1A3CA38F       0       0       0       0       0   11A82       4       0       0
    1320000                680000                680000             2.1947422E-05         1.0000000E+30                 0       
 NEXT SEEDS:1A6FCF18       0       0       0       0       0   11A82       4       0       0
    1360000                640000                640000             2.1822420E-05         1.0000000E+30                 0       
 NEXT SEEDS:1AA1D11D       0       0       0       0       0   11A82       4       0       0
    1400000                600000                600000             2.1738124E-05         1.0000000E+30                 0       
 NEXT SEEDS:1AD4AAF7       0       0       0       0       0   11A82       4       0       0
    1440000                560000                560000             2.1616158E-05         1.0000000E+30                 0       
 NEXT SEEDS:1B08390A       0       0       0       0       0   11A82       4       0       0
    1480000                520000                520000             2.1501462E-05         1.0000000E+30                 0       
 NEXT SEEDS:1B3B65D8       0       0       0       0       0   11A82       4       0       0
    1520000                480000                480000             2.1732881E-05         1.0000000E+30                 0       
 NEXT SEEDS:1B6EE2E7       0       0       0       0       0   11A82       4       0       0
  *** Eveneu: no downsc. group selected, cusngl, rsngl, igpr ***  0.999999881
  0.99999994 249
    1560000                440000                440000             2.1815274E-05         1.0000000E+30                 0       
 NEXT SEEDS:1BA19A13       0       0       0       0       0   11A82       4       0       0
    1600000                400000                400000             2.1711698E-05         1.0000000E+30                 0       
 NEXT SEEDS:1BD4430D       0       0       0       0       0   11A82       4       0       0
    1640000                360000                360000             2.1611959E-05         1.0000000E+30                 0       
 NEXT SEEDS:1C07880C       0       0       0       0       0   11A82       4       0       0
    1680000                320000                320000             2.1543154E-05         1.0000000E+30                 0       
 NEXT SEEDS:1C3AD059       0       0       0       0       0   11A82       4       0       0
    1720000                280000                280000             2.1481619E-05         1.0000000E+30                 0       
 NEXT SEEDS:1C6C91A6       0       0       0       0       0   11A82       4       0       0
    1760000                240000                240000             2.1400155E-05         1.0000000E+30                 0       
 NEXT SEEDS:1C9F8B87       0       0       0       0       0   11A82       4       0       0
    1800000                200000                200000             2.1480622E-05         1.0000000E+30                 0       
 NEXT SEEDS:1CD2ACED       0       0       0       0       0   11A82       4       0       0
    1840000                160000                160000             2.1666815E-05         1.0000000E+30                 0       
 NEXT SEEDS:1D05C266       0       0       0       0       0   11A82       4       0       0
    1880000                120000                120000             2.1585017E-05         1.0000000E+30                 0       
 NEXT SEEDS:1D39142A       0       0       0       0       0   11A82       4       0       0
    1920000                 80000                 80000             2.1504023E-05         1.0000000E+30                 0       
 NEXT SEEDS:1D6C1747       0       0       0       0       0   11A82       4       0       0
    1960000                 40000                 40000             2.1418683E-05         1.0000000E+30                 0       
 NEXT SEEDS:1D9F894C       0       0       0       0       0   11A82       4       0       0
    1999950                    50                    50             2.1401781E-05         1.0000000E+30                 0       
 NEXT SEEDS:1DD27501       0       0       0       0       0   11A82       4       0       0
    1999951                    49                    49             2.1401770E-05         1.0000000E+30                 0       
 NEXT SEEDS:1DD27518       0       0       0       0       0   11A82       4       0       0
    1999952                    48                    48             2.1402261E-05         1.0000000E+30                 0       
 NEXT SEEDS:1DD2751F       0       0       0       0       0   11A82       4       0       0
    1999953                    47                    47             2.1402250E-05         1.0000000E+30                 0       
 NEXT SEEDS:1DD275BD       0       0       0       0       0   11A82       4       0       0
    1999954                    46                    46             2.1402239E-05         1.0000000E+30                 0       
 NEXT SEEDS:1DD275C9       0       0       0       0       0   11A82       4       0       0
    1999955                    45                    45             2.1402229E-05         1.0000000E+30                 0       
 NEXT SEEDS:1DD275DF       0       0       0       0       0   11A82       4       0       0
    1999956                    44                    44             2.1402218E-05         1.0000000E+30                 0       
 NEXT SEEDS:1DD275F5       0       0       0       0       0   11A82       4       0       0
    1999957                    43                    43             2.1402207E-05         1.0000000E+30                 0       
 NEXT SEEDS:1DD27630       0       0       0       0       0   11A82       4       0       0
    1999958                    42                    42             2.1402197E-05         1.0000000E+30                 0       
 NEXT SEEDS:1DD2766E       0       0       0       0       0   11A82       4       0       0
    1999959                    41                    41             2.1402186E-05         1.0000000E+30                 0       
 NEXT SEEDS:1DD27675       0       0       0       0       0   11A82       4       0       0
    1999960                    40                    40             2.1402175E-05         1.0000000E+30                 0       
 NEXT SEEDS:1DD27689       0       0       0       0       0   11A82       4       0       0
    1999961                    39                    39             2.1402165E-05         1.0000000E+30                 0       
 NEXT SEEDS:1DD2769A       0       0       0       0       0   11A82       4       0       0
    1999962                    38                    38             2.1402154E-05         1.0000000E+30                 0       
 NEXT SEEDS:1DD27745       0       0       0       0       0   11A82       4       0       0
    1999963                    37                    37             2.1402143E-05         1.0000000E+30                 0       
 NEXT SEEDS:1DD27759       0       0       0       0       0   11A82       4       0       0
    1999964                    36                    36             2.1402632E-05         1.0000000E+30                 0       
 NEXT SEEDS:1DD277FD       0       0       0       0       0   11A82       4       0       0
    1999965                    35                    35             2.1402621E-05         1.0000000E+30                 0       
 NEXT SEEDS:1DD27B17       0       0       0       0       0   11A82       4       0       0
    1999966                    34                    34             2.1402611E-05         1.0000000E+30                 0       
 NEXT SEEDS:1DD27B2D       0       0       0       0       0   11A82       4       0       0
    1999967                    33                    33             2.1402600E-05         1.0000000E+30                 0       
 NEXT SEEDS:1DD27B41       0       0       0       0       0   11A82       4       0       0
    1999968                    32                    32             2.1402589E-05         1.0000000E+30                 0       
 NEXT SEEDS:1DD27B4D       0       0       0       0       0   11A82       4       0       0
    1999969                    31                    31             2.1402579E-05         1.0000000E+30                 0       
 NEXT SEEDS:1DD27B69       0       0       0       0       0   11A82       4       0       0
    1999970                    30                    30             2.1402568E-05         1.0000000E+30                 0       
 NEXT SEEDS:1DD27B8D       0       0       0       0       0   11A82       4       0       0
    1999971                    29                    29             2.1402557E-05         1.0000000E+30                 0       
 NEXT SEEDS:1DD27B94       0       0       0       0       0   11A82       4       0       0
    1999972                    28                    28             2.1402547E-05         1.0000000E+30                 0       
 NEXT SEEDS:1DD27BA0       0       0       0       0       0   11A82       4       0       0
    1999973                    27                    27             2.1402536E-05         1.0000000E+30                 0       
 NEXT SEEDS:1DD27BC6       0       0       0       0       0   11A82       4       0       0
    1999974                    26                    26             2.1402525E-05         1.0000000E+30                 0       
 NEXT SEEDS:1DD27BE2       0       0       0       0       0   11A82       4       0       0
    1999975                    25                    25             2.1402514E-05         1.0000000E+30                 0       
 NEXT SEEDS:1DD27BEE       0       0       0       0       0   11A82       4       0       0
    1999976                    24                    24             2.1402504E-05         1.0000000E+30                 0       
 NEXT SEEDS:1DD27C90       0       0       0       0       0   11A82       4       0       0
    1999977                    23                    23             2.1402493E-05         1.0000000E+30                 0       
 NEXT SEEDS:1DD27C9C       0       0       0       0       0   11A82       4       0       0
    1999978                    22                    22             2.1402482E-05         1.0000000E+30                 0       
 NEXT SEEDS:1DD27D00       0       0       0       0       0   11A82       4       0       0
    1999979                    21                    21             2.1402472E-05         1.0000000E+30                 0       
 NEXT SEEDS:1DD27D60       0       0       0       0       0   11A82       4       0       0
    1999980                    20                    20             2.1402461E-05         1.0000000E+30                 0       
 NEXT SEEDS:1DD27D6F       0       0       0       0       0   11A82       4       0       0
    1999981                    19                    19             2.1402450E-05         1.0000000E+30                 0       
 NEXT SEEDS:1DD27E95       0       0       0       0       0   11A82       4       0       0
    1999982                    18                    18             2.1402440E-05         1.0000000E+30                 0       
 NEXT SEEDS:1DD27EC4       0       0       0       0       0   11A82       4       0       0
    1999983                    17                    17             2.1402429E-05         1.0000000E+30                 0       
 NEXT SEEDS:1DD27ED0       0       0       0       0       0   11A82       4       0       0
    1999984                    16                    16             2.1402418E-05         1.0000000E+30                 0       
 NEXT SEEDS:1DD27EDC       0       0       0       0       0   11A82       4       0       0
    1999985                    15                    15             2.1402407E-05         1.0000000E+30                 0       
 NEXT SEEDS:1DD27F3F       0       0       0       0       0   11A82       4       0       0
    1999986                    14                    14             2.1402397E-05         1.0000000E+30                 0       
 NEXT SEEDS:1DD2811D       0       0       0       0       0   11A82       4       0       0
    1999987                    13                    13             2.1402386E-05         1.0000000E+30                 0       
 NEXT SEEDS:1DD28561       0       0       0       0       0   11A82       4       0       0
    1999988                    12                    12             2.1402375E-05         1.0000000E+30                 0       
 NEXT SEEDS:1DD285D4       0       0       0       0       0   11A82       4       0       0
    1999989                    11                    11             2.1402365E-05         1.0000000E+30                 0       
 NEXT SEEDS:1DD2860C       0       0       0       0       0   11A82       4       0       0
    1999990                    10                    10             2.1402354E-05         1.0000000E+30                 0       
 NEXT SEEDS:1DD28A54       0       0       0       0       0   11A82       4       0       0
    1999991                     9                     9             2.1402843E-05         1.0000000E+30                 0       
 NEXT SEEDS:1DD28AC6       0       0       0       0       0   11A82       4       0       0
    1999992                     8                     8             2.1402832E-05         1.0000000E+30                 0       
 NEXT SEEDS:1DD28AD2       0       0       0       0       0   11A82       4       0       0
    1999993                     7                     7             2.1402822E-05         1.0000000E+30                 0       
 NEXT SEEDS:1DD28B1E       0       0       0       0       0   11A82       4       0       0
    1999994                     6                     6             2.1402811E-05         1.0000000E+30                 0       
 NEXT SEEDS:1DD28B34       0       0       0       0       0   11A82       4       0       0
    1999995                     5                     5             2.1402800E-05         1.0000000E+30                 0       
 NEXT SEEDS:1DD28B5A       0       0       0       0       0   11A82       4       0       0
    1999996                     4                     4             2.1402789E-05         1.0000000E+30                 0       
 NEXT SEEDS:1DD28B97       0       0       0       0       0   11A82       4       0       0
    1999997                     3                     3             2.1402779E-05         1.0000000E+30                 0       
 NEXT SEEDS:1DD28BF3       0       0       0       0       0   11A82       4       0       0
    1999998                     2                     2             2.1402768E-05         1.0000000E+30                 0       
 NEXT SEEDS:1DD28C53       0       0       0       0       0   11A82       4       0       0
    1999999                     1                     1             2.1402757E-05         1.0000000E+30                 0       
 NEXT SEEDS:1DD28C9D       0       0       0       0       0   11A82       4       0       0
    2000000                     0                     1             2.1402747E-05         1.0000000E+30                 0       
 NEXT SEEDS:1DD28CA9       0       0       0       0       0   11A82       4       0       0
