1NUMBER OF BEAM       NUMBER OF BEAM        APPROXIMATE NUMBER    AVERAGE TIME USED     TIME LEFT (RESERVED   NUMBER OF STARS
 PARTICLES HANDLED    PARTICLES LEFT        OF BEAM PARTICLES     BY A BEAM PARTICLE     10000.0 SECONDS      CREATED
                                            THAT CAN STILL BE                           FOR PRINTOUT)
                                            HANDLED

 NEXT SEEDS:21204E81       0       0       0       0       0   11A89       4       0       0
          1               1999999               1999999             0.0000000E+00         1.0000000E+30                 0       
 NEXT SEEDS:21204E9D       0       0       0       0       0   11A89       4       0       0
      40000               1960000               1960000             2.6770926E-05         1.0000000E+30                 0       
 NEXT SEEDS:2175862E       0       0       0       0       0   11A89       4       0       0
      80000               1920000               1920000             2.6383483E-05         1.0000000E+30                 0       
 NEXT SEEDS:21C9827F       0       0       0       0       0   11A89       4       0       0
     120000               1880000               1880000             2.7254192E-05         1.0000000E+30                 0       
 NEXT SEEDS:221D4830       0       0       0       0       0   11A89       4       0       0
     160000               1840000               1840000             2.7533311E-05         1.0000000E+30                 0       
 NEXT SEEDS:2274E883       0       0       0       0       0   11A89       4       0       0
     200000               1800000               1800000             2.7230859E-05         1.0000000E+30                 0       
 NEXT SEEDS:22C99DE9       0       0       0       0       0   11A89       4       0       0
     240000               1760000               1760000             2.7050054E-05         1.0000000E+30                 0       
 NEXT SEEDS:23204030       0       0       0       0       0   11A89       4       0       0
     280000               1720000               1720000             2.6860200E-05         1.0000000E+30                 0       
 NEXT SEEDS:23743ED9       0       0       0       0       0   11A89       4       0       0
     320000               1680000               1680000             2.6849043E-05         1.0000000E+30                 0       
 NEXT SEEDS:23C7C8E0       0       0       0       0       0   11A89       4       0       0
     360000               1640000               1640000             2.8437342E-05         1.0000000E+30                 0       
 NEXT SEEDS:241D457F       0       0       0       0       0   11A89       4       0       0
     400000               1600000               1600000             2.8208208E-05         1.0000000E+30                 0       
 NEXT SEEDS:24721A28       0       0       0       0       0   11A89       4       0       0
     440000               1560000               1560000             2.8979683E-05         1.0000000E+30                 0       
 NEXT SEEDS:24C739DB       0       0       0       0       0   11A89       4       0       0
     480000               1520000               1520000             2.9697569E-05         1.0000000E+30                 0       
 NEXT SEEDS:251AFFA4       0       0       0       0       0   11A89       4       0       0
     520000               1480000               1480000             3.0628036E-05         1.0000000E+30                 0       
 NEXT SEEDS:2570FD3B       0       0       0       0       0   11A89       4       0       0
     560000               1440000               1440000             3.0545354E-05         1.0000000E+30                 0       
 NEXT SEEDS:25C55A6D       0       0       0       0       0   11A89       4       0       0
     600000               1400000               1400000             3.0397043E-05         1.0000000E+30                 0       
 NEXT SEEDS:261AE145       0       0       0       0       0   11A89       4       0       0
     640000               1360000               1360000             3.0698457E-05         1.0000000E+30                 0       
 NEXT SEEDS:266EC41E       0       0       0       0       0   11A89       4       0       0
     680000               1320000               1320000             3.1177613E-05         1.0000000E+30                 0       
 NEXT SEEDS:26C3A44D       0       0       0       0       0   11A89       4       0       0
     720000               1280000               1280000             3.0910577E-05         1.0000000E+30                 0       
 NEXT SEEDS:27178479       0       0       0       0       0   11A89       4       0       0
     760000               1240000               1240000             3.0703226E-05         1.0000000E+30                 0       
 NEXT SEEDS:276CDCFE       0       0       0       0       0   11A89       4       0       0
     800000               1200000               1200000             3.0635343E-05         1.0000000E+30                 0       
 NEXT SEEDS:27C2464C       0       0       0       0       0   11A89       4       0       0
     840000               1160000               1160000             3.0519170E-05         1.0000000E+30                 0       
 NEXT SEEDS:28187613       0       0       0       0       0   11A89       4       0       0
     880000               1120000               1120000             3.0304484E-05         1.0000000E+30                 0       
 NEXT SEEDS:286C6991       0       0       0       0       0   11A89       4       0       0
     920000               1080000               1080000             3.0364947E-05         1.0000000E+30                 0       
 NEXT SEEDS:28C1DC43       0       0       0       0       0   11A89       4       0       0
     960000               1040000               1040000             3.0974458E-05         1.0000000E+30                 0       
 NEXT SEEDS:29177BBE       0       0       0       0       0   11A89       4       0       0
    1000000               1000000               1000000             3.0807314E-05         1.0000000E+30                 0       
 NEXT SEEDS:296C4475       0       0       0       0       0   11A89       4       0       0
    1040000                960000                960000             3.1391380E-05         1.0000000E+30                 0       
 NEXT SEEDS:29BF9F7F       0       0       0       0       0   11A89       4       0       0
    1080000                920000                920000             3.1307279E-05         1.0000000E+30                 0       
 NEXT SEEDS:2A12E220       0       0       0       0       0   11A89       4       0       0
    1120000                880000                880000             3.1190792E-05         1.0000000E+30                 0       
 NEXT SEEDS:2A674D71       0       0       0       0       0   11A89       4       0       0
    1160000                840000                840000             3.1128888E-05         1.0000000E+30                 0       
 NEXT SEEDS:2ABAB29F       0       0       0       0       0   11A89       4       0       0
    1200000                800000                800000             3.1031114E-05         1.0000000E+30                 0       
 NEXT SEEDS:2B10938C       0       0       0       0       0   11A89       4       0       0
    1240000                760000                760000             3.0871919E-05         1.0000000E+30                 0       
 NEXT SEEDS:2B64E03E       0       0       0       0       0   11A89       4       0       0
    1280000                720000                720000             3.0718766E-05         1.0000000E+30                 0       
 NEXT SEEDS:2BB98BCD       0       0       0       0       0   11A89       4       0       0
    1320000                680000                680000             3.0570352E-05         1.0000000E+30                 0       
 NEXT SEEDS:2C0DDD96       0       0       0       0       0   11A89       4       0       0
    1360000                640000                640000             3.0724005E-05         1.0000000E+30                 0       
 NEXT SEEDS:2C636ECC       0       0       0       0       0   11A89       4       0       0
    1400000                600000                600000             3.0853880E-05         1.0000000E+30                 0       
 NEXT SEEDS:2CB743C1       0       0       0       0       0   11A89       4       0       0
    1440000                560000                560000             3.0744631E-05         1.0000000E+30                 0       
 NEXT SEEDS:2D0D4564       0       0       0       0       0   11A89       4       0       0
    1480000                520000                520000             3.1156075E-05         1.0000000E+30                 0       
 NEXT SEEDS:2D62D166       0       0       0       0       0   11A89       4       0       0
    1520000                480000                480000             3.1052515E-05         1.0000000E+30                 0       
 NEXT SEEDS:2DB65442       0       0       0       0       0   11A89       4       0       0
    1560000                440000                440000             3.0959397E-05         1.0000000E+30                 0       
 NEXT SEEDS:2E0C4449       0       0       0       0       0   11A89       4       0       0
    1600000                400000                400000             3.0919675E-05         1.0000000E+30                 0       
 NEXT SEEDS:2E5FBD1D       0       0       0       0       0   11A89       4       0       0
    1640000                360000                360000             3.0853235E-05         1.0000000E+30                 0       
 NEXT SEEDS:2EB4CE1C       0       0       0       0       0   11A89       4       0       0
    1680000                320000                320000             3.0751872E-05         1.0000000E+30                 0       
 NEXT SEEDS:2F0B6CF5       0       0       0       0       0   11A89       4       0       0
    1720000                280000                280000             3.1089460E-05         1.0000000E+30                 0       
 NEXT SEEDS:2F6149B6       0       0       0       0       0   11A89       4       0       0
    1760000                240000                240000             3.1031647E-05         1.0000000E+30                 0       
 NEXT SEEDS:2FB69364       0       0       0       0       0   11A89       4       0       0
    1800000                200000                200000             3.0926409E-05         1.0000000E+30                 0       
 NEXT SEEDS:300A3BD4       0       0       0       0       0   11A89       4       0       0
    1840000                160000                160000             3.0888782E-05         1.0000000E+30                 0       
 NEXT SEEDS:305DE41C       0       0       0       0       0   11A89       4       0       0
    1880000                120000                120000             3.0798509E-05         1.0000000E+30                 0       
 NEXT SEEDS:30AEE88D       0       0       0       0       0   11A89       4       0       0
    1920000                 80000                 80000             3.0809900E-05         1.0000000E+30                 0       
 NEXT SEEDS:3103F758       0       0       0       0       0   11A89       4       0       0
    1960000                 40000                 40000             3.0940195E-05         1.0000000E+30                 0       
 NEXT SEEDS:315663F5       0       0       0       0       0   11A89       4       0       0
    1999950                    50                    50             3.0846580E-05         1.0000000E+30                 0       
 NEXT SEEDS:31AB2D8D       0       0       0       0       0   11A89       4       0       0
    1999951                    49                    49             3.0846565E-05         1.0000000E+30                 0       
 NEXT SEEDS:31AB2DA1       0       0       0       0       0   11A89       4       0       0
    1999952                    48                    48             3.0846549E-05         1.0000000E+30                 0       
 NEXT SEEDS:31AB2DDC       0       0       0       0       0   11A89       4       0       0
    1999953                    47                    47             3.0846534E-05         1.0000000E+30                 0       
 NEXT SEEDS:31AB2E08       0       0       0       0       0   11A89       4       0       0
    1999954                    46                    46             3.0846518E-05         1.0000000E+30                 0       
 NEXT SEEDS:31AB3214       0       0       0       0       0   11A89       4       0       0
    1999955                    45                    45             3.0846503E-05         1.0000000E+30                 0       
 NEXT SEEDS:31AB3224       0       0       0       0       0   11A89       4       0       0
    1999956                    44                    44             3.0846488E-05         1.0000000E+30                 0       
 NEXT SEEDS:31AB32AC       0       0       0       0       0   11A89       4       0       0
    1999957                    43                    43             3.0846472E-05         1.0000000E+30                 0       
 NEXT SEEDS:31AB32DD       0       0       0       0       0   11A89       4       0       0
    1999958                    42                    42             3.0846457E-05         1.0000000E+30                 0       
 NEXT SEEDS:31AB32EB       0       0       0       0       0   11A89       4       0       0
    1999959                    41                    41             3.0846441E-05         1.0000000E+30                 0       
 NEXT SEEDS:31AB330A       0       0       0       0       0   11A89       4       0       0
    1999960                    40                    40             3.0846426E-05         1.0000000E+30                 0       
 NEXT SEEDS:31AB3311       0       0       0       0       0   11A89       4       0       0
    1999961                    39                    39             3.0846410E-05         1.0000000E+30                 0       
 NEXT SEEDS:31AB3328       0       0       0       0       0   11A89       4       0       0
    1999962                    38                    38             3.0846395E-05         1.0000000E+30                 0       
 NEXT SEEDS:31AB347B       0       0       0       0       0   11A89       4       0       0
    1999963                    37                    37             3.0846380E-05         1.0000000E+30                 0       
 NEXT SEEDS:31AB349B       0       0       0       0       0   11A89       4       0       0
    1999964                    36                    36             3.0846364E-05         1.0000000E+30                 0       
 NEXT SEEDS:31AB364D       0       0       0       0       0   11A89       4       0       0
    1999965                    35                    35             3.0846349E-05         1.0000000E+30                 0       
 NEXT SEEDS:31AB3659       0       0       0       0       0   11A89       4       0       0
    1999966                    34                    34             3.0846333E-05         1.0000000E+30                 0       
 NEXT SEEDS:31AB3688       0       0       0       0       0   11A89       4       0       0
    1999967                    33                    33             3.0846318E-05         1.0000000E+30                 0       
 NEXT SEEDS:31AB36C3       0       0       0       0       0   11A89       4       0       0
    1999968                    32                    32             3.0846303E-05         1.0000000E+30                 0       
 NEXT SEEDS:31AB36DF       0       0       0       0       0   11A89       4       0       0
    1999969                    31                    31             3.0846287E-05         1.0000000E+30                 0       
 NEXT SEEDS:31AB3956       0       0       0       0       0   11A89       4       0       0
    1999970                    30                    30             3.0846272E-05         1.0000000E+30                 0       
 NEXT SEEDS:31AB397D       0       0       0       0       0   11A89       4       0       0
    1999971                    29                    29             3.0846256E-05         1.0000000E+30                 0       
 NEXT SEEDS:31AB3984       0       0       0       0       0   11A89       4       0       0
    1999972                    28                    28             3.0846241E-05         1.0000000E+30                 0       
 NEXT SEEDS:31AB398B       0       0       0       0       0   11A89       4       0       0
    1999973                    27                    27             3.0846225E-05         1.0000000E+30                 0       
 NEXT SEEDS:31AB39A9       0       0       0       0       0   11A89       4       0       0
    1999974                    26                    26             3.0846710E-05         1.0000000E+30                 0       
 NEXT SEEDS:31AB3A01       0       0       0       0       0   11A89       4       0       0
    1999975                    25                    25             3.0846694E-05         1.0000000E+30                 0       
 NEXT SEEDS:31AB3A18       0       0       0       0       0   11A89       4       0       0
    1999976                    24                    24             3.0846679E-05         1.0000000E+30                 0       
 NEXT SEEDS:31AB3A24       0       0       0       0       0   11A89       4       0       0
    1999977                    23                    23             3.0846663E-05         1.0000000E+30                 0       
 NEXT SEEDS:31AB3A30       0       0       0       0       0   11A89       4       0       0
    1999978                    22                    22             3.0846648E-05         1.0000000E+30                 0       
 NEXT SEEDS:31AB3A44       0       0       0       0       0   11A89       4       0       0
    1999979                    21                    21             3.0846633E-05         1.0000000E+30                 0       
 NEXT SEEDS:31AB3A50       0       0       0       0       0   11A89       4       0       0
    1999980                    20                    20             3.0846617E-05         1.0000000E+30                 0       
 NEXT SEEDS:31AB3A57       0       0       0       0       0   11A89       4       0       0
    1999981                    19                    19             3.0846602E-05         1.0000000E+30                 0       
 NEXT SEEDS:31AB3ACA       0       0       0       0       0   11A89       4       0       0
    1999982                    18                    18             3.0846586E-05         1.0000000E+30                 0       
 NEXT SEEDS:31AB3B22       0       0       0       0       0   11A89       4       0       0
    1999983                    17                    17             3.0846571E-05         1.0000000E+30                 0       
 NEXT SEEDS:31AB3B3F       0       0       0       0       0   11A89       4       0       0
    1999984                    16                    16             3.0846555E-05         1.0000000E+30                 0       
 NEXT SEEDS:31AB3B4E       0       0       0       0       0   11A89       4       0       0
    1999985                    15                    15             3.0846540E-05         1.0000000E+30                 0       
 NEXT SEEDS:31AB3B62       0       0       0       0       0   11A89       4       0       0
    1999986                    14                    14             3.0846525E-05         1.0000000E+30                 0       
 NEXT SEEDS:31AB3BF2       0       0       0       0       0   11A89       4       0       0
    1999987                    13                    13             3.0846509E-05         1.0000000E+30                 0       
 NEXT SEEDS:31AB3C0B       0       0       0       0       0   11A89       4       0       0
    1999988                    12                    12             3.0846494E-05         1.0000000E+30                 0       
 NEXT SEEDS:31AB3C12       0       0       0       0       0   11A89       4       0       0
    1999989                    11                    11             3.0846478E-05         1.0000000E+30                 0       
 NEXT SEEDS:31AB3C48       0       0       0       0       0   11A89       4       0       0
    1999990                    10                    10             3.0846463E-05         1.0000000E+30                 0       
 NEXT SEEDS:31AB3EF6       0       0       0       0       0   11A89       4       0       0
    1999991                     9                     9             3.0846448E-05         1.0000000E+30                 0       
 NEXT SEEDS:31AB3F1A       0       0       0       0       0   11A89       4       0       0
    1999992                     8                     8             3.0846936E-05         1.0000000E+30                 0       
 NEXT SEEDS:31AB3FB3       0       0       0       0       0   11A89       4       0       0
    1999993                     7                     7             3.0847420E-05         1.0000000E+30                 0       
 NEXT SEEDS:31AB4E1F       0       0       0       0       0   11A89       4       0       0
    1999994                     6                     6             3.0847405E-05         1.0000000E+30                 0       
 NEXT SEEDS:31AB4E36       0       0       0       0       0   11A89       4       0       0
    1999995                     5                     5             3.0847389E-05         1.0000000E+30                 0       
 NEXT SEEDS:31AB4E97       0       0       0       0       0   11A89       4       0       0
    1999996                     4                     4             3.0847374E-05         1.0000000E+30                 0       
 NEXT SEEDS:31AB4ECE       0       0       0       0       0   11A89       4       0       0
    1999997                     3                     3             3.0847858E-05         1.0000000E+30                 0       
 NEXT SEEDS:31AB4F63       0       0       0       0       0   11A89       4       0       0
    1999998                     2                     2             3.0847843E-05         1.0000000E+30                 0       
 NEXT SEEDS:31AB4F6A       0       0       0       0       0   11A89       4       0       0
    1999999                     1                     1             3.0847827E-05         1.0000000E+30                 0       
 NEXT SEEDS:31AB4FF1       0       0       0       0       0   11A89       4       0       0
    2000000                     0                     1             3.0847812E-05         1.0000000E+30                 0       
 NEXT SEEDS:31AB500F       0       0       0       0       0   11A89       4       0       0
