1NUMBER OF BEAM       NUMBER OF BEAM        APPROXIMATE NUMBER    AVERAGE TIME USED     TIME LEFT (RESERVED   NUMBER OF STARS
 PARTICLES HANDLED    PARTICLES LEFT        OF BEAM PARTICLES     BY A BEAM PARTICLE     10000.0 SECONDS      CREATED
                                            THAT CAN STILL BE                           FOR PRINTOUT)
                                            HANDLED

 NEXT SEEDS:10945BDB       0       0       0       0       0   11A89       4       0       0
          1               1999999               1999999             0.0000000E+00         1.0000000E+30                 0       
 NEXT SEEDS:10945C4B       0       0       0       0       0   11A89       4       0       0
      40000               1960000               1960000             2.5446141E-05         1.0000000E+30                 0       
 NEXT SEEDS:10E775DB       0       0       0       0       0   11A89       4       0       0
      80000               1920000               1920000             2.5858569E-05         1.0000000E+30                 0       
 NEXT SEEDS:113D9DA3       0       0       0       0       0   11A89       4       0       0
     120000               1880000               1880000             2.5704432E-05         1.0000000E+30                 0       
 NEXT SEEDS:11909CA8       0       0       0       0       0   11A89       4       0       0
     160000               1840000               1840000             2.5714841E-05         1.0000000E+30                 0       
 NEXT SEEDS:11E46F99       0       0       0       0       0   11A89       4       0       0
     200000               1800000               1800000             2.5741088E-05         1.0000000E+30                 0       
 NEXT SEEDS:12398BBB       0       0       0       0       0   11A89       4       0       0
     240000               1760000               1760000             2.5879401E-05         1.0000000E+30                 0       
 NEXT SEEDS:1290BFC0       0       0       0       0       0   11A89       4       0       0
     280000               1720000               1720000             2.5921060E-05         1.0000000E+30                 0       
 NEXT SEEDS:12E6DDD1       0       0       0       0       0   11A89       4       0       0
     320000               1680000               1680000             2.5899191E-05         1.0000000E+30                 0       
 NEXT SEEDS:133BBDD3       0       0       0       0       0   11A89       4       0       0
     360000               1640000               1640000             2.5896063E-05         1.0000000E+30                 0       
 NEXT SEEDS:13908F2D       0       0       0       0       0   11A89       4       0       0
     400000               1600000               1600000             2.5901061E-05         1.0000000E+30                 0       
 NEXT SEEDS:13E59351       0       0       0       0       0   11A89       4       0       0
     440000               1560000               1560000             2.5871068E-05         1.0000000E+30                 0       
 NEXT SEEDS:14396CD7       0       0       0       0       0   11A89       4       0       0
     480000               1520000               1520000             2.5864819E-05         1.0000000E+30                 0       
 NEXT SEEDS:148D1E26       0       0       0       0       0   11A89       4       0       0
     520000               1480000               1480000             2.5869145E-05         1.0000000E+30                 0       
 NEXT SEEDS:14E25EE0       0       0       0       0       0   11A89       4       0       0
     560000               1440000               1440000             2.5888922E-05         1.0000000E+30                 0       
 NEXT SEEDS:15386D55       0       0       0       0       0   11A89       4       0       0
     600000               1400000               1400000             2.6162690E-05         1.0000000E+30                 0       
 NEXT SEEDS:158EE43C       0       0       0       0       0   11A89       4       0       0
     640000               1360000               1360000             2.7159934E-05         1.0000000E+30                 0       
 NEXT SEEDS:15E364EA       0       0       0       0       0   11A89       4       0       0
     680000               1320000               1320000             2.7109115E-05         1.0000000E+30                 0       
 NEXT SEEDS:1638735D       0       0       0       0       0   11A89       4       0       0
     720000               1280000               1280000             2.7100046E-05         1.0000000E+30                 0       
 NEXT SEEDS:168D78AD       0       0       0       0       0   11A89       4       0       0
     760000               1240000               1240000             2.7185342E-05         1.0000000E+30                 0       
 NEXT SEEDS:16E1D081       0       0       0       0       0   11A89       4       0       0
     800000               1200000               1200000             2.7179617E-05         1.0000000E+30                 0       
 NEXT SEEDS:1734EA45       0       0       0       0       0   11A89       4       0       0
     840000               1160000               1160000             2.7130399E-05         1.0000000E+30                 0       
 NEXT SEEDS:178AA730       0       0       0       0       0   11A89       4       0       0
     880000               1120000               1120000             2.7784412E-05         1.0000000E+30                 0       
 NEXT SEEDS:17DF5E65       0       0       0       0       0   11A89       4       0       0
     920000               1080000               1080000             2.7742522E-05         1.0000000E+30                 0       
 NEXT SEEDS:1834A923       0       0       0       0       0   11A89       4       0       0
     960000               1040000               1040000             2.8745629E-05         1.0000000E+30                 0       
 NEXT SEEDS:18879AD6       0       0       0       0       0   11A89       4       0       0
    1000000               1000000               1000000             2.8798624E-05         1.0000000E+30                 0       
 NEXT SEEDS:18DBF6CA       0       0       0       0       0   11A89       4       0       0
    1040000                960000                960000             2.8769667E-05         1.0000000E+30                 0       
 NEXT SEEDS:192F4179       0       0       0       0       0   11A89       4       0       0
    1080000                920000                920000             2.9383495E-05         1.0000000E+30                 0       
 NEXT SEEDS:1985C97D       0       0       0       0       0   11A89       4       0       0
    1120000                880000                880000             2.9381249E-05         1.0000000E+30                 0       
 NEXT SEEDS:19DB9FA0       0       0       0       0       0   11A89       4       0       0
    1160000                840000                840000             2.9306752E-05         1.0000000E+30                 0       
 NEXT SEEDS:1A322BE8       0       0       0       0       0   11A89       4       0       0
    1200000                800000                800000             2.9278047E-05         1.0000000E+30                 0       
 NEXT SEEDS:1A852F26       0       0       0       0       0   11A89       4       0       0
    1240000                760000                760000             2.9211688E-05         1.0000000E+30                 0       
 NEXT SEEDS:1AD93B13       0       0       0       0       0   11A89       4       0       0
    1280000                720000                720000             2.9778285E-05         1.0000000E+30                 0       
 NEXT SEEDS:1B2E53A1       0       0       0       0       0   11A89       4       0       0
    1320000                680000                680000             3.0138601E-05         1.0000000E+30                 0       
 NEXT SEEDS:1B84A2B0       0       0       0       0       0   11A89       4       0       0
    1360000                640000                640000             3.0210112E-05         1.0000000E+30                 0       
 NEXT SEEDS:1BD9E33F       0       0       0       0       0   11A89       4       0       0
    1400000                600000                600000             3.0198267E-05         1.0000000E+30                 0       
 NEXT SEEDS:1C2EF70C       0       0       0       0       0   11A89       4       0       0
    1440000                560000                560000             3.0200270E-05         1.0000000E+30                 0       
 NEXT SEEDS:1C81723E       0       0       0       0       0   11A89       4       0       0
    1480000                520000                520000             3.0117719E-05         1.0000000E+30                 0       
 NEXT SEEDS:1CD69C15       0       0       0       0       0   11A89       4       0       0
    1520000                480000                480000             3.0039512E-05         1.0000000E+30                 0       
 NEXT SEEDS:1D2AFEEC       0       0       0       0       0   11A89       4       0       0
    1560000                440000                440000             3.0114011E-05         1.0000000E+30                 0       
 NEXT SEEDS:1D7FD05F       0       0       0       0       0   11A89       4       0       0
    1600000                400000                400000             3.0314141E-05         1.0000000E+30                 0       
 NEXT SEEDS:1DD3F5B9       0       0       0       0       0   11A89       4       0       0
    1640000                360000                360000             3.0224673E-05         1.0000000E+30                 0       
 NEXT SEEDS:1E29BCD0       0       0       0       0       0   11A89       4       0       0
    1680000                320000                320000             3.0171009E-05         1.0000000E+30                 0       
 NEXT SEEDS:1E7F2061       0       0       0       0       0   11A89       4       0       0
    1720000                280000                280000             3.0102981E-05         1.0000000E+30                 0       
 NEXT SEEDS:1ED1C24C       0       0       0       0       0   11A89       4       0       0
    1760000                240000                240000             3.0038616E-05         1.0000000E+30                 0       
 NEXT SEEDS:1F25F5BC       0       0       0       0       0   11A89       4       0       0
    1800000                200000                200000             2.9942115E-05         1.0000000E+30                 0       
 NEXT SEEDS:1F79B00D       0       0       0       0       0   11A89       4       0       0
    1840000                160000                160000             3.0289416E-05         1.0000000E+30                 0       
 NEXT SEEDS:1FCD9287       0       0       0       0       0   11A89       4       0       0
    1880000                120000                120000             3.0204983E-05         1.0000000E+30                 0       
 NEXT SEEDS:2021E92C       0       0       0       0       0   11A89       4       0       0
    1920000                 80000                 80000             3.0119901E-05         1.0000000E+30                 0       
 NEXT SEEDS:207670EF       0       0       0       0       0   11A89       4       0       0
    1960000                 40000                 40000             3.0105117E-05         1.0000000E+30                 0       
 NEXT SEEDS:20CB41CD       0       0       0       0       0   11A89       4       0       0
    1999950                    50                    50             3.0052683E-05         1.0000000E+30                 0       
 NEXT SEEDS:21203BDF       0       0       0       0       0   11A89       4       0       0
    1999951                    49                    49             3.0052668E-05         1.0000000E+30                 0       
 NEXT SEEDS:21203C18       0       0       0       0       0   11A89       4       0       0
    1999952                    48                    48             3.0053153E-05         1.0000000E+30                 0       
 NEXT SEEDS:21203C95       0       0       0       0       0   11A89       4       0       0
    1999953                    47                    47             3.0053138E-05         1.0000000E+30                 0       
 NEXT SEEDS:21203CA4       0       0       0       0       0   11A89       4       0       0
    1999954                    46                    46             3.0053123E-05         1.0000000E+30                 0       
 NEXT SEEDS:21203CB3       0       0       0       0       0   11A89       4       0       0
    1999955                    45                    45             3.0053108E-05         1.0000000E+30                 0       
 NEXT SEEDS:21203D6F       0       0       0       0       0   11A89       4       0       0
    1999956                    44                    44             3.0053093E-05         1.0000000E+30                 0       
 NEXT SEEDS:21203D76       0       0       0       0       0   11A89       4       0       0
    1999957                    43                    43             3.0053078E-05         1.0000000E+30                 0       
 NEXT SEEDS:21203F7A       0       0       0       0       0   11A89       4       0       0
    1999958                    42                    42             3.0053063E-05         1.0000000E+30                 0       
 NEXT SEEDS:21203FAD       0       0       0       0       0   11A89       4       0       0
    1999959                    41                    41             3.0053048E-05         1.0000000E+30                 0       
 NEXT SEEDS:21204008       0       0       0       0       0   11A89       4       0       0
    1999960                    40                    40             3.0053033E-05         1.0000000E+30                 0       
 NEXT SEEDS:2120404F       0       0       0       0       0   11A89       4       0       0
    1999961                    39                    39             3.0053018E-05         1.0000000E+30                 0       
 NEXT SEEDS:2120406B       0       0       0       0       0   11A89       4       0       0
    1999962                    38                    38             3.0053003E-05         1.0000000E+30                 0       
 NEXT SEEDS:212040F8       0       0       0       0       0   11A89       4       0       0
    1999963                    37                    37             3.0052988E-05         1.0000000E+30                 0       
 NEXT SEEDS:21204118       0       0       0       0       0   11A89       4       0       0
    1999964                    36                    36             3.0052973E-05         1.0000000E+30                 0       
 NEXT SEEDS:21204131       0       0       0       0       0   11A89       4       0       0
    1999965                    35                    35             3.0053457E-05         1.0000000E+30                 0       
 NEXT SEEDS:21204150       0       0       0       0       0   11A89       4       0       0
    1999966                    34                    34             3.0053442E-05         1.0000000E+30                 0       
 NEXT SEEDS:212041C3       0       0       0       0       0   11A89       4       0       0
    1999967                    33                    33             3.0053427E-05         1.0000000E+30                 0       
 NEXT SEEDS:212041FE       0       0       0       0       0   11A89       4       0       0
    1999968                    32                    32             3.0053412E-05         1.0000000E+30                 0       
 NEXT SEEDS:212042B0       0       0       0       0       0   11A89       4       0       0
    1999969                    31                    31             3.0053397E-05         1.0000000E+30                 0       
 NEXT SEEDS:212042E9       0       0       0       0       0   11A89       4       0       0
    1999970                    30                    30             3.0053382E-05         1.0000000E+30                 0       
 NEXT SEEDS:21204368       0       0       0       0       0   11A89       4       0       0
    1999971                    29                    29             3.0053367E-05         1.0000000E+30                 0       
 NEXT SEEDS:212043B2       0       0       0       0       0   11A89       4       0       0
    1999972                    28                    28             3.0053352E-05         1.0000000E+30                 0       
 NEXT SEEDS:212043F1       0       0       0       0       0   11A89       4       0       0
    1999973                    27                    27             3.0053337E-05         1.0000000E+30                 0       
 NEXT SEEDS:21204400       0       0       0       0       0   11A89       4       0       0
    1999974                    26                    26             3.0053322E-05         1.0000000E+30                 0       
 NEXT SEEDS:2120447E       0       0       0       0       0   11A89       4       0       0
    1999975                    25                    25             3.0053307E-05         1.0000000E+30                 0       
 NEXT SEEDS:21204541       0       0       0       0       0   11A89       4       0       0
    1999976                    24                    24             3.0053292E-05         1.0000000E+30                 0       
 NEXT SEEDS:2120454D       0       0       0       0       0   11A89       4       0       0
    1999977                    23                    23             3.0053277E-05         1.0000000E+30                 0       
 NEXT SEEDS:21204569       0       0       0       0       0   11A89       4       0       0
    1999978                    22                    22             3.0053262E-05         1.0000000E+30                 0       
 NEXT SEEDS:21204587       0       0       0       0       0   11A89       4       0       0
    1999979                    21                    21             3.0053247E-05         1.0000000E+30                 0       
 NEXT SEEDS:212045C5       0       0       0       0       0   11A89       4       0       0
    1999980                    20                    20             3.0053232E-05         1.0000000E+30                 0       
 NEXT SEEDS:2120474E       0       0       0       0       0   11A89       4       0       0
    1999981                    19                    19             3.0053717E-05         1.0000000E+30                 0       
 NEXT SEEDS:2120476A       0       0       0       0       0   11A89       4       0       0
    1999982                    18                    18             3.0053702E-05         1.0000000E+30                 0       
 NEXT SEEDS:21204771       0       0       0       0       0   11A89       4       0       0
    1999983                    17                    17             3.0053687E-05         1.0000000E+30                 0       
 NEXT SEEDS:21204A9F       0       0       0       0       0   11A89       4       0       0
    1999984                    16                    16             3.0053672E-05         1.0000000E+30                 0       
 NEXT SEEDS:21204ABE       0       0       0       0       0   11A89       4       0       0
    1999985                    15                    15             3.0053657E-05         1.0000000E+30                 0       
 NEXT SEEDS:21204ACA       0       0       0       0       0   11A89       4       0       0
    1999986                    14                    14             3.0053642E-05         1.0000000E+30                 0       
 NEXT SEEDS:21204B58       0       0       0       0       0   11A89       4       0       0
    1999987                    13                    13             3.0053627E-05         1.0000000E+30                 0       
 NEXT SEEDS:21204BF1       0       0       0       0       0   11A89       4       0       0
    1999988                    12                    12             3.0053612E-05         1.0000000E+30                 0       
 NEXT SEEDS:21204C3C       0       0       0       0       0   11A89       4       0       0
    1999989                    11                    11             3.0053597E-05         1.0000000E+30                 0       
 NEXT SEEDS:21204C50       0       0       0       0       0   11A89       4       0       0
    1999990                    10                    10             3.0053582E-05         1.0000000E+30                 0       
 NEXT SEEDS:21204D0B       0       0       0       0       0   11A89       4       0       0
    1999991                     9                     9             3.0053567E-05         1.0000000E+30                 0       
 NEXT SEEDS:21204D23       0       0       0       0       0   11A89       4       0       0
    1999992                     8                     8             3.0054051E-05         1.0000000E+30                 0       
 NEXT SEEDS:21204D4A       0       0       0       0       0   11A89       4       0       0
    1999993                     7                     7             3.0054036E-05         1.0000000E+30                 0       
 NEXT SEEDS:21204D9B       0       0       0       0       0   11A89       4       0       0
    1999994                     6                     6             3.0054021E-05         1.0000000E+30                 0       
 NEXT SEEDS:21204DA7       0       0       0       0       0   11A89       4       0       0
    1999995                     5                     5             3.0054006E-05         1.0000000E+30                 0       
 NEXT SEEDS:21204DC3       0       0       0       0       0   11A89       4       0       0
    1999996                     4                     4             3.0053991E-05         1.0000000E+30                 0       
 NEXT SEEDS:21204DF9       0       0       0       0       0   11A89       4       0       0
    1999997                     3                     3             3.0053976E-05         1.0000000E+30                 0       
 NEXT SEEDS:21204E08       0       0       0       0       0   11A89       4       0       0
    1999998                     2                     2             3.0053961E-05         1.0000000E+30                 0       
 NEXT SEEDS:21204E4B       0       0       0       0       0   11A89       4       0       0
    1999999                     1                     1             3.0053946E-05         1.0000000E+30                 0       
 NEXT SEEDS:21204E52       0       0       0       0       0   11A89       4       0       0
    2000000                     0                     1             3.0053931E-05         1.0000000E+30                 0       
 NEXT SEEDS:21204E81       0       0       0       0       0   11A89       4       0       0
