1NUMBER OF BEAM       NUMBER OF BEAM        APPROXIMATE NUMBER    AVERAGE TIME USED     TIME LEFT (RESERVED   NUMBER OF STARS
 PARTICLES HANDLED    PARTICLES LEFT        OF BEAM PARTICLES     BY A BEAM PARTICLE     10000.0 SECONDS      CREATED
                                            THAT CAN STILL BE                           FOR PRINTOUT)
                                            HANDLED

 NEXT SEEDS:       0       0       0       0       0       0   11A89       4       0       0
          1               1999999               1999999             0.0000000E+00         1.0000000E+30                 0       
 NEXT SEEDS:      47       0       0       0       0       0   11A89       4       0       0
      40000               1960000               1960000             2.6345968E-05         1.0000000E+30                 0       
 NEXT SEEDS:  54AF7C       0       0       0       0       0   11A89       4       0       0
      80000               1920000               1920000             2.6196009E-05         1.0000000E+30                 0       
 NEXT SEEDS:  A9F426       0       0       0       0       0   11A89       4       0       0
     120000               1880000               1880000             2.6004374E-05         1.0000000E+30                 0       
 NEXT SEEDS:  FEFD3A       0       0       0       0       0   11A89       4       0       0
     160000               1840000               1840000             2.5889811E-05         1.0000000E+30                 0       
 NEXT SEEDS: 152A4BB       0       0       0       0       0   11A89       4       0       0
     200000               1800000               1800000             2.5821073E-05         1.0000000E+30                 0       
 NEXT SEEDS: 1A65BEB       0       0       0       0       0   11A89       4       0       0
     240000               1760000               1760000             2.5808575E-05         1.0000000E+30                 0       
 NEXT SEEDS: 1FA8222       0       0       0       0       0   11A89       4       0       0
     280000               1720000               1720000             2.5824640E-05         1.0000000E+30                 0       
 NEXT SEEDS: 2506B91       0       0       0       0       0   11A89       4       0       0
     320000               1680000               1680000             2.5802325E-05         1.0000000E+30                 0       
 NEXT SEEDS: 2A4ACB2       0       0       0       0       0   11A89       4       0       0
     360000               1640000               1640000             2.5807186E-05         1.0000000E+30                 0       
 NEXT SEEDS: 2F9FCCF       0       0       0       0       0   11A89       4       0       0
     400000               1600000               1600000             2.5831071E-05         1.0000000E+30                 0       
 NEXT SEEDS: 34EC266       0       0       0       0       0   11A89       4       0       0
     440000               1560000               1560000             2.5832437E-05         1.0000000E+30                 0       
 NEXT SEEDS: 3A41861       0       0       0       0       0   11A89       4       0       0
     480000               1520000               1520000             2.5837736E-05         1.0000000E+30                 0       
 NEXT SEEDS: 3F9BEA0       0       0       0       0       0   11A89       4       0       0
     520000               1480000               1480000             2.5838380E-05         1.0000000E+30                 0       
 NEXT SEEDS: 44EBECB       0       0       0       0       0   11A89       4       0       0
     560000               1440000               1440000             2.5871067E-05         1.0000000E+30                 0       
 NEXT SEEDS: 4A54E20       0       0       0       0       0   11A89       4       0       0
     600000               1400000               1400000             2.5881066E-05         1.0000000E+30                 0       
 NEXT SEEDS: 4FB0A30       0       0       0       0       0   11A89       4       0       0
     640000               1360000               1360000             2.5885127E-05         1.0000000E+30                 0       
 NEXT SEEDS: 54FF7E7       0       0       0       0       0   11A89       4       0       0
     680000               1320000               1320000             2.5859303E-05         1.0000000E+30                 0       
 NEXT SEEDS: 5A36991       0       0       0       0       0   11A89       4       0       0
     720000               1280000               1280000             2.5866899E-05         1.0000000E+30                 0       
 NEXT SEEDS: 5FA0AE4       0       0       0       0       0   11A89       4       0       0
     760000               1240000               1240000             2.5848700E-05         1.0000000E+30                 0       
 NEXT SEEDS: 64DC94D       0       0       0       0       0   11A89       4       0       0
     800000               1200000               1200000             2.5836073E-05         1.0000000E+30                 0       
 NEXT SEEDS: 6A2B5B7       0       0       0       0       0   11A89       4       0       0
     840000               1160000               1160000             2.5817504E-05         1.0000000E+30                 0       
 NEXT SEEDS: 6F5F8C3       0       0       0       0       0   11A89       4       0       0
     880000               1120000               1120000             2.5815392E-05         1.0000000E+30                 0       
 NEXT SEEDS: 74A6B9B       0       0       0       0       0   11A89       4       0       0
     920000               1080000               1080000             2.5822161E-05         1.0000000E+30                 0       
 NEXT SEEDS: 7A01FE1       0       0       0       0       0   11A89       4       0       0
     960000               1040000               1040000             2.5823157E-05         1.0000000E+30                 0       
 NEXT SEEDS: 7F52A18       0       0       0       0       0   11A89       4       0       0
    1000000               1000000               1000000             2.5815075E-05         1.0000000E+30                 0       
 NEXT SEEDS: 849069D       0       0       0       0       0   11A89       4       0       0
    1040000                960000                960000             2.5836457E-05         1.0000000E+30                 0       
 NEXT SEEDS: 89F4F00       0       0       0       0       0   11A89       4       0       0
    1080000                920000                920000             2.5843292E-05         1.0000000E+30                 0       
 NEXT SEEDS: 8F50AAD       0       0       0       0       0   11A89       4       0       0
    1120000                880000                880000             2.5846962E-05         1.0000000E+30                 0       
 NEXT SEEDS: 94AACAE       0       0       0       0       0   11A89       4       0       0
    1160000                840000                840000             2.5840036E-05         1.0000000E+30                 0       
 NEXT SEEDS: 99FC394       0       0       0       0       0   11A89       4       0       0
    1200000                800000                800000             2.5841071E-05         1.0000000E+30                 0       
 NEXT SEEDS: 9F547D1       0       0       0       0       0   11A89       4       0       0
    1240000                760000                760000             2.5839621E-05         1.0000000E+30                 0       
 NEXT SEEDS: A492361       0       0       0       0       0   11A89       4       0       0
    1280000                720000                720000             2.5817949E-05         1.0000000E+30                 0       
 NEXT SEEDS: A9B8C11       0       0       0       0       0   11A89       4       0       0
    1320000                680000                680000             2.5802139E-05         1.0000000E+30                 0       
 NEXT SEEDS: AEED80C       0       0       0       0       0   11A89       4       0       0
    1360000                640000                640000             2.6051188E-05         1.0000000E+30                 0       
 NEXT SEEDS: B45621A       0       0       0       0       0   11A89       4       0       0
    1400000                600000                600000             2.6458833E-05         1.0000000E+30                 0       
 NEXT SEEDS: B9C6B0D       0       0       0       0       0   11A89       4       0       0
    1440000                560000                560000             2.6456393E-05         1.0000000E+30                 0       
 NEXT SEEDS: BF245C3       0       0       0       0       0   11A89       4       0       0
    1480000                520000                520000             2.6935093E-05         1.0000000E+30                 0       
 NEXT SEEDS: C45F4A9       0       0       0       0       0   11A89       4       0       0
    1520000                480000                480000             2.7333345E-05         1.0000000E+30                 0       
 NEXT SEEDS: C9CB118       0       0       0       0       0   11A89       4       0       0
    1560000                440000                440000             2.7787441E-05         1.0000000E+30                 0       
 NEXT SEEDS: CF05248       0       0       0       0       0   11A89       4       0       0
    1600000                400000                400000             2.8090730E-05         1.0000000E+30                 0       
 NEXT SEEDS: D46A3F4       0       0       0       0       0   11A89       4       0       0
    1640000                360000                360000             2.8621258E-05         1.0000000E+30                 0       
 NEXT SEEDS: D9BE061       0       0       0       0       0   11A89       4       0       0
    1680000                320000                320000             2.9140212E-05         1.0000000E+30                 0       
 NEXT SEEDS: DF1613E       0       0       0       0       0   11A89       4       0       0
    1720000                280000                280000             2.9159520E-05         1.0000000E+30                 0       
 NEXT SEEDS: E431781       0       0       0       0       0   11A89       4       0       0
    1760000                240000                240000             2.9183631E-05         1.0000000E+30                 0       
 NEXT SEEDS: E97CE23       0       0       0       0       0   11A89       4       0       0
    1800000                200000                200000             2.9380534E-05         1.0000000E+30                 0       
 NEXT SEEDS: EEDB09D       0       0       0       0       0   11A89       4       0       0
    1840000                160000                160000             2.9548224E-05         1.0000000E+30                 0       
 NEXT SEEDS: F42CAA3       0       0       0       0       0   11A89       4       0       0
    1880000                120000                120000             2.9467329E-05         1.0000000E+30                 0       
 NEXT SEEDS: F95DD70       0       0       0       0       0   11A89       4       0       0
    1920000                 80000                 80000             2.9439795E-05         1.0000000E+30                 0       
 NEXT SEEDS: FEBFFA6       0       0       0       0       0   11A89       4       0       0
    1960000                 40000                 40000             2.9720482E-05         1.0000000E+30                 0       
 NEXT SEEDS:103FD754       0       0       0       0       0   11A89       4       0       0
    1999950                    50                    50             2.9740223E-05         1.0000000E+30                 0       
 NEXT SEEDS:10943828       0       0       0       0       0   11A89       4       0       0
    1999951                    49                    49             2.9740208E-05         1.0000000E+30                 0       
 NEXT SEEDS:10943844       0       0       0       0       0   11A89       4       0       0
    1999952                    48                    48             2.9740693E-05         1.0000000E+30                 0       
 NEXT SEEDS:1094388A       0       0       0       0       0   11A89       4       0       0
    1999953                    47                    47             2.9740678E-05         1.0000000E+30                 0       
 NEXT SEEDS:109438A8       0       0       0       0       0   11A89       4       0       0
    1999954                    46                    46             2.9740663E-05         1.0000000E+30                 0       
 NEXT SEEDS:109438BF       0       0       0       0       0   11A89       4       0       0
    1999955                    45                    45             2.9740648E-05         1.0000000E+30                 0       
 NEXT SEEDS:10943910       0       0       0       0       0   11A89       4       0       0
    1999956                    44                    44             2.9740633E-05         1.0000000E+30                 0       
 NEXT SEEDS:10943C91       0       0       0       0       0   11A89       4       0       0
    1999957                    43                    43             2.9740618E-05         1.0000000E+30                 0       
 NEXT SEEDS:10944216       0       0       0       0       0   11A89       4       0       0
    1999958                    42                    42             2.9741103E-05         1.0000000E+30                 0       
 NEXT SEEDS:10944C8B       0       0       0       0       0   11A89       4       0       0
    1999959                    41                    41             2.9741088E-05         1.0000000E+30                 0       
 NEXT SEEDS:10944C97       0       0       0       0       0   11A89       4       0       0
    1999960                    40                    40             2.9741074E-05         1.0000000E+30                 0       
 NEXT SEEDS:10944CA3       0       0       0       0       0   11A89       4       0       0
    1999961                    39                    39             2.9741059E-05         1.0000000E+30                 0       
 NEXT SEEDS:10944CEB       0       0       0       0       0   11A89       4       0       0
    1999962                    38                    38             2.9741544E-05         1.0000000E+30                 0       
 NEXT SEEDS:10944D31       0       0       0       0       0   11A89       4       0       0
    1999963                    37                    37             2.9741529E-05         1.0000000E+30                 0       
 NEXT SEEDS:10944D3D       0       0       0       0       0   11A89       4       0       0
    1999964                    36                    36             2.9741514E-05         1.0000000E+30                 0       
 NEXT SEEDS:10944D4E       0       0       0       0       0   11A89       4       0       0
    1999965                    35                    35             2.9741499E-05         1.0000000E+30                 0       
 NEXT SEEDS:10944D6F       0       0       0       0       0   11A89       4       0       0
    1999966                    34                    34             2.9741484E-05         1.0000000E+30                 0       
 NEXT SEEDS:10944E34       0       0       0       0       0   11A89       4       0       0
    1999967                    33                    33             2.9741469E-05         1.0000000E+30                 0       
 NEXT SEEDS:10944E87       0       0       0       0       0   11A89       4       0       0
    1999968                    32                    32             2.9741454E-05         1.0000000E+30                 0       
 NEXT SEEDS:10944EE4       0       0       0       0       0   11A89       4       0       0
    1999969                    31                    31             2.9741439E-05         1.0000000E+30                 0       
 NEXT SEEDS:10944F0F       0       0       0       0       0   11A89       4       0       0
    1999970                    30                    30             2.9741425E-05         1.0000000E+30                 0       
 NEXT SEEDS:10944F23       0       0       0       0       0   11A89       4       0       0
    1999971                    29                    29             2.9741410E-05         1.0000000E+30                 0       
 NEXT SEEDS:1094515D       0       0       0       0       0   11A89       4       0       0
    1999972                    28                    28             2.9741895E-05         1.0000000E+30                 0       
 NEXT SEEDS:109451AC       0       0       0       0       0   11A89       4       0       0
    1999973                    27                    27             2.9742379E-05         1.0000000E+30                 0       
 NEXT SEEDS:109451C3       0       0       0       0       0   11A89       4       0       0
    1999974                    26                    26             2.9742365E-05         1.0000000E+30                 0       
 NEXT SEEDS:109451CA       0       0       0       0       0   11A89       4       0       0
    1999975                    25                    25             2.9742350E-05         1.0000000E+30                 0       
 NEXT SEEDS:109451ED       0       0       0       0       0   11A89       4       0       0
    1999976                    24                    24             2.9742335E-05         1.0000000E+30                 0       
 NEXT SEEDS:10945250       0       0       0       0       0   11A89       4       0       0
    1999977                    23                    23             2.9742320E-05         1.0000000E+30                 0       
 NEXT SEEDS:1094525F       0       0       0       0       0   11A89       4       0       0
    1999978                    22                    22             2.9742305E-05         1.0000000E+30                 0       
 NEXT SEEDS:10945275       0       0       0       0       0   11A89       4       0       0
    1999979                    21                    21             2.9742290E-05         1.0000000E+30                 0       
 NEXT SEEDS:1094528C       0       0       0       0       0   11A89       4       0       0
    1999980                    20                    20             2.9742275E-05         1.0000000E+30                 0       
 NEXT SEEDS:109452B0       0       0       0       0       0   11A89       4       0       0
    1999981                    19                    19             2.9742260E-05         1.0000000E+30                 0       
 NEXT SEEDS:109452E9       0       0       0       0       0   11A89       4       0       0
    1999982                    18                    18             2.9742246E-05         1.0000000E+30                 0       
 NEXT SEEDS:10945308       0       0       0       0       0   11A89       4       0       0
    1999983                    17                    17             2.9742231E-05         1.0000000E+30                 0       
 NEXT SEEDS:10945342       0       0       0       0       0   11A89       4       0       0
    1999984                    16                    16             2.9742216E-05         1.0000000E+30                 0       
 NEXT SEEDS:109453BF       0       0       0       0       0   11A89       4       0       0
    1999985                    15                    15             2.9742201E-05         1.0000000E+30                 0       
 NEXT SEEDS:109454A7       0       0       0       0       0   11A89       4       0       0
    1999986                    14                    14             2.9742186E-05         1.0000000E+30                 0       
 NEXT SEEDS:109454E8       0       0       0       0       0   11A89       4       0       0
    1999987                    13                    13             2.9742171E-05         1.0000000E+30                 0       
 NEXT SEEDS:10945506       0       0       0       0       0   11A89       4       0       0
    1999988                    12                    12             2.9742156E-05         1.0000000E+30                 0       
 NEXT SEEDS:10945522       0       0       0       0       0   11A89       4       0       0
    1999989                    11                    11             2.9742142E-05         1.0000000E+30                 0       
 NEXT SEEDS:109455AD       0       0       0       0       0   11A89       4       0       0
    1999990                    10                    10             2.9742127E-05         1.0000000E+30                 0       
 NEXT SEEDS:109455FF       0       0       0       0       0   11A89       4       0       0
    1999991                     9                     9             2.9742112E-05         1.0000000E+30                 0       
 NEXT SEEDS:1094568E       0       0       0       0       0   11A89       4       0       0
    1999992                     8                     8             2.9742097E-05         1.0000000E+30                 0       
 NEXT SEEDS:1094569A       0       0       0       0       0   11A89       4       0       0
    1999993                     7                     7             2.9742082E-05         1.0000000E+30                 0       
 NEXT SEEDS:10945715       0       0       0       0       0   11A89       4       0       0
    1999994                     6                     6             2.9742067E-05         1.0000000E+30                 0       
 NEXT SEEDS:10945723       0       0       0       0       0   11A89       4       0       0
    1999995                     5                     5             2.9742552E-05         1.0000000E+30                 0       
 NEXT SEEDS:10945898       0       0       0       0       0   11A89       4       0       0
    1999996                     4                     4             2.9743037E-05         1.0000000E+30                 0       
 NEXT SEEDS:10945AFD       0       0       0       0       0   11A89       4       0       0
    1999997                     3                     3             2.9743022E-05         1.0000000E+30                 0       
 NEXT SEEDS:10945B1B       0       0       0       0       0   11A89       4       0       0
    1999998                     2                     2             2.9743007E-05         1.0000000E+30                 0       
 NEXT SEEDS:10945B31       0       0       0       0       0   11A89       4       0       0
    1999999                     1                     1             2.9742992E-05         1.0000000E+30                 0       
 NEXT SEEDS:10945B38       0       0       0       0       0   11A89       4       0       0
    2000000                     0                     1             2.9742977E-05         1.0000000E+30                 0       
 NEXT SEEDS:10945BDB       0       0       0       0       0   11A89       4       0       0
